[2024-08-28 13:42:39,557] {processor.py:153} INFO - Started process (PID=27398) to work on /home/kai/Documents/PROJETOS/twitter_extractor_airflow/venv/lib/python3.8/site-packages/airflow/example_dags/example_kubernetes_executor.py
[2024-08-28 13:42:39,557] {processor.py:641} INFO - Processing file /home/kai/Documents/PROJETOS/twitter_extractor_airflow/venv/lib/python3.8/site-packages/airflow/example_dags/example_kubernetes_executor.py for tasks to queue
[2024-08-28 13:42:39,558] {logging_mixin.py:115} INFO - [2024-08-28 13:42:39,558] {dagbag.py:507} INFO - Filling up the DagBag from /home/kai/Documents/PROJETOS/twitter_extractor_airflow/venv/lib/python3.8/site-packages/airflow/example_dags/example_kubernetes_executor.py
[2024-08-28 13:42:39,570] {logging_mixin.py:115} INFO - [2024-08-28 13:42:39,570] {example_kubernetes_executor.py:39} WARNING - The example_kubernetes_executor example DAG requires the kubernetes provider. Please install it with: pip install apache-airflow[cncf.kubernetes]
[2024-08-28 13:42:39,570] {processor.py:653} WARNING - No viable dags retrieved from /home/kai/Documents/PROJETOS/twitter_extractor_airflow/venv/lib/python3.8/site-packages/airflow/example_dags/example_kubernetes_executor.py
[2024-08-28 13:42:39,580] {processor.py:161} INFO - Processing /home/kai/Documents/PROJETOS/twitter_extractor_airflow/venv/lib/python3.8/site-packages/airflow/example_dags/example_kubernetes_executor.py took 0.025 seconds
[2024-08-28 13:43:14,353] {processor.py:153} INFO - Started process (PID=27645) to work on /home/kai/Documents/PROJETOS/twitter_extractor_airflow/venv/lib/python3.8/site-packages/airflow/example_dags/example_kubernetes_executor.py
[2024-08-28 13:43:14,354] {processor.py:641} INFO - Processing file /home/kai/Documents/PROJETOS/twitter_extractor_airflow/venv/lib/python3.8/site-packages/airflow/example_dags/example_kubernetes_executor.py for tasks to queue
[2024-08-28 13:43:14,354] {logging_mixin.py:115} INFO - [2024-08-28 13:43:14,354] {dagbag.py:507} INFO - Filling up the DagBag from /home/kai/Documents/PROJETOS/twitter_extractor_airflow/venv/lib/python3.8/site-packages/airflow/example_dags/example_kubernetes_executor.py
[2024-08-28 13:43:14,365] {logging_mixin.py:115} INFO - [2024-08-28 13:43:14,365] {example_kubernetes_executor.py:39} WARNING - The example_kubernetes_executor example DAG requires the kubernetes provider. Please install it with: pip install apache-airflow[cncf.kubernetes]
[2024-08-28 13:43:14,365] {processor.py:653} WARNING - No viable dags retrieved from /home/kai/Documents/PROJETOS/twitter_extractor_airflow/venv/lib/python3.8/site-packages/airflow/example_dags/example_kubernetes_executor.py
[2024-08-28 13:43:14,373] {processor.py:161} INFO - Processing /home/kai/Documents/PROJETOS/twitter_extractor_airflow/venv/lib/python3.8/site-packages/airflow/example_dags/example_kubernetes_executor.py took 0.022 seconds
[2024-08-28 13:43:48,353] {processor.py:153} INFO - Started process (PID=27840) to work on /home/kai/Documents/PROJETOS/twitter_extractor_airflow/venv/lib/python3.8/site-packages/airflow/example_dags/example_kubernetes_executor.py
[2024-08-28 13:43:48,354] {processor.py:641} INFO - Processing file /home/kai/Documents/PROJETOS/twitter_extractor_airflow/venv/lib/python3.8/site-packages/airflow/example_dags/example_kubernetes_executor.py for tasks to queue
[2024-08-28 13:43:48,355] {logging_mixin.py:115} INFO - [2024-08-28 13:43:48,355] {dagbag.py:507} INFO - Filling up the DagBag from /home/kai/Documents/PROJETOS/twitter_extractor_airflow/venv/lib/python3.8/site-packages/airflow/example_dags/example_kubernetes_executor.py
[2024-08-28 13:43:48,367] {logging_mixin.py:115} INFO - [2024-08-28 13:43:48,367] {example_kubernetes_executor.py:39} WARNING - The example_kubernetes_executor example DAG requires the kubernetes provider. Please install it with: pip install apache-airflow[cncf.kubernetes]
[2024-08-28 13:43:48,367] {processor.py:653} WARNING - No viable dags retrieved from /home/kai/Documents/PROJETOS/twitter_extractor_airflow/venv/lib/python3.8/site-packages/airflow/example_dags/example_kubernetes_executor.py
[2024-08-28 13:43:48,375] {processor.py:161} INFO - Processing /home/kai/Documents/PROJETOS/twitter_extractor_airflow/venv/lib/python3.8/site-packages/airflow/example_dags/example_kubernetes_executor.py took 0.024 seconds
[2024-08-28 13:44:21,265] {processor.py:153} INFO - Started process (PID=28031) to work on /home/kai/Documents/PROJETOS/twitter_extractor_airflow/venv/lib/python3.8/site-packages/airflow/example_dags/example_kubernetes_executor.py
[2024-08-28 13:44:21,266] {processor.py:641} INFO - Processing file /home/kai/Documents/PROJETOS/twitter_extractor_airflow/venv/lib/python3.8/site-packages/airflow/example_dags/example_kubernetes_executor.py for tasks to queue
[2024-08-28 13:44:21,266] {logging_mixin.py:115} INFO - [2024-08-28 13:44:21,266] {dagbag.py:507} INFO - Filling up the DagBag from /home/kai/Documents/PROJETOS/twitter_extractor_airflow/venv/lib/python3.8/site-packages/airflow/example_dags/example_kubernetes_executor.py
[2024-08-28 13:44:21,277] {logging_mixin.py:115} INFO - [2024-08-28 13:44:21,277] {example_kubernetes_executor.py:39} WARNING - The example_kubernetes_executor example DAG requires the kubernetes provider. Please install it with: pip install apache-airflow[cncf.kubernetes]
[2024-08-28 13:44:21,278] {processor.py:653} WARNING - No viable dags retrieved from /home/kai/Documents/PROJETOS/twitter_extractor_airflow/venv/lib/python3.8/site-packages/airflow/example_dags/example_kubernetes_executor.py
[2024-08-28 13:44:21,285] {processor.py:161} INFO - Processing /home/kai/Documents/PROJETOS/twitter_extractor_airflow/venv/lib/python3.8/site-packages/airflow/example_dags/example_kubernetes_executor.py took 0.023 seconds
[2024-08-28 13:44:54,453] {processor.py:153} INFO - Started process (PID=28228) to work on /home/kai/Documents/PROJETOS/twitter_extractor_airflow/venv/lib/python3.8/site-packages/airflow/example_dags/example_kubernetes_executor.py
[2024-08-28 13:44:54,453] {processor.py:641} INFO - Processing file /home/kai/Documents/PROJETOS/twitter_extractor_airflow/venv/lib/python3.8/site-packages/airflow/example_dags/example_kubernetes_executor.py for tasks to queue
[2024-08-28 13:44:54,454] {logging_mixin.py:115} INFO - [2024-08-28 13:44:54,454] {dagbag.py:507} INFO - Filling up the DagBag from /home/kai/Documents/PROJETOS/twitter_extractor_airflow/venv/lib/python3.8/site-packages/airflow/example_dags/example_kubernetes_executor.py
[2024-08-28 13:44:54,465] {logging_mixin.py:115} INFO - [2024-08-28 13:44:54,465] {example_kubernetes_executor.py:39} WARNING - The example_kubernetes_executor example DAG requires the kubernetes provider. Please install it with: pip install apache-airflow[cncf.kubernetes]
[2024-08-28 13:44:54,465] {processor.py:653} WARNING - No viable dags retrieved from /home/kai/Documents/PROJETOS/twitter_extractor_airflow/venv/lib/python3.8/site-packages/airflow/example_dags/example_kubernetes_executor.py
[2024-08-28 13:44:54,473] {processor.py:161} INFO - Processing /home/kai/Documents/PROJETOS/twitter_extractor_airflow/venv/lib/python3.8/site-packages/airflow/example_dags/example_kubernetes_executor.py took 0.023 seconds
[2024-08-28 13:45:28,092] {processor.py:153} INFO - Started process (PID=28428) to work on /home/kai/Documents/PROJETOS/twitter_extractor_airflow/venv/lib/python3.8/site-packages/airflow/example_dags/example_kubernetes_executor.py
[2024-08-28 13:45:28,092] {processor.py:641} INFO - Processing file /home/kai/Documents/PROJETOS/twitter_extractor_airflow/venv/lib/python3.8/site-packages/airflow/example_dags/example_kubernetes_executor.py for tasks to queue
[2024-08-28 13:45:28,093] {logging_mixin.py:115} INFO - [2024-08-28 13:45:28,093] {dagbag.py:507} INFO - Filling up the DagBag from /home/kai/Documents/PROJETOS/twitter_extractor_airflow/venv/lib/python3.8/site-packages/airflow/example_dags/example_kubernetes_executor.py
[2024-08-28 13:45:28,104] {logging_mixin.py:115} INFO - [2024-08-28 13:45:28,104] {example_kubernetes_executor.py:39} WARNING - The example_kubernetes_executor example DAG requires the kubernetes provider. Please install it with: pip install apache-airflow[cncf.kubernetes]
[2024-08-28 13:45:28,104] {processor.py:653} WARNING - No viable dags retrieved from /home/kai/Documents/PROJETOS/twitter_extractor_airflow/venv/lib/python3.8/site-packages/airflow/example_dags/example_kubernetes_executor.py
[2024-08-28 13:45:28,112] {processor.py:161} INFO - Processing /home/kai/Documents/PROJETOS/twitter_extractor_airflow/venv/lib/python3.8/site-packages/airflow/example_dags/example_kubernetes_executor.py took 0.023 seconds
[2024-08-28 13:46:01,248] {processor.py:153} INFO - Started process (PID=28623) to work on /home/kai/Documents/PROJETOS/twitter_extractor_airflow/venv/lib/python3.8/site-packages/airflow/example_dags/example_kubernetes_executor.py
[2024-08-28 13:46:01,248] {processor.py:641} INFO - Processing file /home/kai/Documents/PROJETOS/twitter_extractor_airflow/venv/lib/python3.8/site-packages/airflow/example_dags/example_kubernetes_executor.py for tasks to queue
[2024-08-28 13:46:01,249] {logging_mixin.py:115} INFO - [2024-08-28 13:46:01,249] {dagbag.py:507} INFO - Filling up the DagBag from /home/kai/Documents/PROJETOS/twitter_extractor_airflow/venv/lib/python3.8/site-packages/airflow/example_dags/example_kubernetes_executor.py
[2024-08-28 13:46:01,259] {logging_mixin.py:115} INFO - [2024-08-28 13:46:01,259] {example_kubernetes_executor.py:39} WARNING - The example_kubernetes_executor example DAG requires the kubernetes provider. Please install it with: pip install apache-airflow[cncf.kubernetes]
[2024-08-28 13:46:01,259] {processor.py:653} WARNING - No viable dags retrieved from /home/kai/Documents/PROJETOS/twitter_extractor_airflow/venv/lib/python3.8/site-packages/airflow/example_dags/example_kubernetes_executor.py
[2024-08-28 13:46:01,267] {processor.py:161} INFO - Processing /home/kai/Documents/PROJETOS/twitter_extractor_airflow/venv/lib/python3.8/site-packages/airflow/example_dags/example_kubernetes_executor.py took 0.022 seconds
[2024-08-28 13:46:35,503] {processor.py:153} INFO - Started process (PID=29006) to work on /home/kai/Documents/PROJETOS/twitter_extractor_airflow/venv/lib/python3.8/site-packages/airflow/example_dags/example_kubernetes_executor.py
[2024-08-28 13:46:35,512] {processor.py:641} INFO - Processing file /home/kai/Documents/PROJETOS/twitter_extractor_airflow/venv/lib/python3.8/site-packages/airflow/example_dags/example_kubernetes_executor.py for tasks to queue
[2024-08-28 13:46:35,516] {logging_mixin.py:115} INFO - [2024-08-28 13:46:35,515] {dagbag.py:507} INFO - Filling up the DagBag from /home/kai/Documents/PROJETOS/twitter_extractor_airflow/venv/lib/python3.8/site-packages/airflow/example_dags/example_kubernetes_executor.py
[2024-08-28 13:46:35,669] {logging_mixin.py:115} INFO - [2024-08-28 13:46:35,669] {example_kubernetes_executor.py:39} WARNING - The example_kubernetes_executor example DAG requires the kubernetes provider. Please install it with: pip install apache-airflow[cncf.kubernetes]
[2024-08-28 13:46:35,669] {processor.py:653} WARNING - No viable dags retrieved from /home/kai/Documents/PROJETOS/twitter_extractor_airflow/venv/lib/python3.8/site-packages/airflow/example_dags/example_kubernetes_executor.py
[2024-08-28 13:46:35,815] {processor.py:161} INFO - Processing /home/kai/Documents/PROJETOS/twitter_extractor_airflow/venv/lib/python3.8/site-packages/airflow/example_dags/example_kubernetes_executor.py took 0.348 seconds
[2024-08-28 13:47:10,513] {processor.py:153} INFO - Started process (PID=29679) to work on /home/kai/Documents/PROJETOS/twitter_extractor_airflow/venv/lib/python3.8/site-packages/airflow/example_dags/example_kubernetes_executor.py
[2024-08-28 13:47:10,514] {processor.py:641} INFO - Processing file /home/kai/Documents/PROJETOS/twitter_extractor_airflow/venv/lib/python3.8/site-packages/airflow/example_dags/example_kubernetes_executor.py for tasks to queue
[2024-08-28 13:47:10,514] {logging_mixin.py:115} INFO - [2024-08-28 13:47:10,514] {dagbag.py:507} INFO - Filling up the DagBag from /home/kai/Documents/PROJETOS/twitter_extractor_airflow/venv/lib/python3.8/site-packages/airflow/example_dags/example_kubernetes_executor.py
[2024-08-28 13:47:10,525] {logging_mixin.py:115} INFO - [2024-08-28 13:47:10,525] {example_kubernetes_executor.py:39} WARNING - The example_kubernetes_executor example DAG requires the kubernetes provider. Please install it with: pip install apache-airflow[cncf.kubernetes]
[2024-08-28 13:47:10,525] {processor.py:653} WARNING - No viable dags retrieved from /home/kai/Documents/PROJETOS/twitter_extractor_airflow/venv/lib/python3.8/site-packages/airflow/example_dags/example_kubernetes_executor.py
[2024-08-28 13:47:10,533] {processor.py:161} INFO - Processing /home/kai/Documents/PROJETOS/twitter_extractor_airflow/venv/lib/python3.8/site-packages/airflow/example_dags/example_kubernetes_executor.py took 0.023 seconds
[2024-08-28 13:47:44,001] {processor.py:153} INFO - Started process (PID=29995) to work on /home/kai/Documents/PROJETOS/twitter_extractor_airflow/venv/lib/python3.8/site-packages/airflow/example_dags/example_kubernetes_executor.py
[2024-08-28 13:47:44,002] {processor.py:641} INFO - Processing file /home/kai/Documents/PROJETOS/twitter_extractor_airflow/venv/lib/python3.8/site-packages/airflow/example_dags/example_kubernetes_executor.py for tasks to queue
[2024-08-28 13:47:44,003] {logging_mixin.py:115} INFO - [2024-08-28 13:47:44,002] {dagbag.py:507} INFO - Filling up the DagBag from /home/kai/Documents/PROJETOS/twitter_extractor_airflow/venv/lib/python3.8/site-packages/airflow/example_dags/example_kubernetes_executor.py
[2024-08-28 13:47:44,014] {logging_mixin.py:115} INFO - [2024-08-28 13:47:44,014] {example_kubernetes_executor.py:39} WARNING - The example_kubernetes_executor example DAG requires the kubernetes provider. Please install it with: pip install apache-airflow[cncf.kubernetes]
[2024-08-28 13:47:44,014] {processor.py:653} WARNING - No viable dags retrieved from /home/kai/Documents/PROJETOS/twitter_extractor_airflow/venv/lib/python3.8/site-packages/airflow/example_dags/example_kubernetes_executor.py
[2024-08-28 13:47:44,022] {processor.py:161} INFO - Processing /home/kai/Documents/PROJETOS/twitter_extractor_airflow/venv/lib/python3.8/site-packages/airflow/example_dags/example_kubernetes_executor.py took 0.023 seconds
[2024-08-28 13:48:20,265] {processor.py:153} INFO - Started process (PID=30247) to work on /home/kai/Documents/PROJETOS/twitter_extractor_airflow/venv/lib/python3.8/site-packages/airflow/example_dags/example_kubernetes_executor.py
[2024-08-28 13:48:20,276] {processor.py:641} INFO - Processing file /home/kai/Documents/PROJETOS/twitter_extractor_airflow/venv/lib/python3.8/site-packages/airflow/example_dags/example_kubernetes_executor.py for tasks to queue
[2024-08-28 13:48:20,277] {logging_mixin.py:115} INFO - [2024-08-28 13:48:20,277] {dagbag.py:507} INFO - Filling up the DagBag from /home/kai/Documents/PROJETOS/twitter_extractor_airflow/venv/lib/python3.8/site-packages/airflow/example_dags/example_kubernetes_executor.py
[2024-08-28 13:48:20,290] {logging_mixin.py:115} INFO - [2024-08-28 13:48:20,290] {example_kubernetes_executor.py:39} WARNING - The example_kubernetes_executor example DAG requires the kubernetes provider. Please install it with: pip install apache-airflow[cncf.kubernetes]
[2024-08-28 13:48:20,290] {processor.py:653} WARNING - No viable dags retrieved from /home/kai/Documents/PROJETOS/twitter_extractor_airflow/venv/lib/python3.8/site-packages/airflow/example_dags/example_kubernetes_executor.py
[2024-08-28 13:48:20,299] {processor.py:161} INFO - Processing /home/kai/Documents/PROJETOS/twitter_extractor_airflow/venv/lib/python3.8/site-packages/airflow/example_dags/example_kubernetes_executor.py took 0.037 seconds
[2024-08-28 13:48:56,029] {processor.py:153} INFO - Started process (PID=30476) to work on /home/kai/Documents/PROJETOS/twitter_extractor_airflow/venv/lib/python3.8/site-packages/airflow/example_dags/example_kubernetes_executor.py
[2024-08-28 13:48:56,030] {processor.py:641} INFO - Processing file /home/kai/Documents/PROJETOS/twitter_extractor_airflow/venv/lib/python3.8/site-packages/airflow/example_dags/example_kubernetes_executor.py for tasks to queue
[2024-08-28 13:48:56,030] {logging_mixin.py:115} INFO - [2024-08-28 13:48:56,030] {dagbag.py:507} INFO - Filling up the DagBag from /home/kai/Documents/PROJETOS/twitter_extractor_airflow/venv/lib/python3.8/site-packages/airflow/example_dags/example_kubernetes_executor.py
[2024-08-28 13:48:56,041] {logging_mixin.py:115} INFO - [2024-08-28 13:48:56,041] {example_kubernetes_executor.py:39} WARNING - The example_kubernetes_executor example DAG requires the kubernetes provider. Please install it with: pip install apache-airflow[cncf.kubernetes]
[2024-08-28 13:48:56,041] {processor.py:653} WARNING - No viable dags retrieved from /home/kai/Documents/PROJETOS/twitter_extractor_airflow/venv/lib/python3.8/site-packages/airflow/example_dags/example_kubernetes_executor.py
[2024-08-28 13:48:56,050] {processor.py:161} INFO - Processing /home/kai/Documents/PROJETOS/twitter_extractor_airflow/venv/lib/python3.8/site-packages/airflow/example_dags/example_kubernetes_executor.py took 0.023 seconds
[2024-08-28 13:49:29,605] {processor.py:153} INFO - Started process (PID=30672) to work on /home/kai/Documents/PROJETOS/twitter_extractor_airflow/venv/lib/python3.8/site-packages/airflow/example_dags/example_kubernetes_executor.py
[2024-08-28 13:49:29,606] {processor.py:641} INFO - Processing file /home/kai/Documents/PROJETOS/twitter_extractor_airflow/venv/lib/python3.8/site-packages/airflow/example_dags/example_kubernetes_executor.py for tasks to queue
[2024-08-28 13:49:29,606] {logging_mixin.py:115} INFO - [2024-08-28 13:49:29,606] {dagbag.py:507} INFO - Filling up the DagBag from /home/kai/Documents/PROJETOS/twitter_extractor_airflow/venv/lib/python3.8/site-packages/airflow/example_dags/example_kubernetes_executor.py
[2024-08-28 13:49:29,618] {logging_mixin.py:115} INFO - [2024-08-28 13:49:29,618] {example_kubernetes_executor.py:39} WARNING - The example_kubernetes_executor example DAG requires the kubernetes provider. Please install it with: pip install apache-airflow[cncf.kubernetes]
[2024-08-28 13:49:29,618] {processor.py:653} WARNING - No viable dags retrieved from /home/kai/Documents/PROJETOS/twitter_extractor_airflow/venv/lib/python3.8/site-packages/airflow/example_dags/example_kubernetes_executor.py
[2024-08-28 13:49:29,626] {processor.py:161} INFO - Processing /home/kai/Documents/PROJETOS/twitter_extractor_airflow/venv/lib/python3.8/site-packages/airflow/example_dags/example_kubernetes_executor.py took 0.023 seconds
[2024-08-28 13:50:01,655] {processor.py:153} INFO - Started process (PID=30902) to work on /home/kai/Documents/PROJETOS/twitter_extractor_airflow/venv/lib/python3.8/site-packages/airflow/example_dags/example_kubernetes_executor.py
[2024-08-28 13:50:01,656] {processor.py:641} INFO - Processing file /home/kai/Documents/PROJETOS/twitter_extractor_airflow/venv/lib/python3.8/site-packages/airflow/example_dags/example_kubernetes_executor.py for tasks to queue
[2024-08-28 13:50:01,656] {logging_mixin.py:115} INFO - [2024-08-28 13:50:01,656] {dagbag.py:507} INFO - Filling up the DagBag from /home/kai/Documents/PROJETOS/twitter_extractor_airflow/venv/lib/python3.8/site-packages/airflow/example_dags/example_kubernetes_executor.py
[2024-08-28 13:50:01,667] {logging_mixin.py:115} INFO - [2024-08-28 13:50:01,667] {example_kubernetes_executor.py:39} WARNING - The example_kubernetes_executor example DAG requires the kubernetes provider. Please install it with: pip install apache-airflow[cncf.kubernetes]
[2024-08-28 13:50:01,668] {processor.py:653} WARNING - No viable dags retrieved from /home/kai/Documents/PROJETOS/twitter_extractor_airflow/venv/lib/python3.8/site-packages/airflow/example_dags/example_kubernetes_executor.py
[2024-08-28 13:50:01,676] {processor.py:161} INFO - Processing /home/kai/Documents/PROJETOS/twitter_extractor_airflow/venv/lib/python3.8/site-packages/airflow/example_dags/example_kubernetes_executor.py took 0.023 seconds
[2024-08-28 13:50:35,468] {processor.py:153} INFO - Started process (PID=31129) to work on /home/kai/Documents/PROJETOS/twitter_extractor_airflow/venv/lib/python3.8/site-packages/airflow/example_dags/example_kubernetes_executor.py
[2024-08-28 13:50:35,469] {processor.py:641} INFO - Processing file /home/kai/Documents/PROJETOS/twitter_extractor_airflow/venv/lib/python3.8/site-packages/airflow/example_dags/example_kubernetes_executor.py for tasks to queue
[2024-08-28 13:50:35,469] {logging_mixin.py:115} INFO - [2024-08-28 13:50:35,469] {dagbag.py:507} INFO - Filling up the DagBag from /home/kai/Documents/PROJETOS/twitter_extractor_airflow/venv/lib/python3.8/site-packages/airflow/example_dags/example_kubernetes_executor.py
[2024-08-28 13:50:35,481] {logging_mixin.py:115} INFO - [2024-08-28 13:50:35,481] {example_kubernetes_executor.py:39} WARNING - The example_kubernetes_executor example DAG requires the kubernetes provider. Please install it with: pip install apache-airflow[cncf.kubernetes]
[2024-08-28 13:50:35,481] {processor.py:653} WARNING - No viable dags retrieved from /home/kai/Documents/PROJETOS/twitter_extractor_airflow/venv/lib/python3.8/site-packages/airflow/example_dags/example_kubernetes_executor.py
[2024-08-28 13:50:35,490] {processor.py:161} INFO - Processing /home/kai/Documents/PROJETOS/twitter_extractor_airflow/venv/lib/python3.8/site-packages/airflow/example_dags/example_kubernetes_executor.py took 0.024 seconds
[2024-08-28 13:51:09,760] {processor.py:153} INFO - Started process (PID=31330) to work on /home/kai/Documents/PROJETOS/twitter_extractor_airflow/venv/lib/python3.8/site-packages/airflow/example_dags/example_kubernetes_executor.py
[2024-08-28 13:51:09,761] {processor.py:641} INFO - Processing file /home/kai/Documents/PROJETOS/twitter_extractor_airflow/venv/lib/python3.8/site-packages/airflow/example_dags/example_kubernetes_executor.py for tasks to queue
[2024-08-28 13:51:09,762] {logging_mixin.py:115} INFO - [2024-08-28 13:51:09,761] {dagbag.py:507} INFO - Filling up the DagBag from /home/kai/Documents/PROJETOS/twitter_extractor_airflow/venv/lib/python3.8/site-packages/airflow/example_dags/example_kubernetes_executor.py
[2024-08-28 13:51:09,774] {logging_mixin.py:115} INFO - [2024-08-28 13:51:09,774] {example_kubernetes_executor.py:39} WARNING - The example_kubernetes_executor example DAG requires the kubernetes provider. Please install it with: pip install apache-airflow[cncf.kubernetes]
[2024-08-28 13:51:09,775] {processor.py:653} WARNING - No viable dags retrieved from /home/kai/Documents/PROJETOS/twitter_extractor_airflow/venv/lib/python3.8/site-packages/airflow/example_dags/example_kubernetes_executor.py
[2024-08-28 13:51:09,784] {processor.py:161} INFO - Processing /home/kai/Documents/PROJETOS/twitter_extractor_airflow/venv/lib/python3.8/site-packages/airflow/example_dags/example_kubernetes_executor.py took 0.027 seconds
[2024-08-28 13:51:46,449] {processor.py:153} INFO - Started process (PID=31589) to work on /home/kai/Documents/PROJETOS/twitter_extractor_airflow/venv/lib/python3.8/site-packages/airflow/example_dags/example_kubernetes_executor.py
[2024-08-28 13:51:46,450] {processor.py:641} INFO - Processing file /home/kai/Documents/PROJETOS/twitter_extractor_airflow/venv/lib/python3.8/site-packages/airflow/example_dags/example_kubernetes_executor.py for tasks to queue
[2024-08-28 13:51:46,451] {logging_mixin.py:115} INFO - [2024-08-28 13:51:46,451] {dagbag.py:507} INFO - Filling up the DagBag from /home/kai/Documents/PROJETOS/twitter_extractor_airflow/venv/lib/python3.8/site-packages/airflow/example_dags/example_kubernetes_executor.py
[2024-08-28 13:51:46,466] {logging_mixin.py:115} INFO - [2024-08-28 13:51:46,466] {example_kubernetes_executor.py:39} WARNING - The example_kubernetes_executor example DAG requires the kubernetes provider. Please install it with: pip install apache-airflow[cncf.kubernetes]
[2024-08-28 13:51:46,466] {processor.py:653} WARNING - No viable dags retrieved from /home/kai/Documents/PROJETOS/twitter_extractor_airflow/venv/lib/python3.8/site-packages/airflow/example_dags/example_kubernetes_executor.py
[2024-08-28 13:51:46,475] {processor.py:161} INFO - Processing /home/kai/Documents/PROJETOS/twitter_extractor_airflow/venv/lib/python3.8/site-packages/airflow/example_dags/example_kubernetes_executor.py took 0.030 seconds
[2024-08-28 13:52:19,588] {processor.py:153} INFO - Started process (PID=32101) to work on /home/kai/Documents/PROJETOS/twitter_extractor_airflow/venv/lib/python3.8/site-packages/airflow/example_dags/example_kubernetes_executor.py
[2024-08-28 13:52:19,588] {processor.py:641} INFO - Processing file /home/kai/Documents/PROJETOS/twitter_extractor_airflow/venv/lib/python3.8/site-packages/airflow/example_dags/example_kubernetes_executor.py for tasks to queue
[2024-08-28 13:52:19,589] {logging_mixin.py:115} INFO - [2024-08-28 13:52:19,589] {dagbag.py:507} INFO - Filling up the DagBag from /home/kai/Documents/PROJETOS/twitter_extractor_airflow/venv/lib/python3.8/site-packages/airflow/example_dags/example_kubernetes_executor.py
[2024-08-28 13:52:19,602] {logging_mixin.py:115} INFO - [2024-08-28 13:52:19,602] {example_kubernetes_executor.py:39} WARNING - The example_kubernetes_executor example DAG requires the kubernetes provider. Please install it with: pip install apache-airflow[cncf.kubernetes]
[2024-08-28 13:52:19,602] {processor.py:653} WARNING - No viable dags retrieved from /home/kai/Documents/PROJETOS/twitter_extractor_airflow/venv/lib/python3.8/site-packages/airflow/example_dags/example_kubernetes_executor.py
[2024-08-28 13:52:19,612] {processor.py:161} INFO - Processing /home/kai/Documents/PROJETOS/twitter_extractor_airflow/venv/lib/python3.8/site-packages/airflow/example_dags/example_kubernetes_executor.py took 0.028 seconds
[2024-08-28 13:52:53,919] {processor.py:153} INFO - Started process (PID=32586) to work on /home/kai/Documents/PROJETOS/twitter_extractor_airflow/venv/lib/python3.8/site-packages/airflow/example_dags/example_kubernetes_executor.py
[2024-08-28 13:52:53,920] {processor.py:641} INFO - Processing file /home/kai/Documents/PROJETOS/twitter_extractor_airflow/venv/lib/python3.8/site-packages/airflow/example_dags/example_kubernetes_executor.py for tasks to queue
[2024-08-28 13:52:53,921] {logging_mixin.py:115} INFO - [2024-08-28 13:52:53,921] {dagbag.py:507} INFO - Filling up the DagBag from /home/kai/Documents/PROJETOS/twitter_extractor_airflow/venv/lib/python3.8/site-packages/airflow/example_dags/example_kubernetes_executor.py
[2024-08-28 13:52:53,939] {logging_mixin.py:115} INFO - [2024-08-28 13:52:53,939] {example_kubernetes_executor.py:39} WARNING - The example_kubernetes_executor example DAG requires the kubernetes provider. Please install it with: pip install apache-airflow[cncf.kubernetes]
[2024-08-28 13:52:53,939] {processor.py:653} WARNING - No viable dags retrieved from /home/kai/Documents/PROJETOS/twitter_extractor_airflow/venv/lib/python3.8/site-packages/airflow/example_dags/example_kubernetes_executor.py
[2024-08-28 13:52:53,955] {processor.py:161} INFO - Processing /home/kai/Documents/PROJETOS/twitter_extractor_airflow/venv/lib/python3.8/site-packages/airflow/example_dags/example_kubernetes_executor.py took 0.040 seconds
[2024-08-28 13:53:30,481] {processor.py:153} INFO - Started process (PID=32951) to work on /home/kai/Documents/PROJETOS/twitter_extractor_airflow/venv/lib/python3.8/site-packages/airflow/example_dags/example_kubernetes_executor.py
[2024-08-28 13:53:30,484] {processor.py:641} INFO - Processing file /home/kai/Documents/PROJETOS/twitter_extractor_airflow/venv/lib/python3.8/site-packages/airflow/example_dags/example_kubernetes_executor.py for tasks to queue
[2024-08-28 13:53:30,485] {logging_mixin.py:115} INFO - [2024-08-28 13:53:30,485] {dagbag.py:507} INFO - Filling up the DagBag from /home/kai/Documents/PROJETOS/twitter_extractor_airflow/venv/lib/python3.8/site-packages/airflow/example_dags/example_kubernetes_executor.py
[2024-08-28 13:53:30,515] {logging_mixin.py:115} INFO - [2024-08-28 13:53:30,515] {example_kubernetes_executor.py:39} WARNING - The example_kubernetes_executor example DAG requires the kubernetes provider. Please install it with: pip install apache-airflow[cncf.kubernetes]
[2024-08-28 13:53:30,516] {processor.py:653} WARNING - No viable dags retrieved from /home/kai/Documents/PROJETOS/twitter_extractor_airflow/venv/lib/python3.8/site-packages/airflow/example_dags/example_kubernetes_executor.py
[2024-08-28 13:53:30,532] {processor.py:161} INFO - Processing /home/kai/Documents/PROJETOS/twitter_extractor_airflow/venv/lib/python3.8/site-packages/airflow/example_dags/example_kubernetes_executor.py took 0.056 seconds
[2024-08-28 13:54:05,856] {processor.py:153} INFO - Started process (PID=33159) to work on /home/kai/Documents/PROJETOS/twitter_extractor_airflow/venv/lib/python3.8/site-packages/airflow/example_dags/example_kubernetes_executor.py
[2024-08-28 13:54:05,857] {processor.py:641} INFO - Processing file /home/kai/Documents/PROJETOS/twitter_extractor_airflow/venv/lib/python3.8/site-packages/airflow/example_dags/example_kubernetes_executor.py for tasks to queue
[2024-08-28 13:54:05,858] {logging_mixin.py:115} INFO - [2024-08-28 13:54:05,858] {dagbag.py:507} INFO - Filling up the DagBag from /home/kai/Documents/PROJETOS/twitter_extractor_airflow/venv/lib/python3.8/site-packages/airflow/example_dags/example_kubernetes_executor.py
[2024-08-28 13:54:05,870] {logging_mixin.py:115} INFO - [2024-08-28 13:54:05,870] {example_kubernetes_executor.py:39} WARNING - The example_kubernetes_executor example DAG requires the kubernetes provider. Please install it with: pip install apache-airflow[cncf.kubernetes]
[2024-08-28 13:54:05,870] {processor.py:653} WARNING - No viable dags retrieved from /home/kai/Documents/PROJETOS/twitter_extractor_airflow/venv/lib/python3.8/site-packages/airflow/example_dags/example_kubernetes_executor.py
[2024-08-28 13:54:05,881] {processor.py:161} INFO - Processing /home/kai/Documents/PROJETOS/twitter_extractor_airflow/venv/lib/python3.8/site-packages/airflow/example_dags/example_kubernetes_executor.py took 0.028 seconds
[2024-08-28 13:54:40,034] {processor.py:153} INFO - Started process (PID=33520) to work on /home/kai/Documents/PROJETOS/twitter_extractor_airflow/venv/lib/python3.8/site-packages/airflow/example_dags/example_kubernetes_executor.py
[2024-08-28 13:54:40,034] {processor.py:641} INFO - Processing file /home/kai/Documents/PROJETOS/twitter_extractor_airflow/venv/lib/python3.8/site-packages/airflow/example_dags/example_kubernetes_executor.py for tasks to queue
[2024-08-28 13:54:40,035] {logging_mixin.py:115} INFO - [2024-08-28 13:54:40,035] {dagbag.py:507} INFO - Filling up the DagBag from /home/kai/Documents/PROJETOS/twitter_extractor_airflow/venv/lib/python3.8/site-packages/airflow/example_dags/example_kubernetes_executor.py
[2024-08-28 13:54:40,049] {logging_mixin.py:115} INFO - [2024-08-28 13:54:40,049] {example_kubernetes_executor.py:39} WARNING - The example_kubernetes_executor example DAG requires the kubernetes provider. Please install it with: pip install apache-airflow[cncf.kubernetes]
[2024-08-28 13:54:40,049] {processor.py:653} WARNING - No viable dags retrieved from /home/kai/Documents/PROJETOS/twitter_extractor_airflow/venv/lib/python3.8/site-packages/airflow/example_dags/example_kubernetes_executor.py
[2024-08-28 13:54:40,057] {processor.py:161} INFO - Processing /home/kai/Documents/PROJETOS/twitter_extractor_airflow/venv/lib/python3.8/site-packages/airflow/example_dags/example_kubernetes_executor.py took 0.026 seconds
[2024-08-28 13:55:13,207] {processor.py:153} INFO - Started process (PID=33833) to work on /home/kai/Documents/PROJETOS/twitter_extractor_airflow/venv/lib/python3.8/site-packages/airflow/example_dags/example_kubernetes_executor.py
[2024-08-28 13:55:13,208] {processor.py:641} INFO - Processing file /home/kai/Documents/PROJETOS/twitter_extractor_airflow/venv/lib/python3.8/site-packages/airflow/example_dags/example_kubernetes_executor.py for tasks to queue
[2024-08-28 13:55:13,209] {logging_mixin.py:115} INFO - [2024-08-28 13:55:13,209] {dagbag.py:507} INFO - Filling up the DagBag from /home/kai/Documents/PROJETOS/twitter_extractor_airflow/venv/lib/python3.8/site-packages/airflow/example_dags/example_kubernetes_executor.py
[2024-08-28 13:55:13,226] {logging_mixin.py:115} INFO - [2024-08-28 13:55:13,226] {example_kubernetes_executor.py:39} WARNING - The example_kubernetes_executor example DAG requires the kubernetes provider. Please install it with: pip install apache-airflow[cncf.kubernetes]
[2024-08-28 13:55:13,227] {processor.py:653} WARNING - No viable dags retrieved from /home/kai/Documents/PROJETOS/twitter_extractor_airflow/venv/lib/python3.8/site-packages/airflow/example_dags/example_kubernetes_executor.py
[2024-08-28 13:55:13,237] {processor.py:161} INFO - Processing /home/kai/Documents/PROJETOS/twitter_extractor_airflow/venv/lib/python3.8/site-packages/airflow/example_dags/example_kubernetes_executor.py took 0.033 seconds
[2024-08-28 13:55:45,101] {processor.py:153} INFO - Started process (PID=34023) to work on /home/kai/Documents/PROJETOS/twitter_extractor_airflow/venv/lib/python3.8/site-packages/airflow/example_dags/example_kubernetes_executor.py
[2024-08-28 13:55:45,101] {processor.py:641} INFO - Processing file /home/kai/Documents/PROJETOS/twitter_extractor_airflow/venv/lib/python3.8/site-packages/airflow/example_dags/example_kubernetes_executor.py for tasks to queue
[2024-08-28 13:55:45,102] {logging_mixin.py:115} INFO - [2024-08-28 13:55:45,102] {dagbag.py:507} INFO - Filling up the DagBag from /home/kai/Documents/PROJETOS/twitter_extractor_airflow/venv/lib/python3.8/site-packages/airflow/example_dags/example_kubernetes_executor.py
[2024-08-28 13:55:45,118] {logging_mixin.py:115} INFO - [2024-08-28 13:55:45,118] {example_kubernetes_executor.py:39} WARNING - The example_kubernetes_executor example DAG requires the kubernetes provider. Please install it with: pip install apache-airflow[cncf.kubernetes]
[2024-08-28 13:55:45,118] {processor.py:653} WARNING - No viable dags retrieved from /home/kai/Documents/PROJETOS/twitter_extractor_airflow/venv/lib/python3.8/site-packages/airflow/example_dags/example_kubernetes_executor.py
[2024-08-28 13:55:45,132] {processor.py:161} INFO - Processing /home/kai/Documents/PROJETOS/twitter_extractor_airflow/venv/lib/python3.8/site-packages/airflow/example_dags/example_kubernetes_executor.py took 0.035 seconds
[2024-08-28 13:56:16,599] {processor.py:153} INFO - Started process (PID=34214) to work on /home/kai/Documents/PROJETOS/twitter_extractor_airflow/venv/lib/python3.8/site-packages/airflow/example_dags/example_kubernetes_executor.py
[2024-08-28 13:56:16,600] {processor.py:641} INFO - Processing file /home/kai/Documents/PROJETOS/twitter_extractor_airflow/venv/lib/python3.8/site-packages/airflow/example_dags/example_kubernetes_executor.py for tasks to queue
[2024-08-28 13:56:16,604] {logging_mixin.py:115} INFO - [2024-08-28 13:56:16,600] {dagbag.py:507} INFO - Filling up the DagBag from /home/kai/Documents/PROJETOS/twitter_extractor_airflow/venv/lib/python3.8/site-packages/airflow/example_dags/example_kubernetes_executor.py
[2024-08-28 13:56:16,623] {logging_mixin.py:115} INFO - [2024-08-28 13:56:16,622] {example_kubernetes_executor.py:39} WARNING - The example_kubernetes_executor example DAG requires the kubernetes provider. Please install it with: pip install apache-airflow[cncf.kubernetes]
[2024-08-28 13:56:16,623] {processor.py:653} WARNING - No viable dags retrieved from /home/kai/Documents/PROJETOS/twitter_extractor_airflow/venv/lib/python3.8/site-packages/airflow/example_dags/example_kubernetes_executor.py
[2024-08-28 13:56:16,634] {processor.py:161} INFO - Processing /home/kai/Documents/PROJETOS/twitter_extractor_airflow/venv/lib/python3.8/site-packages/airflow/example_dags/example_kubernetes_executor.py took 0.037 seconds
[2024-08-28 13:56:49,029] {processor.py:153} INFO - Started process (PID=34523) to work on /home/kai/Documents/PROJETOS/twitter_extractor_airflow/venv/lib/python3.8/site-packages/airflow/example_dags/example_kubernetes_executor.py
[2024-08-28 13:56:49,030] {processor.py:641} INFO - Processing file /home/kai/Documents/PROJETOS/twitter_extractor_airflow/venv/lib/python3.8/site-packages/airflow/example_dags/example_kubernetes_executor.py for tasks to queue
[2024-08-28 13:56:49,031] {logging_mixin.py:115} INFO - [2024-08-28 13:56:49,030] {dagbag.py:507} INFO - Filling up the DagBag from /home/kai/Documents/PROJETOS/twitter_extractor_airflow/venv/lib/python3.8/site-packages/airflow/example_dags/example_kubernetes_executor.py
[2024-08-28 13:56:49,043] {logging_mixin.py:115} INFO - [2024-08-28 13:56:49,043] {example_kubernetes_executor.py:39} WARNING - The example_kubernetes_executor example DAG requires the kubernetes provider. Please install it with: pip install apache-airflow[cncf.kubernetes]
[2024-08-28 13:56:49,043] {processor.py:653} WARNING - No viable dags retrieved from /home/kai/Documents/PROJETOS/twitter_extractor_airflow/venv/lib/python3.8/site-packages/airflow/example_dags/example_kubernetes_executor.py
[2024-08-28 13:56:49,051] {processor.py:161} INFO - Processing /home/kai/Documents/PROJETOS/twitter_extractor_airflow/venv/lib/python3.8/site-packages/airflow/example_dags/example_kubernetes_executor.py took 0.024 seconds
[2024-08-28 13:57:20,774] {processor.py:153} INFO - Started process (PID=34942) to work on /home/kai/Documents/PROJETOS/twitter_extractor_airflow/venv/lib/python3.8/site-packages/airflow/example_dags/example_kubernetes_executor.py
[2024-08-28 13:57:20,774] {processor.py:641} INFO - Processing file /home/kai/Documents/PROJETOS/twitter_extractor_airflow/venv/lib/python3.8/site-packages/airflow/example_dags/example_kubernetes_executor.py for tasks to queue
[2024-08-28 13:57:20,775] {logging_mixin.py:115} INFO - [2024-08-28 13:57:20,775] {dagbag.py:507} INFO - Filling up the DagBag from /home/kai/Documents/PROJETOS/twitter_extractor_airflow/venv/lib/python3.8/site-packages/airflow/example_dags/example_kubernetes_executor.py
[2024-08-28 13:57:20,786] {logging_mixin.py:115} INFO - [2024-08-28 13:57:20,786] {example_kubernetes_executor.py:39} WARNING - The example_kubernetes_executor example DAG requires the kubernetes provider. Please install it with: pip install apache-airflow[cncf.kubernetes]
[2024-08-28 13:57:20,787] {processor.py:653} WARNING - No viable dags retrieved from /home/kai/Documents/PROJETOS/twitter_extractor_airflow/venv/lib/python3.8/site-packages/airflow/example_dags/example_kubernetes_executor.py
[2024-08-28 13:57:20,795] {processor.py:161} INFO - Processing /home/kai/Documents/PROJETOS/twitter_extractor_airflow/venv/lib/python3.8/site-packages/airflow/example_dags/example_kubernetes_executor.py took 0.025 seconds
[2024-08-28 13:57:52,690] {processor.py:153} INFO - Started process (PID=35186) to work on /home/kai/Documents/PROJETOS/twitter_extractor_airflow/venv/lib/python3.8/site-packages/airflow/example_dags/example_kubernetes_executor.py
[2024-08-28 13:57:52,692] {processor.py:641} INFO - Processing file /home/kai/Documents/PROJETOS/twitter_extractor_airflow/venv/lib/python3.8/site-packages/airflow/example_dags/example_kubernetes_executor.py for tasks to queue
[2024-08-28 13:57:52,694] {logging_mixin.py:115} INFO - [2024-08-28 13:57:52,693] {dagbag.py:507} INFO - Filling up the DagBag from /home/kai/Documents/PROJETOS/twitter_extractor_airflow/venv/lib/python3.8/site-packages/airflow/example_dags/example_kubernetes_executor.py
[2024-08-28 13:57:52,716] {logging_mixin.py:115} INFO - [2024-08-28 13:57:52,716] {example_kubernetes_executor.py:39} WARNING - The example_kubernetes_executor example DAG requires the kubernetes provider. Please install it with: pip install apache-airflow[cncf.kubernetes]
[2024-08-28 13:57:52,716] {processor.py:653} WARNING - No viable dags retrieved from /home/kai/Documents/PROJETOS/twitter_extractor_airflow/venv/lib/python3.8/site-packages/airflow/example_dags/example_kubernetes_executor.py
[2024-08-28 13:57:52,724] {processor.py:161} INFO - Processing /home/kai/Documents/PROJETOS/twitter_extractor_airflow/venv/lib/python3.8/site-packages/airflow/example_dags/example_kubernetes_executor.py took 0.042 seconds
[2024-08-28 13:58:26,103] {processor.py:153} INFO - Started process (PID=35429) to work on /home/kai/Documents/PROJETOS/twitter_extractor_airflow/venv/lib/python3.8/site-packages/airflow/example_dags/example_kubernetes_executor.py
[2024-08-28 13:58:26,103] {processor.py:641} INFO - Processing file /home/kai/Documents/PROJETOS/twitter_extractor_airflow/venv/lib/python3.8/site-packages/airflow/example_dags/example_kubernetes_executor.py for tasks to queue
[2024-08-28 13:58:26,104] {logging_mixin.py:115} INFO - [2024-08-28 13:58:26,104] {dagbag.py:507} INFO - Filling up the DagBag from /home/kai/Documents/PROJETOS/twitter_extractor_airflow/venv/lib/python3.8/site-packages/airflow/example_dags/example_kubernetes_executor.py
[2024-08-28 13:58:26,116] {logging_mixin.py:115} INFO - [2024-08-28 13:58:26,116] {example_kubernetes_executor.py:39} WARNING - The example_kubernetes_executor example DAG requires the kubernetes provider. Please install it with: pip install apache-airflow[cncf.kubernetes]
[2024-08-28 13:58:26,116] {processor.py:653} WARNING - No viable dags retrieved from /home/kai/Documents/PROJETOS/twitter_extractor_airflow/venv/lib/python3.8/site-packages/airflow/example_dags/example_kubernetes_executor.py
[2024-08-28 13:58:26,125] {processor.py:161} INFO - Processing /home/kai/Documents/PROJETOS/twitter_extractor_airflow/venv/lib/python3.8/site-packages/airflow/example_dags/example_kubernetes_executor.py took 0.025 seconds
[2024-08-28 13:58:58,604] {processor.py:153} INFO - Started process (PID=35724) to work on /home/kai/Documents/PROJETOS/twitter_extractor_airflow/venv/lib/python3.8/site-packages/airflow/example_dags/example_kubernetes_executor.py
[2024-08-28 13:58:58,605] {processor.py:641} INFO - Processing file /home/kai/Documents/PROJETOS/twitter_extractor_airflow/venv/lib/python3.8/site-packages/airflow/example_dags/example_kubernetes_executor.py for tasks to queue
[2024-08-28 13:58:58,605] {logging_mixin.py:115} INFO - [2024-08-28 13:58:58,605] {dagbag.py:507} INFO - Filling up the DagBag from /home/kai/Documents/PROJETOS/twitter_extractor_airflow/venv/lib/python3.8/site-packages/airflow/example_dags/example_kubernetes_executor.py
[2024-08-28 13:58:58,620] {logging_mixin.py:115} INFO - [2024-08-28 13:58:58,620] {example_kubernetes_executor.py:39} WARNING - The example_kubernetes_executor example DAG requires the kubernetes provider. Please install it with: pip install apache-airflow[cncf.kubernetes]
[2024-08-28 13:58:58,620] {processor.py:653} WARNING - No viable dags retrieved from /home/kai/Documents/PROJETOS/twitter_extractor_airflow/venv/lib/python3.8/site-packages/airflow/example_dags/example_kubernetes_executor.py
[2024-08-28 13:58:58,635] {processor.py:161} INFO - Processing /home/kai/Documents/PROJETOS/twitter_extractor_airflow/venv/lib/python3.8/site-packages/airflow/example_dags/example_kubernetes_executor.py took 0.033 seconds
[2024-08-28 13:59:33,533] {processor.py:153} INFO - Started process (PID=36086) to work on /home/kai/Documents/PROJETOS/twitter_extractor_airflow/venv/lib/python3.8/site-packages/airflow/example_dags/example_kubernetes_executor.py
[2024-08-28 13:59:33,534] {processor.py:641} INFO - Processing file /home/kai/Documents/PROJETOS/twitter_extractor_airflow/venv/lib/python3.8/site-packages/airflow/example_dags/example_kubernetes_executor.py for tasks to queue
[2024-08-28 13:59:33,534] {logging_mixin.py:115} INFO - [2024-08-28 13:59:33,534] {dagbag.py:507} INFO - Filling up the DagBag from /home/kai/Documents/PROJETOS/twitter_extractor_airflow/venv/lib/python3.8/site-packages/airflow/example_dags/example_kubernetes_executor.py
[2024-08-28 13:59:33,545] {logging_mixin.py:115} INFO - [2024-08-28 13:59:33,545] {example_kubernetes_executor.py:39} WARNING - The example_kubernetes_executor example DAG requires the kubernetes provider. Please install it with: pip install apache-airflow[cncf.kubernetes]
[2024-08-28 13:59:33,546] {processor.py:653} WARNING - No viable dags retrieved from /home/kai/Documents/PROJETOS/twitter_extractor_airflow/venv/lib/python3.8/site-packages/airflow/example_dags/example_kubernetes_executor.py
[2024-08-28 13:59:33,553] {processor.py:161} INFO - Processing /home/kai/Documents/PROJETOS/twitter_extractor_airflow/venv/lib/python3.8/site-packages/airflow/example_dags/example_kubernetes_executor.py took 0.023 seconds
[2024-08-28 14:00:05,683] {processor.py:153} INFO - Started process (PID=36433) to work on /home/kai/Documents/PROJETOS/twitter_extractor_airflow/venv/lib/python3.8/site-packages/airflow/example_dags/example_kubernetes_executor.py
[2024-08-28 14:00:05,684] {processor.py:641} INFO - Processing file /home/kai/Documents/PROJETOS/twitter_extractor_airflow/venv/lib/python3.8/site-packages/airflow/example_dags/example_kubernetes_executor.py for tasks to queue
[2024-08-28 14:00:05,684] {logging_mixin.py:115} INFO - [2024-08-28 14:00:05,684] {dagbag.py:507} INFO - Filling up the DagBag from /home/kai/Documents/PROJETOS/twitter_extractor_airflow/venv/lib/python3.8/site-packages/airflow/example_dags/example_kubernetes_executor.py
[2024-08-28 14:00:05,696] {logging_mixin.py:115} INFO - [2024-08-28 14:00:05,695] {example_kubernetes_executor.py:39} WARNING - The example_kubernetes_executor example DAG requires the kubernetes provider. Please install it with: pip install apache-airflow[cncf.kubernetes]
[2024-08-28 14:00:05,696] {processor.py:653} WARNING - No viable dags retrieved from /home/kai/Documents/PROJETOS/twitter_extractor_airflow/venv/lib/python3.8/site-packages/airflow/example_dags/example_kubernetes_executor.py
[2024-08-28 14:00:05,704] {processor.py:161} INFO - Processing /home/kai/Documents/PROJETOS/twitter_extractor_airflow/venv/lib/python3.8/site-packages/airflow/example_dags/example_kubernetes_executor.py took 0.022 seconds
[2024-08-28 14:00:41,076] {processor.py:153} INFO - Started process (PID=36699) to work on /home/kai/Documents/PROJETOS/twitter_extractor_airflow/venv/lib/python3.8/site-packages/airflow/example_dags/example_kubernetes_executor.py
[2024-08-28 14:00:41,076] {processor.py:641} INFO - Processing file /home/kai/Documents/PROJETOS/twitter_extractor_airflow/venv/lib/python3.8/site-packages/airflow/example_dags/example_kubernetes_executor.py for tasks to queue
[2024-08-28 14:00:41,077] {logging_mixin.py:115} INFO - [2024-08-28 14:00:41,077] {dagbag.py:507} INFO - Filling up the DagBag from /home/kai/Documents/PROJETOS/twitter_extractor_airflow/venv/lib/python3.8/site-packages/airflow/example_dags/example_kubernetes_executor.py
[2024-08-28 14:00:41,091] {logging_mixin.py:115} INFO - [2024-08-28 14:00:41,091] {example_kubernetes_executor.py:39} WARNING - The example_kubernetes_executor example DAG requires the kubernetes provider. Please install it with: pip install apache-airflow[cncf.kubernetes]
[2024-08-28 14:00:41,091] {processor.py:653} WARNING - No viable dags retrieved from /home/kai/Documents/PROJETOS/twitter_extractor_airflow/venv/lib/python3.8/site-packages/airflow/example_dags/example_kubernetes_executor.py
[2024-08-28 14:00:41,102] {processor.py:161} INFO - Processing /home/kai/Documents/PROJETOS/twitter_extractor_airflow/venv/lib/python3.8/site-packages/airflow/example_dags/example_kubernetes_executor.py took 0.030 seconds
[2024-08-28 14:01:13,650] {processor.py:153} INFO - Started process (PID=37044) to work on /home/kai/Documents/PROJETOS/twitter_extractor_airflow/venv/lib/python3.8/site-packages/airflow/example_dags/example_kubernetes_executor.py
[2024-08-28 14:01:13,652] {processor.py:641} INFO - Processing file /home/kai/Documents/PROJETOS/twitter_extractor_airflow/venv/lib/python3.8/site-packages/airflow/example_dags/example_kubernetes_executor.py for tasks to queue
[2024-08-28 14:01:13,652] {logging_mixin.py:115} INFO - [2024-08-28 14:01:13,652] {dagbag.py:507} INFO - Filling up the DagBag from /home/kai/Documents/PROJETOS/twitter_extractor_airflow/venv/lib/python3.8/site-packages/airflow/example_dags/example_kubernetes_executor.py
[2024-08-28 14:01:13,665] {logging_mixin.py:115} INFO - [2024-08-28 14:01:13,665] {example_kubernetes_executor.py:39} WARNING - The example_kubernetes_executor example DAG requires the kubernetes provider. Please install it with: pip install apache-airflow[cncf.kubernetes]
[2024-08-28 14:01:13,665] {processor.py:653} WARNING - No viable dags retrieved from /home/kai/Documents/PROJETOS/twitter_extractor_airflow/venv/lib/python3.8/site-packages/airflow/example_dags/example_kubernetes_executor.py
[2024-08-28 14:01:13,677] {processor.py:161} INFO - Processing /home/kai/Documents/PROJETOS/twitter_extractor_airflow/venv/lib/python3.8/site-packages/airflow/example_dags/example_kubernetes_executor.py took 0.030 seconds
[2024-08-28 14:01:49,806] {processor.py:153} INFO - Started process (PID=37489) to work on /home/kai/Documents/PROJETOS/twitter_extractor_airflow/venv/lib/python3.8/site-packages/airflow/example_dags/example_kubernetes_executor.py
[2024-08-28 14:01:49,807] {processor.py:641} INFO - Processing file /home/kai/Documents/PROJETOS/twitter_extractor_airflow/venv/lib/python3.8/site-packages/airflow/example_dags/example_kubernetes_executor.py for tasks to queue
[2024-08-28 14:01:49,807] {logging_mixin.py:115} INFO - [2024-08-28 14:01:49,807] {dagbag.py:507} INFO - Filling up the DagBag from /home/kai/Documents/PROJETOS/twitter_extractor_airflow/venv/lib/python3.8/site-packages/airflow/example_dags/example_kubernetes_executor.py
[2024-08-28 14:01:49,818] {logging_mixin.py:115} INFO - [2024-08-28 14:01:49,818] {example_kubernetes_executor.py:39} WARNING - The example_kubernetes_executor example DAG requires the kubernetes provider. Please install it with: pip install apache-airflow[cncf.kubernetes]
[2024-08-28 14:01:49,819] {processor.py:653} WARNING - No viable dags retrieved from /home/kai/Documents/PROJETOS/twitter_extractor_airflow/venv/lib/python3.8/site-packages/airflow/example_dags/example_kubernetes_executor.py
[2024-08-28 14:01:49,827] {processor.py:161} INFO - Processing /home/kai/Documents/PROJETOS/twitter_extractor_airflow/venv/lib/python3.8/site-packages/airflow/example_dags/example_kubernetes_executor.py took 0.023 seconds
[2024-08-28 14:02:22,360] {processor.py:153} INFO - Started process (PID=37820) to work on /home/kai/Documents/PROJETOS/twitter_extractor_airflow/venv/lib/python3.8/site-packages/airflow/example_dags/example_kubernetes_executor.py
[2024-08-28 14:02:22,361] {processor.py:641} INFO - Processing file /home/kai/Documents/PROJETOS/twitter_extractor_airflow/venv/lib/python3.8/site-packages/airflow/example_dags/example_kubernetes_executor.py for tasks to queue
[2024-08-28 14:02:22,361] {logging_mixin.py:115} INFO - [2024-08-28 14:02:22,361] {dagbag.py:507} INFO - Filling up the DagBag from /home/kai/Documents/PROJETOS/twitter_extractor_airflow/venv/lib/python3.8/site-packages/airflow/example_dags/example_kubernetes_executor.py
[2024-08-28 14:02:22,376] {logging_mixin.py:115} INFO - [2024-08-28 14:02:22,376] {example_kubernetes_executor.py:39} WARNING - The example_kubernetes_executor example DAG requires the kubernetes provider. Please install it with: pip install apache-airflow[cncf.kubernetes]
[2024-08-28 14:02:22,377] {processor.py:653} WARNING - No viable dags retrieved from /home/kai/Documents/PROJETOS/twitter_extractor_airflow/venv/lib/python3.8/site-packages/airflow/example_dags/example_kubernetes_executor.py
[2024-08-28 14:02:22,386] {processor.py:161} INFO - Processing /home/kai/Documents/PROJETOS/twitter_extractor_airflow/venv/lib/python3.8/site-packages/airflow/example_dags/example_kubernetes_executor.py took 0.029 seconds
[2024-08-28 14:02:56,356] {processor.py:153} INFO - Started process (PID=38021) to work on /home/kai/Documents/PROJETOS/twitter_extractor_airflow/venv/lib/python3.8/site-packages/airflow/example_dags/example_kubernetes_executor.py
[2024-08-28 14:02:56,357] {processor.py:641} INFO - Processing file /home/kai/Documents/PROJETOS/twitter_extractor_airflow/venv/lib/python3.8/site-packages/airflow/example_dags/example_kubernetes_executor.py for tasks to queue
[2024-08-28 14:02:56,357] {logging_mixin.py:115} INFO - [2024-08-28 14:02:56,357] {dagbag.py:507} INFO - Filling up the DagBag from /home/kai/Documents/PROJETOS/twitter_extractor_airflow/venv/lib/python3.8/site-packages/airflow/example_dags/example_kubernetes_executor.py
[2024-08-28 14:02:56,372] {logging_mixin.py:115} INFO - [2024-08-28 14:02:56,372] {example_kubernetes_executor.py:39} WARNING - The example_kubernetes_executor example DAG requires the kubernetes provider. Please install it with: pip install apache-airflow[cncf.kubernetes]
[2024-08-28 14:02:56,372] {processor.py:653} WARNING - No viable dags retrieved from /home/kai/Documents/PROJETOS/twitter_extractor_airflow/venv/lib/python3.8/site-packages/airflow/example_dags/example_kubernetes_executor.py
[2024-08-28 14:02:56,384] {processor.py:161} INFO - Processing /home/kai/Documents/PROJETOS/twitter_extractor_airflow/venv/lib/python3.8/site-packages/airflow/example_dags/example_kubernetes_executor.py took 0.031 seconds
[2024-08-28 14:03:31,194] {processor.py:153} INFO - Started process (PID=38295) to work on /home/kai/Documents/PROJETOS/twitter_extractor_airflow/venv/lib/python3.8/site-packages/airflow/example_dags/example_kubernetes_executor.py
[2024-08-28 14:03:31,195] {processor.py:641} INFO - Processing file /home/kai/Documents/PROJETOS/twitter_extractor_airflow/venv/lib/python3.8/site-packages/airflow/example_dags/example_kubernetes_executor.py for tasks to queue
[2024-08-28 14:03:31,195] {logging_mixin.py:115} INFO - [2024-08-28 14:03:31,195] {dagbag.py:507} INFO - Filling up the DagBag from /home/kai/Documents/PROJETOS/twitter_extractor_airflow/venv/lib/python3.8/site-packages/airflow/example_dags/example_kubernetes_executor.py
[2024-08-28 14:03:31,206] {logging_mixin.py:115} INFO - [2024-08-28 14:03:31,206] {example_kubernetes_executor.py:39} WARNING - The example_kubernetes_executor example DAG requires the kubernetes provider. Please install it with: pip install apache-airflow[cncf.kubernetes]
[2024-08-28 14:03:31,207] {processor.py:653} WARNING - No viable dags retrieved from /home/kai/Documents/PROJETOS/twitter_extractor_airflow/venv/lib/python3.8/site-packages/airflow/example_dags/example_kubernetes_executor.py
[2024-08-28 14:03:31,215] {processor.py:161} INFO - Processing /home/kai/Documents/PROJETOS/twitter_extractor_airflow/venv/lib/python3.8/site-packages/airflow/example_dags/example_kubernetes_executor.py took 0.024 seconds
[2024-08-28 14:04:04,993] {processor.py:153} INFO - Started process (PID=38509) to work on /home/kai/Documents/PROJETOS/twitter_extractor_airflow/venv/lib/python3.8/site-packages/airflow/example_dags/example_kubernetes_executor.py
[2024-08-28 14:04:04,993] {processor.py:641} INFO - Processing file /home/kai/Documents/PROJETOS/twitter_extractor_airflow/venv/lib/python3.8/site-packages/airflow/example_dags/example_kubernetes_executor.py for tasks to queue
[2024-08-28 14:04:04,994] {logging_mixin.py:115} INFO - [2024-08-28 14:04:04,994] {dagbag.py:507} INFO - Filling up the DagBag from /home/kai/Documents/PROJETOS/twitter_extractor_airflow/venv/lib/python3.8/site-packages/airflow/example_dags/example_kubernetes_executor.py
[2024-08-28 14:04:05,005] {logging_mixin.py:115} INFO - [2024-08-28 14:04:05,005] {example_kubernetes_executor.py:39} WARNING - The example_kubernetes_executor example DAG requires the kubernetes provider. Please install it with: pip install apache-airflow[cncf.kubernetes]
[2024-08-28 14:04:05,006] {processor.py:653} WARNING - No viable dags retrieved from /home/kai/Documents/PROJETOS/twitter_extractor_airflow/venv/lib/python3.8/site-packages/airflow/example_dags/example_kubernetes_executor.py
[2024-08-28 14:04:05,014] {processor.py:161} INFO - Processing /home/kai/Documents/PROJETOS/twitter_extractor_airflow/venv/lib/python3.8/site-packages/airflow/example_dags/example_kubernetes_executor.py took 0.023 seconds
[2024-08-28 14:04:37,062] {processor.py:153} INFO - Started process (PID=38728) to work on /home/kai/Documents/PROJETOS/twitter_extractor_airflow/venv/lib/python3.8/site-packages/airflow/example_dags/example_kubernetes_executor.py
[2024-08-28 14:04:37,062] {processor.py:641} INFO - Processing file /home/kai/Documents/PROJETOS/twitter_extractor_airflow/venv/lib/python3.8/site-packages/airflow/example_dags/example_kubernetes_executor.py for tasks to queue
[2024-08-28 14:04:37,063] {logging_mixin.py:115} INFO - [2024-08-28 14:04:37,063] {dagbag.py:507} INFO - Filling up the DagBag from /home/kai/Documents/PROJETOS/twitter_extractor_airflow/venv/lib/python3.8/site-packages/airflow/example_dags/example_kubernetes_executor.py
[2024-08-28 14:04:37,074] {logging_mixin.py:115} INFO - [2024-08-28 14:04:37,073] {example_kubernetes_executor.py:39} WARNING - The example_kubernetes_executor example DAG requires the kubernetes provider. Please install it with: pip install apache-airflow[cncf.kubernetes]
[2024-08-28 14:04:37,074] {processor.py:653} WARNING - No viable dags retrieved from /home/kai/Documents/PROJETOS/twitter_extractor_airflow/venv/lib/python3.8/site-packages/airflow/example_dags/example_kubernetes_executor.py
[2024-08-28 14:04:37,082] {processor.py:161} INFO - Processing /home/kai/Documents/PROJETOS/twitter_extractor_airflow/venv/lib/python3.8/site-packages/airflow/example_dags/example_kubernetes_executor.py took 0.023 seconds
[2024-08-28 14:05:11,313] {processor.py:153} INFO - Started process (PID=38925) to work on /home/kai/Documents/PROJETOS/twitter_extractor_airflow/venv/lib/python3.8/site-packages/airflow/example_dags/example_kubernetes_executor.py
[2024-08-28 14:05:11,313] {processor.py:641} INFO - Processing file /home/kai/Documents/PROJETOS/twitter_extractor_airflow/venv/lib/python3.8/site-packages/airflow/example_dags/example_kubernetes_executor.py for tasks to queue
[2024-08-28 14:05:11,314] {logging_mixin.py:115} INFO - [2024-08-28 14:05:11,314] {dagbag.py:507} INFO - Filling up the DagBag from /home/kai/Documents/PROJETOS/twitter_extractor_airflow/venv/lib/python3.8/site-packages/airflow/example_dags/example_kubernetes_executor.py
[2024-08-28 14:05:11,326] {logging_mixin.py:115} INFO - [2024-08-28 14:05:11,326] {example_kubernetes_executor.py:39} WARNING - The example_kubernetes_executor example DAG requires the kubernetes provider. Please install it with: pip install apache-airflow[cncf.kubernetes]
[2024-08-28 14:05:11,327] {processor.py:653} WARNING - No viable dags retrieved from /home/kai/Documents/PROJETOS/twitter_extractor_airflow/venv/lib/python3.8/site-packages/airflow/example_dags/example_kubernetes_executor.py
[2024-08-28 14:05:11,338] {processor.py:161} INFO - Processing /home/kai/Documents/PROJETOS/twitter_extractor_airflow/venv/lib/python3.8/site-packages/airflow/example_dags/example_kubernetes_executor.py took 0.028 seconds
[2024-08-28 14:05:43,937] {processor.py:153} INFO - Started process (PID=39179) to work on /home/kai/Documents/PROJETOS/twitter_extractor_airflow/venv/lib/python3.8/site-packages/airflow/example_dags/example_kubernetes_executor.py
[2024-08-28 14:05:43,937] {processor.py:641} INFO - Processing file /home/kai/Documents/PROJETOS/twitter_extractor_airflow/venv/lib/python3.8/site-packages/airflow/example_dags/example_kubernetes_executor.py for tasks to queue
[2024-08-28 14:05:43,938] {logging_mixin.py:115} INFO - [2024-08-28 14:05:43,938] {dagbag.py:507} INFO - Filling up the DagBag from /home/kai/Documents/PROJETOS/twitter_extractor_airflow/venv/lib/python3.8/site-packages/airflow/example_dags/example_kubernetes_executor.py
[2024-08-28 14:05:43,952] {logging_mixin.py:115} INFO - [2024-08-28 14:05:43,952] {example_kubernetes_executor.py:39} WARNING - The example_kubernetes_executor example DAG requires the kubernetes provider. Please install it with: pip install apache-airflow[cncf.kubernetes]
[2024-08-28 14:05:43,952] {processor.py:653} WARNING - No viable dags retrieved from /home/kai/Documents/PROJETOS/twitter_extractor_airflow/venv/lib/python3.8/site-packages/airflow/example_dags/example_kubernetes_executor.py
[2024-08-28 14:05:43,962] {processor.py:161} INFO - Processing /home/kai/Documents/PROJETOS/twitter_extractor_airflow/venv/lib/python3.8/site-packages/airflow/example_dags/example_kubernetes_executor.py took 0.028 seconds
[2024-08-28 14:33:48,229] {processor.py:153} INFO - Started process (PID=45336) to work on /home/kai/Documents/PROJETOS/twitter_extractor_airflow/venv/lib/python3.8/site-packages/airflow/example_dags/example_kubernetes_executor.py
[2024-08-28 14:33:48,230] {processor.py:641} INFO - Processing file /home/kai/Documents/PROJETOS/twitter_extractor_airflow/venv/lib/python3.8/site-packages/airflow/example_dags/example_kubernetes_executor.py for tasks to queue
[2024-08-28 14:33:48,230] {logging_mixin.py:115} INFO - [2024-08-28 14:33:48,230] {dagbag.py:507} INFO - Filling up the DagBag from /home/kai/Documents/PROJETOS/twitter_extractor_airflow/venv/lib/python3.8/site-packages/airflow/example_dags/example_kubernetes_executor.py
[2024-08-28 14:33:48,242] {logging_mixin.py:115} INFO - [2024-08-28 14:33:48,242] {example_kubernetes_executor.py:39} WARNING - The example_kubernetes_executor example DAG requires the kubernetes provider. Please install it with: pip install apache-airflow[cncf.kubernetes]
[2024-08-28 14:33:48,242] {processor.py:653} WARNING - No viable dags retrieved from /home/kai/Documents/PROJETOS/twitter_extractor_airflow/venv/lib/python3.8/site-packages/airflow/example_dags/example_kubernetes_executor.py
[2024-08-28 14:33:48,251] {processor.py:161} INFO - Processing /home/kai/Documents/PROJETOS/twitter_extractor_airflow/venv/lib/python3.8/site-packages/airflow/example_dags/example_kubernetes_executor.py took 0.024 seconds
[2024-08-28 14:34:21,685] {processor.py:153} INFO - Started process (PID=45620) to work on /home/kai/Documents/PROJETOS/twitter_extractor_airflow/venv/lib/python3.8/site-packages/airflow/example_dags/example_kubernetes_executor.py
[2024-08-28 14:34:21,686] {processor.py:641} INFO - Processing file /home/kai/Documents/PROJETOS/twitter_extractor_airflow/venv/lib/python3.8/site-packages/airflow/example_dags/example_kubernetes_executor.py for tasks to queue
[2024-08-28 14:34:21,686] {logging_mixin.py:115} INFO - [2024-08-28 14:34:21,686] {dagbag.py:507} INFO - Filling up the DagBag from /home/kai/Documents/PROJETOS/twitter_extractor_airflow/venv/lib/python3.8/site-packages/airflow/example_dags/example_kubernetes_executor.py
[2024-08-28 14:34:21,697] {logging_mixin.py:115} INFO - [2024-08-28 14:34:21,697] {example_kubernetes_executor.py:39} WARNING - The example_kubernetes_executor example DAG requires the kubernetes provider. Please install it with: pip install apache-airflow[cncf.kubernetes]
[2024-08-28 14:34:21,697] {processor.py:653} WARNING - No viable dags retrieved from /home/kai/Documents/PROJETOS/twitter_extractor_airflow/venv/lib/python3.8/site-packages/airflow/example_dags/example_kubernetes_executor.py
[2024-08-28 14:34:21,705] {processor.py:161} INFO - Processing /home/kai/Documents/PROJETOS/twitter_extractor_airflow/venv/lib/python3.8/site-packages/airflow/example_dags/example_kubernetes_executor.py took 0.022 seconds
[2024-08-28 14:34:55,429] {processor.py:153} INFO - Started process (PID=45869) to work on /home/kai/Documents/PROJETOS/twitter_extractor_airflow/venv/lib/python3.8/site-packages/airflow/example_dags/example_kubernetes_executor.py
[2024-08-28 14:34:55,430] {processor.py:641} INFO - Processing file /home/kai/Documents/PROJETOS/twitter_extractor_airflow/venv/lib/python3.8/site-packages/airflow/example_dags/example_kubernetes_executor.py for tasks to queue
[2024-08-28 14:34:55,430] {logging_mixin.py:115} INFO - [2024-08-28 14:34:55,430] {dagbag.py:507} INFO - Filling up the DagBag from /home/kai/Documents/PROJETOS/twitter_extractor_airflow/venv/lib/python3.8/site-packages/airflow/example_dags/example_kubernetes_executor.py
[2024-08-28 14:34:55,444] {logging_mixin.py:115} INFO - [2024-08-28 14:34:55,444] {example_kubernetes_executor.py:39} WARNING - The example_kubernetes_executor example DAG requires the kubernetes provider. Please install it with: pip install apache-airflow[cncf.kubernetes]
[2024-08-28 14:34:55,444] {processor.py:653} WARNING - No viable dags retrieved from /home/kai/Documents/PROJETOS/twitter_extractor_airflow/venv/lib/python3.8/site-packages/airflow/example_dags/example_kubernetes_executor.py
[2024-08-28 14:34:55,455] {processor.py:161} INFO - Processing /home/kai/Documents/PROJETOS/twitter_extractor_airflow/venv/lib/python3.8/site-packages/airflow/example_dags/example_kubernetes_executor.py took 0.028 seconds
[2024-08-28 14:35:29,412] {processor.py:153} INFO - Started process (PID=46065) to work on /home/kai/Documents/PROJETOS/twitter_extractor_airflow/venv/lib/python3.8/site-packages/airflow/example_dags/example_kubernetes_executor.py
[2024-08-28 14:35:29,414] {processor.py:641} INFO - Processing file /home/kai/Documents/PROJETOS/twitter_extractor_airflow/venv/lib/python3.8/site-packages/airflow/example_dags/example_kubernetes_executor.py for tasks to queue
[2024-08-28 14:35:29,415] {logging_mixin.py:115} INFO - [2024-08-28 14:35:29,415] {dagbag.py:507} INFO - Filling up the DagBag from /home/kai/Documents/PROJETOS/twitter_extractor_airflow/venv/lib/python3.8/site-packages/airflow/example_dags/example_kubernetes_executor.py
[2024-08-28 14:35:29,433] {logging_mixin.py:115} INFO - [2024-08-28 14:35:29,433] {example_kubernetes_executor.py:39} WARNING - The example_kubernetes_executor example DAG requires the kubernetes provider. Please install it with: pip install apache-airflow[cncf.kubernetes]
[2024-08-28 14:35:29,434] {processor.py:653} WARNING - No viable dags retrieved from /home/kai/Documents/PROJETOS/twitter_extractor_airflow/venv/lib/python3.8/site-packages/airflow/example_dags/example_kubernetes_executor.py
[2024-08-28 14:35:29,446] {processor.py:161} INFO - Processing /home/kai/Documents/PROJETOS/twitter_extractor_airflow/venv/lib/python3.8/site-packages/airflow/example_dags/example_kubernetes_executor.py took 0.039 seconds
[2024-08-28 14:36:02,486] {processor.py:153} INFO - Started process (PID=46260) to work on /home/kai/Documents/PROJETOS/twitter_extractor_airflow/venv/lib/python3.8/site-packages/airflow/example_dags/example_kubernetes_executor.py
[2024-08-28 14:36:02,487] {processor.py:641} INFO - Processing file /home/kai/Documents/PROJETOS/twitter_extractor_airflow/venv/lib/python3.8/site-packages/airflow/example_dags/example_kubernetes_executor.py for tasks to queue
[2024-08-28 14:36:02,487] {logging_mixin.py:115} INFO - [2024-08-28 14:36:02,487] {dagbag.py:507} INFO - Filling up the DagBag from /home/kai/Documents/PROJETOS/twitter_extractor_airflow/venv/lib/python3.8/site-packages/airflow/example_dags/example_kubernetes_executor.py
[2024-08-28 14:36:02,498] {logging_mixin.py:115} INFO - [2024-08-28 14:36:02,498] {example_kubernetes_executor.py:39} WARNING - The example_kubernetes_executor example DAG requires the kubernetes provider. Please install it with: pip install apache-airflow[cncf.kubernetes]
[2024-08-28 14:36:02,499] {processor.py:653} WARNING - No viable dags retrieved from /home/kai/Documents/PROJETOS/twitter_extractor_airflow/venv/lib/python3.8/site-packages/airflow/example_dags/example_kubernetes_executor.py
[2024-08-28 14:36:02,511] {processor.py:161} INFO - Processing /home/kai/Documents/PROJETOS/twitter_extractor_airflow/venv/lib/python3.8/site-packages/airflow/example_dags/example_kubernetes_executor.py took 0.027 seconds
[2024-08-28 14:36:37,964] {processor.py:153} INFO - Started process (PID=46471) to work on /home/kai/Documents/PROJETOS/twitter_extractor_airflow/venv/lib/python3.8/site-packages/airflow/example_dags/example_kubernetes_executor.py
[2024-08-28 14:36:37,965] {processor.py:641} INFO - Processing file /home/kai/Documents/PROJETOS/twitter_extractor_airflow/venv/lib/python3.8/site-packages/airflow/example_dags/example_kubernetes_executor.py for tasks to queue
[2024-08-28 14:36:37,965] {logging_mixin.py:115} INFO - [2024-08-28 14:36:37,965] {dagbag.py:507} INFO - Filling up the DagBag from /home/kai/Documents/PROJETOS/twitter_extractor_airflow/venv/lib/python3.8/site-packages/airflow/example_dags/example_kubernetes_executor.py
[2024-08-28 14:36:37,976] {logging_mixin.py:115} INFO - [2024-08-28 14:36:37,976] {example_kubernetes_executor.py:39} WARNING - The example_kubernetes_executor example DAG requires the kubernetes provider. Please install it with: pip install apache-airflow[cncf.kubernetes]
[2024-08-28 14:36:37,976] {processor.py:653} WARNING - No viable dags retrieved from /home/kai/Documents/PROJETOS/twitter_extractor_airflow/venv/lib/python3.8/site-packages/airflow/example_dags/example_kubernetes_executor.py
[2024-08-28 14:36:37,984] {processor.py:161} INFO - Processing /home/kai/Documents/PROJETOS/twitter_extractor_airflow/venv/lib/python3.8/site-packages/airflow/example_dags/example_kubernetes_executor.py took 0.023 seconds
[2024-08-28 14:37:09,452] {processor.py:153} INFO - Started process (PID=46679) to work on /home/kai/Documents/PROJETOS/twitter_extractor_airflow/venv/lib/python3.8/site-packages/airflow/example_dags/example_kubernetes_executor.py
[2024-08-28 14:37:09,452] {processor.py:641} INFO - Processing file /home/kai/Documents/PROJETOS/twitter_extractor_airflow/venv/lib/python3.8/site-packages/airflow/example_dags/example_kubernetes_executor.py for tasks to queue
[2024-08-28 14:37:09,453] {logging_mixin.py:115} INFO - [2024-08-28 14:37:09,453] {dagbag.py:507} INFO - Filling up the DagBag from /home/kai/Documents/PROJETOS/twitter_extractor_airflow/venv/lib/python3.8/site-packages/airflow/example_dags/example_kubernetes_executor.py
[2024-08-28 14:37:09,464] {logging_mixin.py:115} INFO - [2024-08-28 14:37:09,464] {example_kubernetes_executor.py:39} WARNING - The example_kubernetes_executor example DAG requires the kubernetes provider. Please install it with: pip install apache-airflow[cncf.kubernetes]
[2024-08-28 14:37:09,464] {processor.py:653} WARNING - No viable dags retrieved from /home/kai/Documents/PROJETOS/twitter_extractor_airflow/venv/lib/python3.8/site-packages/airflow/example_dags/example_kubernetes_executor.py
[2024-08-28 14:37:09,474] {processor.py:161} INFO - Processing /home/kai/Documents/PROJETOS/twitter_extractor_airflow/venv/lib/python3.8/site-packages/airflow/example_dags/example_kubernetes_executor.py took 0.026 seconds
[2024-08-28 14:37:43,197] {processor.py:153} INFO - Started process (PID=47034) to work on /home/kai/Documents/PROJETOS/twitter_extractor_airflow/venv/lib/python3.8/site-packages/airflow/example_dags/example_kubernetes_executor.py
[2024-08-28 14:37:43,198] {processor.py:641} INFO - Processing file /home/kai/Documents/PROJETOS/twitter_extractor_airflow/venv/lib/python3.8/site-packages/airflow/example_dags/example_kubernetes_executor.py for tasks to queue
[2024-08-28 14:37:43,198] {logging_mixin.py:115} INFO - [2024-08-28 14:37:43,198] {dagbag.py:507} INFO - Filling up the DagBag from /home/kai/Documents/PROJETOS/twitter_extractor_airflow/venv/lib/python3.8/site-packages/airflow/example_dags/example_kubernetes_executor.py
[2024-08-28 14:37:43,217] {logging_mixin.py:115} INFO - [2024-08-28 14:37:43,216] {example_kubernetes_executor.py:39} WARNING - The example_kubernetes_executor example DAG requires the kubernetes provider. Please install it with: pip install apache-airflow[cncf.kubernetes]
[2024-08-28 14:37:43,217] {processor.py:653} WARNING - No viable dags retrieved from /home/kai/Documents/PROJETOS/twitter_extractor_airflow/venv/lib/python3.8/site-packages/airflow/example_dags/example_kubernetes_executor.py
[2024-08-28 14:37:43,228] {processor.py:161} INFO - Processing /home/kai/Documents/PROJETOS/twitter_extractor_airflow/venv/lib/python3.8/site-packages/airflow/example_dags/example_kubernetes_executor.py took 0.034 seconds
[2024-08-28 14:38:17,745] {processor.py:153} INFO - Started process (PID=47278) to work on /home/kai/Documents/PROJETOS/twitter_extractor_airflow/venv/lib/python3.8/site-packages/airflow/example_dags/example_kubernetes_executor.py
[2024-08-28 14:38:17,745] {processor.py:641} INFO - Processing file /home/kai/Documents/PROJETOS/twitter_extractor_airflow/venv/lib/python3.8/site-packages/airflow/example_dags/example_kubernetes_executor.py for tasks to queue
[2024-08-28 14:38:17,746] {logging_mixin.py:115} INFO - [2024-08-28 14:38:17,746] {dagbag.py:507} INFO - Filling up the DagBag from /home/kai/Documents/PROJETOS/twitter_extractor_airflow/venv/lib/python3.8/site-packages/airflow/example_dags/example_kubernetes_executor.py
[2024-08-28 14:38:17,759] {logging_mixin.py:115} INFO - [2024-08-28 14:38:17,759] {example_kubernetes_executor.py:39} WARNING - The example_kubernetes_executor example DAG requires the kubernetes provider. Please install it with: pip install apache-airflow[cncf.kubernetes]
[2024-08-28 14:38:17,759] {processor.py:653} WARNING - No viable dags retrieved from /home/kai/Documents/PROJETOS/twitter_extractor_airflow/venv/lib/python3.8/site-packages/airflow/example_dags/example_kubernetes_executor.py
[2024-08-28 14:38:17,768] {processor.py:161} INFO - Processing /home/kai/Documents/PROJETOS/twitter_extractor_airflow/venv/lib/python3.8/site-packages/airflow/example_dags/example_kubernetes_executor.py took 0.026 seconds
[2024-08-28 14:39:16,506] {processor.py:153} INFO - Started process (PID=47974) to work on /home/kai/Documents/PROJETOS/twitter_extractor_airflow/venv/lib/python3.8/site-packages/airflow/example_dags/example_kubernetes_executor.py
[2024-08-28 14:39:16,506] {processor.py:641} INFO - Processing file /home/kai/Documents/PROJETOS/twitter_extractor_airflow/venv/lib/python3.8/site-packages/airflow/example_dags/example_kubernetes_executor.py for tasks to queue
[2024-08-28 14:39:16,507] {logging_mixin.py:115} INFO - [2024-08-28 14:39:16,507] {dagbag.py:507} INFO - Filling up the DagBag from /home/kai/Documents/PROJETOS/twitter_extractor_airflow/venv/lib/python3.8/site-packages/airflow/example_dags/example_kubernetes_executor.py
[2024-08-28 14:39:16,519] {logging_mixin.py:115} INFO - [2024-08-28 14:39:16,519] {example_kubernetes_executor.py:39} WARNING - The example_kubernetes_executor example DAG requires the kubernetes provider. Please install it with: pip install apache-airflow[cncf.kubernetes]
[2024-08-28 14:39:16,519] {processor.py:653} WARNING - No viable dags retrieved from /home/kai/Documents/PROJETOS/twitter_extractor_airflow/venv/lib/python3.8/site-packages/airflow/example_dags/example_kubernetes_executor.py
[2024-08-28 14:39:16,528] {processor.py:161} INFO - Processing /home/kai/Documents/PROJETOS/twitter_extractor_airflow/venv/lib/python3.8/site-packages/airflow/example_dags/example_kubernetes_executor.py took 0.025 seconds
[2024-08-28 14:39:49,147] {processor.py:153} INFO - Started process (PID=48205) to work on /home/kai/Documents/PROJETOS/twitter_extractor_airflow/venv/lib/python3.8/site-packages/airflow/example_dags/example_kubernetes_executor.py
[2024-08-28 14:39:49,148] {processor.py:641} INFO - Processing file /home/kai/Documents/PROJETOS/twitter_extractor_airflow/venv/lib/python3.8/site-packages/airflow/example_dags/example_kubernetes_executor.py for tasks to queue
[2024-08-28 14:39:49,148] {logging_mixin.py:115} INFO - [2024-08-28 14:39:49,148] {dagbag.py:507} INFO - Filling up the DagBag from /home/kai/Documents/PROJETOS/twitter_extractor_airflow/venv/lib/python3.8/site-packages/airflow/example_dags/example_kubernetes_executor.py
[2024-08-28 14:39:49,161] {logging_mixin.py:115} INFO - [2024-08-28 14:39:49,160] {example_kubernetes_executor.py:39} WARNING - The example_kubernetes_executor example DAG requires the kubernetes provider. Please install it with: pip install apache-airflow[cncf.kubernetes]
[2024-08-28 14:39:49,161] {processor.py:653} WARNING - No viable dags retrieved from /home/kai/Documents/PROJETOS/twitter_extractor_airflow/venv/lib/python3.8/site-packages/airflow/example_dags/example_kubernetes_executor.py
[2024-08-28 14:39:49,169] {processor.py:161} INFO - Processing /home/kai/Documents/PROJETOS/twitter_extractor_airflow/venv/lib/python3.8/site-packages/airflow/example_dags/example_kubernetes_executor.py took 0.024 seconds
[2024-08-28 14:40:23,411] {processor.py:153} INFO - Started process (PID=48403) to work on /home/kai/Documents/PROJETOS/twitter_extractor_airflow/venv/lib/python3.8/site-packages/airflow/example_dags/example_kubernetes_executor.py
[2024-08-28 14:40:23,412] {processor.py:641} INFO - Processing file /home/kai/Documents/PROJETOS/twitter_extractor_airflow/venv/lib/python3.8/site-packages/airflow/example_dags/example_kubernetes_executor.py for tasks to queue
[2024-08-28 14:40:23,412] {logging_mixin.py:115} INFO - [2024-08-28 14:40:23,412] {dagbag.py:507} INFO - Filling up the DagBag from /home/kai/Documents/PROJETOS/twitter_extractor_airflow/venv/lib/python3.8/site-packages/airflow/example_dags/example_kubernetes_executor.py
[2024-08-28 14:40:23,424] {logging_mixin.py:115} INFO - [2024-08-28 14:40:23,424] {example_kubernetes_executor.py:39} WARNING - The example_kubernetes_executor example DAG requires the kubernetes provider. Please install it with: pip install apache-airflow[cncf.kubernetes]
[2024-08-28 14:40:23,424] {processor.py:653} WARNING - No viable dags retrieved from /home/kai/Documents/PROJETOS/twitter_extractor_airflow/venv/lib/python3.8/site-packages/airflow/example_dags/example_kubernetes_executor.py
[2024-08-28 14:40:23,433] {processor.py:161} INFO - Processing /home/kai/Documents/PROJETOS/twitter_extractor_airflow/venv/lib/python3.8/site-packages/airflow/example_dags/example_kubernetes_executor.py took 0.024 seconds
[2024-08-28 14:40:56,136] {processor.py:153} INFO - Started process (PID=48606) to work on /home/kai/Documents/PROJETOS/twitter_extractor_airflow/venv/lib/python3.8/site-packages/airflow/example_dags/example_kubernetes_executor.py
[2024-08-28 14:40:56,137] {processor.py:641} INFO - Processing file /home/kai/Documents/PROJETOS/twitter_extractor_airflow/venv/lib/python3.8/site-packages/airflow/example_dags/example_kubernetes_executor.py for tasks to queue
[2024-08-28 14:40:56,137] {logging_mixin.py:115} INFO - [2024-08-28 14:40:56,137] {dagbag.py:507} INFO - Filling up the DagBag from /home/kai/Documents/PROJETOS/twitter_extractor_airflow/venv/lib/python3.8/site-packages/airflow/example_dags/example_kubernetes_executor.py
[2024-08-28 14:40:56,150] {logging_mixin.py:115} INFO - [2024-08-28 14:40:56,149] {example_kubernetes_executor.py:39} WARNING - The example_kubernetes_executor example DAG requires the kubernetes provider. Please install it with: pip install apache-airflow[cncf.kubernetes]
[2024-08-28 14:40:56,150] {processor.py:653} WARNING - No viable dags retrieved from /home/kai/Documents/PROJETOS/twitter_extractor_airflow/venv/lib/python3.8/site-packages/airflow/example_dags/example_kubernetes_executor.py
[2024-08-28 14:40:56,160] {processor.py:161} INFO - Processing /home/kai/Documents/PROJETOS/twitter_extractor_airflow/venv/lib/python3.8/site-packages/airflow/example_dags/example_kubernetes_executor.py took 0.026 seconds
[2024-08-28 14:41:30,921] {processor.py:153} INFO - Started process (PID=48946) to work on /home/kai/Documents/PROJETOS/twitter_extractor_airflow/venv/lib/python3.8/site-packages/airflow/example_dags/example_kubernetes_executor.py
[2024-08-28 14:41:30,922] {processor.py:641} INFO - Processing file /home/kai/Documents/PROJETOS/twitter_extractor_airflow/venv/lib/python3.8/site-packages/airflow/example_dags/example_kubernetes_executor.py for tasks to queue
[2024-08-28 14:41:30,922] {logging_mixin.py:115} INFO - [2024-08-28 14:41:30,922] {dagbag.py:507} INFO - Filling up the DagBag from /home/kai/Documents/PROJETOS/twitter_extractor_airflow/venv/lib/python3.8/site-packages/airflow/example_dags/example_kubernetes_executor.py
[2024-08-28 14:41:30,936] {logging_mixin.py:115} INFO - [2024-08-28 14:41:30,936] {example_kubernetes_executor.py:39} WARNING - The example_kubernetes_executor example DAG requires the kubernetes provider. Please install it with: pip install apache-airflow[cncf.kubernetes]
[2024-08-28 14:41:30,937] {processor.py:653} WARNING - No viable dags retrieved from /home/kai/Documents/PROJETOS/twitter_extractor_airflow/venv/lib/python3.8/site-packages/airflow/example_dags/example_kubernetes_executor.py
[2024-08-28 14:41:30,947] {processor.py:161} INFO - Processing /home/kai/Documents/PROJETOS/twitter_extractor_airflow/venv/lib/python3.8/site-packages/airflow/example_dags/example_kubernetes_executor.py took 0.028 seconds
[2024-08-28 14:42:04,348] {processor.py:153} INFO - Started process (PID=49149) to work on /home/kai/Documents/PROJETOS/twitter_extractor_airflow/venv/lib/python3.8/site-packages/airflow/example_dags/example_kubernetes_executor.py
[2024-08-28 14:42:04,349] {processor.py:641} INFO - Processing file /home/kai/Documents/PROJETOS/twitter_extractor_airflow/venv/lib/python3.8/site-packages/airflow/example_dags/example_kubernetes_executor.py for tasks to queue
[2024-08-28 14:42:04,349] {logging_mixin.py:115} INFO - [2024-08-28 14:42:04,349] {dagbag.py:507} INFO - Filling up the DagBag from /home/kai/Documents/PROJETOS/twitter_extractor_airflow/venv/lib/python3.8/site-packages/airflow/example_dags/example_kubernetes_executor.py
[2024-08-28 14:42:04,360] {logging_mixin.py:115} INFO - [2024-08-28 14:42:04,360] {example_kubernetes_executor.py:39} WARNING - The example_kubernetes_executor example DAG requires the kubernetes provider. Please install it with: pip install apache-airflow[cncf.kubernetes]
[2024-08-28 14:42:04,360] {processor.py:653} WARNING - No viable dags retrieved from /home/kai/Documents/PROJETOS/twitter_extractor_airflow/venv/lib/python3.8/site-packages/airflow/example_dags/example_kubernetes_executor.py
[2024-08-28 14:42:04,368] {processor.py:161} INFO - Processing /home/kai/Documents/PROJETOS/twitter_extractor_airflow/venv/lib/python3.8/site-packages/airflow/example_dags/example_kubernetes_executor.py took 0.023 seconds
[2024-08-28 14:42:39,215] {processor.py:153} INFO - Started process (PID=49356) to work on /home/kai/Documents/PROJETOS/twitter_extractor_airflow/venv/lib/python3.8/site-packages/airflow/example_dags/example_kubernetes_executor.py
[2024-08-28 14:42:39,216] {processor.py:641} INFO - Processing file /home/kai/Documents/PROJETOS/twitter_extractor_airflow/venv/lib/python3.8/site-packages/airflow/example_dags/example_kubernetes_executor.py for tasks to queue
[2024-08-28 14:42:39,217] {logging_mixin.py:115} INFO - [2024-08-28 14:42:39,217] {dagbag.py:507} INFO - Filling up the DagBag from /home/kai/Documents/PROJETOS/twitter_extractor_airflow/venv/lib/python3.8/site-packages/airflow/example_dags/example_kubernetes_executor.py
[2024-08-28 14:42:39,229] {logging_mixin.py:115} INFO - [2024-08-28 14:42:39,229] {example_kubernetes_executor.py:39} WARNING - The example_kubernetes_executor example DAG requires the kubernetes provider. Please install it with: pip install apache-airflow[cncf.kubernetes]
[2024-08-28 14:42:39,229] {processor.py:653} WARNING - No viable dags retrieved from /home/kai/Documents/PROJETOS/twitter_extractor_airflow/venv/lib/python3.8/site-packages/airflow/example_dags/example_kubernetes_executor.py
[2024-08-28 14:42:39,240] {processor.py:161} INFO - Processing /home/kai/Documents/PROJETOS/twitter_extractor_airflow/venv/lib/python3.8/site-packages/airflow/example_dags/example_kubernetes_executor.py took 0.027 seconds
[2024-08-28 14:43:11,093] {processor.py:153} INFO - Started process (PID=49550) to work on /home/kai/Documents/PROJETOS/twitter_extractor_airflow/venv/lib/python3.8/site-packages/airflow/example_dags/example_kubernetes_executor.py
[2024-08-28 14:43:11,094] {processor.py:641} INFO - Processing file /home/kai/Documents/PROJETOS/twitter_extractor_airflow/venv/lib/python3.8/site-packages/airflow/example_dags/example_kubernetes_executor.py for tasks to queue
[2024-08-28 14:43:11,094] {logging_mixin.py:115} INFO - [2024-08-28 14:43:11,094] {dagbag.py:507} INFO - Filling up the DagBag from /home/kai/Documents/PROJETOS/twitter_extractor_airflow/venv/lib/python3.8/site-packages/airflow/example_dags/example_kubernetes_executor.py
[2024-08-28 14:43:11,106] {logging_mixin.py:115} INFO - [2024-08-28 14:43:11,106] {example_kubernetes_executor.py:39} WARNING - The example_kubernetes_executor example DAG requires the kubernetes provider. Please install it with: pip install apache-airflow[cncf.kubernetes]
[2024-08-28 14:43:11,106] {processor.py:653} WARNING - No viable dags retrieved from /home/kai/Documents/PROJETOS/twitter_extractor_airflow/venv/lib/python3.8/site-packages/airflow/example_dags/example_kubernetes_executor.py
[2024-08-28 14:43:11,115] {processor.py:161} INFO - Processing /home/kai/Documents/PROJETOS/twitter_extractor_airflow/venv/lib/python3.8/site-packages/airflow/example_dags/example_kubernetes_executor.py took 0.024 seconds
[2024-08-28 14:43:44,980] {processor.py:153} INFO - Started process (PID=49752) to work on /home/kai/Documents/PROJETOS/twitter_extractor_airflow/venv/lib/python3.8/site-packages/airflow/example_dags/example_kubernetes_executor.py
[2024-08-28 14:43:44,980] {processor.py:641} INFO - Processing file /home/kai/Documents/PROJETOS/twitter_extractor_airflow/venv/lib/python3.8/site-packages/airflow/example_dags/example_kubernetes_executor.py for tasks to queue
[2024-08-28 14:43:44,981] {logging_mixin.py:115} INFO - [2024-08-28 14:43:44,980] {dagbag.py:507} INFO - Filling up the DagBag from /home/kai/Documents/PROJETOS/twitter_extractor_airflow/venv/lib/python3.8/site-packages/airflow/example_dags/example_kubernetes_executor.py
[2024-08-28 14:43:44,991] {logging_mixin.py:115} INFO - [2024-08-28 14:43:44,991] {example_kubernetes_executor.py:39} WARNING - The example_kubernetes_executor example DAG requires the kubernetes provider. Please install it with: pip install apache-airflow[cncf.kubernetes]
[2024-08-28 14:43:44,991] {processor.py:653} WARNING - No viable dags retrieved from /home/kai/Documents/PROJETOS/twitter_extractor_airflow/venv/lib/python3.8/site-packages/airflow/example_dags/example_kubernetes_executor.py
[2024-08-28 14:43:45,000] {processor.py:161} INFO - Processing /home/kai/Documents/PROJETOS/twitter_extractor_airflow/venv/lib/python3.8/site-packages/airflow/example_dags/example_kubernetes_executor.py took 0.022 seconds
