[2024-08-28 13:42:43,573] {processor.py:153} INFO - Started process (PID=27452) to work on /home/kai/Documents/PROJETOS/twitter_extractor_airflow/venv/lib/python3.8/site-packages/airflow/example_dags/example_branch_day_of_week_operator.py
[2024-08-28 13:42:43,573] {processor.py:641} INFO - Processing file /home/kai/Documents/PROJETOS/twitter_extractor_airflow/venv/lib/python3.8/site-packages/airflow/example_dags/example_branch_day_of_week_operator.py for tasks to queue
[2024-08-28 13:42:43,573] {logging_mixin.py:115} INFO - [2024-08-28 13:42:43,573] {dagbag.py:507} INFO - Filling up the DagBag from /home/kai/Documents/PROJETOS/twitter_extractor_airflow/venv/lib/python3.8/site-packages/airflow/example_dags/example_branch_day_of_week_operator.py
[2024-08-28 13:42:43,582] {processor.py:651} INFO - DAG(s) dict_keys(['example_weekday_branch_operator']) retrieved from /home/kai/Documents/PROJETOS/twitter_extractor_airflow/venv/lib/python3.8/site-packages/airflow/example_dags/example_branch_day_of_week_operator.py
[2024-08-28 13:42:43,616] {logging_mixin.py:115} INFO - [2024-08-28 13:42:43,616] {dag.py:2379} INFO - Sync 1 DAGs
[2024-08-28 13:42:43,627] {logging_mixin.py:115} INFO - [2024-08-28 13:42:43,627] {dag.py:2927} INFO - Setting next_dagrun for example_weekday_branch_operator to 2024-08-27T00:00:00+00:00, run_after=2024-08-28T00:00:00+00:00
[2024-08-28 13:42:43,640] {processor.py:161} INFO - Processing /home/kai/Documents/PROJETOS/twitter_extractor_airflow/venv/lib/python3.8/site-packages/airflow/example_dags/example_branch_day_of_week_operator.py took 0.069 seconds
[2024-08-28 13:43:18,079] {processor.py:153} INFO - Started process (PID=27666) to work on /home/kai/Documents/PROJETOS/twitter_extractor_airflow/venv/lib/python3.8/site-packages/airflow/example_dags/example_branch_day_of_week_operator.py
[2024-08-28 13:43:18,081] {processor.py:641} INFO - Processing file /home/kai/Documents/PROJETOS/twitter_extractor_airflow/venv/lib/python3.8/site-packages/airflow/example_dags/example_branch_day_of_week_operator.py for tasks to queue
[2024-08-28 13:43:18,081] {logging_mixin.py:115} INFO - [2024-08-28 13:43:18,081] {dagbag.py:507} INFO - Filling up the DagBag from /home/kai/Documents/PROJETOS/twitter_extractor_airflow/venv/lib/python3.8/site-packages/airflow/example_dags/example_branch_day_of_week_operator.py
[2024-08-28 13:43:18,090] {processor.py:651} INFO - DAG(s) dict_keys(['example_weekday_branch_operator']) retrieved from /home/kai/Documents/PROJETOS/twitter_extractor_airflow/venv/lib/python3.8/site-packages/airflow/example_dags/example_branch_day_of_week_operator.py
[2024-08-28 13:43:18,103] {logging_mixin.py:115} INFO - [2024-08-28 13:43:18,103] {dag.py:2379} INFO - Sync 1 DAGs
[2024-08-28 13:43:18,116] {logging_mixin.py:115} INFO - [2024-08-28 13:43:18,116] {dag.py:2927} INFO - Setting next_dagrun for example_weekday_branch_operator to 2024-08-27T00:00:00+00:00, run_after=2024-08-28T00:00:00+00:00
[2024-08-28 13:43:18,128] {processor.py:161} INFO - Processing /home/kai/Documents/PROJETOS/twitter_extractor_airflow/venv/lib/python3.8/site-packages/airflow/example_dags/example_branch_day_of_week_operator.py took 0.053 seconds
[2024-08-28 13:43:52,759] {processor.py:153} INFO - Started process (PID=27864) to work on /home/kai/Documents/PROJETOS/twitter_extractor_airflow/venv/lib/python3.8/site-packages/airflow/example_dags/example_branch_day_of_week_operator.py
[2024-08-28 13:43:52,759] {processor.py:641} INFO - Processing file /home/kai/Documents/PROJETOS/twitter_extractor_airflow/venv/lib/python3.8/site-packages/airflow/example_dags/example_branch_day_of_week_operator.py for tasks to queue
[2024-08-28 13:43:52,760] {logging_mixin.py:115} INFO - [2024-08-28 13:43:52,760] {dagbag.py:507} INFO - Filling up the DagBag from /home/kai/Documents/PROJETOS/twitter_extractor_airflow/venv/lib/python3.8/site-packages/airflow/example_dags/example_branch_day_of_week_operator.py
[2024-08-28 13:43:52,766] {processor.py:651} INFO - DAG(s) dict_keys(['example_weekday_branch_operator']) retrieved from /home/kai/Documents/PROJETOS/twitter_extractor_airflow/venv/lib/python3.8/site-packages/airflow/example_dags/example_branch_day_of_week_operator.py
[2024-08-28 13:43:52,779] {logging_mixin.py:115} INFO - [2024-08-28 13:43:52,779] {dag.py:2379} INFO - Sync 1 DAGs
[2024-08-28 13:43:52,793] {logging_mixin.py:115} INFO - [2024-08-28 13:43:52,793] {dag.py:2927} INFO - Setting next_dagrun for example_weekday_branch_operator to 2024-08-27T00:00:00+00:00, run_after=2024-08-28T00:00:00+00:00
[2024-08-28 13:43:52,804] {processor.py:161} INFO - Processing /home/kai/Documents/PROJETOS/twitter_extractor_airflow/venv/lib/python3.8/site-packages/airflow/example_dags/example_branch_day_of_week_operator.py took 0.048 seconds
[2024-08-28 13:44:25,265] {processor.py:153} INFO - Started process (PID=28053) to work on /home/kai/Documents/PROJETOS/twitter_extractor_airflow/venv/lib/python3.8/site-packages/airflow/example_dags/example_branch_day_of_week_operator.py
[2024-08-28 13:44:25,266] {processor.py:641} INFO - Processing file /home/kai/Documents/PROJETOS/twitter_extractor_airflow/venv/lib/python3.8/site-packages/airflow/example_dags/example_branch_day_of_week_operator.py for tasks to queue
[2024-08-28 13:44:25,267] {logging_mixin.py:115} INFO - [2024-08-28 13:44:25,267] {dagbag.py:507} INFO - Filling up the DagBag from /home/kai/Documents/PROJETOS/twitter_extractor_airflow/venv/lib/python3.8/site-packages/airflow/example_dags/example_branch_day_of_week_operator.py
[2024-08-28 13:44:25,275] {processor.py:651} INFO - DAG(s) dict_keys(['example_weekday_branch_operator']) retrieved from /home/kai/Documents/PROJETOS/twitter_extractor_airflow/venv/lib/python3.8/site-packages/airflow/example_dags/example_branch_day_of_week_operator.py
[2024-08-28 13:44:25,288] {logging_mixin.py:115} INFO - [2024-08-28 13:44:25,288] {dag.py:2379} INFO - Sync 1 DAGs
[2024-08-28 13:44:25,301] {logging_mixin.py:115} INFO - [2024-08-28 13:44:25,301] {dag.py:2927} INFO - Setting next_dagrun for example_weekday_branch_operator to 2024-08-27T00:00:00+00:00, run_after=2024-08-28T00:00:00+00:00
[2024-08-28 13:44:25,311] {processor.py:161} INFO - Processing /home/kai/Documents/PROJETOS/twitter_extractor_airflow/venv/lib/python3.8/site-packages/airflow/example_dags/example_branch_day_of_week_operator.py took 0.048 seconds
[2024-08-28 13:44:58,168] {processor.py:153} INFO - Started process (PID=28251) to work on /home/kai/Documents/PROJETOS/twitter_extractor_airflow/venv/lib/python3.8/site-packages/airflow/example_dags/example_branch_day_of_week_operator.py
[2024-08-28 13:44:58,171] {processor.py:641} INFO - Processing file /home/kai/Documents/PROJETOS/twitter_extractor_airflow/venv/lib/python3.8/site-packages/airflow/example_dags/example_branch_day_of_week_operator.py for tasks to queue
[2024-08-28 13:44:58,172] {logging_mixin.py:115} INFO - [2024-08-28 13:44:58,172] {dagbag.py:507} INFO - Filling up the DagBag from /home/kai/Documents/PROJETOS/twitter_extractor_airflow/venv/lib/python3.8/site-packages/airflow/example_dags/example_branch_day_of_week_operator.py
[2024-08-28 13:44:58,178] {processor.py:651} INFO - DAG(s) dict_keys(['example_weekday_branch_operator']) retrieved from /home/kai/Documents/PROJETOS/twitter_extractor_airflow/venv/lib/python3.8/site-packages/airflow/example_dags/example_branch_day_of_week_operator.py
[2024-08-28 13:44:58,191] {logging_mixin.py:115} INFO - [2024-08-28 13:44:58,191] {dag.py:2379} INFO - Sync 1 DAGs
[2024-08-28 13:44:58,208] {logging_mixin.py:115} INFO - [2024-08-28 13:44:58,208] {dag.py:2927} INFO - Setting next_dagrun for example_weekday_branch_operator to 2024-08-27T00:00:00+00:00, run_after=2024-08-28T00:00:00+00:00
[2024-08-28 13:44:58,222] {processor.py:161} INFO - Processing /home/kai/Documents/PROJETOS/twitter_extractor_airflow/venv/lib/python3.8/site-packages/airflow/example_dags/example_branch_day_of_week_operator.py took 0.056 seconds
[2024-08-28 13:45:32,014] {processor.py:153} INFO - Started process (PID=28451) to work on /home/kai/Documents/PROJETOS/twitter_extractor_airflow/venv/lib/python3.8/site-packages/airflow/example_dags/example_branch_day_of_week_operator.py
[2024-08-28 13:45:32,015] {processor.py:641} INFO - Processing file /home/kai/Documents/PROJETOS/twitter_extractor_airflow/venv/lib/python3.8/site-packages/airflow/example_dags/example_branch_day_of_week_operator.py for tasks to queue
[2024-08-28 13:45:32,015] {logging_mixin.py:115} INFO - [2024-08-28 13:45:32,015] {dagbag.py:507} INFO - Filling up the DagBag from /home/kai/Documents/PROJETOS/twitter_extractor_airflow/venv/lib/python3.8/site-packages/airflow/example_dags/example_branch_day_of_week_operator.py
[2024-08-28 13:45:32,022] {processor.py:651} INFO - DAG(s) dict_keys(['example_weekday_branch_operator']) retrieved from /home/kai/Documents/PROJETOS/twitter_extractor_airflow/venv/lib/python3.8/site-packages/airflow/example_dags/example_branch_day_of_week_operator.py
[2024-08-28 13:45:32,035] {logging_mixin.py:115} INFO - [2024-08-28 13:45:32,035] {dag.py:2379} INFO - Sync 1 DAGs
[2024-08-28 13:45:32,051] {logging_mixin.py:115} INFO - [2024-08-28 13:45:32,051] {dag.py:2927} INFO - Setting next_dagrun for example_weekday_branch_operator to 2024-08-27T00:00:00+00:00, run_after=2024-08-28T00:00:00+00:00
[2024-08-28 13:45:32,066] {processor.py:161} INFO - Processing /home/kai/Documents/PROJETOS/twitter_extractor_airflow/venv/lib/python3.8/site-packages/airflow/example_dags/example_branch_day_of_week_operator.py took 0.054 seconds
[2024-08-28 13:46:04,589] {processor.py:153} INFO - Started process (PID=28644) to work on /home/kai/Documents/PROJETOS/twitter_extractor_airflow/venv/lib/python3.8/site-packages/airflow/example_dags/example_branch_day_of_week_operator.py
[2024-08-28 13:46:04,590] {processor.py:641} INFO - Processing file /home/kai/Documents/PROJETOS/twitter_extractor_airflow/venv/lib/python3.8/site-packages/airflow/example_dags/example_branch_day_of_week_operator.py for tasks to queue
[2024-08-28 13:46:04,591] {logging_mixin.py:115} INFO - [2024-08-28 13:46:04,590] {dagbag.py:507} INFO - Filling up the DagBag from /home/kai/Documents/PROJETOS/twitter_extractor_airflow/venv/lib/python3.8/site-packages/airflow/example_dags/example_branch_day_of_week_operator.py
[2024-08-28 13:46:04,599] {processor.py:651} INFO - DAG(s) dict_keys(['example_weekday_branch_operator']) retrieved from /home/kai/Documents/PROJETOS/twitter_extractor_airflow/venv/lib/python3.8/site-packages/airflow/example_dags/example_branch_day_of_week_operator.py
[2024-08-28 13:46:04,614] {logging_mixin.py:115} INFO - [2024-08-28 13:46:04,614] {dag.py:2379} INFO - Sync 1 DAGs
[2024-08-28 13:46:04,631] {logging_mixin.py:115} INFO - [2024-08-28 13:46:04,631] {dag.py:2927} INFO - Setting next_dagrun for example_weekday_branch_operator to 2024-08-27T00:00:00+00:00, run_after=2024-08-28T00:00:00+00:00
[2024-08-28 13:46:04,644] {processor.py:161} INFO - Processing /home/kai/Documents/PROJETOS/twitter_extractor_airflow/venv/lib/python3.8/site-packages/airflow/example_dags/example_branch_day_of_week_operator.py took 0.057 seconds
[2024-08-28 13:46:41,202] {processor.py:153} INFO - Started process (PID=29277) to work on /home/kai/Documents/PROJETOS/twitter_extractor_airflow/venv/lib/python3.8/site-packages/airflow/example_dags/example_branch_day_of_week_operator.py
[2024-08-28 13:46:41,204] {processor.py:641} INFO - Processing file /home/kai/Documents/PROJETOS/twitter_extractor_airflow/venv/lib/python3.8/site-packages/airflow/example_dags/example_branch_day_of_week_operator.py for tasks to queue
[2024-08-28 13:46:41,204] {logging_mixin.py:115} INFO - [2024-08-28 13:46:41,204] {dagbag.py:507} INFO - Filling up the DagBag from /home/kai/Documents/PROJETOS/twitter_extractor_airflow/venv/lib/python3.8/site-packages/airflow/example_dags/example_branch_day_of_week_operator.py
[2024-08-28 13:46:41,217] {processor.py:651} INFO - DAG(s) dict_keys(['example_weekday_branch_operator']) retrieved from /home/kai/Documents/PROJETOS/twitter_extractor_airflow/venv/lib/python3.8/site-packages/airflow/example_dags/example_branch_day_of_week_operator.py
[2024-08-28 13:46:41,311] {logging_mixin.py:115} INFO - [2024-08-28 13:46:41,310] {dag.py:2379} INFO - Sync 1 DAGs
[2024-08-28 13:46:41,383] {logging_mixin.py:115} INFO - [2024-08-28 13:46:41,382] {dag.py:2927} INFO - Setting next_dagrun for example_weekday_branch_operator to 2024-08-27T00:00:00+00:00, run_after=2024-08-28T00:00:00+00:00
[2024-08-28 13:46:41,419] {processor.py:161} INFO - Processing /home/kai/Documents/PROJETOS/twitter_extractor_airflow/venv/lib/python3.8/site-packages/airflow/example_dags/example_branch_day_of_week_operator.py took 0.222 seconds
[2024-08-28 13:47:14,268] {processor.py:153} INFO - Started process (PID=29698) to work on /home/kai/Documents/PROJETOS/twitter_extractor_airflow/venv/lib/python3.8/site-packages/airflow/example_dags/example_branch_day_of_week_operator.py
[2024-08-28 13:47:14,269] {processor.py:641} INFO - Processing file /home/kai/Documents/PROJETOS/twitter_extractor_airflow/venv/lib/python3.8/site-packages/airflow/example_dags/example_branch_day_of_week_operator.py for tasks to queue
[2024-08-28 13:47:14,269] {logging_mixin.py:115} INFO - [2024-08-28 13:47:14,269] {dagbag.py:507} INFO - Filling up the DagBag from /home/kai/Documents/PROJETOS/twitter_extractor_airflow/venv/lib/python3.8/site-packages/airflow/example_dags/example_branch_day_of_week_operator.py
[2024-08-28 13:47:14,277] {processor.py:651} INFO - DAG(s) dict_keys(['example_weekday_branch_operator']) retrieved from /home/kai/Documents/PROJETOS/twitter_extractor_airflow/venv/lib/python3.8/site-packages/airflow/example_dags/example_branch_day_of_week_operator.py
[2024-08-28 13:47:14,295] {logging_mixin.py:115} INFO - [2024-08-28 13:47:14,295] {dag.py:2379} INFO - Sync 1 DAGs
[2024-08-28 13:47:14,317] {logging_mixin.py:115} INFO - [2024-08-28 13:47:14,317] {dag.py:2927} INFO - Setting next_dagrun for example_weekday_branch_operator to 2024-08-27T00:00:00+00:00, run_after=2024-08-28T00:00:00+00:00
[2024-08-28 13:47:14,331] {processor.py:161} INFO - Processing /home/kai/Documents/PROJETOS/twitter_extractor_airflow/venv/lib/python3.8/site-packages/airflow/example_dags/example_branch_day_of_week_operator.py took 0.066 seconds
[2024-08-28 13:47:49,998] {processor.py:153} INFO - Started process (PID=30031) to work on /home/kai/Documents/PROJETOS/twitter_extractor_airflow/venv/lib/python3.8/site-packages/airflow/example_dags/example_branch_day_of_week_operator.py
[2024-08-28 13:47:49,999] {processor.py:641} INFO - Processing file /home/kai/Documents/PROJETOS/twitter_extractor_airflow/venv/lib/python3.8/site-packages/airflow/example_dags/example_branch_day_of_week_operator.py for tasks to queue
[2024-08-28 13:47:49,999] {logging_mixin.py:115} INFO - [2024-08-28 13:47:49,999] {dagbag.py:507} INFO - Filling up the DagBag from /home/kai/Documents/PROJETOS/twitter_extractor_airflow/venv/lib/python3.8/site-packages/airflow/example_dags/example_branch_day_of_week_operator.py
[2024-08-28 13:47:50,006] {processor.py:651} INFO - DAG(s) dict_keys(['example_weekday_branch_operator']) retrieved from /home/kai/Documents/PROJETOS/twitter_extractor_airflow/venv/lib/python3.8/site-packages/airflow/example_dags/example_branch_day_of_week_operator.py
[2024-08-28 13:47:50,020] {logging_mixin.py:115} INFO - [2024-08-28 13:47:50,020] {dag.py:2379} INFO - Sync 1 DAGs
[2024-08-28 13:47:50,036] {logging_mixin.py:115} INFO - [2024-08-28 13:47:50,036] {dag.py:2927} INFO - Setting next_dagrun for example_weekday_branch_operator to 2024-08-27T00:00:00+00:00, run_after=2024-08-28T00:00:00+00:00
[2024-08-28 13:47:50,046] {processor.py:161} INFO - Processing /home/kai/Documents/PROJETOS/twitter_extractor_airflow/venv/lib/python3.8/site-packages/airflow/example_dags/example_branch_day_of_week_operator.py took 0.050 seconds
[2024-08-28 13:48:26,259] {processor.py:153} INFO - Started process (PID=30284) to work on /home/kai/Documents/PROJETOS/twitter_extractor_airflow/venv/lib/python3.8/site-packages/airflow/example_dags/example_branch_day_of_week_operator.py
[2024-08-28 13:48:26,259] {processor.py:641} INFO - Processing file /home/kai/Documents/PROJETOS/twitter_extractor_airflow/venv/lib/python3.8/site-packages/airflow/example_dags/example_branch_day_of_week_operator.py for tasks to queue
[2024-08-28 13:48:26,260] {logging_mixin.py:115} INFO - [2024-08-28 13:48:26,260] {dagbag.py:507} INFO - Filling up the DagBag from /home/kai/Documents/PROJETOS/twitter_extractor_airflow/venv/lib/python3.8/site-packages/airflow/example_dags/example_branch_day_of_week_operator.py
[2024-08-28 13:48:26,267] {processor.py:651} INFO - DAG(s) dict_keys(['example_weekday_branch_operator']) retrieved from /home/kai/Documents/PROJETOS/twitter_extractor_airflow/venv/lib/python3.8/site-packages/airflow/example_dags/example_branch_day_of_week_operator.py
[2024-08-28 13:48:26,281] {logging_mixin.py:115} INFO - [2024-08-28 13:48:26,281] {dag.py:2379} INFO - Sync 1 DAGs
[2024-08-28 13:48:26,298] {logging_mixin.py:115} INFO - [2024-08-28 13:48:26,298] {dag.py:2927} INFO - Setting next_dagrun for example_weekday_branch_operator to 2024-08-27T00:00:00+00:00, run_after=2024-08-28T00:00:00+00:00
[2024-08-28 13:48:26,315] {processor.py:161} INFO - Processing /home/kai/Documents/PROJETOS/twitter_extractor_airflow/venv/lib/python3.8/site-packages/airflow/example_dags/example_branch_day_of_week_operator.py took 0.059 seconds
[2024-08-28 13:49:02,961] {processor.py:153} INFO - Started process (PID=30518) to work on /home/kai/Documents/PROJETOS/twitter_extractor_airflow/venv/lib/python3.8/site-packages/airflow/example_dags/example_branch_day_of_week_operator.py
[2024-08-28 13:49:02,961] {processor.py:641} INFO - Processing file /home/kai/Documents/PROJETOS/twitter_extractor_airflow/venv/lib/python3.8/site-packages/airflow/example_dags/example_branch_day_of_week_operator.py for tasks to queue
[2024-08-28 13:49:02,962] {logging_mixin.py:115} INFO - [2024-08-28 13:49:02,962] {dagbag.py:507} INFO - Filling up the DagBag from /home/kai/Documents/PROJETOS/twitter_extractor_airflow/venv/lib/python3.8/site-packages/airflow/example_dags/example_branch_day_of_week_operator.py
[2024-08-28 13:49:02,968] {processor.py:651} INFO - DAG(s) dict_keys(['example_weekday_branch_operator']) retrieved from /home/kai/Documents/PROJETOS/twitter_extractor_airflow/venv/lib/python3.8/site-packages/airflow/example_dags/example_branch_day_of_week_operator.py
[2024-08-28 13:49:02,981] {logging_mixin.py:115} INFO - [2024-08-28 13:49:02,981] {dag.py:2379} INFO - Sync 1 DAGs
[2024-08-28 13:49:02,999] {logging_mixin.py:115} INFO - [2024-08-28 13:49:02,999] {dag.py:2927} INFO - Setting next_dagrun for example_weekday_branch_operator to 2024-08-27T00:00:00+00:00, run_after=2024-08-28T00:00:00+00:00
[2024-08-28 13:49:03,007] {processor.py:161} INFO - Processing /home/kai/Documents/PROJETOS/twitter_extractor_airflow/venv/lib/python3.8/site-packages/airflow/example_dags/example_branch_day_of_week_operator.py took 0.048 seconds
[2024-08-28 13:49:37,051] {processor.py:153} INFO - Started process (PID=30715) to work on /home/kai/Documents/PROJETOS/twitter_extractor_airflow/venv/lib/python3.8/site-packages/airflow/example_dags/example_branch_day_of_week_operator.py
[2024-08-28 13:49:37,052] {processor.py:641} INFO - Processing file /home/kai/Documents/PROJETOS/twitter_extractor_airflow/venv/lib/python3.8/site-packages/airflow/example_dags/example_branch_day_of_week_operator.py for tasks to queue
[2024-08-28 13:49:37,052] {logging_mixin.py:115} INFO - [2024-08-28 13:49:37,052] {dagbag.py:507} INFO - Filling up the DagBag from /home/kai/Documents/PROJETOS/twitter_extractor_airflow/venv/lib/python3.8/site-packages/airflow/example_dags/example_branch_day_of_week_operator.py
[2024-08-28 13:49:37,060] {processor.py:651} INFO - DAG(s) dict_keys(['example_weekday_branch_operator']) retrieved from /home/kai/Documents/PROJETOS/twitter_extractor_airflow/venv/lib/python3.8/site-packages/airflow/example_dags/example_branch_day_of_week_operator.py
[2024-08-28 13:49:37,073] {logging_mixin.py:115} INFO - [2024-08-28 13:49:37,073] {dag.py:2379} INFO - Sync 1 DAGs
[2024-08-28 13:49:37,093] {logging_mixin.py:115} INFO - [2024-08-28 13:49:37,093] {dag.py:2927} INFO - Setting next_dagrun for example_weekday_branch_operator to 2024-08-27T00:00:00+00:00, run_after=2024-08-28T00:00:00+00:00
[2024-08-28 13:49:37,106] {processor.py:161} INFO - Processing /home/kai/Documents/PROJETOS/twitter_extractor_airflow/venv/lib/python3.8/site-packages/airflow/example_dags/example_branch_day_of_week_operator.py took 0.057 seconds
[2024-08-28 13:50:09,628] {processor.py:153} INFO - Started process (PID=30961) to work on /home/kai/Documents/PROJETOS/twitter_extractor_airflow/venv/lib/python3.8/site-packages/airflow/example_dags/example_branch_day_of_week_operator.py
[2024-08-28 13:50:09,629] {processor.py:641} INFO - Processing file /home/kai/Documents/PROJETOS/twitter_extractor_airflow/venv/lib/python3.8/site-packages/airflow/example_dags/example_branch_day_of_week_operator.py for tasks to queue
[2024-08-28 13:50:09,629] {logging_mixin.py:115} INFO - [2024-08-28 13:50:09,629] {dagbag.py:507} INFO - Filling up the DagBag from /home/kai/Documents/PROJETOS/twitter_extractor_airflow/venv/lib/python3.8/site-packages/airflow/example_dags/example_branch_day_of_week_operator.py
[2024-08-28 13:50:09,640] {processor.py:651} INFO - DAG(s) dict_keys(['example_weekday_branch_operator']) retrieved from /home/kai/Documents/PROJETOS/twitter_extractor_airflow/venv/lib/python3.8/site-packages/airflow/example_dags/example_branch_day_of_week_operator.py
[2024-08-28 13:50:09,656] {logging_mixin.py:115} INFO - [2024-08-28 13:50:09,656] {dag.py:2379} INFO - Sync 1 DAGs
[2024-08-28 13:50:09,676] {logging_mixin.py:115} INFO - [2024-08-28 13:50:09,676] {dag.py:2927} INFO - Setting next_dagrun for example_weekday_branch_operator to 2024-08-27T00:00:00+00:00, run_after=2024-08-28T00:00:00+00:00
[2024-08-28 13:50:09,687] {processor.py:161} INFO - Processing /home/kai/Documents/PROJETOS/twitter_extractor_airflow/venv/lib/python3.8/site-packages/airflow/example_dags/example_branch_day_of_week_operator.py took 0.062 seconds
[2024-08-28 13:50:43,315] {processor.py:153} INFO - Started process (PID=31184) to work on /home/kai/Documents/PROJETOS/twitter_extractor_airflow/venv/lib/python3.8/site-packages/airflow/example_dags/example_branch_day_of_week_operator.py
[2024-08-28 13:50:43,316] {processor.py:641} INFO - Processing file /home/kai/Documents/PROJETOS/twitter_extractor_airflow/venv/lib/python3.8/site-packages/airflow/example_dags/example_branch_day_of_week_operator.py for tasks to queue
[2024-08-28 13:50:43,316] {logging_mixin.py:115} INFO - [2024-08-28 13:50:43,316] {dagbag.py:507} INFO - Filling up the DagBag from /home/kai/Documents/PROJETOS/twitter_extractor_airflow/venv/lib/python3.8/site-packages/airflow/example_dags/example_branch_day_of_week_operator.py
[2024-08-28 13:50:43,323] {processor.py:651} INFO - DAG(s) dict_keys(['example_weekday_branch_operator']) retrieved from /home/kai/Documents/PROJETOS/twitter_extractor_airflow/venv/lib/python3.8/site-packages/airflow/example_dags/example_branch_day_of_week_operator.py
[2024-08-28 13:50:43,348] {logging_mixin.py:115} INFO - [2024-08-28 13:50:43,348] {dag.py:2379} INFO - Sync 1 DAGs
[2024-08-28 13:50:43,368] {logging_mixin.py:115} INFO - [2024-08-28 13:50:43,368] {dag.py:2927} INFO - Setting next_dagrun for example_weekday_branch_operator to 2024-08-27T00:00:00+00:00, run_after=2024-08-28T00:00:00+00:00
[2024-08-28 13:50:43,377] {processor.py:161} INFO - Processing /home/kai/Documents/PROJETOS/twitter_extractor_airflow/venv/lib/python3.8/site-packages/airflow/example_dags/example_branch_day_of_week_operator.py took 0.065 seconds
[2024-08-28 13:51:17,165] {processor.py:153} INFO - Started process (PID=31375) to work on /home/kai/Documents/PROJETOS/twitter_extractor_airflow/venv/lib/python3.8/site-packages/airflow/example_dags/example_branch_day_of_week_operator.py
[2024-08-28 13:51:17,165] {processor.py:641} INFO - Processing file /home/kai/Documents/PROJETOS/twitter_extractor_airflow/venv/lib/python3.8/site-packages/airflow/example_dags/example_branch_day_of_week_operator.py for tasks to queue
[2024-08-28 13:51:17,166] {logging_mixin.py:115} INFO - [2024-08-28 13:51:17,166] {dagbag.py:507} INFO - Filling up the DagBag from /home/kai/Documents/PROJETOS/twitter_extractor_airflow/venv/lib/python3.8/site-packages/airflow/example_dags/example_branch_day_of_week_operator.py
[2024-08-28 13:51:17,174] {processor.py:651} INFO - DAG(s) dict_keys(['example_weekday_branch_operator']) retrieved from /home/kai/Documents/PROJETOS/twitter_extractor_airflow/venv/lib/python3.8/site-packages/airflow/example_dags/example_branch_day_of_week_operator.py
[2024-08-28 13:51:17,194] {logging_mixin.py:115} INFO - [2024-08-28 13:51:17,194] {dag.py:2379} INFO - Sync 1 DAGs
[2024-08-28 13:51:17,226] {logging_mixin.py:115} INFO - [2024-08-28 13:51:17,226] {dag.py:2927} INFO - Setting next_dagrun for example_weekday_branch_operator to 2024-08-27T00:00:00+00:00, run_after=2024-08-28T00:00:00+00:00
[2024-08-28 13:51:17,241] {processor.py:161} INFO - Processing /home/kai/Documents/PROJETOS/twitter_extractor_airflow/venv/lib/python3.8/site-packages/airflow/example_dags/example_branch_day_of_week_operator.py took 0.079 seconds
[2024-08-28 13:51:50,984] {processor.py:153} INFO - Started process (PID=31668) to work on /home/kai/Documents/PROJETOS/twitter_extractor_airflow/venv/lib/python3.8/site-packages/airflow/example_dags/example_branch_day_of_week_operator.py
[2024-08-28 13:51:50,985] {processor.py:641} INFO - Processing file /home/kai/Documents/PROJETOS/twitter_extractor_airflow/venv/lib/python3.8/site-packages/airflow/example_dags/example_branch_day_of_week_operator.py for tasks to queue
[2024-08-28 13:51:50,985] {logging_mixin.py:115} INFO - [2024-08-28 13:51:50,985] {dagbag.py:507} INFO - Filling up the DagBag from /home/kai/Documents/PROJETOS/twitter_extractor_airflow/venv/lib/python3.8/site-packages/airflow/example_dags/example_branch_day_of_week_operator.py
[2024-08-28 13:51:50,991] {processor.py:651} INFO - DAG(s) dict_keys(['example_weekday_branch_operator']) retrieved from /home/kai/Documents/PROJETOS/twitter_extractor_airflow/venv/lib/python3.8/site-packages/airflow/example_dags/example_branch_day_of_week_operator.py
[2024-08-28 13:51:51,007] {logging_mixin.py:115} INFO - [2024-08-28 13:51:51,007] {dag.py:2379} INFO - Sync 1 DAGs
[2024-08-28 13:51:51,054] {logging_mixin.py:115} INFO - [2024-08-28 13:51:51,054] {dag.py:2927} INFO - Setting next_dagrun for example_weekday_branch_operator to 2024-08-27T00:00:00+00:00, run_after=2024-08-28T00:00:00+00:00
[2024-08-28 13:51:51,075] {processor.py:161} INFO - Processing /home/kai/Documents/PROJETOS/twitter_extractor_airflow/venv/lib/python3.8/site-packages/airflow/example_dags/example_branch_day_of_week_operator.py took 0.093 seconds
[2024-08-28 13:52:24,584] {processor.py:153} INFO - Started process (PID=32182) to work on /home/kai/Documents/PROJETOS/twitter_extractor_airflow/venv/lib/python3.8/site-packages/airflow/example_dags/example_branch_day_of_week_operator.py
[2024-08-28 13:52:24,585] {processor.py:641} INFO - Processing file /home/kai/Documents/PROJETOS/twitter_extractor_airflow/venv/lib/python3.8/site-packages/airflow/example_dags/example_branch_day_of_week_operator.py for tasks to queue
[2024-08-28 13:52:24,585] {logging_mixin.py:115} INFO - [2024-08-28 13:52:24,585] {dagbag.py:507} INFO - Filling up the DagBag from /home/kai/Documents/PROJETOS/twitter_extractor_airflow/venv/lib/python3.8/site-packages/airflow/example_dags/example_branch_day_of_week_operator.py
[2024-08-28 13:52:24,597] {processor.py:651} INFO - DAG(s) dict_keys(['example_weekday_branch_operator']) retrieved from /home/kai/Documents/PROJETOS/twitter_extractor_airflow/venv/lib/python3.8/site-packages/airflow/example_dags/example_branch_day_of_week_operator.py
[2024-08-28 13:52:24,614] {logging_mixin.py:115} INFO - [2024-08-28 13:52:24,614] {dag.py:2379} INFO - Sync 1 DAGs
[2024-08-28 13:52:24,630] {logging_mixin.py:115} INFO - [2024-08-28 13:52:24,630] {dag.py:2927} INFO - Setting next_dagrun for example_weekday_branch_operator to 2024-08-27T00:00:00+00:00, run_after=2024-08-28T00:00:00+00:00
[2024-08-28 13:52:24,638] {processor.py:161} INFO - Processing /home/kai/Documents/PROJETOS/twitter_extractor_airflow/venv/lib/python3.8/site-packages/airflow/example_dags/example_branch_day_of_week_operator.py took 0.056 seconds
[2024-08-28 13:53:00,714] {processor.py:153} INFO - Started process (PID=32700) to work on /home/kai/Documents/PROJETOS/twitter_extractor_airflow/venv/lib/python3.8/site-packages/airflow/example_dags/example_branch_day_of_week_operator.py
[2024-08-28 13:53:00,714] {processor.py:641} INFO - Processing file /home/kai/Documents/PROJETOS/twitter_extractor_airflow/venv/lib/python3.8/site-packages/airflow/example_dags/example_branch_day_of_week_operator.py for tasks to queue
[2024-08-28 13:53:00,715] {logging_mixin.py:115} INFO - [2024-08-28 13:53:00,715] {dagbag.py:507} INFO - Filling up the DagBag from /home/kai/Documents/PROJETOS/twitter_extractor_airflow/venv/lib/python3.8/site-packages/airflow/example_dags/example_branch_day_of_week_operator.py
[2024-08-28 13:53:00,724] {processor.py:651} INFO - DAG(s) dict_keys(['example_weekday_branch_operator']) retrieved from /home/kai/Documents/PROJETOS/twitter_extractor_airflow/venv/lib/python3.8/site-packages/airflow/example_dags/example_branch_day_of_week_operator.py
[2024-08-28 13:53:00,746] {logging_mixin.py:115} INFO - [2024-08-28 13:53:00,746] {dag.py:2379} INFO - Sync 1 DAGs
[2024-08-28 13:53:00,777] {logging_mixin.py:115} INFO - [2024-08-28 13:53:00,777] {dag.py:2927} INFO - Setting next_dagrun for example_weekday_branch_operator to 2024-08-27T00:00:00+00:00, run_after=2024-08-28T00:00:00+00:00
[2024-08-28 13:53:00,793] {processor.py:161} INFO - Processing /home/kai/Documents/PROJETOS/twitter_extractor_airflow/venv/lib/python3.8/site-packages/airflow/example_dags/example_branch_day_of_week_operator.py took 0.081 seconds
[2024-08-28 13:53:35,561] {processor.py:153} INFO - Started process (PID=32982) to work on /home/kai/Documents/PROJETOS/twitter_extractor_airflow/venv/lib/python3.8/site-packages/airflow/example_dags/example_branch_day_of_week_operator.py
[2024-08-28 13:53:35,562] {processor.py:641} INFO - Processing file /home/kai/Documents/PROJETOS/twitter_extractor_airflow/venv/lib/python3.8/site-packages/airflow/example_dags/example_branch_day_of_week_operator.py for tasks to queue
[2024-08-28 13:53:35,562] {logging_mixin.py:115} INFO - [2024-08-28 13:53:35,562] {dagbag.py:507} INFO - Filling up the DagBag from /home/kai/Documents/PROJETOS/twitter_extractor_airflow/venv/lib/python3.8/site-packages/airflow/example_dags/example_branch_day_of_week_operator.py
[2024-08-28 13:53:35,571] {processor.py:651} INFO - DAG(s) dict_keys(['example_weekday_branch_operator']) retrieved from /home/kai/Documents/PROJETOS/twitter_extractor_airflow/venv/lib/python3.8/site-packages/airflow/example_dags/example_branch_day_of_week_operator.py
[2024-08-28 13:53:35,583] {logging_mixin.py:115} INFO - [2024-08-28 13:53:35,583] {dag.py:2379} INFO - Sync 1 DAGs
[2024-08-28 13:53:35,603] {logging_mixin.py:115} INFO - [2024-08-28 13:53:35,602] {dag.py:2927} INFO - Setting next_dagrun for example_weekday_branch_operator to 2024-08-27T00:00:00+00:00, run_after=2024-08-28T00:00:00+00:00
[2024-08-28 13:53:35,611] {processor.py:161} INFO - Processing /home/kai/Documents/PROJETOS/twitter_extractor_airflow/venv/lib/python3.8/site-packages/airflow/example_dags/example_branch_day_of_week_operator.py took 0.052 seconds
[2024-08-28 13:54:12,043] {processor.py:153} INFO - Started process (PID=33193) to work on /home/kai/Documents/PROJETOS/twitter_extractor_airflow/venv/lib/python3.8/site-packages/airflow/example_dags/example_branch_day_of_week_operator.py
[2024-08-28 13:54:12,045] {processor.py:641} INFO - Processing file /home/kai/Documents/PROJETOS/twitter_extractor_airflow/venv/lib/python3.8/site-packages/airflow/example_dags/example_branch_day_of_week_operator.py for tasks to queue
[2024-08-28 13:54:12,045] {logging_mixin.py:115} INFO - [2024-08-28 13:54:12,045] {dagbag.py:507} INFO - Filling up the DagBag from /home/kai/Documents/PROJETOS/twitter_extractor_airflow/venv/lib/python3.8/site-packages/airflow/example_dags/example_branch_day_of_week_operator.py
[2024-08-28 13:54:12,054] {processor.py:651} INFO - DAG(s) dict_keys(['example_weekday_branch_operator']) retrieved from /home/kai/Documents/PROJETOS/twitter_extractor_airflow/venv/lib/python3.8/site-packages/airflow/example_dags/example_branch_day_of_week_operator.py
[2024-08-28 13:54:12,071] {logging_mixin.py:115} INFO - [2024-08-28 13:54:12,071] {dag.py:2379} INFO - Sync 1 DAGs
[2024-08-28 13:54:12,094] {logging_mixin.py:115} INFO - [2024-08-28 13:54:12,093] {dag.py:2927} INFO - Setting next_dagrun for example_weekday_branch_operator to 2024-08-27T00:00:00+00:00, run_after=2024-08-28T00:00:00+00:00
[2024-08-28 13:54:12,106] {processor.py:161} INFO - Processing /home/kai/Documents/PROJETOS/twitter_extractor_airflow/venv/lib/python3.8/site-packages/airflow/example_dags/example_branch_day_of_week_operator.py took 0.066 seconds
[2024-08-28 13:54:46,204] {processor.py:153} INFO - Started process (PID=33611) to work on /home/kai/Documents/PROJETOS/twitter_extractor_airflow/venv/lib/python3.8/site-packages/airflow/example_dags/example_branch_day_of_week_operator.py
[2024-08-28 13:54:46,205] {processor.py:641} INFO - Processing file /home/kai/Documents/PROJETOS/twitter_extractor_airflow/venv/lib/python3.8/site-packages/airflow/example_dags/example_branch_day_of_week_operator.py for tasks to queue
[2024-08-28 13:54:46,206] {logging_mixin.py:115} INFO - [2024-08-28 13:54:46,206] {dagbag.py:507} INFO - Filling up the DagBag from /home/kai/Documents/PROJETOS/twitter_extractor_airflow/venv/lib/python3.8/site-packages/airflow/example_dags/example_branch_day_of_week_operator.py
[2024-08-28 13:54:46,214] {processor.py:651} INFO - DAG(s) dict_keys(['example_weekday_branch_operator']) retrieved from /home/kai/Documents/PROJETOS/twitter_extractor_airflow/venv/lib/python3.8/site-packages/airflow/example_dags/example_branch_day_of_week_operator.py
[2024-08-28 13:54:46,234] {logging_mixin.py:115} INFO - [2024-08-28 13:54:46,234] {dag.py:2379} INFO - Sync 1 DAGs
[2024-08-28 13:54:46,255] {logging_mixin.py:115} INFO - [2024-08-28 13:54:46,255] {dag.py:2927} INFO - Setting next_dagrun for example_weekday_branch_operator to 2024-08-27T00:00:00+00:00, run_after=2024-08-28T00:00:00+00:00
[2024-08-28 13:54:46,272] {processor.py:161} INFO - Processing /home/kai/Documents/PROJETOS/twitter_extractor_airflow/venv/lib/python3.8/site-packages/airflow/example_dags/example_branch_day_of_week_operator.py took 0.070 seconds
[2024-08-28 13:55:20,037] {processor.py:153} INFO - Started process (PID=33872) to work on /home/kai/Documents/PROJETOS/twitter_extractor_airflow/venv/lib/python3.8/site-packages/airflow/example_dags/example_branch_day_of_week_operator.py
[2024-08-28 13:55:20,040] {processor.py:641} INFO - Processing file /home/kai/Documents/PROJETOS/twitter_extractor_airflow/venv/lib/python3.8/site-packages/airflow/example_dags/example_branch_day_of_week_operator.py for tasks to queue
[2024-08-28 13:55:20,040] {logging_mixin.py:115} INFO - [2024-08-28 13:55:20,040] {dagbag.py:507} INFO - Filling up the DagBag from /home/kai/Documents/PROJETOS/twitter_extractor_airflow/venv/lib/python3.8/site-packages/airflow/example_dags/example_branch_day_of_week_operator.py
[2024-08-28 13:55:20,052] {processor.py:651} INFO - DAG(s) dict_keys(['example_weekday_branch_operator']) retrieved from /home/kai/Documents/PROJETOS/twitter_extractor_airflow/venv/lib/python3.8/site-packages/airflow/example_dags/example_branch_day_of_week_operator.py
[2024-08-28 13:55:20,077] {logging_mixin.py:115} INFO - [2024-08-28 13:55:20,077] {dag.py:2379} INFO - Sync 1 DAGs
[2024-08-28 13:55:20,104] {logging_mixin.py:115} INFO - [2024-08-28 13:55:20,104] {dag.py:2927} INFO - Setting next_dagrun for example_weekday_branch_operator to 2024-08-27T00:00:00+00:00, run_after=2024-08-28T00:00:00+00:00
[2024-08-28 13:55:20,118] {processor.py:161} INFO - Processing /home/kai/Documents/PROJETOS/twitter_extractor_airflow/venv/lib/python3.8/site-packages/airflow/example_dags/example_branch_day_of_week_operator.py took 0.085 seconds
[2024-08-28 13:55:53,220] {processor.py:153} INFO - Started process (PID=34072) to work on /home/kai/Documents/PROJETOS/twitter_extractor_airflow/venv/lib/python3.8/site-packages/airflow/example_dags/example_branch_day_of_week_operator.py
[2024-08-28 13:55:53,220] {processor.py:641} INFO - Processing file /home/kai/Documents/PROJETOS/twitter_extractor_airflow/venv/lib/python3.8/site-packages/airflow/example_dags/example_branch_day_of_week_operator.py for tasks to queue
[2024-08-28 13:55:53,221] {logging_mixin.py:115} INFO - [2024-08-28 13:55:53,221] {dagbag.py:507} INFO - Filling up the DagBag from /home/kai/Documents/PROJETOS/twitter_extractor_airflow/venv/lib/python3.8/site-packages/airflow/example_dags/example_branch_day_of_week_operator.py
[2024-08-28 13:55:53,232] {processor.py:651} INFO - DAG(s) dict_keys(['example_weekday_branch_operator']) retrieved from /home/kai/Documents/PROJETOS/twitter_extractor_airflow/venv/lib/python3.8/site-packages/airflow/example_dags/example_branch_day_of_week_operator.py
[2024-08-28 13:55:53,250] {logging_mixin.py:115} INFO - [2024-08-28 13:55:53,250] {dag.py:2379} INFO - Sync 1 DAGs
[2024-08-28 13:55:53,278] {logging_mixin.py:115} INFO - [2024-08-28 13:55:53,278] {dag.py:2927} INFO - Setting next_dagrun for example_weekday_branch_operator to 2024-08-27T00:00:00+00:00, run_after=2024-08-28T00:00:00+00:00
[2024-08-28 13:55:53,287] {processor.py:161} INFO - Processing /home/kai/Documents/PROJETOS/twitter_extractor_airflow/venv/lib/python3.8/site-packages/airflow/example_dags/example_branch_day_of_week_operator.py took 0.070 seconds
[2024-08-28 13:56:26,901] {processor.py:153} INFO - Started process (PID=34273) to work on /home/kai/Documents/PROJETOS/twitter_extractor_airflow/venv/lib/python3.8/site-packages/airflow/example_dags/example_branch_day_of_week_operator.py
[2024-08-28 13:56:26,902] {processor.py:641} INFO - Processing file /home/kai/Documents/PROJETOS/twitter_extractor_airflow/venv/lib/python3.8/site-packages/airflow/example_dags/example_branch_day_of_week_operator.py for tasks to queue
[2024-08-28 13:56:26,902] {logging_mixin.py:115} INFO - [2024-08-28 13:56:26,902] {dagbag.py:507} INFO - Filling up the DagBag from /home/kai/Documents/PROJETOS/twitter_extractor_airflow/venv/lib/python3.8/site-packages/airflow/example_dags/example_branch_day_of_week_operator.py
[2024-08-28 13:56:26,912] {processor.py:651} INFO - DAG(s) dict_keys(['example_weekday_branch_operator']) retrieved from /home/kai/Documents/PROJETOS/twitter_extractor_airflow/venv/lib/python3.8/site-packages/airflow/example_dags/example_branch_day_of_week_operator.py
[2024-08-28 13:56:26,929] {logging_mixin.py:115} INFO - [2024-08-28 13:56:26,928] {dag.py:2379} INFO - Sync 1 DAGs
[2024-08-28 13:56:26,949] {logging_mixin.py:115} INFO - [2024-08-28 13:56:26,949] {dag.py:2927} INFO - Setting next_dagrun for example_weekday_branch_operator to 2024-08-27T00:00:00+00:00, run_after=2024-08-28T00:00:00+00:00
[2024-08-28 13:56:26,961] {processor.py:161} INFO - Processing /home/kai/Documents/PROJETOS/twitter_extractor_airflow/venv/lib/python3.8/site-packages/airflow/example_dags/example_branch_day_of_week_operator.py took 0.064 seconds
[2024-08-28 13:56:58,033] {processor.py:153} INFO - Started process (PID=34652) to work on /home/kai/Documents/PROJETOS/twitter_extractor_airflow/venv/lib/python3.8/site-packages/airflow/example_dags/example_branch_day_of_week_operator.py
[2024-08-28 13:56:58,033] {processor.py:641} INFO - Processing file /home/kai/Documents/PROJETOS/twitter_extractor_airflow/venv/lib/python3.8/site-packages/airflow/example_dags/example_branch_day_of_week_operator.py for tasks to queue
[2024-08-28 13:56:58,034] {logging_mixin.py:115} INFO - [2024-08-28 13:56:58,034] {dagbag.py:507} INFO - Filling up the DagBag from /home/kai/Documents/PROJETOS/twitter_extractor_airflow/venv/lib/python3.8/site-packages/airflow/example_dags/example_branch_day_of_week_operator.py
[2024-08-28 13:56:58,041] {processor.py:651} INFO - DAG(s) dict_keys(['example_weekday_branch_operator']) retrieved from /home/kai/Documents/PROJETOS/twitter_extractor_airflow/venv/lib/python3.8/site-packages/airflow/example_dags/example_branch_day_of_week_operator.py
[2024-08-28 13:56:58,058] {logging_mixin.py:115} INFO - [2024-08-28 13:56:58,058] {dag.py:2379} INFO - Sync 1 DAGs
[2024-08-28 13:56:58,080] {logging_mixin.py:115} INFO - [2024-08-28 13:56:58,080] {dag.py:2927} INFO - Setting next_dagrun for example_weekday_branch_operator to 2024-08-27T00:00:00+00:00, run_after=2024-08-28T00:00:00+00:00
[2024-08-28 13:56:58,092] {processor.py:161} INFO - Processing /home/kai/Documents/PROJETOS/twitter_extractor_airflow/venv/lib/python3.8/site-packages/airflow/example_dags/example_branch_day_of_week_operator.py took 0.061 seconds
[2024-08-28 13:57:30,968] {processor.py:153} INFO - Started process (PID=35046) to work on /home/kai/Documents/PROJETOS/twitter_extractor_airflow/venv/lib/python3.8/site-packages/airflow/example_dags/example_branch_day_of_week_operator.py
[2024-08-28 13:57:30,968] {processor.py:641} INFO - Processing file /home/kai/Documents/PROJETOS/twitter_extractor_airflow/venv/lib/python3.8/site-packages/airflow/example_dags/example_branch_day_of_week_operator.py for tasks to queue
[2024-08-28 13:57:30,969] {logging_mixin.py:115} INFO - [2024-08-28 13:57:30,969] {dagbag.py:507} INFO - Filling up the DagBag from /home/kai/Documents/PROJETOS/twitter_extractor_airflow/venv/lib/python3.8/site-packages/airflow/example_dags/example_branch_day_of_week_operator.py
[2024-08-28 13:57:30,975] {processor.py:651} INFO - DAG(s) dict_keys(['example_weekday_branch_operator']) retrieved from /home/kai/Documents/PROJETOS/twitter_extractor_airflow/venv/lib/python3.8/site-packages/airflow/example_dags/example_branch_day_of_week_operator.py
[2024-08-28 13:57:30,988] {logging_mixin.py:115} INFO - [2024-08-28 13:57:30,988] {dag.py:2379} INFO - Sync 1 DAGs
[2024-08-28 13:57:31,004] {logging_mixin.py:115} INFO - [2024-08-28 13:57:31,003] {dag.py:2927} INFO - Setting next_dagrun for example_weekday_branch_operator to 2024-08-27T00:00:00+00:00, run_after=2024-08-28T00:00:00+00:00
[2024-08-28 13:57:31,013] {processor.py:161} INFO - Processing /home/kai/Documents/PROJETOS/twitter_extractor_airflow/venv/lib/python3.8/site-packages/airflow/example_dags/example_branch_day_of_week_operator.py took 0.047 seconds
[2024-08-28 13:58:05,853] {processor.py:153} INFO - Started process (PID=35309) to work on /home/kai/Documents/PROJETOS/twitter_extractor_airflow/venv/lib/python3.8/site-packages/airflow/example_dags/example_branch_day_of_week_operator.py
[2024-08-28 13:58:05,853] {processor.py:641} INFO - Processing file /home/kai/Documents/PROJETOS/twitter_extractor_airflow/venv/lib/python3.8/site-packages/airflow/example_dags/example_branch_day_of_week_operator.py for tasks to queue
[2024-08-28 13:58:05,854] {logging_mixin.py:115} INFO - [2024-08-28 13:58:05,854] {dagbag.py:507} INFO - Filling up the DagBag from /home/kai/Documents/PROJETOS/twitter_extractor_airflow/venv/lib/python3.8/site-packages/airflow/example_dags/example_branch_day_of_week_operator.py
[2024-08-28 13:58:05,860] {processor.py:651} INFO - DAG(s) dict_keys(['example_weekday_branch_operator']) retrieved from /home/kai/Documents/PROJETOS/twitter_extractor_airflow/venv/lib/python3.8/site-packages/airflow/example_dags/example_branch_day_of_week_operator.py
[2024-08-28 13:58:05,872] {logging_mixin.py:115} INFO - [2024-08-28 13:58:05,872] {dag.py:2379} INFO - Sync 1 DAGs
[2024-08-28 13:58:05,887] {logging_mixin.py:115} INFO - [2024-08-28 13:58:05,887] {dag.py:2927} INFO - Setting next_dagrun for example_weekday_branch_operator to 2024-08-27T00:00:00+00:00, run_after=2024-08-28T00:00:00+00:00
[2024-08-28 13:58:05,897] {processor.py:161} INFO - Processing /home/kai/Documents/PROJETOS/twitter_extractor_airflow/venv/lib/python3.8/site-packages/airflow/example_dags/example_branch_day_of_week_operator.py took 0.046 seconds
[2024-08-28 13:58:41,265] {processor.py:153} INFO - Started process (PID=35625) to work on /home/kai/Documents/PROJETOS/twitter_extractor_airflow/venv/lib/python3.8/site-packages/airflow/example_dags/example_branch_day_of_week_operator.py
[2024-08-28 13:58:41,267] {processor.py:641} INFO - Processing file /home/kai/Documents/PROJETOS/twitter_extractor_airflow/venv/lib/python3.8/site-packages/airflow/example_dags/example_branch_day_of_week_operator.py for tasks to queue
[2024-08-28 13:58:41,267] {logging_mixin.py:115} INFO - [2024-08-28 13:58:41,267] {dagbag.py:507} INFO - Filling up the DagBag from /home/kai/Documents/PROJETOS/twitter_extractor_airflow/venv/lib/python3.8/site-packages/airflow/example_dags/example_branch_day_of_week_operator.py
[2024-08-28 13:58:41,274] {processor.py:651} INFO - DAG(s) dict_keys(['example_weekday_branch_operator']) retrieved from /home/kai/Documents/PROJETOS/twitter_extractor_airflow/venv/lib/python3.8/site-packages/airflow/example_dags/example_branch_day_of_week_operator.py
[2024-08-28 13:58:41,291] {logging_mixin.py:115} INFO - [2024-08-28 13:58:41,291] {dag.py:2379} INFO - Sync 1 DAGs
[2024-08-28 13:58:41,312] {logging_mixin.py:115} INFO - [2024-08-28 13:58:41,312] {dag.py:2927} INFO - Setting next_dagrun for example_weekday_branch_operator to 2024-08-27T00:00:00+00:00, run_after=2024-08-28T00:00:00+00:00
[2024-08-28 13:58:41,325] {processor.py:161} INFO - Processing /home/kai/Documents/PROJETOS/twitter_extractor_airflow/venv/lib/python3.8/site-packages/airflow/example_dags/example_branch_day_of_week_operator.py took 0.062 seconds
[2024-08-28 13:59:16,309] {processor.py:153} INFO - Started process (PID=35979) to work on /home/kai/Documents/PROJETOS/twitter_extractor_airflow/venv/lib/python3.8/site-packages/airflow/example_dags/example_branch_day_of_week_operator.py
[2024-08-28 13:59:16,310] {processor.py:641} INFO - Processing file /home/kai/Documents/PROJETOS/twitter_extractor_airflow/venv/lib/python3.8/site-packages/airflow/example_dags/example_branch_day_of_week_operator.py for tasks to queue
[2024-08-28 13:59:16,310] {logging_mixin.py:115} INFO - [2024-08-28 13:59:16,310] {dagbag.py:507} INFO - Filling up the DagBag from /home/kai/Documents/PROJETOS/twitter_extractor_airflow/venv/lib/python3.8/site-packages/airflow/example_dags/example_branch_day_of_week_operator.py
[2024-08-28 13:59:16,318] {processor.py:651} INFO - DAG(s) dict_keys(['example_weekday_branch_operator']) retrieved from /home/kai/Documents/PROJETOS/twitter_extractor_airflow/venv/lib/python3.8/site-packages/airflow/example_dags/example_branch_day_of_week_operator.py
[2024-08-28 13:59:16,343] {logging_mixin.py:115} INFO - [2024-08-28 13:59:16,343] {dag.py:2379} INFO - Sync 1 DAGs
[2024-08-28 13:59:16,359] {logging_mixin.py:115} INFO - [2024-08-28 13:59:16,359] {dag.py:2927} INFO - Setting next_dagrun for example_weekday_branch_operator to 2024-08-27T00:00:00+00:00, run_after=2024-08-28T00:00:00+00:00
[2024-08-28 13:59:16,367] {processor.py:161} INFO - Processing /home/kai/Documents/PROJETOS/twitter_extractor_airflow/venv/lib/python3.8/site-packages/airflow/example_dags/example_branch_day_of_week_operator.py took 0.061 seconds
[2024-08-28 13:59:49,082] {processor.py:153} INFO - Started process (PID=36288) to work on /home/kai/Documents/PROJETOS/twitter_extractor_airflow/venv/lib/python3.8/site-packages/airflow/example_dags/example_branch_day_of_week_operator.py
[2024-08-28 13:59:49,083] {processor.py:641} INFO - Processing file /home/kai/Documents/PROJETOS/twitter_extractor_airflow/venv/lib/python3.8/site-packages/airflow/example_dags/example_branch_day_of_week_operator.py for tasks to queue
[2024-08-28 13:59:49,083] {logging_mixin.py:115} INFO - [2024-08-28 13:59:49,083] {dagbag.py:507} INFO - Filling up the DagBag from /home/kai/Documents/PROJETOS/twitter_extractor_airflow/venv/lib/python3.8/site-packages/airflow/example_dags/example_branch_day_of_week_operator.py
[2024-08-28 13:59:49,090] {processor.py:651} INFO - DAG(s) dict_keys(['example_weekday_branch_operator']) retrieved from /home/kai/Documents/PROJETOS/twitter_extractor_airflow/venv/lib/python3.8/site-packages/airflow/example_dags/example_branch_day_of_week_operator.py
[2024-08-28 13:59:49,105] {logging_mixin.py:115} INFO - [2024-08-28 13:59:49,105] {dag.py:2379} INFO - Sync 1 DAGs
[2024-08-28 13:59:49,125] {logging_mixin.py:115} INFO - [2024-08-28 13:59:49,125] {dag.py:2927} INFO - Setting next_dagrun for example_weekday_branch_operator to 2024-08-27T00:00:00+00:00, run_after=2024-08-28T00:00:00+00:00
[2024-08-28 13:59:49,134] {processor.py:161} INFO - Processing /home/kai/Documents/PROJETOS/twitter_extractor_airflow/venv/lib/python3.8/site-packages/airflow/example_dags/example_branch_day_of_week_operator.py took 0.054 seconds
[2024-08-28 14:00:20,789] {processor.py:153} INFO - Started process (PID=36523) to work on /home/kai/Documents/PROJETOS/twitter_extractor_airflow/venv/lib/python3.8/site-packages/airflow/example_dags/example_branch_day_of_week_operator.py
[2024-08-28 14:00:20,789] {processor.py:641} INFO - Processing file /home/kai/Documents/PROJETOS/twitter_extractor_airflow/venv/lib/python3.8/site-packages/airflow/example_dags/example_branch_day_of_week_operator.py for tasks to queue
[2024-08-28 14:00:20,790] {logging_mixin.py:115} INFO - [2024-08-28 14:00:20,790] {dagbag.py:507} INFO - Filling up the DagBag from /home/kai/Documents/PROJETOS/twitter_extractor_airflow/venv/lib/python3.8/site-packages/airflow/example_dags/example_branch_day_of_week_operator.py
[2024-08-28 14:00:20,796] {processor.py:651} INFO - DAG(s) dict_keys(['example_weekday_branch_operator']) retrieved from /home/kai/Documents/PROJETOS/twitter_extractor_airflow/venv/lib/python3.8/site-packages/airflow/example_dags/example_branch_day_of_week_operator.py
[2024-08-28 14:00:20,808] {logging_mixin.py:115} INFO - [2024-08-28 14:00:20,808] {dag.py:2379} INFO - Sync 1 DAGs
[2024-08-28 14:00:20,824] {logging_mixin.py:115} INFO - [2024-08-28 14:00:20,824] {dag.py:2927} INFO - Setting next_dagrun for example_weekday_branch_operator to 2024-08-27T00:00:00+00:00, run_after=2024-08-28T00:00:00+00:00
[2024-08-28 14:00:20,833] {processor.py:161} INFO - Processing /home/kai/Documents/PROJETOS/twitter_extractor_airflow/venv/lib/python3.8/site-packages/airflow/example_dags/example_branch_day_of_week_operator.py took 0.046 seconds
[2024-08-28 14:00:55,942] {processor.py:153} INFO - Started process (PID=36781) to work on /home/kai/Documents/PROJETOS/twitter_extractor_airflow/venv/lib/python3.8/site-packages/airflow/example_dags/example_branch_day_of_week_operator.py
[2024-08-28 14:00:55,944] {processor.py:641} INFO - Processing file /home/kai/Documents/PROJETOS/twitter_extractor_airflow/venv/lib/python3.8/site-packages/airflow/example_dags/example_branch_day_of_week_operator.py for tasks to queue
[2024-08-28 14:00:55,945] {logging_mixin.py:115} INFO - [2024-08-28 14:00:55,945] {dagbag.py:507} INFO - Filling up the DagBag from /home/kai/Documents/PROJETOS/twitter_extractor_airflow/venv/lib/python3.8/site-packages/airflow/example_dags/example_branch_day_of_week_operator.py
[2024-08-28 14:00:55,952] {processor.py:651} INFO - DAG(s) dict_keys(['example_weekday_branch_operator']) retrieved from /home/kai/Documents/PROJETOS/twitter_extractor_airflow/venv/lib/python3.8/site-packages/airflow/example_dags/example_branch_day_of_week_operator.py
[2024-08-28 14:00:55,964] {logging_mixin.py:115} INFO - [2024-08-28 14:00:55,964] {dag.py:2379} INFO - Sync 1 DAGs
[2024-08-28 14:00:55,981] {logging_mixin.py:115} INFO - [2024-08-28 14:00:55,981] {dag.py:2927} INFO - Setting next_dagrun for example_weekday_branch_operator to 2024-08-27T00:00:00+00:00, run_after=2024-08-28T00:00:00+00:00
[2024-08-28 14:00:55,990] {processor.py:161} INFO - Processing /home/kai/Documents/PROJETOS/twitter_extractor_airflow/venv/lib/python3.8/site-packages/airflow/example_dags/example_branch_day_of_week_operator.py took 0.050 seconds
[2024-08-28 14:01:29,935] {processor.py:153} INFO - Started process (PID=37260) to work on /home/kai/Documents/PROJETOS/twitter_extractor_airflow/venv/lib/python3.8/site-packages/airflow/example_dags/example_branch_day_of_week_operator.py
[2024-08-28 14:01:29,937] {processor.py:641} INFO - Processing file /home/kai/Documents/PROJETOS/twitter_extractor_airflow/venv/lib/python3.8/site-packages/airflow/example_dags/example_branch_day_of_week_operator.py for tasks to queue
[2024-08-28 14:01:29,939] {logging_mixin.py:115} INFO - [2024-08-28 14:01:29,938] {dagbag.py:507} INFO - Filling up the DagBag from /home/kai/Documents/PROJETOS/twitter_extractor_airflow/venv/lib/python3.8/site-packages/airflow/example_dags/example_branch_day_of_week_operator.py
[2024-08-28 14:01:29,950] {processor.py:651} INFO - DAG(s) dict_keys(['example_weekday_branch_operator']) retrieved from /home/kai/Documents/PROJETOS/twitter_extractor_airflow/venv/lib/python3.8/site-packages/airflow/example_dags/example_branch_day_of_week_operator.py
[2024-08-28 14:01:29,983] {logging_mixin.py:115} INFO - [2024-08-28 14:01:29,983] {dag.py:2379} INFO - Sync 1 DAGs
[2024-08-28 14:01:30,033] {logging_mixin.py:115} INFO - [2024-08-28 14:01:30,033] {dag.py:2927} INFO - Setting next_dagrun for example_weekday_branch_operator to 2024-08-27T00:00:00+00:00, run_after=2024-08-28T00:00:00+00:00
[2024-08-28 14:01:30,046] {processor.py:161} INFO - Processing /home/kai/Documents/PROJETOS/twitter_extractor_airflow/venv/lib/python3.8/site-packages/airflow/example_dags/example_branch_day_of_week_operator.py took 0.113 seconds
[2024-08-28 14:02:02,116] {processor.py:153} INFO - Started process (PID=37622) to work on /home/kai/Documents/PROJETOS/twitter_extractor_airflow/venv/lib/python3.8/site-packages/airflow/example_dags/example_branch_day_of_week_operator.py
[2024-08-28 14:02:02,117] {processor.py:641} INFO - Processing file /home/kai/Documents/PROJETOS/twitter_extractor_airflow/venv/lib/python3.8/site-packages/airflow/example_dags/example_branch_day_of_week_operator.py for tasks to queue
[2024-08-28 14:02:02,118] {logging_mixin.py:115} INFO - [2024-08-28 14:02:02,118] {dagbag.py:507} INFO - Filling up the DagBag from /home/kai/Documents/PROJETOS/twitter_extractor_airflow/venv/lib/python3.8/site-packages/airflow/example_dags/example_branch_day_of_week_operator.py
[2024-08-28 14:02:02,124] {processor.py:651} INFO - DAG(s) dict_keys(['example_weekday_branch_operator']) retrieved from /home/kai/Documents/PROJETOS/twitter_extractor_airflow/venv/lib/python3.8/site-packages/airflow/example_dags/example_branch_day_of_week_operator.py
[2024-08-28 14:02:02,139] {logging_mixin.py:115} INFO - [2024-08-28 14:02:02,139] {dag.py:2379} INFO - Sync 1 DAGs
[2024-08-28 14:02:02,156] {logging_mixin.py:115} INFO - [2024-08-28 14:02:02,156] {dag.py:2927} INFO - Setting next_dagrun for example_weekday_branch_operator to 2024-08-27T00:00:00+00:00, run_after=2024-08-28T00:00:00+00:00
[2024-08-28 14:02:02,166] {processor.py:161} INFO - Processing /home/kai/Documents/PROJETOS/twitter_extractor_airflow/venv/lib/python3.8/site-packages/airflow/example_dags/example_branch_day_of_week_operator.py took 0.052 seconds
[2024-08-28 14:02:34,812] {processor.py:153} INFO - Started process (PID=37893) to work on /home/kai/Documents/PROJETOS/twitter_extractor_airflow/venv/lib/python3.8/site-packages/airflow/example_dags/example_branch_day_of_week_operator.py
[2024-08-28 14:02:34,813] {processor.py:641} INFO - Processing file /home/kai/Documents/PROJETOS/twitter_extractor_airflow/venv/lib/python3.8/site-packages/airflow/example_dags/example_branch_day_of_week_operator.py for tasks to queue
[2024-08-28 14:02:34,813] {logging_mixin.py:115} INFO - [2024-08-28 14:02:34,813] {dagbag.py:507} INFO - Filling up the DagBag from /home/kai/Documents/PROJETOS/twitter_extractor_airflow/venv/lib/python3.8/site-packages/airflow/example_dags/example_branch_day_of_week_operator.py
[2024-08-28 14:02:34,821] {processor.py:651} INFO - DAG(s) dict_keys(['example_weekday_branch_operator']) retrieved from /home/kai/Documents/PROJETOS/twitter_extractor_airflow/venv/lib/python3.8/site-packages/airflow/example_dags/example_branch_day_of_week_operator.py
[2024-08-28 14:02:34,834] {logging_mixin.py:115} INFO - [2024-08-28 14:02:34,834] {dag.py:2379} INFO - Sync 1 DAGs
[2024-08-28 14:02:34,851] {logging_mixin.py:115} INFO - [2024-08-28 14:02:34,851] {dag.py:2927} INFO - Setting next_dagrun for example_weekday_branch_operator to 2024-08-27T00:00:00+00:00, run_after=2024-08-28T00:00:00+00:00
[2024-08-28 14:02:34,860] {processor.py:161} INFO - Processing /home/kai/Documents/PROJETOS/twitter_extractor_airflow/venv/lib/python3.8/site-packages/airflow/example_dags/example_branch_day_of_week_operator.py took 0.050 seconds
[2024-08-28 14:03:06,668] {processor.py:153} INFO - Started process (PID=38102) to work on /home/kai/Documents/PROJETOS/twitter_extractor_airflow/venv/lib/python3.8/site-packages/airflow/example_dags/example_branch_day_of_week_operator.py
[2024-08-28 14:03:06,669] {processor.py:641} INFO - Processing file /home/kai/Documents/PROJETOS/twitter_extractor_airflow/venv/lib/python3.8/site-packages/airflow/example_dags/example_branch_day_of_week_operator.py for tasks to queue
[2024-08-28 14:03:06,669] {logging_mixin.py:115} INFO - [2024-08-28 14:03:06,669] {dagbag.py:507} INFO - Filling up the DagBag from /home/kai/Documents/PROJETOS/twitter_extractor_airflow/venv/lib/python3.8/site-packages/airflow/example_dags/example_branch_day_of_week_operator.py
[2024-08-28 14:03:06,678] {processor.py:651} INFO - DAG(s) dict_keys(['example_weekday_branch_operator']) retrieved from /home/kai/Documents/PROJETOS/twitter_extractor_airflow/venv/lib/python3.8/site-packages/airflow/example_dags/example_branch_day_of_week_operator.py
[2024-08-28 14:03:06,694] {logging_mixin.py:115} INFO - [2024-08-28 14:03:06,693] {dag.py:2379} INFO - Sync 1 DAGs
[2024-08-28 14:03:06,711] {logging_mixin.py:115} INFO - [2024-08-28 14:03:06,711] {dag.py:2927} INFO - Setting next_dagrun for example_weekday_branch_operator to 2024-08-27T00:00:00+00:00, run_after=2024-08-28T00:00:00+00:00
[2024-08-28 14:03:06,722] {processor.py:161} INFO - Processing /home/kai/Documents/PROJETOS/twitter_extractor_airflow/venv/lib/python3.8/site-packages/airflow/example_dags/example_branch_day_of_week_operator.py took 0.058 seconds
[2024-08-28 14:03:40,379] {processor.py:153} INFO - Started process (PID=38356) to work on /home/kai/Documents/PROJETOS/twitter_extractor_airflow/venv/lib/python3.8/site-packages/airflow/example_dags/example_branch_day_of_week_operator.py
[2024-08-28 14:03:40,380] {processor.py:641} INFO - Processing file /home/kai/Documents/PROJETOS/twitter_extractor_airflow/venv/lib/python3.8/site-packages/airflow/example_dags/example_branch_day_of_week_operator.py for tasks to queue
[2024-08-28 14:03:40,381] {logging_mixin.py:115} INFO - [2024-08-28 14:03:40,381] {dagbag.py:507} INFO - Filling up the DagBag from /home/kai/Documents/PROJETOS/twitter_extractor_airflow/venv/lib/python3.8/site-packages/airflow/example_dags/example_branch_day_of_week_operator.py
[2024-08-28 14:03:40,391] {processor.py:651} INFO - DAG(s) dict_keys(['example_weekday_branch_operator']) retrieved from /home/kai/Documents/PROJETOS/twitter_extractor_airflow/venv/lib/python3.8/site-packages/airflow/example_dags/example_branch_day_of_week_operator.py
[2024-08-28 14:03:40,406] {logging_mixin.py:115} INFO - [2024-08-28 14:03:40,406] {dag.py:2379} INFO - Sync 1 DAGs
[2024-08-28 14:03:40,427] {logging_mixin.py:115} INFO - [2024-08-28 14:03:40,427] {dag.py:2927} INFO - Setting next_dagrun for example_weekday_branch_operator to 2024-08-27T00:00:00+00:00, run_after=2024-08-28T00:00:00+00:00
[2024-08-28 14:03:40,437] {processor.py:161} INFO - Processing /home/kai/Documents/PROJETOS/twitter_extractor_airflow/venv/lib/python3.8/site-packages/airflow/example_dags/example_branch_day_of_week_operator.py took 0.060 seconds
[2024-08-28 14:04:13,827] {processor.py:153} INFO - Started process (PID=38560) to work on /home/kai/Documents/PROJETOS/twitter_extractor_airflow/venv/lib/python3.8/site-packages/airflow/example_dags/example_branch_day_of_week_operator.py
[2024-08-28 14:04:13,828] {processor.py:641} INFO - Processing file /home/kai/Documents/PROJETOS/twitter_extractor_airflow/venv/lib/python3.8/site-packages/airflow/example_dags/example_branch_day_of_week_operator.py for tasks to queue
[2024-08-28 14:04:13,829] {logging_mixin.py:115} INFO - [2024-08-28 14:04:13,829] {dagbag.py:507} INFO - Filling up the DagBag from /home/kai/Documents/PROJETOS/twitter_extractor_airflow/venv/lib/python3.8/site-packages/airflow/example_dags/example_branch_day_of_week_operator.py
[2024-08-28 14:04:13,838] {processor.py:651} INFO - DAG(s) dict_keys(['example_weekday_branch_operator']) retrieved from /home/kai/Documents/PROJETOS/twitter_extractor_airflow/venv/lib/python3.8/site-packages/airflow/example_dags/example_branch_day_of_week_operator.py
[2024-08-28 14:04:13,853] {logging_mixin.py:115} INFO - [2024-08-28 14:04:13,853] {dag.py:2379} INFO - Sync 1 DAGs
[2024-08-28 14:04:13,875] {logging_mixin.py:115} INFO - [2024-08-28 14:04:13,875] {dag.py:2927} INFO - Setting next_dagrun for example_weekday_branch_operator to 2024-08-27T00:00:00+00:00, run_after=2024-08-28T00:00:00+00:00
[2024-08-28 14:04:13,889] {processor.py:161} INFO - Processing /home/kai/Documents/PROJETOS/twitter_extractor_airflow/venv/lib/python3.8/site-packages/airflow/example_dags/example_branch_day_of_week_operator.py took 0.064 seconds
[2024-08-28 14:04:46,207] {processor.py:153} INFO - Started process (PID=38785) to work on /home/kai/Documents/PROJETOS/twitter_extractor_airflow/venv/lib/python3.8/site-packages/airflow/example_dags/example_branch_day_of_week_operator.py
[2024-08-28 14:04:46,208] {processor.py:641} INFO - Processing file /home/kai/Documents/PROJETOS/twitter_extractor_airflow/venv/lib/python3.8/site-packages/airflow/example_dags/example_branch_day_of_week_operator.py for tasks to queue
[2024-08-28 14:04:46,208] {logging_mixin.py:115} INFO - [2024-08-28 14:04:46,208] {dagbag.py:507} INFO - Filling up the DagBag from /home/kai/Documents/PROJETOS/twitter_extractor_airflow/venv/lib/python3.8/site-packages/airflow/example_dags/example_branch_day_of_week_operator.py
[2024-08-28 14:04:46,215] {processor.py:651} INFO - DAG(s) dict_keys(['example_weekday_branch_operator']) retrieved from /home/kai/Documents/PROJETOS/twitter_extractor_airflow/venv/lib/python3.8/site-packages/airflow/example_dags/example_branch_day_of_week_operator.py
[2024-08-28 14:04:46,229] {logging_mixin.py:115} INFO - [2024-08-28 14:04:46,228] {dag.py:2379} INFO - Sync 1 DAGs
[2024-08-28 14:04:46,248] {logging_mixin.py:115} INFO - [2024-08-28 14:04:46,248] {dag.py:2927} INFO - Setting next_dagrun for example_weekday_branch_operator to 2024-08-27T00:00:00+00:00, run_after=2024-08-28T00:00:00+00:00
[2024-08-28 14:04:46,259] {processor.py:161} INFO - Processing /home/kai/Documents/PROJETOS/twitter_extractor_airflow/venv/lib/python3.8/site-packages/airflow/example_dags/example_branch_day_of_week_operator.py took 0.054 seconds
[2024-08-28 14:05:19,318] {processor.py:153} INFO - Started process (PID=38974) to work on /home/kai/Documents/PROJETOS/twitter_extractor_airflow/venv/lib/python3.8/site-packages/airflow/example_dags/example_branch_day_of_week_operator.py
[2024-08-28 14:05:19,319] {processor.py:641} INFO - Processing file /home/kai/Documents/PROJETOS/twitter_extractor_airflow/venv/lib/python3.8/site-packages/airflow/example_dags/example_branch_day_of_week_operator.py for tasks to queue
[2024-08-28 14:05:19,319] {logging_mixin.py:115} INFO - [2024-08-28 14:05:19,319] {dagbag.py:507} INFO - Filling up the DagBag from /home/kai/Documents/PROJETOS/twitter_extractor_airflow/venv/lib/python3.8/site-packages/airflow/example_dags/example_branch_day_of_week_operator.py
[2024-08-28 14:05:19,326] {processor.py:651} INFO - DAG(s) dict_keys(['example_weekday_branch_operator']) retrieved from /home/kai/Documents/PROJETOS/twitter_extractor_airflow/venv/lib/python3.8/site-packages/airflow/example_dags/example_branch_day_of_week_operator.py
[2024-08-28 14:05:19,339] {logging_mixin.py:115} INFO - [2024-08-28 14:05:19,339] {dag.py:2379} INFO - Sync 1 DAGs
[2024-08-28 14:05:19,356] {logging_mixin.py:115} INFO - [2024-08-28 14:05:19,356] {dag.py:2927} INFO - Setting next_dagrun for example_weekday_branch_operator to 2024-08-27T00:00:00+00:00, run_after=2024-08-28T00:00:00+00:00
[2024-08-28 14:05:19,364] {processor.py:161} INFO - Processing /home/kai/Documents/PROJETOS/twitter_extractor_airflow/venv/lib/python3.8/site-packages/airflow/example_dags/example_branch_day_of_week_operator.py took 0.048 seconds
[2024-08-28 14:05:52,553] {processor.py:153} INFO - Started process (PID=39231) to work on /home/kai/Documents/PROJETOS/twitter_extractor_airflow/venv/lib/python3.8/site-packages/airflow/example_dags/example_branch_day_of_week_operator.py
[2024-08-28 14:05:52,554] {processor.py:641} INFO - Processing file /home/kai/Documents/PROJETOS/twitter_extractor_airflow/venv/lib/python3.8/site-packages/airflow/example_dags/example_branch_day_of_week_operator.py for tasks to queue
[2024-08-28 14:05:52,554] {logging_mixin.py:115} INFO - [2024-08-28 14:05:52,554] {dagbag.py:507} INFO - Filling up the DagBag from /home/kai/Documents/PROJETOS/twitter_extractor_airflow/venv/lib/python3.8/site-packages/airflow/example_dags/example_branch_day_of_week_operator.py
[2024-08-28 14:05:52,561] {processor.py:651} INFO - DAG(s) dict_keys(['example_weekday_branch_operator']) retrieved from /home/kai/Documents/PROJETOS/twitter_extractor_airflow/venv/lib/python3.8/site-packages/airflow/example_dags/example_branch_day_of_week_operator.py
[2024-08-28 14:05:52,573] {logging_mixin.py:115} INFO - [2024-08-28 14:05:52,573] {dag.py:2379} INFO - Sync 1 DAGs
[2024-08-28 14:05:52,589] {logging_mixin.py:115} INFO - [2024-08-28 14:05:52,589] {dag.py:2927} INFO - Setting next_dagrun for example_weekday_branch_operator to 2024-08-27T00:00:00+00:00, run_after=2024-08-28T00:00:00+00:00
[2024-08-28 14:05:52,597] {processor.py:161} INFO - Processing /home/kai/Documents/PROJETOS/twitter_extractor_airflow/venv/lib/python3.8/site-packages/airflow/example_dags/example_branch_day_of_week_operator.py took 0.046 seconds
[2024-08-28 14:33:52,177] {processor.py:153} INFO - Started process (PID=45389) to work on /home/kai/Documents/PROJETOS/twitter_extractor_airflow/venv/lib/python3.8/site-packages/airflow/example_dags/example_branch_day_of_week_operator.py
[2024-08-28 14:33:52,177] {processor.py:641} INFO - Processing file /home/kai/Documents/PROJETOS/twitter_extractor_airflow/venv/lib/python3.8/site-packages/airflow/example_dags/example_branch_day_of_week_operator.py for tasks to queue
[2024-08-28 14:33:52,178] {logging_mixin.py:115} INFO - [2024-08-28 14:33:52,178] {dagbag.py:507} INFO - Filling up the DagBag from /home/kai/Documents/PROJETOS/twitter_extractor_airflow/venv/lib/python3.8/site-packages/airflow/example_dags/example_branch_day_of_week_operator.py
[2024-08-28 14:33:52,186] {processor.py:651} INFO - DAG(s) dict_keys(['example_weekday_branch_operator']) retrieved from /home/kai/Documents/PROJETOS/twitter_extractor_airflow/venv/lib/python3.8/site-packages/airflow/example_dags/example_branch_day_of_week_operator.py
[2024-08-28 14:33:52,201] {logging_mixin.py:115} INFO - [2024-08-28 14:33:52,200] {dag.py:2379} INFO - Sync 1 DAGs
[2024-08-28 14:33:52,216] {logging_mixin.py:115} INFO - [2024-08-28 14:33:52,216] {dag.py:2927} INFO - Setting next_dagrun for example_weekday_branch_operator to 2024-08-27T00:00:00+00:00, run_after=2024-08-28T00:00:00+00:00
[2024-08-28 14:33:52,229] {processor.py:161} INFO - Processing /home/kai/Documents/PROJETOS/twitter_extractor_airflow/venv/lib/python3.8/site-packages/airflow/example_dags/example_branch_day_of_week_operator.py took 0.055 seconds
[2024-08-28 14:34:25,668] {processor.py:153} INFO - Started process (PID=45662) to work on /home/kai/Documents/PROJETOS/twitter_extractor_airflow/venv/lib/python3.8/site-packages/airflow/example_dags/example_branch_day_of_week_operator.py
[2024-08-28 14:34:25,669] {processor.py:641} INFO - Processing file /home/kai/Documents/PROJETOS/twitter_extractor_airflow/venv/lib/python3.8/site-packages/airflow/example_dags/example_branch_day_of_week_operator.py for tasks to queue
[2024-08-28 14:34:25,669] {logging_mixin.py:115} INFO - [2024-08-28 14:34:25,669] {dagbag.py:507} INFO - Filling up the DagBag from /home/kai/Documents/PROJETOS/twitter_extractor_airflow/venv/lib/python3.8/site-packages/airflow/example_dags/example_branch_day_of_week_operator.py
[2024-08-28 14:34:25,678] {processor.py:651} INFO - DAG(s) dict_keys(['example_weekday_branch_operator']) retrieved from /home/kai/Documents/PROJETOS/twitter_extractor_airflow/venv/lib/python3.8/site-packages/airflow/example_dags/example_branch_day_of_week_operator.py
[2024-08-28 14:34:25,699] {logging_mixin.py:115} INFO - [2024-08-28 14:34:25,698] {dag.py:2379} INFO - Sync 1 DAGs
[2024-08-28 14:34:25,719] {logging_mixin.py:115} INFO - [2024-08-28 14:34:25,719] {dag.py:2927} INFO - Setting next_dagrun for example_weekday_branch_operator to 2024-08-27T00:00:00+00:00, run_after=2024-08-28T00:00:00+00:00
[2024-08-28 14:34:25,733] {processor.py:161} INFO - Processing /home/kai/Documents/PROJETOS/twitter_extractor_airflow/venv/lib/python3.8/site-packages/airflow/example_dags/example_branch_day_of_week_operator.py took 0.067 seconds
[2024-08-28 14:34:59,104] {processor.py:153} INFO - Started process (PID=45888) to work on /home/kai/Documents/PROJETOS/twitter_extractor_airflow/venv/lib/python3.8/site-packages/airflow/example_dags/example_branch_day_of_week_operator.py
[2024-08-28 14:34:59,104] {processor.py:641} INFO - Processing file /home/kai/Documents/PROJETOS/twitter_extractor_airflow/venv/lib/python3.8/site-packages/airflow/example_dags/example_branch_day_of_week_operator.py for tasks to queue
[2024-08-28 14:34:59,105] {logging_mixin.py:115} INFO - [2024-08-28 14:34:59,105] {dagbag.py:507} INFO - Filling up the DagBag from /home/kai/Documents/PROJETOS/twitter_extractor_airflow/venv/lib/python3.8/site-packages/airflow/example_dags/example_branch_day_of_week_operator.py
[2024-08-28 14:34:59,111] {processor.py:651} INFO - DAG(s) dict_keys(['example_weekday_branch_operator']) retrieved from /home/kai/Documents/PROJETOS/twitter_extractor_airflow/venv/lib/python3.8/site-packages/airflow/example_dags/example_branch_day_of_week_operator.py
[2024-08-28 14:34:59,124] {logging_mixin.py:115} INFO - [2024-08-28 14:34:59,124] {dag.py:2379} INFO - Sync 1 DAGs
[2024-08-28 14:34:59,138] {logging_mixin.py:115} INFO - [2024-08-28 14:34:59,138] {dag.py:2927} INFO - Setting next_dagrun for example_weekday_branch_operator to 2024-08-27T00:00:00+00:00, run_after=2024-08-28T00:00:00+00:00
[2024-08-28 14:34:59,149] {processor.py:161} INFO - Processing /home/kai/Documents/PROJETOS/twitter_extractor_airflow/venv/lib/python3.8/site-packages/airflow/example_dags/example_branch_day_of_week_operator.py took 0.048 seconds
[2024-08-28 14:35:33,859] {processor.py:153} INFO - Started process (PID=46091) to work on /home/kai/Documents/PROJETOS/twitter_extractor_airflow/venv/lib/python3.8/site-packages/airflow/example_dags/example_branch_day_of_week_operator.py
[2024-08-28 14:35:33,860] {processor.py:641} INFO - Processing file /home/kai/Documents/PROJETOS/twitter_extractor_airflow/venv/lib/python3.8/site-packages/airflow/example_dags/example_branch_day_of_week_operator.py for tasks to queue
[2024-08-28 14:35:33,860] {logging_mixin.py:115} INFO - [2024-08-28 14:35:33,860] {dagbag.py:507} INFO - Filling up the DagBag from /home/kai/Documents/PROJETOS/twitter_extractor_airflow/venv/lib/python3.8/site-packages/airflow/example_dags/example_branch_day_of_week_operator.py
[2024-08-28 14:35:33,870] {processor.py:651} INFO - DAG(s) dict_keys(['example_weekday_branch_operator']) retrieved from /home/kai/Documents/PROJETOS/twitter_extractor_airflow/venv/lib/python3.8/site-packages/airflow/example_dags/example_branch_day_of_week_operator.py
[2024-08-28 14:35:33,887] {logging_mixin.py:115} INFO - [2024-08-28 14:35:33,887] {dag.py:2379} INFO - Sync 1 DAGs
[2024-08-28 14:35:33,901] {logging_mixin.py:115} INFO - [2024-08-28 14:35:33,901] {dag.py:2927} INFO - Setting next_dagrun for example_weekday_branch_operator to 2024-08-27T00:00:00+00:00, run_after=2024-08-28T00:00:00+00:00
[2024-08-28 14:35:33,920] {processor.py:161} INFO - Processing /home/kai/Documents/PROJETOS/twitter_extractor_airflow/venv/lib/python3.8/site-packages/airflow/example_dags/example_branch_day_of_week_operator.py took 0.064 seconds
[2024-08-28 14:36:07,056] {processor.py:153} INFO - Started process (PID=46288) to work on /home/kai/Documents/PROJETOS/twitter_extractor_airflow/venv/lib/python3.8/site-packages/airflow/example_dags/example_branch_day_of_week_operator.py
[2024-08-28 14:36:07,058] {processor.py:641} INFO - Processing file /home/kai/Documents/PROJETOS/twitter_extractor_airflow/venv/lib/python3.8/site-packages/airflow/example_dags/example_branch_day_of_week_operator.py for tasks to queue
[2024-08-28 14:36:07,058] {logging_mixin.py:115} INFO - [2024-08-28 14:36:07,058] {dagbag.py:507} INFO - Filling up the DagBag from /home/kai/Documents/PROJETOS/twitter_extractor_airflow/venv/lib/python3.8/site-packages/airflow/example_dags/example_branch_day_of_week_operator.py
[2024-08-28 14:36:07,065] {processor.py:651} INFO - DAG(s) dict_keys(['example_weekday_branch_operator']) retrieved from /home/kai/Documents/PROJETOS/twitter_extractor_airflow/venv/lib/python3.8/site-packages/airflow/example_dags/example_branch_day_of_week_operator.py
[2024-08-28 14:36:07,081] {logging_mixin.py:115} INFO - [2024-08-28 14:36:07,081] {dag.py:2379} INFO - Sync 1 DAGs
[2024-08-28 14:36:07,094] {logging_mixin.py:115} INFO - [2024-08-28 14:36:07,094] {dag.py:2927} INFO - Setting next_dagrun for example_weekday_branch_operator to 2024-08-27T00:00:00+00:00, run_after=2024-08-28T00:00:00+00:00
[2024-08-28 14:36:07,104] {processor.py:161} INFO - Processing /home/kai/Documents/PROJETOS/twitter_extractor_airflow/venv/lib/python3.8/site-packages/airflow/example_dags/example_branch_day_of_week_operator.py took 0.050 seconds
[2024-08-28 14:36:42,382] {processor.py:153} INFO - Started process (PID=46504) to work on /home/kai/Documents/PROJETOS/twitter_extractor_airflow/venv/lib/python3.8/site-packages/airflow/example_dags/example_branch_day_of_week_operator.py
[2024-08-28 14:36:42,383] {processor.py:641} INFO - Processing file /home/kai/Documents/PROJETOS/twitter_extractor_airflow/venv/lib/python3.8/site-packages/airflow/example_dags/example_branch_day_of_week_operator.py for tasks to queue
[2024-08-28 14:36:42,383] {logging_mixin.py:115} INFO - [2024-08-28 14:36:42,383] {dagbag.py:507} INFO - Filling up the DagBag from /home/kai/Documents/PROJETOS/twitter_extractor_airflow/venv/lib/python3.8/site-packages/airflow/example_dags/example_branch_day_of_week_operator.py
[2024-08-28 14:36:42,389] {processor.py:651} INFO - DAG(s) dict_keys(['example_weekday_branch_operator']) retrieved from /home/kai/Documents/PROJETOS/twitter_extractor_airflow/venv/lib/python3.8/site-packages/airflow/example_dags/example_branch_day_of_week_operator.py
[2024-08-28 14:36:42,402] {logging_mixin.py:115} INFO - [2024-08-28 14:36:42,402] {dag.py:2379} INFO - Sync 1 DAGs
[2024-08-28 14:36:42,415] {logging_mixin.py:115} INFO - [2024-08-28 14:36:42,415] {dag.py:2927} INFO - Setting next_dagrun for example_weekday_branch_operator to 2024-08-27T00:00:00+00:00, run_after=2024-08-28T00:00:00+00:00
[2024-08-28 14:36:42,426] {processor.py:161} INFO - Processing /home/kai/Documents/PROJETOS/twitter_extractor_airflow/venv/lib/python3.8/site-packages/airflow/example_dags/example_branch_day_of_week_operator.py took 0.046 seconds
[2024-08-28 14:37:14,600] {processor.py:153} INFO - Started process (PID=46709) to work on /home/kai/Documents/PROJETOS/twitter_extractor_airflow/venv/lib/python3.8/site-packages/airflow/example_dags/example_branch_day_of_week_operator.py
[2024-08-28 14:37:14,601] {processor.py:641} INFO - Processing file /home/kai/Documents/PROJETOS/twitter_extractor_airflow/venv/lib/python3.8/site-packages/airflow/example_dags/example_branch_day_of_week_operator.py for tasks to queue
[2024-08-28 14:37:14,601] {logging_mixin.py:115} INFO - [2024-08-28 14:37:14,601] {dagbag.py:507} INFO - Filling up the DagBag from /home/kai/Documents/PROJETOS/twitter_extractor_airflow/venv/lib/python3.8/site-packages/airflow/example_dags/example_branch_day_of_week_operator.py
[2024-08-28 14:37:14,608] {processor.py:651} INFO - DAG(s) dict_keys(['example_weekday_branch_operator']) retrieved from /home/kai/Documents/PROJETOS/twitter_extractor_airflow/venv/lib/python3.8/site-packages/airflow/example_dags/example_branch_day_of_week_operator.py
[2024-08-28 14:37:14,622] {logging_mixin.py:115} INFO - [2024-08-28 14:37:14,622] {dag.py:2379} INFO - Sync 1 DAGs
[2024-08-28 14:37:14,638] {logging_mixin.py:115} INFO - [2024-08-28 14:37:14,638] {dag.py:2927} INFO - Setting next_dagrun for example_weekday_branch_operator to 2024-08-27T00:00:00+00:00, run_after=2024-08-28T00:00:00+00:00
[2024-08-28 14:37:14,651] {processor.py:161} INFO - Processing /home/kai/Documents/PROJETOS/twitter_extractor_airflow/venv/lib/python3.8/site-packages/airflow/example_dags/example_branch_day_of_week_operator.py took 0.054 seconds
[2024-08-28 14:37:49,075] {processor.py:153} INFO - Started process (PID=47074) to work on /home/kai/Documents/PROJETOS/twitter_extractor_airflow/venv/lib/python3.8/site-packages/airflow/example_dags/example_branch_day_of_week_operator.py
[2024-08-28 14:37:49,076] {processor.py:641} INFO - Processing file /home/kai/Documents/PROJETOS/twitter_extractor_airflow/venv/lib/python3.8/site-packages/airflow/example_dags/example_branch_day_of_week_operator.py for tasks to queue
[2024-08-28 14:37:49,076] {logging_mixin.py:115} INFO - [2024-08-28 14:37:49,076] {dagbag.py:507} INFO - Filling up the DagBag from /home/kai/Documents/PROJETOS/twitter_extractor_airflow/venv/lib/python3.8/site-packages/airflow/example_dags/example_branch_day_of_week_operator.py
[2024-08-28 14:37:49,083] {processor.py:651} INFO - DAG(s) dict_keys(['example_weekday_branch_operator']) retrieved from /home/kai/Documents/PROJETOS/twitter_extractor_airflow/venv/lib/python3.8/site-packages/airflow/example_dags/example_branch_day_of_week_operator.py
[2024-08-28 14:37:49,095] {logging_mixin.py:115} INFO - [2024-08-28 14:37:49,095] {dag.py:2379} INFO - Sync 1 DAGs
[2024-08-28 14:37:49,110] {logging_mixin.py:115} INFO - [2024-08-28 14:37:49,110] {dag.py:2927} INFO - Setting next_dagrun for example_weekday_branch_operator to 2024-08-27T00:00:00+00:00, run_after=2024-08-28T00:00:00+00:00
[2024-08-28 14:37:49,123] {processor.py:161} INFO - Processing /home/kai/Documents/PROJETOS/twitter_extractor_airflow/venv/lib/python3.8/site-packages/airflow/example_dags/example_branch_day_of_week_operator.py took 0.050 seconds
[2024-08-28 14:38:21,756] {processor.py:153} INFO - Started process (PID=47302) to work on /home/kai/Documents/PROJETOS/twitter_extractor_airflow/venv/lib/python3.8/site-packages/airflow/example_dags/example_branch_day_of_week_operator.py
[2024-08-28 14:38:21,757] {processor.py:641} INFO - Processing file /home/kai/Documents/PROJETOS/twitter_extractor_airflow/venv/lib/python3.8/site-packages/airflow/example_dags/example_branch_day_of_week_operator.py for tasks to queue
[2024-08-28 14:38:21,758] {logging_mixin.py:115} INFO - [2024-08-28 14:38:21,758] {dagbag.py:507} INFO - Filling up the DagBag from /home/kai/Documents/PROJETOS/twitter_extractor_airflow/venv/lib/python3.8/site-packages/airflow/example_dags/example_branch_day_of_week_operator.py
[2024-08-28 14:38:21,768] {processor.py:651} INFO - DAG(s) dict_keys(['example_weekday_branch_operator']) retrieved from /home/kai/Documents/PROJETOS/twitter_extractor_airflow/venv/lib/python3.8/site-packages/airflow/example_dags/example_branch_day_of_week_operator.py
[2024-08-28 14:38:21,785] {logging_mixin.py:115} INFO - [2024-08-28 14:38:21,785] {dag.py:2379} INFO - Sync 1 DAGs
[2024-08-28 14:38:21,800] {logging_mixin.py:115} INFO - [2024-08-28 14:38:21,800] {dag.py:2927} INFO - Setting next_dagrun for example_weekday_branch_operator to 2024-08-27T00:00:00+00:00, run_after=2024-08-28T00:00:00+00:00
[2024-08-28 14:38:21,813] {processor.py:161} INFO - Processing /home/kai/Documents/PROJETOS/twitter_extractor_airflow/venv/lib/python3.8/site-packages/airflow/example_dags/example_branch_day_of_week_operator.py took 0.062 seconds
[2024-08-28 14:39:19,385] {processor.py:153} INFO - Started process (PID=47993) to work on /home/kai/Documents/PROJETOS/twitter_extractor_airflow/venv/lib/python3.8/site-packages/airflow/example_dags/example_branch_day_of_week_operator.py
[2024-08-28 14:39:19,386] {processor.py:641} INFO - Processing file /home/kai/Documents/PROJETOS/twitter_extractor_airflow/venv/lib/python3.8/site-packages/airflow/example_dags/example_branch_day_of_week_operator.py for tasks to queue
[2024-08-28 14:39:19,387] {logging_mixin.py:115} INFO - [2024-08-28 14:39:19,387] {dagbag.py:507} INFO - Filling up the DagBag from /home/kai/Documents/PROJETOS/twitter_extractor_airflow/venv/lib/python3.8/site-packages/airflow/example_dags/example_branch_day_of_week_operator.py
[2024-08-28 14:39:19,400] {processor.py:651} INFO - DAG(s) dict_keys(['example_weekday_branch_operator']) retrieved from /home/kai/Documents/PROJETOS/twitter_extractor_airflow/venv/lib/python3.8/site-packages/airflow/example_dags/example_branch_day_of_week_operator.py
[2024-08-28 14:39:19,418] {logging_mixin.py:115} INFO - [2024-08-28 14:39:19,417] {dag.py:2379} INFO - Sync 1 DAGs
[2024-08-28 14:39:19,438] {logging_mixin.py:115} INFO - [2024-08-28 14:39:19,438] {dag.py:2927} INFO - Setting next_dagrun for example_weekday_branch_operator to 2024-08-27T00:00:00+00:00, run_after=2024-08-28T00:00:00+00:00
[2024-08-28 14:39:19,457] {processor.py:161} INFO - Processing /home/kai/Documents/PROJETOS/twitter_extractor_airflow/venv/lib/python3.8/site-packages/airflow/example_dags/example_branch_day_of_week_operator.py took 0.078 seconds
[2024-08-28 14:39:53,763] {processor.py:153} INFO - Started process (PID=48235) to work on /home/kai/Documents/PROJETOS/twitter_extractor_airflow/venv/lib/python3.8/site-packages/airflow/example_dags/example_branch_day_of_week_operator.py
[2024-08-28 14:39:53,764] {processor.py:641} INFO - Processing file /home/kai/Documents/PROJETOS/twitter_extractor_airflow/venv/lib/python3.8/site-packages/airflow/example_dags/example_branch_day_of_week_operator.py for tasks to queue
[2024-08-28 14:39:53,764] {logging_mixin.py:115} INFO - [2024-08-28 14:39:53,764] {dagbag.py:507} INFO - Filling up the DagBag from /home/kai/Documents/PROJETOS/twitter_extractor_airflow/venv/lib/python3.8/site-packages/airflow/example_dags/example_branch_day_of_week_operator.py
[2024-08-28 14:39:53,771] {processor.py:651} INFO - DAG(s) dict_keys(['example_weekday_branch_operator']) retrieved from /home/kai/Documents/PROJETOS/twitter_extractor_airflow/venv/lib/python3.8/site-packages/airflow/example_dags/example_branch_day_of_week_operator.py
[2024-08-28 14:39:53,785] {logging_mixin.py:115} INFO - [2024-08-28 14:39:53,785] {dag.py:2379} INFO - Sync 1 DAGs
[2024-08-28 14:39:53,800] {logging_mixin.py:115} INFO - [2024-08-28 14:39:53,799] {dag.py:2927} INFO - Setting next_dagrun for example_weekday_branch_operator to 2024-08-27T00:00:00+00:00, run_after=2024-08-28T00:00:00+00:00
[2024-08-28 14:39:53,820] {processor.py:161} INFO - Processing /home/kai/Documents/PROJETOS/twitter_extractor_airflow/venv/lib/python3.8/site-packages/airflow/example_dags/example_branch_day_of_week_operator.py took 0.059 seconds
[2024-08-28 14:40:27,422] {processor.py:153} INFO - Started process (PID=48424) to work on /home/kai/Documents/PROJETOS/twitter_extractor_airflow/venv/lib/python3.8/site-packages/airflow/example_dags/example_branch_day_of_week_operator.py
[2024-08-28 14:40:27,423] {processor.py:641} INFO - Processing file /home/kai/Documents/PROJETOS/twitter_extractor_airflow/venv/lib/python3.8/site-packages/airflow/example_dags/example_branch_day_of_week_operator.py for tasks to queue
[2024-08-28 14:40:27,423] {logging_mixin.py:115} INFO - [2024-08-28 14:40:27,423] {dagbag.py:507} INFO - Filling up the DagBag from /home/kai/Documents/PROJETOS/twitter_extractor_airflow/venv/lib/python3.8/site-packages/airflow/example_dags/example_branch_day_of_week_operator.py
[2024-08-28 14:40:27,429] {processor.py:651} INFO - DAG(s) dict_keys(['example_weekday_branch_operator']) retrieved from /home/kai/Documents/PROJETOS/twitter_extractor_airflow/venv/lib/python3.8/site-packages/airflow/example_dags/example_branch_day_of_week_operator.py
[2024-08-28 14:40:27,442] {logging_mixin.py:115} INFO - [2024-08-28 14:40:27,442] {dag.py:2379} INFO - Sync 1 DAGs
[2024-08-28 14:40:27,456] {logging_mixin.py:115} INFO - [2024-08-28 14:40:27,456] {dag.py:2927} INFO - Setting next_dagrun for example_weekday_branch_operator to 2024-08-27T00:00:00+00:00, run_after=2024-08-28T00:00:00+00:00
[2024-08-28 14:40:27,467] {processor.py:161} INFO - Processing /home/kai/Documents/PROJETOS/twitter_extractor_airflow/venv/lib/python3.8/site-packages/airflow/example_dags/example_branch_day_of_week_operator.py took 0.047 seconds
[2024-08-28 14:41:00,463] {processor.py:153} INFO - Started process (PID=48633) to work on /home/kai/Documents/PROJETOS/twitter_extractor_airflow/venv/lib/python3.8/site-packages/airflow/example_dags/example_branch_day_of_week_operator.py
[2024-08-28 14:41:00,463] {processor.py:641} INFO - Processing file /home/kai/Documents/PROJETOS/twitter_extractor_airflow/venv/lib/python3.8/site-packages/airflow/example_dags/example_branch_day_of_week_operator.py for tasks to queue
[2024-08-28 14:41:00,464] {logging_mixin.py:115} INFO - [2024-08-28 14:41:00,464] {dagbag.py:507} INFO - Filling up the DagBag from /home/kai/Documents/PROJETOS/twitter_extractor_airflow/venv/lib/python3.8/site-packages/airflow/example_dags/example_branch_day_of_week_operator.py
[2024-08-28 14:41:00,470] {processor.py:651} INFO - DAG(s) dict_keys(['example_weekday_branch_operator']) retrieved from /home/kai/Documents/PROJETOS/twitter_extractor_airflow/venv/lib/python3.8/site-packages/airflow/example_dags/example_branch_day_of_week_operator.py
[2024-08-28 14:41:00,483] {logging_mixin.py:115} INFO - [2024-08-28 14:41:00,483] {dag.py:2379} INFO - Sync 1 DAGs
[2024-08-28 14:41:00,496] {logging_mixin.py:115} INFO - [2024-08-28 14:41:00,496] {dag.py:2927} INFO - Setting next_dagrun for example_weekday_branch_operator to 2024-08-27T00:00:00+00:00, run_after=2024-08-28T00:00:00+00:00
[2024-08-28 14:41:00,507] {processor.py:161} INFO - Processing /home/kai/Documents/PROJETOS/twitter_extractor_airflow/venv/lib/python3.8/site-packages/airflow/example_dags/example_branch_day_of_week_operator.py took 0.047 seconds
[2024-08-28 14:41:35,577] {processor.py:153} INFO - Started process (PID=48975) to work on /home/kai/Documents/PROJETOS/twitter_extractor_airflow/venv/lib/python3.8/site-packages/airflow/example_dags/example_branch_day_of_week_operator.py
[2024-08-28 14:41:35,577] {processor.py:641} INFO - Processing file /home/kai/Documents/PROJETOS/twitter_extractor_airflow/venv/lib/python3.8/site-packages/airflow/example_dags/example_branch_day_of_week_operator.py for tasks to queue
[2024-08-28 14:41:35,578] {logging_mixin.py:115} INFO - [2024-08-28 14:41:35,578] {dagbag.py:507} INFO - Filling up the DagBag from /home/kai/Documents/PROJETOS/twitter_extractor_airflow/venv/lib/python3.8/site-packages/airflow/example_dags/example_branch_day_of_week_operator.py
[2024-08-28 14:41:35,584] {processor.py:651} INFO - DAG(s) dict_keys(['example_weekday_branch_operator']) retrieved from /home/kai/Documents/PROJETOS/twitter_extractor_airflow/venv/lib/python3.8/site-packages/airflow/example_dags/example_branch_day_of_week_operator.py
[2024-08-28 14:41:35,599] {logging_mixin.py:115} INFO - [2024-08-28 14:41:35,598] {dag.py:2379} INFO - Sync 1 DAGs
[2024-08-28 14:41:35,616] {logging_mixin.py:115} INFO - [2024-08-28 14:41:35,616] {dag.py:2927} INFO - Setting next_dagrun for example_weekday_branch_operator to 2024-08-27T00:00:00+00:00, run_after=2024-08-28T00:00:00+00:00
[2024-08-28 14:41:35,631] {processor.py:161} INFO - Processing /home/kai/Documents/PROJETOS/twitter_extractor_airflow/venv/lib/python3.8/site-packages/airflow/example_dags/example_branch_day_of_week_operator.py took 0.056 seconds
[2024-08-28 14:42:08,335] {processor.py:153} INFO - Started process (PID=49172) to work on /home/kai/Documents/PROJETOS/twitter_extractor_airflow/venv/lib/python3.8/site-packages/airflow/example_dags/example_branch_day_of_week_operator.py
[2024-08-28 14:42:08,336] {processor.py:641} INFO - Processing file /home/kai/Documents/PROJETOS/twitter_extractor_airflow/venv/lib/python3.8/site-packages/airflow/example_dags/example_branch_day_of_week_operator.py for tasks to queue
[2024-08-28 14:42:08,336] {logging_mixin.py:115} INFO - [2024-08-28 14:42:08,336] {dagbag.py:507} INFO - Filling up the DagBag from /home/kai/Documents/PROJETOS/twitter_extractor_airflow/venv/lib/python3.8/site-packages/airflow/example_dags/example_branch_day_of_week_operator.py
[2024-08-28 14:42:08,343] {processor.py:651} INFO - DAG(s) dict_keys(['example_weekday_branch_operator']) retrieved from /home/kai/Documents/PROJETOS/twitter_extractor_airflow/venv/lib/python3.8/site-packages/airflow/example_dags/example_branch_day_of_week_operator.py
[2024-08-28 14:42:08,355] {logging_mixin.py:115} INFO - [2024-08-28 14:42:08,355] {dag.py:2379} INFO - Sync 1 DAGs
[2024-08-28 14:42:08,369] {logging_mixin.py:115} INFO - [2024-08-28 14:42:08,368] {dag.py:2927} INFO - Setting next_dagrun for example_weekday_branch_operator to 2024-08-27T00:00:00+00:00, run_after=2024-08-28T00:00:00+00:00
[2024-08-28 14:42:08,380] {processor.py:161} INFO - Processing /home/kai/Documents/PROJETOS/twitter_extractor_airflow/venv/lib/python3.8/site-packages/airflow/example_dags/example_branch_day_of_week_operator.py took 0.047 seconds
[2024-08-28 14:42:43,055] {processor.py:153} INFO - Started process (PID=49377) to work on /home/kai/Documents/PROJETOS/twitter_extractor_airflow/venv/lib/python3.8/site-packages/airflow/example_dags/example_branch_day_of_week_operator.py
[2024-08-28 14:42:43,056] {processor.py:641} INFO - Processing file /home/kai/Documents/PROJETOS/twitter_extractor_airflow/venv/lib/python3.8/site-packages/airflow/example_dags/example_branch_day_of_week_operator.py for tasks to queue
[2024-08-28 14:42:43,056] {logging_mixin.py:115} INFO - [2024-08-28 14:42:43,056] {dagbag.py:507} INFO - Filling up the DagBag from /home/kai/Documents/PROJETOS/twitter_extractor_airflow/venv/lib/python3.8/site-packages/airflow/example_dags/example_branch_day_of_week_operator.py
[2024-08-28 14:42:43,063] {processor.py:651} INFO - DAG(s) dict_keys(['example_weekday_branch_operator']) retrieved from /home/kai/Documents/PROJETOS/twitter_extractor_airflow/venv/lib/python3.8/site-packages/airflow/example_dags/example_branch_day_of_week_operator.py
[2024-08-28 14:42:43,076] {logging_mixin.py:115} INFO - [2024-08-28 14:42:43,076] {dag.py:2379} INFO - Sync 1 DAGs
[2024-08-28 14:42:43,092] {logging_mixin.py:115} INFO - [2024-08-28 14:42:43,092] {dag.py:2927} INFO - Setting next_dagrun for example_weekday_branch_operator to 2024-08-27T00:00:00+00:00, run_after=2024-08-28T00:00:00+00:00
[2024-08-28 14:42:43,108] {processor.py:161} INFO - Processing /home/kai/Documents/PROJETOS/twitter_extractor_airflow/venv/lib/python3.8/site-packages/airflow/example_dags/example_branch_day_of_week_operator.py took 0.055 seconds
[2024-08-28 14:43:14,938] {processor.py:153} INFO - Started process (PID=49573) to work on /home/kai/Documents/PROJETOS/twitter_extractor_airflow/venv/lib/python3.8/site-packages/airflow/example_dags/example_branch_day_of_week_operator.py
[2024-08-28 14:43:14,938] {processor.py:641} INFO - Processing file /home/kai/Documents/PROJETOS/twitter_extractor_airflow/venv/lib/python3.8/site-packages/airflow/example_dags/example_branch_day_of_week_operator.py for tasks to queue
[2024-08-28 14:43:14,939] {logging_mixin.py:115} INFO - [2024-08-28 14:43:14,939] {dagbag.py:507} INFO - Filling up the DagBag from /home/kai/Documents/PROJETOS/twitter_extractor_airflow/venv/lib/python3.8/site-packages/airflow/example_dags/example_branch_day_of_week_operator.py
[2024-08-28 14:43:14,945] {processor.py:651} INFO - DAG(s) dict_keys(['example_weekday_branch_operator']) retrieved from /home/kai/Documents/PROJETOS/twitter_extractor_airflow/venv/lib/python3.8/site-packages/airflow/example_dags/example_branch_day_of_week_operator.py
[2024-08-28 14:43:14,958] {logging_mixin.py:115} INFO - [2024-08-28 14:43:14,958] {dag.py:2379} INFO - Sync 1 DAGs
[2024-08-28 14:43:14,973] {logging_mixin.py:115} INFO - [2024-08-28 14:43:14,973] {dag.py:2927} INFO - Setting next_dagrun for example_weekday_branch_operator to 2024-08-27T00:00:00+00:00, run_after=2024-08-28T00:00:00+00:00
[2024-08-28 14:43:14,986] {processor.py:161} INFO - Processing /home/kai/Documents/PROJETOS/twitter_extractor_airflow/venv/lib/python3.8/site-packages/airflow/example_dags/example_branch_day_of_week_operator.py took 0.050 seconds
[2024-08-28 14:43:48,463] {processor.py:153} INFO - Started process (PID=49773) to work on /home/kai/Documents/PROJETOS/twitter_extractor_airflow/venv/lib/python3.8/site-packages/airflow/example_dags/example_branch_day_of_week_operator.py
[2024-08-28 14:43:48,464] {processor.py:641} INFO - Processing file /home/kai/Documents/PROJETOS/twitter_extractor_airflow/venv/lib/python3.8/site-packages/airflow/example_dags/example_branch_day_of_week_operator.py for tasks to queue
[2024-08-28 14:43:48,464] {logging_mixin.py:115} INFO - [2024-08-28 14:43:48,464] {dagbag.py:507} INFO - Filling up the DagBag from /home/kai/Documents/PROJETOS/twitter_extractor_airflow/venv/lib/python3.8/site-packages/airflow/example_dags/example_branch_day_of_week_operator.py
[2024-08-28 14:43:48,471] {processor.py:651} INFO - DAG(s) dict_keys(['example_weekday_branch_operator']) retrieved from /home/kai/Documents/PROJETOS/twitter_extractor_airflow/venv/lib/python3.8/site-packages/airflow/example_dags/example_branch_day_of_week_operator.py
[2024-08-28 14:43:48,486] {logging_mixin.py:115} INFO - [2024-08-28 14:43:48,486] {dag.py:2379} INFO - Sync 1 DAGs
[2024-08-28 14:43:48,500] {logging_mixin.py:115} INFO - [2024-08-28 14:43:48,500] {dag.py:2927} INFO - Setting next_dagrun for example_weekday_branch_operator to 2024-08-27T00:00:00+00:00, run_after=2024-08-28T00:00:00+00:00
[2024-08-28 14:43:48,510] {processor.py:161} INFO - Processing /home/kai/Documents/PROJETOS/twitter_extractor_airflow/venv/lib/python3.8/site-packages/airflow/example_dags/example_branch_day_of_week_operator.py took 0.049 seconds
