[2024-08-28 13:42:34,324] {processor.py:153} INFO - Started process (PID=27365) to work on /home/kai/Documents/PROJETOS/twitter_extractor_airflow/venv/lib/python3.8/site-packages/airflow/example_dags/example_branch_python_dop_operator_3.py
[2024-08-28 13:42:34,325] {processor.py:641} INFO - Processing file /home/kai/Documents/PROJETOS/twitter_extractor_airflow/venv/lib/python3.8/site-packages/airflow/example_dags/example_branch_python_dop_operator_3.py for tasks to queue
[2024-08-28 13:42:34,326] {logging_mixin.py:115} INFO - [2024-08-28 13:42:34,325] {dagbag.py:507} INFO - Filling up the DagBag from /home/kai/Documents/PROJETOS/twitter_extractor_airflow/venv/lib/python3.8/site-packages/airflow/example_dags/example_branch_python_dop_operator_3.py
[2024-08-28 13:42:34,334] {processor.py:651} INFO - DAG(s) dict_keys(['example_branch_dop_operator_v3']) retrieved from /home/kai/Documents/PROJETOS/twitter_extractor_airflow/venv/lib/python3.8/site-packages/airflow/example_dags/example_branch_python_dop_operator_3.py
[2024-08-28 13:42:34,367] {logging_mixin.py:115} INFO - [2024-08-28 13:42:34,367] {dag.py:2379} INFO - Sync 1 DAGs
[2024-08-28 13:42:34,380] {logging_mixin.py:115} INFO - [2024-08-28 13:42:34,380] {dag.py:2927} INFO - Setting next_dagrun for example_branch_dop_operator_v3 to 2024-08-28T16:41:00+00:00, run_after=2024-08-28T16:42:00+00:00
[2024-08-28 13:42:34,389] {processor.py:161} INFO - Processing /home/kai/Documents/PROJETOS/twitter_extractor_airflow/venv/lib/python3.8/site-packages/airflow/example_dags/example_branch_python_dop_operator_3.py took 0.068 seconds
[2024-08-28 13:43:09,210] {processor.py:153} INFO - Started process (PID=27615) to work on /home/kai/Documents/PROJETOS/twitter_extractor_airflow/venv/lib/python3.8/site-packages/airflow/example_dags/example_branch_python_dop_operator_3.py
[2024-08-28 13:43:09,211] {processor.py:641} INFO - Processing file /home/kai/Documents/PROJETOS/twitter_extractor_airflow/venv/lib/python3.8/site-packages/airflow/example_dags/example_branch_python_dop_operator_3.py for tasks to queue
[2024-08-28 13:43:09,211] {logging_mixin.py:115} INFO - [2024-08-28 13:43:09,211] {dagbag.py:507} INFO - Filling up the DagBag from /home/kai/Documents/PROJETOS/twitter_extractor_airflow/venv/lib/python3.8/site-packages/airflow/example_dags/example_branch_python_dop_operator_3.py
[2024-08-28 13:43:09,220] {processor.py:651} INFO - DAG(s) dict_keys(['example_branch_dop_operator_v3']) retrieved from /home/kai/Documents/PROJETOS/twitter_extractor_airflow/venv/lib/python3.8/site-packages/airflow/example_dags/example_branch_python_dop_operator_3.py
[2024-08-28 13:43:09,232] {logging_mixin.py:115} INFO - [2024-08-28 13:43:09,231] {dag.py:2379} INFO - Sync 1 DAGs
[2024-08-28 13:43:09,247] {logging_mixin.py:115} INFO - [2024-08-28 13:43:09,247] {dag.py:2927} INFO - Setting next_dagrun for example_branch_dop_operator_v3 to 2024-08-28T16:42:00+00:00, run_after=2024-08-28T16:43:00+00:00
[2024-08-28 13:43:09,257] {processor.py:161} INFO - Processing /home/kai/Documents/PROJETOS/twitter_extractor_airflow/venv/lib/python3.8/site-packages/airflow/example_dags/example_branch_python_dop_operator_3.py took 0.049 seconds
[2024-08-28 13:43:43,558] {processor.py:153} INFO - Started process (PID=27811) to work on /home/kai/Documents/PROJETOS/twitter_extractor_airflow/venv/lib/python3.8/site-packages/airflow/example_dags/example_branch_python_dop_operator_3.py
[2024-08-28 13:43:43,558] {processor.py:641} INFO - Processing file /home/kai/Documents/PROJETOS/twitter_extractor_airflow/venv/lib/python3.8/site-packages/airflow/example_dags/example_branch_python_dop_operator_3.py for tasks to queue
[2024-08-28 13:43:43,559] {logging_mixin.py:115} INFO - [2024-08-28 13:43:43,559] {dagbag.py:507} INFO - Filling up the DagBag from /home/kai/Documents/PROJETOS/twitter_extractor_airflow/venv/lib/python3.8/site-packages/airflow/example_dags/example_branch_python_dop_operator_3.py
[2024-08-28 13:43:43,566] {processor.py:651} INFO - DAG(s) dict_keys(['example_branch_dop_operator_v3']) retrieved from /home/kai/Documents/PROJETOS/twitter_extractor_airflow/venv/lib/python3.8/site-packages/airflow/example_dags/example_branch_python_dop_operator_3.py
[2024-08-28 13:43:43,578] {logging_mixin.py:115} INFO - [2024-08-28 13:43:43,577] {dag.py:2379} INFO - Sync 1 DAGs
[2024-08-28 13:43:43,593] {logging_mixin.py:115} INFO - [2024-08-28 13:43:43,593] {dag.py:2927} INFO - Setting next_dagrun for example_branch_dop_operator_v3 to 2024-08-28T16:42:00+00:00, run_after=2024-08-28T16:43:00+00:00
[2024-08-28 13:43:43,603] {processor.py:161} INFO - Processing /home/kai/Documents/PROJETOS/twitter_extractor_airflow/venv/lib/python3.8/site-packages/airflow/example_dags/example_branch_python_dop_operator_3.py took 0.048 seconds
[2024-08-28 13:44:17,503] {processor.py:153} INFO - Started process (PID=28006) to work on /home/kai/Documents/PROJETOS/twitter_extractor_airflow/venv/lib/python3.8/site-packages/airflow/example_dags/example_branch_python_dop_operator_3.py
[2024-08-28 13:44:17,504] {processor.py:641} INFO - Processing file /home/kai/Documents/PROJETOS/twitter_extractor_airflow/venv/lib/python3.8/site-packages/airflow/example_dags/example_branch_python_dop_operator_3.py for tasks to queue
[2024-08-28 13:44:17,505] {logging_mixin.py:115} INFO - [2024-08-28 13:44:17,505] {dagbag.py:507} INFO - Filling up the DagBag from /home/kai/Documents/PROJETOS/twitter_extractor_airflow/venv/lib/python3.8/site-packages/airflow/example_dags/example_branch_python_dop_operator_3.py
[2024-08-28 13:44:17,512] {processor.py:651} INFO - DAG(s) dict_keys(['example_branch_dop_operator_v3']) retrieved from /home/kai/Documents/PROJETOS/twitter_extractor_airflow/venv/lib/python3.8/site-packages/airflow/example_dags/example_branch_python_dop_operator_3.py
[2024-08-28 13:44:17,524] {logging_mixin.py:115} INFO - [2024-08-28 13:44:17,524] {dag.py:2379} INFO - Sync 1 DAGs
[2024-08-28 13:44:17,540] {logging_mixin.py:115} INFO - [2024-08-28 13:44:17,540] {dag.py:2927} INFO - Setting next_dagrun for example_branch_dop_operator_v3 to 2024-08-28T16:43:00+00:00, run_after=2024-08-28T16:44:00+00:00
[2024-08-28 13:44:17,550] {processor.py:161} INFO - Processing /home/kai/Documents/PROJETOS/twitter_extractor_airflow/venv/lib/python3.8/site-packages/airflow/example_dags/example_branch_python_dop_operator_3.py took 0.050 seconds
[2024-08-28 13:44:49,159] {processor.py:153} INFO - Started process (PID=28195) to work on /home/kai/Documents/PROJETOS/twitter_extractor_airflow/venv/lib/python3.8/site-packages/airflow/example_dags/example_branch_python_dop_operator_3.py
[2024-08-28 13:44:49,160] {processor.py:641} INFO - Processing file /home/kai/Documents/PROJETOS/twitter_extractor_airflow/venv/lib/python3.8/site-packages/airflow/example_dags/example_branch_python_dop_operator_3.py for tasks to queue
[2024-08-28 13:44:49,161] {logging_mixin.py:115} INFO - [2024-08-28 13:44:49,161] {dagbag.py:507} INFO - Filling up the DagBag from /home/kai/Documents/PROJETOS/twitter_extractor_airflow/venv/lib/python3.8/site-packages/airflow/example_dags/example_branch_python_dop_operator_3.py
[2024-08-28 13:44:49,169] {processor.py:651} INFO - DAG(s) dict_keys(['example_branch_dop_operator_v3']) retrieved from /home/kai/Documents/PROJETOS/twitter_extractor_airflow/venv/lib/python3.8/site-packages/airflow/example_dags/example_branch_python_dop_operator_3.py
[2024-08-28 13:44:49,182] {logging_mixin.py:115} INFO - [2024-08-28 13:44:49,182] {dag.py:2379} INFO - Sync 1 DAGs
[2024-08-28 13:44:49,200] {logging_mixin.py:115} INFO - [2024-08-28 13:44:49,200] {dag.py:2927} INFO - Setting next_dagrun for example_branch_dop_operator_v3 to 2024-08-28T16:43:00+00:00, run_after=2024-08-28T16:44:00+00:00
[2024-08-28 13:44:49,212] {processor.py:161} INFO - Processing /home/kai/Documents/PROJETOS/twitter_extractor_airflow/venv/lib/python3.8/site-packages/airflow/example_dags/example_branch_python_dop_operator_3.py took 0.056 seconds
[2024-08-28 13:45:22,962] {processor.py:153} INFO - Started process (PID=28396) to work on /home/kai/Documents/PROJETOS/twitter_extractor_airflow/venv/lib/python3.8/site-packages/airflow/example_dags/example_branch_python_dop_operator_3.py
[2024-08-28 13:45:22,963] {processor.py:641} INFO - Processing file /home/kai/Documents/PROJETOS/twitter_extractor_airflow/venv/lib/python3.8/site-packages/airflow/example_dags/example_branch_python_dop_operator_3.py for tasks to queue
[2024-08-28 13:45:22,963] {logging_mixin.py:115} INFO - [2024-08-28 13:45:22,963] {dagbag.py:507} INFO - Filling up the DagBag from /home/kai/Documents/PROJETOS/twitter_extractor_airflow/venv/lib/python3.8/site-packages/airflow/example_dags/example_branch_python_dop_operator_3.py
[2024-08-28 13:45:22,972] {processor.py:651} INFO - DAG(s) dict_keys(['example_branch_dop_operator_v3']) retrieved from /home/kai/Documents/PROJETOS/twitter_extractor_airflow/venv/lib/python3.8/site-packages/airflow/example_dags/example_branch_python_dop_operator_3.py
[2024-08-28 13:45:22,985] {logging_mixin.py:115} INFO - [2024-08-28 13:45:22,984] {dag.py:2379} INFO - Sync 1 DAGs
[2024-08-28 13:45:23,002] {logging_mixin.py:115} INFO - [2024-08-28 13:45:23,002] {dag.py:2927} INFO - Setting next_dagrun for example_branch_dop_operator_v3 to 2024-08-28T16:44:00+00:00, run_after=2024-08-28T16:45:00+00:00
[2024-08-28 13:45:23,014] {processor.py:161} INFO - Processing /home/kai/Documents/PROJETOS/twitter_extractor_airflow/venv/lib/python3.8/site-packages/airflow/example_dags/example_branch_python_dop_operator_3.py took 0.054 seconds
[2024-08-28 13:45:56,063] {processor.py:153} INFO - Started process (PID=28593) to work on /home/kai/Documents/PROJETOS/twitter_extractor_airflow/venv/lib/python3.8/site-packages/airflow/example_dags/example_branch_python_dop_operator_3.py
[2024-08-28 13:45:56,064] {processor.py:641} INFO - Processing file /home/kai/Documents/PROJETOS/twitter_extractor_airflow/venv/lib/python3.8/site-packages/airflow/example_dags/example_branch_python_dop_operator_3.py for tasks to queue
[2024-08-28 13:45:56,065] {logging_mixin.py:115} INFO - [2024-08-28 13:45:56,065] {dagbag.py:507} INFO - Filling up the DagBag from /home/kai/Documents/PROJETOS/twitter_extractor_airflow/venv/lib/python3.8/site-packages/airflow/example_dags/example_branch_python_dop_operator_3.py
[2024-08-28 13:45:56,073] {processor.py:651} INFO - DAG(s) dict_keys(['example_branch_dop_operator_v3']) retrieved from /home/kai/Documents/PROJETOS/twitter_extractor_airflow/venv/lib/python3.8/site-packages/airflow/example_dags/example_branch_python_dop_operator_3.py
[2024-08-28 13:45:56,088] {logging_mixin.py:115} INFO - [2024-08-28 13:45:56,088] {dag.py:2379} INFO - Sync 1 DAGs
[2024-08-28 13:45:56,104] {logging_mixin.py:115} INFO - [2024-08-28 13:45:56,104] {dag.py:2927} INFO - Setting next_dagrun for example_branch_dop_operator_v3 to 2024-08-28T16:44:00+00:00, run_after=2024-08-28T16:45:00+00:00
[2024-08-28 13:45:56,116] {processor.py:161} INFO - Processing /home/kai/Documents/PROJETOS/twitter_extractor_airflow/venv/lib/python3.8/site-packages/airflow/example_dags/example_branch_python_dop_operator_3.py took 0.055 seconds
[2024-08-28 13:46:29,385] {processor.py:153} INFO - Started process (PID=28809) to work on /home/kai/Documents/PROJETOS/twitter_extractor_airflow/venv/lib/python3.8/site-packages/airflow/example_dags/example_branch_python_dop_operator_3.py
[2024-08-28 13:46:29,385] {processor.py:641} INFO - Processing file /home/kai/Documents/PROJETOS/twitter_extractor_airflow/venv/lib/python3.8/site-packages/airflow/example_dags/example_branch_python_dop_operator_3.py for tasks to queue
[2024-08-28 13:46:29,386] {logging_mixin.py:115} INFO - [2024-08-28 13:46:29,385] {dagbag.py:507} INFO - Filling up the DagBag from /home/kai/Documents/PROJETOS/twitter_extractor_airflow/venv/lib/python3.8/site-packages/airflow/example_dags/example_branch_python_dop_operator_3.py
[2024-08-28 13:46:29,393] {processor.py:651} INFO - DAG(s) dict_keys(['example_branch_dop_operator_v3']) retrieved from /home/kai/Documents/PROJETOS/twitter_extractor_airflow/venv/lib/python3.8/site-packages/airflow/example_dags/example_branch_python_dop_operator_3.py
[2024-08-28 13:46:29,405] {logging_mixin.py:115} INFO - [2024-08-28 13:46:29,405] {dag.py:2379} INFO - Sync 1 DAGs
[2024-08-28 13:46:29,420] {logging_mixin.py:115} INFO - [2024-08-28 13:46:29,420] {dag.py:2927} INFO - Setting next_dagrun for example_branch_dop_operator_v3 to 2024-08-28T16:45:00+00:00, run_after=2024-08-28T16:46:00+00:00
[2024-08-28 13:46:29,431] {processor.py:161} INFO - Processing /home/kai/Documents/PROJETOS/twitter_extractor_airflow/venv/lib/python3.8/site-packages/airflow/example_dags/example_branch_python_dop_operator_3.py took 0.049 seconds
[2024-08-28 13:47:05,682] {processor.py:153} INFO - Started process (PID=29649) to work on /home/kai/Documents/PROJETOS/twitter_extractor_airflow/venv/lib/python3.8/site-packages/airflow/example_dags/example_branch_python_dop_operator_3.py
[2024-08-28 13:47:05,683] {processor.py:641} INFO - Processing file /home/kai/Documents/PROJETOS/twitter_extractor_airflow/venv/lib/python3.8/site-packages/airflow/example_dags/example_branch_python_dop_operator_3.py for tasks to queue
[2024-08-28 13:47:05,683] {logging_mixin.py:115} INFO - [2024-08-28 13:47:05,683] {dagbag.py:507} INFO - Filling up the DagBag from /home/kai/Documents/PROJETOS/twitter_extractor_airflow/venv/lib/python3.8/site-packages/airflow/example_dags/example_branch_python_dop_operator_3.py
[2024-08-28 13:47:05,691] {processor.py:651} INFO - DAG(s) dict_keys(['example_branch_dop_operator_v3']) retrieved from /home/kai/Documents/PROJETOS/twitter_extractor_airflow/venv/lib/python3.8/site-packages/airflow/example_dags/example_branch_python_dop_operator_3.py
[2024-08-28 13:47:05,705] {logging_mixin.py:115} INFO - [2024-08-28 13:47:05,705] {dag.py:2379} INFO - Sync 1 DAGs
[2024-08-28 13:47:05,720] {logging_mixin.py:115} INFO - [2024-08-28 13:47:05,720] {dag.py:2927} INFO - Setting next_dagrun for example_branch_dop_operator_v3 to 2024-08-28T16:46:00+00:00, run_after=2024-08-28T16:47:00+00:00
[2024-08-28 13:47:05,732] {processor.py:161} INFO - Processing /home/kai/Documents/PROJETOS/twitter_extractor_airflow/venv/lib/python3.8/site-packages/airflow/example_dags/example_branch_python_dop_operator_3.py took 0.052 seconds
[2024-08-28 13:47:38,960] {processor.py:153} INFO - Started process (PID=29956) to work on /home/kai/Documents/PROJETOS/twitter_extractor_airflow/venv/lib/python3.8/site-packages/airflow/example_dags/example_branch_python_dop_operator_3.py
[2024-08-28 13:47:38,960] {processor.py:641} INFO - Processing file /home/kai/Documents/PROJETOS/twitter_extractor_airflow/venv/lib/python3.8/site-packages/airflow/example_dags/example_branch_python_dop_operator_3.py for tasks to queue
[2024-08-28 13:47:38,961] {logging_mixin.py:115} INFO - [2024-08-28 13:47:38,961] {dagbag.py:507} INFO - Filling up the DagBag from /home/kai/Documents/PROJETOS/twitter_extractor_airflow/venv/lib/python3.8/site-packages/airflow/example_dags/example_branch_python_dop_operator_3.py
[2024-08-28 13:47:38,969] {processor.py:651} INFO - DAG(s) dict_keys(['example_branch_dop_operator_v3']) retrieved from /home/kai/Documents/PROJETOS/twitter_extractor_airflow/venv/lib/python3.8/site-packages/airflow/example_dags/example_branch_python_dop_operator_3.py
[2024-08-28 13:47:38,982] {logging_mixin.py:115} INFO - [2024-08-28 13:47:38,982] {dag.py:2379} INFO - Sync 1 DAGs
[2024-08-28 13:47:39,001] {logging_mixin.py:115} INFO - [2024-08-28 13:47:39,000] {dag.py:2927} INFO - Setting next_dagrun for example_branch_dop_operator_v3 to 2024-08-28T16:46:00+00:00, run_after=2024-08-28T16:47:00+00:00
[2024-08-28 13:47:39,011] {processor.py:161} INFO - Processing /home/kai/Documents/PROJETOS/twitter_extractor_airflow/venv/lib/python3.8/site-packages/airflow/example_dags/example_branch_python_dop_operator_3.py took 0.054 seconds
[2024-08-28 13:48:13,681] {processor.py:153} INFO - Started process (PID=30199) to work on /home/kai/Documents/PROJETOS/twitter_extractor_airflow/venv/lib/python3.8/site-packages/airflow/example_dags/example_branch_python_dop_operator_3.py
[2024-08-28 13:48:13,682] {processor.py:641} INFO - Processing file /home/kai/Documents/PROJETOS/twitter_extractor_airflow/venv/lib/python3.8/site-packages/airflow/example_dags/example_branch_python_dop_operator_3.py for tasks to queue
[2024-08-28 13:48:13,682] {logging_mixin.py:115} INFO - [2024-08-28 13:48:13,682] {dagbag.py:507} INFO - Filling up the DagBag from /home/kai/Documents/PROJETOS/twitter_extractor_airflow/venv/lib/python3.8/site-packages/airflow/example_dags/example_branch_python_dop_operator_3.py
[2024-08-28 13:48:13,690] {processor.py:651} INFO - DAG(s) dict_keys(['example_branch_dop_operator_v3']) retrieved from /home/kai/Documents/PROJETOS/twitter_extractor_airflow/venv/lib/python3.8/site-packages/airflow/example_dags/example_branch_python_dop_operator_3.py
[2024-08-28 13:48:13,702] {logging_mixin.py:115} INFO - [2024-08-28 13:48:13,702] {dag.py:2379} INFO - Sync 1 DAGs
[2024-08-28 13:48:13,720] {logging_mixin.py:115} INFO - [2024-08-28 13:48:13,720] {dag.py:2927} INFO - Setting next_dagrun for example_branch_dop_operator_v3 to 2024-08-28T16:47:00+00:00, run_after=2024-08-28T16:48:00+00:00
[2024-08-28 13:48:13,728] {processor.py:161} INFO - Processing /home/kai/Documents/PROJETOS/twitter_extractor_airflow/venv/lib/python3.8/site-packages/airflow/example_dags/example_branch_python_dop_operator_3.py took 0.050 seconds
[2024-08-28 13:48:48,599] {processor.py:153} INFO - Started process (PID=30434) to work on /home/kai/Documents/PROJETOS/twitter_extractor_airflow/venv/lib/python3.8/site-packages/airflow/example_dags/example_branch_python_dop_operator_3.py
[2024-08-28 13:48:48,600] {processor.py:641} INFO - Processing file /home/kai/Documents/PROJETOS/twitter_extractor_airflow/venv/lib/python3.8/site-packages/airflow/example_dags/example_branch_python_dop_operator_3.py for tasks to queue
[2024-08-28 13:48:48,600] {logging_mixin.py:115} INFO - [2024-08-28 13:48:48,600] {dagbag.py:507} INFO - Filling up the DagBag from /home/kai/Documents/PROJETOS/twitter_extractor_airflow/venv/lib/python3.8/site-packages/airflow/example_dags/example_branch_python_dop_operator_3.py
[2024-08-28 13:48:48,608] {processor.py:651} INFO - DAG(s) dict_keys(['example_branch_dop_operator_v3']) retrieved from /home/kai/Documents/PROJETOS/twitter_extractor_airflow/venv/lib/python3.8/site-packages/airflow/example_dags/example_branch_python_dop_operator_3.py
[2024-08-28 13:48:48,621] {logging_mixin.py:115} INFO - [2024-08-28 13:48:48,621] {dag.py:2379} INFO - Sync 1 DAGs
[2024-08-28 13:48:48,643] {logging_mixin.py:115} INFO - [2024-08-28 13:48:48,642] {dag.py:2927} INFO - Setting next_dagrun for example_branch_dop_operator_v3 to 2024-08-28T16:47:00+00:00, run_after=2024-08-28T16:48:00+00:00
[2024-08-28 13:48:48,652] {processor.py:161} INFO - Processing /home/kai/Documents/PROJETOS/twitter_extractor_airflow/venv/lib/python3.8/site-packages/airflow/example_dags/example_branch_python_dop_operator_3.py took 0.056 seconds
[2024-08-28 13:49:21,973] {processor.py:153} INFO - Started process (PID=30626) to work on /home/kai/Documents/PROJETOS/twitter_extractor_airflow/venv/lib/python3.8/site-packages/airflow/example_dags/example_branch_python_dop_operator_3.py
[2024-08-28 13:49:21,973] {processor.py:641} INFO - Processing file /home/kai/Documents/PROJETOS/twitter_extractor_airflow/venv/lib/python3.8/site-packages/airflow/example_dags/example_branch_python_dop_operator_3.py for tasks to queue
[2024-08-28 13:49:21,974] {logging_mixin.py:115} INFO - [2024-08-28 13:49:21,974] {dagbag.py:507} INFO - Filling up the DagBag from /home/kai/Documents/PROJETOS/twitter_extractor_airflow/venv/lib/python3.8/site-packages/airflow/example_dags/example_branch_python_dop_operator_3.py
[2024-08-28 13:49:21,981] {processor.py:651} INFO - DAG(s) dict_keys(['example_branch_dop_operator_v3']) retrieved from /home/kai/Documents/PROJETOS/twitter_extractor_airflow/venv/lib/python3.8/site-packages/airflow/example_dags/example_branch_python_dop_operator_3.py
[2024-08-28 13:49:21,997] {logging_mixin.py:115} INFO - [2024-08-28 13:49:21,997] {dag.py:2379} INFO - Sync 1 DAGs
[2024-08-28 13:49:22,016] {logging_mixin.py:115} INFO - [2024-08-28 13:49:22,016] {dag.py:2927} INFO - Setting next_dagrun for example_branch_dop_operator_v3 to 2024-08-28T16:48:00+00:00, run_after=2024-08-28T16:49:00+00:00
[2024-08-28 13:49:22,029] {processor.py:161} INFO - Processing /home/kai/Documents/PROJETOS/twitter_extractor_airflow/venv/lib/python3.8/site-packages/airflow/example_dags/example_branch_python_dop_operator_3.py took 0.059 seconds
[2024-08-28 13:49:53,752] {processor.py:153} INFO - Started process (PID=30854) to work on /home/kai/Documents/PROJETOS/twitter_extractor_airflow/venv/lib/python3.8/site-packages/airflow/example_dags/example_branch_python_dop_operator_3.py
[2024-08-28 13:49:53,753] {processor.py:641} INFO - Processing file /home/kai/Documents/PROJETOS/twitter_extractor_airflow/venv/lib/python3.8/site-packages/airflow/example_dags/example_branch_python_dop_operator_3.py for tasks to queue
[2024-08-28 13:49:53,753] {logging_mixin.py:115} INFO - [2024-08-28 13:49:53,753] {dagbag.py:507} INFO - Filling up the DagBag from /home/kai/Documents/PROJETOS/twitter_extractor_airflow/venv/lib/python3.8/site-packages/airflow/example_dags/example_branch_python_dop_operator_3.py
[2024-08-28 13:49:53,760] {processor.py:651} INFO - DAG(s) dict_keys(['example_branch_dop_operator_v3']) retrieved from /home/kai/Documents/PROJETOS/twitter_extractor_airflow/venv/lib/python3.8/site-packages/airflow/example_dags/example_branch_python_dop_operator_3.py
[2024-08-28 13:49:53,773] {logging_mixin.py:115} INFO - [2024-08-28 13:49:53,773] {dag.py:2379} INFO - Sync 1 DAGs
[2024-08-28 13:49:53,791] {logging_mixin.py:115} INFO - [2024-08-28 13:49:53,791] {dag.py:2927} INFO - Setting next_dagrun for example_branch_dop_operator_v3 to 2024-08-28T16:48:00+00:00, run_after=2024-08-28T16:49:00+00:00
[2024-08-28 13:49:53,800] {processor.py:161} INFO - Processing /home/kai/Documents/PROJETOS/twitter_extractor_airflow/venv/lib/python3.8/site-packages/airflow/example_dags/example_branch_python_dop_operator_3.py took 0.050 seconds
[2024-08-28 13:50:26,220] {processor.py:153} INFO - Started process (PID=31065) to work on /home/kai/Documents/PROJETOS/twitter_extractor_airflow/venv/lib/python3.8/site-packages/airflow/example_dags/example_branch_python_dop_operator_3.py
[2024-08-28 13:50:26,221] {processor.py:641} INFO - Processing file /home/kai/Documents/PROJETOS/twitter_extractor_airflow/venv/lib/python3.8/site-packages/airflow/example_dags/example_branch_python_dop_operator_3.py for tasks to queue
[2024-08-28 13:50:26,221] {logging_mixin.py:115} INFO - [2024-08-28 13:50:26,221] {dagbag.py:507} INFO - Filling up the DagBag from /home/kai/Documents/PROJETOS/twitter_extractor_airflow/venv/lib/python3.8/site-packages/airflow/example_dags/example_branch_python_dop_operator_3.py
[2024-08-28 13:50:26,229] {processor.py:651} INFO - DAG(s) dict_keys(['example_branch_dop_operator_v3']) retrieved from /home/kai/Documents/PROJETOS/twitter_extractor_airflow/venv/lib/python3.8/site-packages/airflow/example_dags/example_branch_python_dop_operator_3.py
[2024-08-28 13:50:26,241] {logging_mixin.py:115} INFO - [2024-08-28 13:50:26,241] {dag.py:2379} INFO - Sync 1 DAGs
[2024-08-28 13:50:26,258] {logging_mixin.py:115} INFO - [2024-08-28 13:50:26,258] {dag.py:2927} INFO - Setting next_dagrun for example_branch_dop_operator_v3 to 2024-08-28T16:49:00+00:00, run_after=2024-08-28T16:50:00+00:00
[2024-08-28 13:50:26,267] {processor.py:161} INFO - Processing /home/kai/Documents/PROJETOS/twitter_extractor_airflow/venv/lib/python3.8/site-packages/airflow/example_dags/example_branch_python_dop_operator_3.py took 0.050 seconds
[2024-08-28 13:50:59,451] {processor.py:153} INFO - Started process (PID=31272) to work on /home/kai/Documents/PROJETOS/twitter_extractor_airflow/venv/lib/python3.8/site-packages/airflow/example_dags/example_branch_python_dop_operator_3.py
[2024-08-28 13:50:59,452] {processor.py:641} INFO - Processing file /home/kai/Documents/PROJETOS/twitter_extractor_airflow/venv/lib/python3.8/site-packages/airflow/example_dags/example_branch_python_dop_operator_3.py for tasks to queue
[2024-08-28 13:50:59,452] {logging_mixin.py:115} INFO - [2024-08-28 13:50:59,452] {dagbag.py:507} INFO - Filling up the DagBag from /home/kai/Documents/PROJETOS/twitter_extractor_airflow/venv/lib/python3.8/site-packages/airflow/example_dags/example_branch_python_dop_operator_3.py
[2024-08-28 13:50:59,460] {processor.py:651} INFO - DAG(s) dict_keys(['example_branch_dop_operator_v3']) retrieved from /home/kai/Documents/PROJETOS/twitter_extractor_airflow/venv/lib/python3.8/site-packages/airflow/example_dags/example_branch_python_dop_operator_3.py
[2024-08-28 13:50:59,473] {logging_mixin.py:115} INFO - [2024-08-28 13:50:59,473] {dag.py:2379} INFO - Sync 1 DAGs
[2024-08-28 13:50:59,492] {logging_mixin.py:115} INFO - [2024-08-28 13:50:59,492] {dag.py:2927} INFO - Setting next_dagrun for example_branch_dop_operator_v3 to 2024-08-28T16:49:00+00:00, run_after=2024-08-28T16:50:00+00:00
[2024-08-28 13:50:59,501] {processor.py:161} INFO - Processing /home/kai/Documents/PROJETOS/twitter_extractor_airflow/venv/lib/python3.8/site-packages/airflow/example_dags/example_branch_python_dop_operator_3.py took 0.053 seconds
[2024-08-28 13:51:36,228] {processor.py:153} INFO - Started process (PID=31494) to work on /home/kai/Documents/PROJETOS/twitter_extractor_airflow/venv/lib/python3.8/site-packages/airflow/example_dags/example_branch_python_dop_operator_3.py
[2024-08-28 13:51:36,229] {processor.py:641} INFO - Processing file /home/kai/Documents/PROJETOS/twitter_extractor_airflow/venv/lib/python3.8/site-packages/airflow/example_dags/example_branch_python_dop_operator_3.py for tasks to queue
[2024-08-28 13:51:36,229] {logging_mixin.py:115} INFO - [2024-08-28 13:51:36,229] {dagbag.py:507} INFO - Filling up the DagBag from /home/kai/Documents/PROJETOS/twitter_extractor_airflow/venv/lib/python3.8/site-packages/airflow/example_dags/example_branch_python_dop_operator_3.py
[2024-08-28 13:51:36,238] {processor.py:651} INFO - DAG(s) dict_keys(['example_branch_dop_operator_v3']) retrieved from /home/kai/Documents/PROJETOS/twitter_extractor_airflow/venv/lib/python3.8/site-packages/airflow/example_dags/example_branch_python_dop_operator_3.py
[2024-08-28 13:51:36,253] {logging_mixin.py:115} INFO - [2024-08-28 13:51:36,252] {dag.py:2379} INFO - Sync 1 DAGs
[2024-08-28 13:51:36,272] {logging_mixin.py:115} INFO - [2024-08-28 13:51:36,272] {dag.py:2927} INFO - Setting next_dagrun for example_branch_dop_operator_v3 to 2024-08-28T16:50:00+00:00, run_after=2024-08-28T16:51:00+00:00
[2024-08-28 13:51:36,283] {processor.py:161} INFO - Processing /home/kai/Documents/PROJETOS/twitter_extractor_airflow/venv/lib/python3.8/site-packages/airflow/example_dags/example_branch_python_dop_operator_3.py took 0.057 seconds
[2024-08-28 13:52:08,409] {processor.py:153} INFO - Started process (PID=31908) to work on /home/kai/Documents/PROJETOS/twitter_extractor_airflow/venv/lib/python3.8/site-packages/airflow/example_dags/example_branch_python_dop_operator_3.py
[2024-08-28 13:52:08,410] {processor.py:641} INFO - Processing file /home/kai/Documents/PROJETOS/twitter_extractor_airflow/venv/lib/python3.8/site-packages/airflow/example_dags/example_branch_python_dop_operator_3.py for tasks to queue
[2024-08-28 13:52:08,411] {logging_mixin.py:115} INFO - [2024-08-28 13:52:08,410] {dagbag.py:507} INFO - Filling up the DagBag from /home/kai/Documents/PROJETOS/twitter_extractor_airflow/venv/lib/python3.8/site-packages/airflow/example_dags/example_branch_python_dop_operator_3.py
[2024-08-28 13:52:08,419] {processor.py:651} INFO - DAG(s) dict_keys(['example_branch_dop_operator_v3']) retrieved from /home/kai/Documents/PROJETOS/twitter_extractor_airflow/venv/lib/python3.8/site-packages/airflow/example_dags/example_branch_python_dop_operator_3.py
[2024-08-28 13:52:08,474] {logging_mixin.py:115} INFO - [2024-08-28 13:52:08,474] {dag.py:2379} INFO - Sync 1 DAGs
[2024-08-28 13:52:08,482] {logging_mixin.py:115} INFO - [2024-08-28 13:52:08,482] {dag.py:2398} INFO - Creating ORM DAG for example_branch_dop_operator_v3
[2024-08-28 13:52:08,496] {logging_mixin.py:115} INFO - [2024-08-28 13:52:08,496] {dag.py:2927} INFO - Setting next_dagrun for example_branch_dop_operator_v3 to 2024-08-28T16:51:00+00:00, run_after=2024-08-28T16:52:00+00:00
[2024-08-28 13:52:08,517] {processor.py:161} INFO - Processing /home/kai/Documents/PROJETOS/twitter_extractor_airflow/venv/lib/python3.8/site-packages/airflow/example_dags/example_branch_python_dop_operator_3.py took 0.110 seconds
[2024-08-28 13:52:42,561] {processor.py:153} INFO - Started process (PID=32416) to work on /home/kai/Documents/PROJETOS/twitter_extractor_airflow/venv/lib/python3.8/site-packages/airflow/example_dags/example_branch_python_dop_operator_3.py
[2024-08-28 13:52:42,562] {processor.py:641} INFO - Processing file /home/kai/Documents/PROJETOS/twitter_extractor_airflow/venv/lib/python3.8/site-packages/airflow/example_dags/example_branch_python_dop_operator_3.py for tasks to queue
[2024-08-28 13:52:42,562] {logging_mixin.py:115} INFO - [2024-08-28 13:52:42,562] {dagbag.py:507} INFO - Filling up the DagBag from /home/kai/Documents/PROJETOS/twitter_extractor_airflow/venv/lib/python3.8/site-packages/airflow/example_dags/example_branch_python_dop_operator_3.py
[2024-08-28 13:52:42,572] {processor.py:651} INFO - DAG(s) dict_keys(['example_branch_dop_operator_v3']) retrieved from /home/kai/Documents/PROJETOS/twitter_extractor_airflow/venv/lib/python3.8/site-packages/airflow/example_dags/example_branch_python_dop_operator_3.py
[2024-08-28 13:52:42,618] {logging_mixin.py:115} INFO - [2024-08-28 13:52:42,618] {dag.py:2379} INFO - Sync 1 DAGs
[2024-08-28 13:52:42,626] {logging_mixin.py:115} INFO - [2024-08-28 13:52:42,626] {dag.py:2398} INFO - Creating ORM DAG for example_branch_dop_operator_v3
[2024-08-28 13:52:42,636] {logging_mixin.py:115} INFO - [2024-08-28 13:52:42,636] {dag.py:2927} INFO - Setting next_dagrun for example_branch_dop_operator_v3 to 2024-08-28T16:51:00+00:00, run_after=2024-08-28T16:52:00+00:00
[2024-08-28 13:52:42,648] {processor.py:161} INFO - Processing /home/kai/Documents/PROJETOS/twitter_extractor_airflow/venv/lib/python3.8/site-packages/airflow/example_dags/example_branch_python_dop_operator_3.py took 0.089 seconds
[2024-08-28 13:53:17,631] {processor.py:153} INFO - Started process (PID=32879) to work on /home/kai/Documents/PROJETOS/twitter_extractor_airflow/venv/lib/python3.8/site-packages/airflow/example_dags/example_branch_python_dop_operator_3.py
[2024-08-28 13:53:17,632] {processor.py:641} INFO - Processing file /home/kai/Documents/PROJETOS/twitter_extractor_airflow/venv/lib/python3.8/site-packages/airflow/example_dags/example_branch_python_dop_operator_3.py for tasks to queue
[2024-08-28 13:53:17,633] {logging_mixin.py:115} INFO - [2024-08-28 13:53:17,632] {dagbag.py:507} INFO - Filling up the DagBag from /home/kai/Documents/PROJETOS/twitter_extractor_airflow/venv/lib/python3.8/site-packages/airflow/example_dags/example_branch_python_dop_operator_3.py
[2024-08-28 13:53:17,645] {processor.py:651} INFO - DAG(s) dict_keys(['example_branch_dop_operator_v3']) retrieved from /home/kai/Documents/PROJETOS/twitter_extractor_airflow/venv/lib/python3.8/site-packages/airflow/example_dags/example_branch_python_dop_operator_3.py
[2024-08-28 13:53:17,692] {logging_mixin.py:115} INFO - [2024-08-28 13:53:17,692] {dag.py:2379} INFO - Sync 1 DAGs
[2024-08-28 13:53:17,698] {logging_mixin.py:115} INFO - [2024-08-28 13:53:17,698] {dag.py:2398} INFO - Creating ORM DAG for example_branch_dop_operator_v3
[2024-08-28 13:53:17,713] {logging_mixin.py:115} INFO - [2024-08-28 13:53:17,712] {dag.py:2927} INFO - Setting next_dagrun for example_branch_dop_operator_v3 to 2024-08-28T16:52:00+00:00, run_after=2024-08-28T16:53:00+00:00
[2024-08-28 13:53:17,732] {processor.py:161} INFO - Processing /home/kai/Documents/PROJETOS/twitter_extractor_airflow/venv/lib/python3.8/site-packages/airflow/example_dags/example_branch_python_dop_operator_3.py took 0.103 seconds
[2024-08-28 13:53:52,830] {processor.py:153} INFO - Started process (PID=33089) to work on /home/kai/Documents/PROJETOS/twitter_extractor_airflow/venv/lib/python3.8/site-packages/airflow/example_dags/example_branch_python_dop_operator_3.py
[2024-08-28 13:53:52,832] {processor.py:641} INFO - Processing file /home/kai/Documents/PROJETOS/twitter_extractor_airflow/venv/lib/python3.8/site-packages/airflow/example_dags/example_branch_python_dop_operator_3.py for tasks to queue
[2024-08-28 13:53:52,833] {logging_mixin.py:115} INFO - [2024-08-28 13:53:52,832] {dagbag.py:507} INFO - Filling up the DagBag from /home/kai/Documents/PROJETOS/twitter_extractor_airflow/venv/lib/python3.8/site-packages/airflow/example_dags/example_branch_python_dop_operator_3.py
[2024-08-28 13:53:52,843] {processor.py:651} INFO - DAG(s) dict_keys(['example_branch_dop_operator_v3']) retrieved from /home/kai/Documents/PROJETOS/twitter_extractor_airflow/venv/lib/python3.8/site-packages/airflow/example_dags/example_branch_python_dop_operator_3.py
[2024-08-28 13:53:52,858] {logging_mixin.py:115} INFO - [2024-08-28 13:53:52,858] {dag.py:2379} INFO - Sync 1 DAGs
[2024-08-28 13:53:52,880] {logging_mixin.py:115} INFO - [2024-08-28 13:53:52,880] {dag.py:2927} INFO - Setting next_dagrun for example_branch_dop_operator_v3 to 2024-08-28T16:52:00+00:00, run_after=2024-08-28T16:53:00+00:00
[2024-08-28 13:53:52,897] {processor.py:161} INFO - Processing /home/kai/Documents/PROJETOS/twitter_extractor_airflow/venv/lib/python3.8/site-packages/airflow/example_dags/example_branch_python_dop_operator_3.py took 0.071 seconds
[2024-08-28 13:54:24,896] {processor.py:153} INFO - Started process (PID=33266) to work on /home/kai/Documents/PROJETOS/twitter_extractor_airflow/venv/lib/python3.8/site-packages/airflow/example_dags/example_branch_python_dop_operator_3.py
[2024-08-28 13:54:24,896] {processor.py:641} INFO - Processing file /home/kai/Documents/PROJETOS/twitter_extractor_airflow/venv/lib/python3.8/site-packages/airflow/example_dags/example_branch_python_dop_operator_3.py for tasks to queue
[2024-08-28 13:54:24,897] {logging_mixin.py:115} INFO - [2024-08-28 13:54:24,897] {dagbag.py:507} INFO - Filling up the DagBag from /home/kai/Documents/PROJETOS/twitter_extractor_airflow/venv/lib/python3.8/site-packages/airflow/example_dags/example_branch_python_dop_operator_3.py
[2024-08-28 13:54:24,907] {processor.py:651} INFO - DAG(s) dict_keys(['example_branch_dop_operator_v3']) retrieved from /home/kai/Documents/PROJETOS/twitter_extractor_airflow/venv/lib/python3.8/site-packages/airflow/example_dags/example_branch_python_dop_operator_3.py
[2024-08-28 13:54:24,923] {logging_mixin.py:115} INFO - [2024-08-28 13:54:24,923] {dag.py:2379} INFO - Sync 1 DAGs
[2024-08-28 13:54:24,949] {logging_mixin.py:115} INFO - [2024-08-28 13:54:24,948] {dag.py:2927} INFO - Setting next_dagrun for example_branch_dop_operator_v3 to 2024-08-28T16:53:00+00:00, run_after=2024-08-28T16:54:00+00:00
[2024-08-28 13:54:24,959] {processor.py:161} INFO - Processing /home/kai/Documents/PROJETOS/twitter_extractor_airflow/venv/lib/python3.8/site-packages/airflow/example_dags/example_branch_python_dop_operator_3.py took 0.067 seconds
[2024-08-28 13:54:57,478] {processor.py:153} INFO - Started process (PID=33681) to work on /home/kai/Documents/PROJETOS/twitter_extractor_airflow/venv/lib/python3.8/site-packages/airflow/example_dags/example_branch_python_dop_operator_3.py
[2024-08-28 13:54:57,479] {processor.py:641} INFO - Processing file /home/kai/Documents/PROJETOS/twitter_extractor_airflow/venv/lib/python3.8/site-packages/airflow/example_dags/example_branch_python_dop_operator_3.py for tasks to queue
[2024-08-28 13:54:57,479] {logging_mixin.py:115} INFO - [2024-08-28 13:54:57,479] {dagbag.py:507} INFO - Filling up the DagBag from /home/kai/Documents/PROJETOS/twitter_extractor_airflow/venv/lib/python3.8/site-packages/airflow/example_dags/example_branch_python_dop_operator_3.py
[2024-08-28 13:54:57,487] {processor.py:651} INFO - DAG(s) dict_keys(['example_branch_dop_operator_v3']) retrieved from /home/kai/Documents/PROJETOS/twitter_extractor_airflow/venv/lib/python3.8/site-packages/airflow/example_dags/example_branch_python_dop_operator_3.py
[2024-08-28 13:54:57,502] {logging_mixin.py:115} INFO - [2024-08-28 13:54:57,501] {dag.py:2379} INFO - Sync 1 DAGs
[2024-08-28 13:54:57,520] {logging_mixin.py:115} INFO - [2024-08-28 13:54:57,520] {dag.py:2927} INFO - Setting next_dagrun for example_branch_dop_operator_v3 to 2024-08-28T16:53:00+00:00, run_after=2024-08-28T16:54:00+00:00
[2024-08-28 13:54:57,530] {processor.py:161} INFO - Processing /home/kai/Documents/PROJETOS/twitter_extractor_airflow/venv/lib/python3.8/site-packages/airflow/example_dags/example_branch_python_dop_operator_3.py took 0.054 seconds
[2024-08-28 13:55:31,399] {processor.py:153} INFO - Started process (PID=33936) to work on /home/kai/Documents/PROJETOS/twitter_extractor_airflow/venv/lib/python3.8/site-packages/airflow/example_dags/example_branch_python_dop_operator_3.py
[2024-08-28 13:55:31,400] {processor.py:641} INFO - Processing file /home/kai/Documents/PROJETOS/twitter_extractor_airflow/venv/lib/python3.8/site-packages/airflow/example_dags/example_branch_python_dop_operator_3.py for tasks to queue
[2024-08-28 13:55:31,401] {logging_mixin.py:115} INFO - [2024-08-28 13:55:31,401] {dagbag.py:507} INFO - Filling up the DagBag from /home/kai/Documents/PROJETOS/twitter_extractor_airflow/venv/lib/python3.8/site-packages/airflow/example_dags/example_branch_python_dop_operator_3.py
[2024-08-28 13:55:31,414] {processor.py:651} INFO - DAG(s) dict_keys(['example_branch_dop_operator_v3']) retrieved from /home/kai/Documents/PROJETOS/twitter_extractor_airflow/venv/lib/python3.8/site-packages/airflow/example_dags/example_branch_python_dop_operator_3.py
[2024-08-28 13:55:31,430] {logging_mixin.py:115} INFO - [2024-08-28 13:55:31,430] {dag.py:2379} INFO - Sync 1 DAGs
[2024-08-28 13:55:31,461] {logging_mixin.py:115} INFO - [2024-08-28 13:55:31,461] {dag.py:2927} INFO - Setting next_dagrun for example_branch_dop_operator_v3 to 2024-08-28T16:54:00+00:00, run_after=2024-08-28T16:55:00+00:00
[2024-08-28 13:55:31,470] {processor.py:161} INFO - Processing /home/kai/Documents/PROJETOS/twitter_extractor_airflow/venv/lib/python3.8/site-packages/airflow/example_dags/example_branch_python_dop_operator_3.py took 0.078 seconds
[2024-08-28 13:56:04,593] {processor.py:153} INFO - Started process (PID=34138) to work on /home/kai/Documents/PROJETOS/twitter_extractor_airflow/venv/lib/python3.8/site-packages/airflow/example_dags/example_branch_python_dop_operator_3.py
[2024-08-28 13:56:04,594] {processor.py:641} INFO - Processing file /home/kai/Documents/PROJETOS/twitter_extractor_airflow/venv/lib/python3.8/site-packages/airflow/example_dags/example_branch_python_dop_operator_3.py for tasks to queue
[2024-08-28 13:56:04,595] {logging_mixin.py:115} INFO - [2024-08-28 13:56:04,595] {dagbag.py:507} INFO - Filling up the DagBag from /home/kai/Documents/PROJETOS/twitter_extractor_airflow/venv/lib/python3.8/site-packages/airflow/example_dags/example_branch_python_dop_operator_3.py
[2024-08-28 13:56:04,606] {processor.py:651} INFO - DAG(s) dict_keys(['example_branch_dop_operator_v3']) retrieved from /home/kai/Documents/PROJETOS/twitter_extractor_airflow/venv/lib/python3.8/site-packages/airflow/example_dags/example_branch_python_dop_operator_3.py
[2024-08-28 13:56:04,622] {logging_mixin.py:115} INFO - [2024-08-28 13:56:04,622] {dag.py:2379} INFO - Sync 1 DAGs
[2024-08-28 13:56:04,644] {logging_mixin.py:115} INFO - [2024-08-28 13:56:04,644] {dag.py:2927} INFO - Setting next_dagrun for example_branch_dop_operator_v3 to 2024-08-28T16:55:00+00:00, run_after=2024-08-28T16:56:00+00:00
[2024-08-28 13:56:04,656] {processor.py:161} INFO - Processing /home/kai/Documents/PROJETOS/twitter_extractor_airflow/venv/lib/python3.8/site-packages/airflow/example_dags/example_branch_python_dop_operator_3.py took 0.066 seconds
[2024-08-28 13:56:37,702] {processor.py:153} INFO - Started process (PID=34446) to work on /home/kai/Documents/PROJETOS/twitter_extractor_airflow/venv/lib/python3.8/site-packages/airflow/example_dags/example_branch_python_dop_operator_3.py
[2024-08-28 13:56:37,703] {processor.py:641} INFO - Processing file /home/kai/Documents/PROJETOS/twitter_extractor_airflow/venv/lib/python3.8/site-packages/airflow/example_dags/example_branch_python_dop_operator_3.py for tasks to queue
[2024-08-28 13:56:37,704] {logging_mixin.py:115} INFO - [2024-08-28 13:56:37,703] {dagbag.py:507} INFO - Filling up the DagBag from /home/kai/Documents/PROJETOS/twitter_extractor_airflow/venv/lib/python3.8/site-packages/airflow/example_dags/example_branch_python_dop_operator_3.py
[2024-08-28 13:56:37,712] {processor.py:651} INFO - DAG(s) dict_keys(['example_branch_dop_operator_v3']) retrieved from /home/kai/Documents/PROJETOS/twitter_extractor_airflow/venv/lib/python3.8/site-packages/airflow/example_dags/example_branch_python_dop_operator_3.py
[2024-08-28 13:56:37,724] {logging_mixin.py:115} INFO - [2024-08-28 13:56:37,724] {dag.py:2379} INFO - Sync 1 DAGs
[2024-08-28 13:56:37,743] {logging_mixin.py:115} INFO - [2024-08-28 13:56:37,743] {dag.py:2927} INFO - Setting next_dagrun for example_branch_dop_operator_v3 to 2024-08-28T16:55:00+00:00, run_after=2024-08-28T16:56:00+00:00
[2024-08-28 13:56:37,752] {processor.py:161} INFO - Processing /home/kai/Documents/PROJETOS/twitter_extractor_airflow/venv/lib/python3.8/site-packages/airflow/example_dags/example_branch_python_dop_operator_3.py took 0.052 seconds
[2024-08-28 13:57:09,233] {processor.py:153} INFO - Started process (PID=34746) to work on /home/kai/Documents/PROJETOS/twitter_extractor_airflow/venv/lib/python3.8/site-packages/airflow/example_dags/example_branch_python_dop_operator_3.py
[2024-08-28 13:57:09,234] {processor.py:641} INFO - Processing file /home/kai/Documents/PROJETOS/twitter_extractor_airflow/venv/lib/python3.8/site-packages/airflow/example_dags/example_branch_python_dop_operator_3.py for tasks to queue
[2024-08-28 13:57:09,234] {logging_mixin.py:115} INFO - [2024-08-28 13:57:09,234] {dagbag.py:507} INFO - Filling up the DagBag from /home/kai/Documents/PROJETOS/twitter_extractor_airflow/venv/lib/python3.8/site-packages/airflow/example_dags/example_branch_python_dop_operator_3.py
[2024-08-28 13:57:09,242] {processor.py:651} INFO - DAG(s) dict_keys(['example_branch_dop_operator_v3']) retrieved from /home/kai/Documents/PROJETOS/twitter_extractor_airflow/venv/lib/python3.8/site-packages/airflow/example_dags/example_branch_python_dop_operator_3.py
[2024-08-28 13:57:09,255] {logging_mixin.py:115} INFO - [2024-08-28 13:57:09,255] {dag.py:2379} INFO - Sync 1 DAGs
[2024-08-28 13:57:09,281] {logging_mixin.py:115} INFO - [2024-08-28 13:57:09,280] {dag.py:2927} INFO - Setting next_dagrun for example_branch_dop_operator_v3 to 2024-08-28T16:56:00+00:00, run_after=2024-08-28T16:57:00+00:00
[2024-08-28 13:57:09,303] {processor.py:161} INFO - Processing /home/kai/Documents/PROJETOS/twitter_extractor_airflow/venv/lib/python3.8/site-packages/airflow/example_dags/example_branch_python_dop_operator_3.py took 0.073 seconds
[2024-08-28 13:57:40,661] {processor.py:153} INFO - Started process (PID=35116) to work on /home/kai/Documents/PROJETOS/twitter_extractor_airflow/venv/lib/python3.8/site-packages/airflow/example_dags/example_branch_python_dop_operator_3.py
[2024-08-28 13:57:40,661] {processor.py:641} INFO - Processing file /home/kai/Documents/PROJETOS/twitter_extractor_airflow/venv/lib/python3.8/site-packages/airflow/example_dags/example_branch_python_dop_operator_3.py for tasks to queue
[2024-08-28 13:57:40,662] {logging_mixin.py:115} INFO - [2024-08-28 13:57:40,662] {dagbag.py:507} INFO - Filling up the DagBag from /home/kai/Documents/PROJETOS/twitter_extractor_airflow/venv/lib/python3.8/site-packages/airflow/example_dags/example_branch_python_dop_operator_3.py
[2024-08-28 13:57:40,669] {processor.py:651} INFO - DAG(s) dict_keys(['example_branch_dop_operator_v3']) retrieved from /home/kai/Documents/PROJETOS/twitter_extractor_airflow/venv/lib/python3.8/site-packages/airflow/example_dags/example_branch_python_dop_operator_3.py
[2024-08-28 13:57:40,681] {logging_mixin.py:115} INFO - [2024-08-28 13:57:40,681] {dag.py:2379} INFO - Sync 1 DAGs
[2024-08-28 13:57:40,699] {logging_mixin.py:115} INFO - [2024-08-28 13:57:40,699] {dag.py:2927} INFO - Setting next_dagrun for example_branch_dop_operator_v3 to 2024-08-28T16:56:00+00:00, run_after=2024-08-28T16:57:00+00:00
[2024-08-28 13:57:40,708] {processor.py:161} INFO - Processing /home/kai/Documents/PROJETOS/twitter_extractor_airflow/venv/lib/python3.8/site-packages/airflow/example_dags/example_branch_python_dop_operator_3.py took 0.049 seconds
[2024-08-28 13:58:14,402] {processor.py:153} INFO - Started process (PID=35358) to work on /home/kai/Documents/PROJETOS/twitter_extractor_airflow/venv/lib/python3.8/site-packages/airflow/example_dags/example_branch_python_dop_operator_3.py
[2024-08-28 13:58:14,403] {processor.py:641} INFO - Processing file /home/kai/Documents/PROJETOS/twitter_extractor_airflow/venv/lib/python3.8/site-packages/airflow/example_dags/example_branch_python_dop_operator_3.py for tasks to queue
[2024-08-28 13:58:14,403] {logging_mixin.py:115} INFO - [2024-08-28 13:58:14,403] {dagbag.py:507} INFO - Filling up the DagBag from /home/kai/Documents/PROJETOS/twitter_extractor_airflow/venv/lib/python3.8/site-packages/airflow/example_dags/example_branch_python_dop_operator_3.py
[2024-08-28 13:58:14,411] {processor.py:651} INFO - DAG(s) dict_keys(['example_branch_dop_operator_v3']) retrieved from /home/kai/Documents/PROJETOS/twitter_extractor_airflow/venv/lib/python3.8/site-packages/airflow/example_dags/example_branch_python_dop_operator_3.py
[2024-08-28 13:58:14,424] {logging_mixin.py:115} INFO - [2024-08-28 13:58:14,424] {dag.py:2379} INFO - Sync 1 DAGs
[2024-08-28 13:58:14,441] {logging_mixin.py:115} INFO - [2024-08-28 13:58:14,441] {dag.py:2927} INFO - Setting next_dagrun for example_branch_dop_operator_v3 to 2024-08-28T16:57:00+00:00, run_after=2024-08-28T16:58:00+00:00
[2024-08-28 13:58:14,450] {processor.py:161} INFO - Processing /home/kai/Documents/PROJETOS/twitter_extractor_airflow/venv/lib/python3.8/site-packages/airflow/example_dags/example_branch_python_dop_operator_3.py took 0.050 seconds
[2024-08-28 13:58:48,195] {processor.py:153} INFO - Started process (PID=35664) to work on /home/kai/Documents/PROJETOS/twitter_extractor_airflow/venv/lib/python3.8/site-packages/airflow/example_dags/example_branch_python_dop_operator_3.py
[2024-08-28 13:58:48,196] {processor.py:641} INFO - Processing file /home/kai/Documents/PROJETOS/twitter_extractor_airflow/venv/lib/python3.8/site-packages/airflow/example_dags/example_branch_python_dop_operator_3.py for tasks to queue
[2024-08-28 13:58:48,196] {logging_mixin.py:115} INFO - [2024-08-28 13:58:48,196] {dagbag.py:507} INFO - Filling up the DagBag from /home/kai/Documents/PROJETOS/twitter_extractor_airflow/venv/lib/python3.8/site-packages/airflow/example_dags/example_branch_python_dop_operator_3.py
[2024-08-28 13:58:48,207] {processor.py:651} INFO - DAG(s) dict_keys(['example_branch_dop_operator_v3']) retrieved from /home/kai/Documents/PROJETOS/twitter_extractor_airflow/venv/lib/python3.8/site-packages/airflow/example_dags/example_branch_python_dop_operator_3.py
[2024-08-28 13:58:48,224] {logging_mixin.py:115} INFO - [2024-08-28 13:58:48,224] {dag.py:2379} INFO - Sync 1 DAGs
[2024-08-28 13:58:48,250] {logging_mixin.py:115} INFO - [2024-08-28 13:58:48,250] {dag.py:2927} INFO - Setting next_dagrun for example_branch_dop_operator_v3 to 2024-08-28T16:57:00+00:00, run_after=2024-08-28T16:58:00+00:00
[2024-08-28 13:58:48,262] {processor.py:161} INFO - Processing /home/kai/Documents/PROJETOS/twitter_extractor_airflow/venv/lib/python3.8/site-packages/airflow/example_dags/example_branch_python_dop_operator_3.py took 0.070 seconds
[2024-08-28 13:59:21,178] {processor.py:153} INFO - Started process (PID=36009) to work on /home/kai/Documents/PROJETOS/twitter_extractor_airflow/venv/lib/python3.8/site-packages/airflow/example_dags/example_branch_python_dop_operator_3.py
[2024-08-28 13:59:21,178] {processor.py:641} INFO - Processing file /home/kai/Documents/PROJETOS/twitter_extractor_airflow/venv/lib/python3.8/site-packages/airflow/example_dags/example_branch_python_dop_operator_3.py for tasks to queue
[2024-08-28 13:59:21,179] {logging_mixin.py:115} INFO - [2024-08-28 13:59:21,179] {dagbag.py:507} INFO - Filling up the DagBag from /home/kai/Documents/PROJETOS/twitter_extractor_airflow/venv/lib/python3.8/site-packages/airflow/example_dags/example_branch_python_dop_operator_3.py
[2024-08-28 13:59:21,188] {processor.py:651} INFO - DAG(s) dict_keys(['example_branch_dop_operator_v3']) retrieved from /home/kai/Documents/PROJETOS/twitter_extractor_airflow/venv/lib/python3.8/site-packages/airflow/example_dags/example_branch_python_dop_operator_3.py
[2024-08-28 13:59:21,203] {logging_mixin.py:115} INFO - [2024-08-28 13:59:21,203] {dag.py:2379} INFO - Sync 1 DAGs
[2024-08-28 13:59:21,220] {logging_mixin.py:115} INFO - [2024-08-28 13:59:21,220] {dag.py:2927} INFO - Setting next_dagrun for example_branch_dop_operator_v3 to 2024-08-28T16:58:00+00:00, run_after=2024-08-28T16:59:00+00:00
[2024-08-28 13:59:21,228] {processor.py:161} INFO - Processing /home/kai/Documents/PROJETOS/twitter_extractor_airflow/venv/lib/python3.8/site-packages/airflow/example_dags/example_branch_python_dop_operator_3.py took 0.055 seconds
[2024-08-28 13:59:53,075] {processor.py:153} INFO - Started process (PID=36336) to work on /home/kai/Documents/PROJETOS/twitter_extractor_airflow/venv/lib/python3.8/site-packages/airflow/example_dags/example_branch_python_dop_operator_3.py
[2024-08-28 13:59:53,075] {processor.py:641} INFO - Processing file /home/kai/Documents/PROJETOS/twitter_extractor_airflow/venv/lib/python3.8/site-packages/airflow/example_dags/example_branch_python_dop_operator_3.py for tasks to queue
[2024-08-28 13:59:53,075] {logging_mixin.py:115} INFO - [2024-08-28 13:59:53,075] {dagbag.py:507} INFO - Filling up the DagBag from /home/kai/Documents/PROJETOS/twitter_extractor_airflow/venv/lib/python3.8/site-packages/airflow/example_dags/example_branch_python_dop_operator_3.py
[2024-08-28 13:59:53,083] {processor.py:651} INFO - DAG(s) dict_keys(['example_branch_dop_operator_v3']) retrieved from /home/kai/Documents/PROJETOS/twitter_extractor_airflow/venv/lib/python3.8/site-packages/airflow/example_dags/example_branch_python_dop_operator_3.py
[2024-08-28 13:59:53,095] {logging_mixin.py:115} INFO - [2024-08-28 13:59:53,095] {dag.py:2379} INFO - Sync 1 DAGs
[2024-08-28 13:59:53,114] {logging_mixin.py:115} INFO - [2024-08-28 13:59:53,114] {dag.py:2927} INFO - Setting next_dagrun for example_branch_dop_operator_v3 to 2024-08-28T16:58:00+00:00, run_after=2024-08-28T16:59:00+00:00
[2024-08-28 13:59:53,123] {processor.py:161} INFO - Processing /home/kai/Documents/PROJETOS/twitter_extractor_airflow/venv/lib/python3.8/site-packages/airflow/example_dags/example_branch_python_dop_operator_3.py took 0.051 seconds
[2024-08-28 14:00:26,287] {processor.py:153} INFO - Started process (PID=36553) to work on /home/kai/Documents/PROJETOS/twitter_extractor_airflow/venv/lib/python3.8/site-packages/airflow/example_dags/example_branch_python_dop_operator_3.py
[2024-08-28 14:00:26,288] {processor.py:641} INFO - Processing file /home/kai/Documents/PROJETOS/twitter_extractor_airflow/venv/lib/python3.8/site-packages/airflow/example_dags/example_branch_python_dop_operator_3.py for tasks to queue
[2024-08-28 14:00:26,288] {logging_mixin.py:115} INFO - [2024-08-28 14:00:26,288] {dagbag.py:507} INFO - Filling up the DagBag from /home/kai/Documents/PROJETOS/twitter_extractor_airflow/venv/lib/python3.8/site-packages/airflow/example_dags/example_branch_python_dop_operator_3.py
[2024-08-28 14:00:26,296] {processor.py:651} INFO - DAG(s) dict_keys(['example_branch_dop_operator_v3']) retrieved from /home/kai/Documents/PROJETOS/twitter_extractor_airflow/venv/lib/python3.8/site-packages/airflow/example_dags/example_branch_python_dop_operator_3.py
[2024-08-28 14:00:26,310] {logging_mixin.py:115} INFO - [2024-08-28 14:00:26,310] {dag.py:2379} INFO - Sync 1 DAGs
[2024-08-28 14:00:26,327] {logging_mixin.py:115} INFO - [2024-08-28 14:00:26,327] {dag.py:2927} INFO - Setting next_dagrun for example_branch_dop_operator_v3 to 2024-08-28T16:59:00+00:00, run_after=2024-08-28T17:00:00+00:00
[2024-08-28 14:00:26,338] {processor.py:161} INFO - Processing /home/kai/Documents/PROJETOS/twitter_extractor_airflow/venv/lib/python3.8/site-packages/airflow/example_dags/example_branch_python_dop_operator_3.py took 0.053 seconds
[2024-08-28 14:01:01,104] {processor.py:153} INFO - Started process (PID=36837) to work on /home/kai/Documents/PROJETOS/twitter_extractor_airflow/venv/lib/python3.8/site-packages/airflow/example_dags/example_branch_python_dop_operator_3.py
[2024-08-28 14:01:01,105] {processor.py:641} INFO - Processing file /home/kai/Documents/PROJETOS/twitter_extractor_airflow/venv/lib/python3.8/site-packages/airflow/example_dags/example_branch_python_dop_operator_3.py for tasks to queue
[2024-08-28 14:01:01,105] {logging_mixin.py:115} INFO - [2024-08-28 14:01:01,105] {dagbag.py:507} INFO - Filling up the DagBag from /home/kai/Documents/PROJETOS/twitter_extractor_airflow/venv/lib/python3.8/site-packages/airflow/example_dags/example_branch_python_dop_operator_3.py
[2024-08-28 14:01:01,113] {processor.py:651} INFO - DAG(s) dict_keys(['example_branch_dop_operator_v3']) retrieved from /home/kai/Documents/PROJETOS/twitter_extractor_airflow/venv/lib/python3.8/site-packages/airflow/example_dags/example_branch_python_dop_operator_3.py
[2024-08-28 14:01:01,125] {logging_mixin.py:115} INFO - [2024-08-28 14:01:01,125] {dag.py:2379} INFO - Sync 1 DAGs
[2024-08-28 14:01:01,144] {logging_mixin.py:115} INFO - [2024-08-28 14:01:01,144] {dag.py:2927} INFO - Setting next_dagrun for example_branch_dop_operator_v3 to 2024-08-28T17:00:00+00:00, run_after=2024-08-28T17:01:00+00:00
[2024-08-28 14:01:01,152] {processor.py:161} INFO - Processing /home/kai/Documents/PROJETOS/twitter_extractor_airflow/venv/lib/python3.8/site-packages/airflow/example_dags/example_branch_python_dop_operator_3.py took 0.050 seconds
[2024-08-28 14:01:36,095] {processor.py:153} INFO - Started process (PID=37382) to work on /home/kai/Documents/PROJETOS/twitter_extractor_airflow/venv/lib/python3.8/site-packages/airflow/example_dags/example_branch_python_dop_operator_3.py
[2024-08-28 14:01:36,096] {processor.py:641} INFO - Processing file /home/kai/Documents/PROJETOS/twitter_extractor_airflow/venv/lib/python3.8/site-packages/airflow/example_dags/example_branch_python_dop_operator_3.py for tasks to queue
[2024-08-28 14:01:36,097] {logging_mixin.py:115} INFO - [2024-08-28 14:01:36,097] {dagbag.py:507} INFO - Filling up the DagBag from /home/kai/Documents/PROJETOS/twitter_extractor_airflow/venv/lib/python3.8/site-packages/airflow/example_dags/example_branch_python_dop_operator_3.py
[2024-08-28 14:01:36,104] {processor.py:651} INFO - DAG(s) dict_keys(['example_branch_dop_operator_v3']) retrieved from /home/kai/Documents/PROJETOS/twitter_extractor_airflow/venv/lib/python3.8/site-packages/airflow/example_dags/example_branch_python_dop_operator_3.py
[2024-08-28 14:01:36,120] {logging_mixin.py:115} INFO - [2024-08-28 14:01:36,120] {dag.py:2379} INFO - Sync 1 DAGs
[2024-08-28 14:01:36,142] {logging_mixin.py:115} INFO - [2024-08-28 14:01:36,142] {dag.py:2927} INFO - Setting next_dagrun for example_branch_dop_operator_v3 to 2024-08-28T17:00:00+00:00, run_after=2024-08-28T17:01:00+00:00
[2024-08-28 14:01:36,152] {processor.py:161} INFO - Processing /home/kai/Documents/PROJETOS/twitter_extractor_airflow/venv/lib/python3.8/site-packages/airflow/example_dags/example_branch_python_dop_operator_3.py took 0.060 seconds
[2024-08-28 14:02:08,220] {processor.py:153} INFO - Started process (PID=37682) to work on /home/kai/Documents/PROJETOS/twitter_extractor_airflow/venv/lib/python3.8/site-packages/airflow/example_dags/example_branch_python_dop_operator_3.py
[2024-08-28 14:02:08,220] {processor.py:641} INFO - Processing file /home/kai/Documents/PROJETOS/twitter_extractor_airflow/venv/lib/python3.8/site-packages/airflow/example_dags/example_branch_python_dop_operator_3.py for tasks to queue
[2024-08-28 14:02:08,221] {logging_mixin.py:115} INFO - [2024-08-28 14:02:08,221] {dagbag.py:507} INFO - Filling up the DagBag from /home/kai/Documents/PROJETOS/twitter_extractor_airflow/venv/lib/python3.8/site-packages/airflow/example_dags/example_branch_python_dop_operator_3.py
[2024-08-28 14:02:08,231] {processor.py:651} INFO - DAG(s) dict_keys(['example_branch_dop_operator_v3']) retrieved from /home/kai/Documents/PROJETOS/twitter_extractor_airflow/venv/lib/python3.8/site-packages/airflow/example_dags/example_branch_python_dop_operator_3.py
[2024-08-28 14:02:08,244] {logging_mixin.py:115} INFO - [2024-08-28 14:02:08,244] {dag.py:2379} INFO - Sync 1 DAGs
[2024-08-28 14:02:08,262] {logging_mixin.py:115} INFO - [2024-08-28 14:02:08,262] {dag.py:2927} INFO - Setting next_dagrun for example_branch_dop_operator_v3 to 2024-08-28T17:01:00+00:00, run_after=2024-08-28T17:02:00+00:00
[2024-08-28 14:02:08,273] {processor.py:161} INFO - Processing /home/kai/Documents/PROJETOS/twitter_extractor_airflow/venv/lib/python3.8/site-packages/airflow/example_dags/example_branch_python_dop_operator_3.py took 0.056 seconds
[2024-08-28 14:02:43,295] {processor.py:153} INFO - Started process (PID=37947) to work on /home/kai/Documents/PROJETOS/twitter_extractor_airflow/venv/lib/python3.8/site-packages/airflow/example_dags/example_branch_python_dop_operator_3.py
[2024-08-28 14:02:43,295] {processor.py:641} INFO - Processing file /home/kai/Documents/PROJETOS/twitter_extractor_airflow/venv/lib/python3.8/site-packages/airflow/example_dags/example_branch_python_dop_operator_3.py for tasks to queue
[2024-08-28 14:02:43,296] {logging_mixin.py:115} INFO - [2024-08-28 14:02:43,296] {dagbag.py:507} INFO - Filling up the DagBag from /home/kai/Documents/PROJETOS/twitter_extractor_airflow/venv/lib/python3.8/site-packages/airflow/example_dags/example_branch_python_dop_operator_3.py
[2024-08-28 14:02:43,305] {processor.py:651} INFO - DAG(s) dict_keys(['example_branch_dop_operator_v3']) retrieved from /home/kai/Documents/PROJETOS/twitter_extractor_airflow/venv/lib/python3.8/site-packages/airflow/example_dags/example_branch_python_dop_operator_3.py
[2024-08-28 14:02:43,318] {logging_mixin.py:115} INFO - [2024-08-28 14:02:43,318] {dag.py:2379} INFO - Sync 1 DAGs
[2024-08-28 14:02:43,339] {logging_mixin.py:115} INFO - [2024-08-28 14:02:43,339] {dag.py:2927} INFO - Setting next_dagrun for example_branch_dop_operator_v3 to 2024-08-28T17:01:00+00:00, run_after=2024-08-28T17:02:00+00:00
[2024-08-28 14:02:43,348] {processor.py:161} INFO - Processing /home/kai/Documents/PROJETOS/twitter_extractor_airflow/venv/lib/python3.8/site-packages/airflow/example_dags/example_branch_python_dop_operator_3.py took 0.058 seconds
[2024-08-28 14:03:16,951] {processor.py:153} INFO - Started process (PID=38160) to work on /home/kai/Documents/PROJETOS/twitter_extractor_airflow/venv/lib/python3.8/site-packages/airflow/example_dags/example_branch_python_dop_operator_3.py
[2024-08-28 14:03:16,952] {processor.py:641} INFO - Processing file /home/kai/Documents/PROJETOS/twitter_extractor_airflow/venv/lib/python3.8/site-packages/airflow/example_dags/example_branch_python_dop_operator_3.py for tasks to queue
[2024-08-28 14:03:16,952] {logging_mixin.py:115} INFO - [2024-08-28 14:03:16,952] {dagbag.py:507} INFO - Filling up the DagBag from /home/kai/Documents/PROJETOS/twitter_extractor_airflow/venv/lib/python3.8/site-packages/airflow/example_dags/example_branch_python_dop_operator_3.py
[2024-08-28 14:03:16,961] {processor.py:651} INFO - DAG(s) dict_keys(['example_branch_dop_operator_v3']) retrieved from /home/kai/Documents/PROJETOS/twitter_extractor_airflow/venv/lib/python3.8/site-packages/airflow/example_dags/example_branch_python_dop_operator_3.py
[2024-08-28 14:03:16,974] {logging_mixin.py:115} INFO - [2024-08-28 14:03:16,974] {dag.py:2379} INFO - Sync 1 DAGs
[2024-08-28 14:03:16,992] {logging_mixin.py:115} INFO - [2024-08-28 14:03:16,992] {dag.py:2927} INFO - Setting next_dagrun for example_branch_dop_operator_v3 to 2024-08-28T17:02:00+00:00, run_after=2024-08-28T17:03:00+00:00
[2024-08-28 14:03:17,001] {processor.py:161} INFO - Processing /home/kai/Documents/PROJETOS/twitter_extractor_airflow/venv/lib/python3.8/site-packages/airflow/example_dags/example_branch_python_dop_operator_3.py took 0.052 seconds
[2024-08-28 14:03:49,523] {processor.py:153} INFO - Started process (PID=38415) to work on /home/kai/Documents/PROJETOS/twitter_extractor_airflow/venv/lib/python3.8/site-packages/airflow/example_dags/example_branch_python_dop_operator_3.py
[2024-08-28 14:03:49,523] {processor.py:641} INFO - Processing file /home/kai/Documents/PROJETOS/twitter_extractor_airflow/venv/lib/python3.8/site-packages/airflow/example_dags/example_branch_python_dop_operator_3.py for tasks to queue
[2024-08-28 14:03:49,524] {logging_mixin.py:115} INFO - [2024-08-28 14:03:49,524] {dagbag.py:507} INFO - Filling up the DagBag from /home/kai/Documents/PROJETOS/twitter_extractor_airflow/venv/lib/python3.8/site-packages/airflow/example_dags/example_branch_python_dop_operator_3.py
[2024-08-28 14:03:49,531] {processor.py:651} INFO - DAG(s) dict_keys(['example_branch_dop_operator_v3']) retrieved from /home/kai/Documents/PROJETOS/twitter_extractor_airflow/venv/lib/python3.8/site-packages/airflow/example_dags/example_branch_python_dop_operator_3.py
[2024-08-28 14:03:49,543] {logging_mixin.py:115} INFO - [2024-08-28 14:03:49,543] {dag.py:2379} INFO - Sync 1 DAGs
[2024-08-28 14:03:49,561] {logging_mixin.py:115} INFO - [2024-08-28 14:03:49,561] {dag.py:2927} INFO - Setting next_dagrun for example_branch_dop_operator_v3 to 2024-08-28T17:02:00+00:00, run_after=2024-08-28T17:03:00+00:00
[2024-08-28 14:03:49,569] {processor.py:161} INFO - Processing /home/kai/Documents/PROJETOS/twitter_extractor_airflow/venv/lib/python3.8/site-packages/airflow/example_dags/example_branch_python_dop_operator_3.py took 0.048 seconds
[2024-08-28 14:04:21,583] {processor.py:153} INFO - Started process (PID=38610) to work on /home/kai/Documents/PROJETOS/twitter_extractor_airflow/venv/lib/python3.8/site-packages/airflow/example_dags/example_branch_python_dop_operator_3.py
[2024-08-28 14:04:21,584] {processor.py:641} INFO - Processing file /home/kai/Documents/PROJETOS/twitter_extractor_airflow/venv/lib/python3.8/site-packages/airflow/example_dags/example_branch_python_dop_operator_3.py for tasks to queue
[2024-08-28 14:04:21,584] {logging_mixin.py:115} INFO - [2024-08-28 14:04:21,584] {dagbag.py:507} INFO - Filling up the DagBag from /home/kai/Documents/PROJETOS/twitter_extractor_airflow/venv/lib/python3.8/site-packages/airflow/example_dags/example_branch_python_dop_operator_3.py
[2024-08-28 14:04:21,592] {processor.py:651} INFO - DAG(s) dict_keys(['example_branch_dop_operator_v3']) retrieved from /home/kai/Documents/PROJETOS/twitter_extractor_airflow/venv/lib/python3.8/site-packages/airflow/example_dags/example_branch_python_dop_operator_3.py
[2024-08-28 14:04:21,607] {logging_mixin.py:115} INFO - [2024-08-28 14:04:21,607] {dag.py:2379} INFO - Sync 1 DAGs
[2024-08-28 14:04:21,627] {logging_mixin.py:115} INFO - [2024-08-28 14:04:21,627] {dag.py:2927} INFO - Setting next_dagrun for example_branch_dop_operator_v3 to 2024-08-28T17:03:00+00:00, run_after=2024-08-28T17:04:00+00:00
[2024-08-28 14:04:21,637] {processor.py:161} INFO - Processing /home/kai/Documents/PROJETOS/twitter_extractor_airflow/venv/lib/python3.8/site-packages/airflow/example_dags/example_branch_python_dop_operator_3.py took 0.057 seconds
[2024-08-28 14:04:55,454] {processor.py:153} INFO - Started process (PID=38836) to work on /home/kai/Documents/PROJETOS/twitter_extractor_airflow/venv/lib/python3.8/site-packages/airflow/example_dags/example_branch_python_dop_operator_3.py
[2024-08-28 14:04:55,454] {processor.py:641} INFO - Processing file /home/kai/Documents/PROJETOS/twitter_extractor_airflow/venv/lib/python3.8/site-packages/airflow/example_dags/example_branch_python_dop_operator_3.py for tasks to queue
[2024-08-28 14:04:55,455] {logging_mixin.py:115} INFO - [2024-08-28 14:04:55,455] {dagbag.py:507} INFO - Filling up the DagBag from /home/kai/Documents/PROJETOS/twitter_extractor_airflow/venv/lib/python3.8/site-packages/airflow/example_dags/example_branch_python_dop_operator_3.py
[2024-08-28 14:04:55,464] {processor.py:651} INFO - DAG(s) dict_keys(['example_branch_dop_operator_v3']) retrieved from /home/kai/Documents/PROJETOS/twitter_extractor_airflow/venv/lib/python3.8/site-packages/airflow/example_dags/example_branch_python_dop_operator_3.py
[2024-08-28 14:04:55,475] {logging_mixin.py:115} INFO - [2024-08-28 14:04:55,475] {dag.py:2379} INFO - Sync 1 DAGs
[2024-08-28 14:04:55,492] {logging_mixin.py:115} INFO - [2024-08-28 14:04:55,492] {dag.py:2927} INFO - Setting next_dagrun for example_branch_dop_operator_v3 to 2024-08-28T17:03:00+00:00, run_after=2024-08-28T17:04:00+00:00
[2024-08-28 14:04:55,501] {processor.py:161} INFO - Processing /home/kai/Documents/PROJETOS/twitter_extractor_airflow/venv/lib/python3.8/site-packages/airflow/example_dags/example_branch_python_dop_operator_3.py took 0.050 seconds
[2024-08-28 14:05:27,335] {processor.py:153} INFO - Started process (PID=39024) to work on /home/kai/Documents/PROJETOS/twitter_extractor_airflow/venv/lib/python3.8/site-packages/airflow/example_dags/example_branch_python_dop_operator_3.py
[2024-08-28 14:05:27,336] {processor.py:641} INFO - Processing file /home/kai/Documents/PROJETOS/twitter_extractor_airflow/venv/lib/python3.8/site-packages/airflow/example_dags/example_branch_python_dop_operator_3.py for tasks to queue
[2024-08-28 14:05:27,336] {logging_mixin.py:115} INFO - [2024-08-28 14:05:27,336] {dagbag.py:507} INFO - Filling up the DagBag from /home/kai/Documents/PROJETOS/twitter_extractor_airflow/venv/lib/python3.8/site-packages/airflow/example_dags/example_branch_python_dop_operator_3.py
[2024-08-28 14:05:27,344] {processor.py:651} INFO - DAG(s) dict_keys(['example_branch_dop_operator_v3']) retrieved from /home/kai/Documents/PROJETOS/twitter_extractor_airflow/venv/lib/python3.8/site-packages/airflow/example_dags/example_branch_python_dop_operator_3.py
[2024-08-28 14:05:27,358] {logging_mixin.py:115} INFO - [2024-08-28 14:05:27,358] {dag.py:2379} INFO - Sync 1 DAGs
[2024-08-28 14:05:27,380] {logging_mixin.py:115} INFO - [2024-08-28 14:05:27,379] {dag.py:2927} INFO - Setting next_dagrun for example_branch_dop_operator_v3 to 2024-08-28T17:04:00+00:00, run_after=2024-08-28T17:05:00+00:00
[2024-08-28 14:05:27,393] {processor.py:161} INFO - Processing /home/kai/Documents/PROJETOS/twitter_extractor_airflow/venv/lib/python3.8/site-packages/airflow/example_dags/example_branch_python_dop_operator_3.py took 0.061 seconds
[2024-08-28 14:06:02,177] {processor.py:153} INFO - Started process (PID=39289) to work on /home/kai/Documents/PROJETOS/twitter_extractor_airflow/venv/lib/python3.8/site-packages/airflow/example_dags/example_branch_python_dop_operator_3.py
[2024-08-28 14:06:02,177] {processor.py:641} INFO - Processing file /home/kai/Documents/PROJETOS/twitter_extractor_airflow/venv/lib/python3.8/site-packages/airflow/example_dags/example_branch_python_dop_operator_3.py for tasks to queue
[2024-08-28 14:06:02,178] {logging_mixin.py:115} INFO - [2024-08-28 14:06:02,178] {dagbag.py:507} INFO - Filling up the DagBag from /home/kai/Documents/PROJETOS/twitter_extractor_airflow/venv/lib/python3.8/site-packages/airflow/example_dags/example_branch_python_dop_operator_3.py
[2024-08-28 14:06:02,186] {processor.py:651} INFO - DAG(s) dict_keys(['example_branch_dop_operator_v3']) retrieved from /home/kai/Documents/PROJETOS/twitter_extractor_airflow/venv/lib/python3.8/site-packages/airflow/example_dags/example_branch_python_dop_operator_3.py
[2024-08-28 14:06:02,199] {logging_mixin.py:115} INFO - [2024-08-28 14:06:02,199] {dag.py:2379} INFO - Sync 1 DAGs
[2024-08-28 14:06:02,220] {logging_mixin.py:115} INFO - [2024-08-28 14:06:02,220] {dag.py:2927} INFO - Setting next_dagrun for example_branch_dop_operator_v3 to 2024-08-28T17:05:00+00:00, run_after=2024-08-28T17:06:00+00:00
[2024-08-28 14:06:02,229] {processor.py:161} INFO - Processing /home/kai/Documents/PROJETOS/twitter_extractor_airflow/venv/lib/python3.8/site-packages/airflow/example_dags/example_branch_python_dop_operator_3.py took 0.055 seconds
[2024-08-28 14:33:43,483] {processor.py:153} INFO - Started process (PID=45256) to work on /home/kai/Documents/PROJETOS/twitter_extractor_airflow/venv/lib/python3.8/site-packages/airflow/example_dags/example_branch_python_dop_operator_3.py
[2024-08-28 14:33:43,484] {processor.py:641} INFO - Processing file /home/kai/Documents/PROJETOS/twitter_extractor_airflow/venv/lib/python3.8/site-packages/airflow/example_dags/example_branch_python_dop_operator_3.py for tasks to queue
[2024-08-28 14:33:43,485] {logging_mixin.py:115} INFO - [2024-08-28 14:33:43,485] {dagbag.py:507} INFO - Filling up the DagBag from /home/kai/Documents/PROJETOS/twitter_extractor_airflow/venv/lib/python3.8/site-packages/airflow/example_dags/example_branch_python_dop_operator_3.py
[2024-08-28 14:33:43,496] {processor.py:651} INFO - DAG(s) dict_keys(['example_branch_dop_operator_v3']) retrieved from /home/kai/Documents/PROJETOS/twitter_extractor_airflow/venv/lib/python3.8/site-packages/airflow/example_dags/example_branch_python_dop_operator_3.py
[2024-08-28 14:33:43,513] {logging_mixin.py:115} INFO - [2024-08-28 14:33:43,513] {dag.py:2379} INFO - Sync 1 DAGs
[2024-08-28 14:33:43,531] {logging_mixin.py:115} INFO - [2024-08-28 14:33:43,531] {dag.py:2927} INFO - Setting next_dagrun for example_branch_dop_operator_v3 to 2024-08-28T17:32:00+00:00, run_after=2024-08-28T17:33:00+00:00
[2024-08-28 14:33:43,545] {processor.py:161} INFO - Processing /home/kai/Documents/PROJETOS/twitter_extractor_airflow/venv/lib/python3.8/site-packages/airflow/example_dags/example_branch_python_dop_operator_3.py took 0.064 seconds
[2024-08-28 14:34:17,693] {processor.py:153} INFO - Started process (PID=45591) to work on /home/kai/Documents/PROJETOS/twitter_extractor_airflow/venv/lib/python3.8/site-packages/airflow/example_dags/example_branch_python_dop_operator_3.py
[2024-08-28 14:34:17,693] {processor.py:641} INFO - Processing file /home/kai/Documents/PROJETOS/twitter_extractor_airflow/venv/lib/python3.8/site-packages/airflow/example_dags/example_branch_python_dop_operator_3.py for tasks to queue
[2024-08-28 14:34:17,694] {logging_mixin.py:115} INFO - [2024-08-28 14:34:17,694] {dagbag.py:507} INFO - Filling up the DagBag from /home/kai/Documents/PROJETOS/twitter_extractor_airflow/venv/lib/python3.8/site-packages/airflow/example_dags/example_branch_python_dop_operator_3.py
[2024-08-28 14:34:17,702] {processor.py:651} INFO - DAG(s) dict_keys(['example_branch_dop_operator_v3']) retrieved from /home/kai/Documents/PROJETOS/twitter_extractor_airflow/venv/lib/python3.8/site-packages/airflow/example_dags/example_branch_python_dop_operator_3.py
[2024-08-28 14:34:17,714] {logging_mixin.py:115} INFO - [2024-08-28 14:34:17,714] {dag.py:2379} INFO - Sync 1 DAGs
[2024-08-28 14:34:17,730] {logging_mixin.py:115} INFO - [2024-08-28 14:34:17,730] {dag.py:2927} INFO - Setting next_dagrun for example_branch_dop_operator_v3 to 2024-08-28T17:33:00+00:00, run_after=2024-08-28T17:34:00+00:00
[2024-08-28 14:34:17,742] {processor.py:161} INFO - Processing /home/kai/Documents/PROJETOS/twitter_extractor_airflow/venv/lib/python3.8/site-packages/airflow/example_dags/example_branch_python_dop_operator_3.py took 0.051 seconds
[2024-08-28 14:34:50,266] {processor.py:153} INFO - Started process (PID=45837) to work on /home/kai/Documents/PROJETOS/twitter_extractor_airflow/venv/lib/python3.8/site-packages/airflow/example_dags/example_branch_python_dop_operator_3.py
[2024-08-28 14:34:50,266] {processor.py:641} INFO - Processing file /home/kai/Documents/PROJETOS/twitter_extractor_airflow/venv/lib/python3.8/site-packages/airflow/example_dags/example_branch_python_dop_operator_3.py for tasks to queue
[2024-08-28 14:34:50,267] {logging_mixin.py:115} INFO - [2024-08-28 14:34:50,267] {dagbag.py:507} INFO - Filling up the DagBag from /home/kai/Documents/PROJETOS/twitter_extractor_airflow/venv/lib/python3.8/site-packages/airflow/example_dags/example_branch_python_dop_operator_3.py
[2024-08-28 14:34:50,274] {processor.py:651} INFO - DAG(s) dict_keys(['example_branch_dop_operator_v3']) retrieved from /home/kai/Documents/PROJETOS/twitter_extractor_airflow/venv/lib/python3.8/site-packages/airflow/example_dags/example_branch_python_dop_operator_3.py
[2024-08-28 14:34:50,287] {logging_mixin.py:115} INFO - [2024-08-28 14:34:50,287] {dag.py:2379} INFO - Sync 1 DAGs
[2024-08-28 14:34:50,304] {logging_mixin.py:115} INFO - [2024-08-28 14:34:50,304] {dag.py:2927} INFO - Setting next_dagrun for example_branch_dop_operator_v3 to 2024-08-28T17:33:00+00:00, run_after=2024-08-28T17:34:00+00:00
[2024-08-28 14:34:50,316] {processor.py:161} INFO - Processing /home/kai/Documents/PROJETOS/twitter_extractor_airflow/venv/lib/python3.8/site-packages/airflow/example_dags/example_branch_python_dop_operator_3.py took 0.053 seconds
[2024-08-28 14:35:24,678] {processor.py:153} INFO - Started process (PID=46034) to work on /home/kai/Documents/PROJETOS/twitter_extractor_airflow/venv/lib/python3.8/site-packages/airflow/example_dags/example_branch_python_dop_operator_3.py
[2024-08-28 14:35:24,679] {processor.py:641} INFO - Processing file /home/kai/Documents/PROJETOS/twitter_extractor_airflow/venv/lib/python3.8/site-packages/airflow/example_dags/example_branch_python_dop_operator_3.py for tasks to queue
[2024-08-28 14:35:24,679] {logging_mixin.py:115} INFO - [2024-08-28 14:35:24,679] {dagbag.py:507} INFO - Filling up the DagBag from /home/kai/Documents/PROJETOS/twitter_extractor_airflow/venv/lib/python3.8/site-packages/airflow/example_dags/example_branch_python_dop_operator_3.py
[2024-08-28 14:35:24,692] {processor.py:651} INFO - DAG(s) dict_keys(['example_branch_dop_operator_v3']) retrieved from /home/kai/Documents/PROJETOS/twitter_extractor_airflow/venv/lib/python3.8/site-packages/airflow/example_dags/example_branch_python_dop_operator_3.py
[2024-08-28 14:35:24,713] {logging_mixin.py:115} INFO - [2024-08-28 14:35:24,713] {dag.py:2379} INFO - Sync 1 DAGs
[2024-08-28 14:35:24,736] {logging_mixin.py:115} INFO - [2024-08-28 14:35:24,736] {dag.py:2927} INFO - Setting next_dagrun for example_branch_dop_operator_v3 to 2024-08-28T17:34:00+00:00, run_after=2024-08-28T17:35:00+00:00
[2024-08-28 14:35:24,752] {processor.py:161} INFO - Processing /home/kai/Documents/PROJETOS/twitter_extractor_airflow/venv/lib/python3.8/site-packages/airflow/example_dags/example_branch_python_dop_operator_3.py took 0.076 seconds
[2024-08-28 14:35:57,334] {processor.py:153} INFO - Started process (PID=46230) to work on /home/kai/Documents/PROJETOS/twitter_extractor_airflow/venv/lib/python3.8/site-packages/airflow/example_dags/example_branch_python_dop_operator_3.py
[2024-08-28 14:35:57,335] {processor.py:641} INFO - Processing file /home/kai/Documents/PROJETOS/twitter_extractor_airflow/venv/lib/python3.8/site-packages/airflow/example_dags/example_branch_python_dop_operator_3.py for tasks to queue
[2024-08-28 14:35:57,336] {logging_mixin.py:115} INFO - [2024-08-28 14:35:57,335] {dagbag.py:507} INFO - Filling up the DagBag from /home/kai/Documents/PROJETOS/twitter_extractor_airflow/venv/lib/python3.8/site-packages/airflow/example_dags/example_branch_python_dop_operator_3.py
[2024-08-28 14:35:57,344] {processor.py:651} INFO - DAG(s) dict_keys(['example_branch_dop_operator_v3']) retrieved from /home/kai/Documents/PROJETOS/twitter_extractor_airflow/venv/lib/python3.8/site-packages/airflow/example_dags/example_branch_python_dop_operator_3.py
[2024-08-28 14:35:57,358] {logging_mixin.py:115} INFO - [2024-08-28 14:35:57,358] {dag.py:2379} INFO - Sync 1 DAGs
[2024-08-28 14:35:57,376] {logging_mixin.py:115} INFO - [2024-08-28 14:35:57,376] {dag.py:2927} INFO - Setting next_dagrun for example_branch_dop_operator_v3 to 2024-08-28T17:34:00+00:00, run_after=2024-08-28T17:35:00+00:00
[2024-08-28 14:35:57,387] {processor.py:161} INFO - Processing /home/kai/Documents/PROJETOS/twitter_extractor_airflow/venv/lib/python3.8/site-packages/airflow/example_dags/example_branch_python_dop_operator_3.py took 0.057 seconds
[2024-08-28 14:36:32,252] {processor.py:153} INFO - Started process (PID=46435) to work on /home/kai/Documents/PROJETOS/twitter_extractor_airflow/venv/lib/python3.8/site-packages/airflow/example_dags/example_branch_python_dop_operator_3.py
[2024-08-28 14:36:32,253] {processor.py:641} INFO - Processing file /home/kai/Documents/PROJETOS/twitter_extractor_airflow/venv/lib/python3.8/site-packages/airflow/example_dags/example_branch_python_dop_operator_3.py for tasks to queue
[2024-08-28 14:36:32,254] {logging_mixin.py:115} INFO - [2024-08-28 14:36:32,254] {dagbag.py:507} INFO - Filling up the DagBag from /home/kai/Documents/PROJETOS/twitter_extractor_airflow/venv/lib/python3.8/site-packages/airflow/example_dags/example_branch_python_dop_operator_3.py
[2024-08-28 14:36:32,267] {processor.py:651} INFO - DAG(s) dict_keys(['example_branch_dop_operator_v3']) retrieved from /home/kai/Documents/PROJETOS/twitter_extractor_airflow/venv/lib/python3.8/site-packages/airflow/example_dags/example_branch_python_dop_operator_3.py
[2024-08-28 14:36:32,284] {logging_mixin.py:115} INFO - [2024-08-28 14:36:32,284] {dag.py:2379} INFO - Sync 1 DAGs
[2024-08-28 14:36:32,300] {logging_mixin.py:115} INFO - [2024-08-28 14:36:32,300] {dag.py:2927} INFO - Setting next_dagrun for example_branch_dop_operator_v3 to 2024-08-28T17:35:00+00:00, run_after=2024-08-28T17:36:00+00:00
[2024-08-28 14:36:32,311] {processor.py:161} INFO - Processing /home/kai/Documents/PROJETOS/twitter_extractor_airflow/venv/lib/python3.8/site-packages/airflow/example_dags/example_branch_python_dop_operator_3.py took 0.062 seconds
[2024-08-28 14:37:04,294] {processor.py:153} INFO - Started process (PID=46647) to work on /home/kai/Documents/PROJETOS/twitter_extractor_airflow/venv/lib/python3.8/site-packages/airflow/example_dags/example_branch_python_dop_operator_3.py
[2024-08-28 14:37:04,295] {processor.py:641} INFO - Processing file /home/kai/Documents/PROJETOS/twitter_extractor_airflow/venv/lib/python3.8/site-packages/airflow/example_dags/example_branch_python_dop_operator_3.py for tasks to queue
[2024-08-28 14:37:04,295] {logging_mixin.py:115} INFO - [2024-08-28 14:37:04,295] {dagbag.py:507} INFO - Filling up the DagBag from /home/kai/Documents/PROJETOS/twitter_extractor_airflow/venv/lib/python3.8/site-packages/airflow/example_dags/example_branch_python_dop_operator_3.py
[2024-08-28 14:37:04,303] {processor.py:651} INFO - DAG(s) dict_keys(['example_branch_dop_operator_v3']) retrieved from /home/kai/Documents/PROJETOS/twitter_extractor_airflow/venv/lib/python3.8/site-packages/airflow/example_dags/example_branch_python_dop_operator_3.py
[2024-08-28 14:37:04,317] {logging_mixin.py:115} INFO - [2024-08-28 14:37:04,316] {dag.py:2379} INFO - Sync 1 DAGs
[2024-08-28 14:37:04,333] {logging_mixin.py:115} INFO - [2024-08-28 14:37:04,333] {dag.py:2927} INFO - Setting next_dagrun for example_branch_dop_operator_v3 to 2024-08-28T17:36:00+00:00, run_after=2024-08-28T17:37:00+00:00
[2024-08-28 14:37:04,345] {processor.py:161} INFO - Processing /home/kai/Documents/PROJETOS/twitter_extractor_airflow/venv/lib/python3.8/site-packages/airflow/example_dags/example_branch_python_dop_operator_3.py took 0.053 seconds
[2024-08-28 14:37:38,746] {processor.py:153} INFO - Started process (PID=46954) to work on /home/kai/Documents/PROJETOS/twitter_extractor_airflow/venv/lib/python3.8/site-packages/airflow/example_dags/example_branch_python_dop_operator_3.py
[2024-08-28 14:37:38,747] {processor.py:641} INFO - Processing file /home/kai/Documents/PROJETOS/twitter_extractor_airflow/venv/lib/python3.8/site-packages/airflow/example_dags/example_branch_python_dop_operator_3.py for tasks to queue
[2024-08-28 14:37:38,748] {logging_mixin.py:115} INFO - [2024-08-28 14:37:38,748] {dagbag.py:507} INFO - Filling up the DagBag from /home/kai/Documents/PROJETOS/twitter_extractor_airflow/venv/lib/python3.8/site-packages/airflow/example_dags/example_branch_python_dop_operator_3.py
[2024-08-28 14:37:38,756] {processor.py:651} INFO - DAG(s) dict_keys(['example_branch_dop_operator_v3']) retrieved from /home/kai/Documents/PROJETOS/twitter_extractor_airflow/venv/lib/python3.8/site-packages/airflow/example_dags/example_branch_python_dop_operator_3.py
[2024-08-28 14:37:38,771] {logging_mixin.py:115} INFO - [2024-08-28 14:37:38,771] {dag.py:2379} INFO - Sync 1 DAGs
[2024-08-28 14:37:38,788] {logging_mixin.py:115} INFO - [2024-08-28 14:37:38,788] {dag.py:2927} INFO - Setting next_dagrun for example_branch_dop_operator_v3 to 2024-08-28T17:36:00+00:00, run_after=2024-08-28T17:37:00+00:00
[2024-08-28 14:37:38,801] {processor.py:161} INFO - Processing /home/kai/Documents/PROJETOS/twitter_extractor_airflow/venv/lib/python3.8/site-packages/airflow/example_dags/example_branch_python_dop_operator_3.py took 0.058 seconds
[2024-08-28 14:38:11,411] {processor.py:153} INFO - Started process (PID=47236) to work on /home/kai/Documents/PROJETOS/twitter_extractor_airflow/venv/lib/python3.8/site-packages/airflow/example_dags/example_branch_python_dop_operator_3.py
[2024-08-28 14:38:11,411] {processor.py:641} INFO - Processing file /home/kai/Documents/PROJETOS/twitter_extractor_airflow/venv/lib/python3.8/site-packages/airflow/example_dags/example_branch_python_dop_operator_3.py for tasks to queue
[2024-08-28 14:38:11,412] {logging_mixin.py:115} INFO - [2024-08-28 14:38:11,412] {dagbag.py:507} INFO - Filling up the DagBag from /home/kai/Documents/PROJETOS/twitter_extractor_airflow/venv/lib/python3.8/site-packages/airflow/example_dags/example_branch_python_dop_operator_3.py
[2024-08-28 14:38:11,419] {processor.py:651} INFO - DAG(s) dict_keys(['example_branch_dop_operator_v3']) retrieved from /home/kai/Documents/PROJETOS/twitter_extractor_airflow/venv/lib/python3.8/site-packages/airflow/example_dags/example_branch_python_dop_operator_3.py
[2024-08-28 14:38:11,433] {logging_mixin.py:115} INFO - [2024-08-28 14:38:11,432] {dag.py:2379} INFO - Sync 1 DAGs
[2024-08-28 14:38:11,449] {logging_mixin.py:115} INFO - [2024-08-28 14:38:11,449] {dag.py:2927} INFO - Setting next_dagrun for example_branch_dop_operator_v3 to 2024-08-28T17:37:00+00:00, run_after=2024-08-28T17:38:00+00:00
[2024-08-28 14:38:11,463] {processor.py:161} INFO - Processing /home/kai/Documents/PROJETOS/twitter_extractor_airflow/venv/lib/python3.8/site-packages/airflow/example_dags/example_branch_python_dop_operator_3.py took 0.055 seconds
[2024-08-28 14:38:45,129] {processor.py:153} INFO - Started process (PID=47527) to work on /home/kai/Documents/PROJETOS/twitter_extractor_airflow/venv/lib/python3.8/site-packages/airflow/example_dags/example_branch_python_dop_operator_3.py
[2024-08-28 14:38:45,129] {processor.py:641} INFO - Processing file /home/kai/Documents/PROJETOS/twitter_extractor_airflow/venv/lib/python3.8/site-packages/airflow/example_dags/example_branch_python_dop_operator_3.py for tasks to queue
[2024-08-28 14:38:45,130] {logging_mixin.py:115} INFO - [2024-08-28 14:38:45,130] {dagbag.py:507} INFO - Filling up the DagBag from /home/kai/Documents/PROJETOS/twitter_extractor_airflow/venv/lib/python3.8/site-packages/airflow/example_dags/example_branch_python_dop_operator_3.py
[2024-08-28 14:38:45,137] {processor.py:651} INFO - DAG(s) dict_keys(['example_branch_dop_operator_v3']) retrieved from /home/kai/Documents/PROJETOS/twitter_extractor_airflow/venv/lib/python3.8/site-packages/airflow/example_dags/example_branch_python_dop_operator_3.py
[2024-08-28 14:38:45,149] {logging_mixin.py:115} INFO - [2024-08-28 14:38:45,149] {dag.py:2379} INFO - Sync 1 DAGs
[2024-08-28 14:38:45,165] {logging_mixin.py:115} INFO - [2024-08-28 14:38:45,165] {dag.py:2927} INFO - Setting next_dagrun for example_branch_dop_operator_v3 to 2024-08-28T17:37:00+00:00, run_after=2024-08-28T17:38:00+00:00
[2024-08-28 14:38:45,177] {processor.py:161} INFO - Processing /home/kai/Documents/PROJETOS/twitter_extractor_airflow/venv/lib/python3.8/site-packages/airflow/example_dags/example_branch_python_dop_operator_3.py took 0.051 seconds
[2024-08-28 14:39:12,513] {processor.py:153} INFO - Started process (PID=47921) to work on /home/kai/Documents/PROJETOS/twitter_extractor_airflow/venv/lib/python3.8/site-packages/airflow/example_dags/example_branch_python_dop_operator_3.py
[2024-08-28 14:39:12,514] {processor.py:641} INFO - Processing file /home/kai/Documents/PROJETOS/twitter_extractor_airflow/venv/lib/python3.8/site-packages/airflow/example_dags/example_branch_python_dop_operator_3.py for tasks to queue
[2024-08-28 14:39:12,514] {logging_mixin.py:115} INFO - [2024-08-28 14:39:12,514] {dagbag.py:507} INFO - Filling up the DagBag from /home/kai/Documents/PROJETOS/twitter_extractor_airflow/venv/lib/python3.8/site-packages/airflow/example_dags/example_branch_python_dop_operator_3.py
[2024-08-28 14:39:12,522] {processor.py:651} INFO - DAG(s) dict_keys(['example_branch_dop_operator_v3']) retrieved from /home/kai/Documents/PROJETOS/twitter_extractor_airflow/venv/lib/python3.8/site-packages/airflow/example_dags/example_branch_python_dop_operator_3.py
[2024-08-28 14:39:12,534] {logging_mixin.py:115} INFO - [2024-08-28 14:39:12,534] {dag.py:2379} INFO - Sync 1 DAGs
[2024-08-28 14:39:12,552] {logging_mixin.py:115} INFO - [2024-08-28 14:39:12,552] {dag.py:2927} INFO - Setting next_dagrun for example_branch_dop_operator_v3 to 2024-08-28T17:38:00+00:00, run_after=2024-08-28T17:39:00+00:00
[2024-08-28 14:39:12,566] {processor.py:161} INFO - Processing /home/kai/Documents/PROJETOS/twitter_extractor_airflow/venv/lib/python3.8/site-packages/airflow/example_dags/example_branch_python_dop_operator_3.py took 0.055 seconds
[2024-08-28 14:39:43,977] {processor.py:153} INFO - Started process (PID=48149) to work on /home/kai/Documents/PROJETOS/twitter_extractor_airflow/venv/lib/python3.8/site-packages/airflow/example_dags/example_branch_python_dop_operator_3.py
[2024-08-28 14:39:43,977] {processor.py:641} INFO - Processing file /home/kai/Documents/PROJETOS/twitter_extractor_airflow/venv/lib/python3.8/site-packages/airflow/example_dags/example_branch_python_dop_operator_3.py for tasks to queue
[2024-08-28 14:39:43,978] {logging_mixin.py:115} INFO - [2024-08-28 14:39:43,978] {dagbag.py:507} INFO - Filling up the DagBag from /home/kai/Documents/PROJETOS/twitter_extractor_airflow/venv/lib/python3.8/site-packages/airflow/example_dags/example_branch_python_dop_operator_3.py
[2024-08-28 14:39:43,985] {processor.py:651} INFO - DAG(s) dict_keys(['example_branch_dop_operator_v3']) retrieved from /home/kai/Documents/PROJETOS/twitter_extractor_airflow/venv/lib/python3.8/site-packages/airflow/example_dags/example_branch_python_dop_operator_3.py
[2024-08-28 14:39:43,997] {logging_mixin.py:115} INFO - [2024-08-28 14:39:43,997] {dag.py:2379} INFO - Sync 1 DAGs
[2024-08-28 14:39:44,013] {logging_mixin.py:115} INFO - [2024-08-28 14:39:44,013] {dag.py:2927} INFO - Setting next_dagrun for example_branch_dop_operator_v3 to 2024-08-28T17:38:00+00:00, run_after=2024-08-28T17:39:00+00:00
[2024-08-28 14:39:44,024] {processor.py:161} INFO - Processing /home/kai/Documents/PROJETOS/twitter_extractor_airflow/venv/lib/python3.8/site-packages/airflow/example_dags/example_branch_python_dop_operator_3.py took 0.049 seconds
[2024-08-28 14:40:18,350] {processor.py:153} INFO - Started process (PID=48376) to work on /home/kai/Documents/PROJETOS/twitter_extractor_airflow/venv/lib/python3.8/site-packages/airflow/example_dags/example_branch_python_dop_operator_3.py
[2024-08-28 14:40:18,351] {processor.py:641} INFO - Processing file /home/kai/Documents/PROJETOS/twitter_extractor_airflow/venv/lib/python3.8/site-packages/airflow/example_dags/example_branch_python_dop_operator_3.py for tasks to queue
[2024-08-28 14:40:18,351] {logging_mixin.py:115} INFO - [2024-08-28 14:40:18,351] {dagbag.py:507} INFO - Filling up the DagBag from /home/kai/Documents/PROJETOS/twitter_extractor_airflow/venv/lib/python3.8/site-packages/airflow/example_dags/example_branch_python_dop_operator_3.py
[2024-08-28 14:40:18,360] {processor.py:651} INFO - DAG(s) dict_keys(['example_branch_dop_operator_v3']) retrieved from /home/kai/Documents/PROJETOS/twitter_extractor_airflow/venv/lib/python3.8/site-packages/airflow/example_dags/example_branch_python_dop_operator_3.py
[2024-08-28 14:40:18,373] {logging_mixin.py:115} INFO - [2024-08-28 14:40:18,372] {dag.py:2379} INFO - Sync 1 DAGs
[2024-08-28 14:40:18,388] {logging_mixin.py:115} INFO - [2024-08-28 14:40:18,388] {dag.py:2927} INFO - Setting next_dagrun for example_branch_dop_operator_v3 to 2024-08-28T17:39:00+00:00, run_after=2024-08-28T17:40:00+00:00
[2024-08-28 14:40:18,399] {processor.py:161} INFO - Processing /home/kai/Documents/PROJETOS/twitter_extractor_airflow/venv/lib/python3.8/site-packages/airflow/example_dags/example_branch_python_dop_operator_3.py took 0.051 seconds
[2024-08-28 14:40:50,874] {processor.py:153} INFO - Started process (PID=48568) to work on /home/kai/Documents/PROJETOS/twitter_extractor_airflow/venv/lib/python3.8/site-packages/airflow/example_dags/example_branch_python_dop_operator_3.py
[2024-08-28 14:40:50,877] {processor.py:641} INFO - Processing file /home/kai/Documents/PROJETOS/twitter_extractor_airflow/venv/lib/python3.8/site-packages/airflow/example_dags/example_branch_python_dop_operator_3.py for tasks to queue
[2024-08-28 14:40:50,878] {logging_mixin.py:115} INFO - [2024-08-28 14:40:50,878] {dagbag.py:507} INFO - Filling up the DagBag from /home/kai/Documents/PROJETOS/twitter_extractor_airflow/venv/lib/python3.8/site-packages/airflow/example_dags/example_branch_python_dop_operator_3.py
[2024-08-28 14:40:50,890] {processor.py:651} INFO - DAG(s) dict_keys(['example_branch_dop_operator_v3']) retrieved from /home/kai/Documents/PROJETOS/twitter_extractor_airflow/venv/lib/python3.8/site-packages/airflow/example_dags/example_branch_python_dop_operator_3.py
[2024-08-28 14:40:50,921] {logging_mixin.py:115} INFO - [2024-08-28 14:40:50,918] {dag.py:2379} INFO - Sync 1 DAGs
[2024-08-28 14:40:50,964] {logging_mixin.py:115} INFO - [2024-08-28 14:40:50,964] {dag.py:2927} INFO - Setting next_dagrun for example_branch_dop_operator_v3 to 2024-08-28T17:39:00+00:00, run_after=2024-08-28T17:40:00+00:00
[2024-08-28 14:40:50,983] {processor.py:161} INFO - Processing /home/kai/Documents/PROJETOS/twitter_extractor_airflow/venv/lib/python3.8/site-packages/airflow/example_dags/example_branch_python_dop_operator_3.py took 0.113 seconds
[2024-08-28 14:41:26,483] {processor.py:153} INFO - Started process (PID=48916) to work on /home/kai/Documents/PROJETOS/twitter_extractor_airflow/venv/lib/python3.8/site-packages/airflow/example_dags/example_branch_python_dop_operator_3.py
[2024-08-28 14:41:26,484] {processor.py:641} INFO - Processing file /home/kai/Documents/PROJETOS/twitter_extractor_airflow/venv/lib/python3.8/site-packages/airflow/example_dags/example_branch_python_dop_operator_3.py for tasks to queue
[2024-08-28 14:41:26,485] {logging_mixin.py:115} INFO - [2024-08-28 14:41:26,484] {dagbag.py:507} INFO - Filling up the DagBag from /home/kai/Documents/PROJETOS/twitter_extractor_airflow/venv/lib/python3.8/site-packages/airflow/example_dags/example_branch_python_dop_operator_3.py
[2024-08-28 14:41:26,497] {processor.py:651} INFO - DAG(s) dict_keys(['example_branch_dop_operator_v3']) retrieved from /home/kai/Documents/PROJETOS/twitter_extractor_airflow/venv/lib/python3.8/site-packages/airflow/example_dags/example_branch_python_dop_operator_3.py
[2024-08-28 14:41:26,520] {logging_mixin.py:115} INFO - [2024-08-28 14:41:26,520] {dag.py:2379} INFO - Sync 1 DAGs
[2024-08-28 14:41:26,542] {logging_mixin.py:115} INFO - [2024-08-28 14:41:26,542] {dag.py:2927} INFO - Setting next_dagrun for example_branch_dop_operator_v3 to 2024-08-28T17:40:00+00:00, run_after=2024-08-28T17:41:00+00:00
[2024-08-28 14:41:26,556] {processor.py:161} INFO - Processing /home/kai/Documents/PROJETOS/twitter_extractor_airflow/venv/lib/python3.8/site-packages/airflow/example_dags/example_branch_python_dop_operator_3.py took 0.076 seconds
[2024-08-28 14:41:59,180] {processor.py:153} INFO - Started process (PID=49115) to work on /home/kai/Documents/PROJETOS/twitter_extractor_airflow/venv/lib/python3.8/site-packages/airflow/example_dags/example_branch_python_dop_operator_3.py
[2024-08-28 14:41:59,180] {processor.py:641} INFO - Processing file /home/kai/Documents/PROJETOS/twitter_extractor_airflow/venv/lib/python3.8/site-packages/airflow/example_dags/example_branch_python_dop_operator_3.py for tasks to queue
[2024-08-28 14:41:59,181] {logging_mixin.py:115} INFO - [2024-08-28 14:41:59,181] {dagbag.py:507} INFO - Filling up the DagBag from /home/kai/Documents/PROJETOS/twitter_extractor_airflow/venv/lib/python3.8/site-packages/airflow/example_dags/example_branch_python_dop_operator_3.py
[2024-08-28 14:41:59,188] {processor.py:651} INFO - DAG(s) dict_keys(['example_branch_dop_operator_v3']) retrieved from /home/kai/Documents/PROJETOS/twitter_extractor_airflow/venv/lib/python3.8/site-packages/airflow/example_dags/example_branch_python_dop_operator_3.py
[2024-08-28 14:41:59,200] {logging_mixin.py:115} INFO - [2024-08-28 14:41:59,200] {dag.py:2379} INFO - Sync 1 DAGs
[2024-08-28 14:41:59,216] {logging_mixin.py:115} INFO - [2024-08-28 14:41:59,216] {dag.py:2927} INFO - Setting next_dagrun for example_branch_dop_operator_v3 to 2024-08-28T17:40:00+00:00, run_after=2024-08-28T17:41:00+00:00
[2024-08-28 14:41:59,227] {processor.py:161} INFO - Processing /home/kai/Documents/PROJETOS/twitter_extractor_airflow/venv/lib/python3.8/site-packages/airflow/example_dags/example_branch_python_dop_operator_3.py took 0.050 seconds
[2024-08-28 14:42:34,064] {processor.py:153} INFO - Started process (PID=49324) to work on /home/kai/Documents/PROJETOS/twitter_extractor_airflow/venv/lib/python3.8/site-packages/airflow/example_dags/example_branch_python_dop_operator_3.py
[2024-08-28 14:42:34,065] {processor.py:641} INFO - Processing file /home/kai/Documents/PROJETOS/twitter_extractor_airflow/venv/lib/python3.8/site-packages/airflow/example_dags/example_branch_python_dop_operator_3.py for tasks to queue
[2024-08-28 14:42:34,065] {logging_mixin.py:115} INFO - [2024-08-28 14:42:34,065] {dagbag.py:507} INFO - Filling up the DagBag from /home/kai/Documents/PROJETOS/twitter_extractor_airflow/venv/lib/python3.8/site-packages/airflow/example_dags/example_branch_python_dop_operator_3.py
[2024-08-28 14:42:34,073] {processor.py:651} INFO - DAG(s) dict_keys(['example_branch_dop_operator_v3']) retrieved from /home/kai/Documents/PROJETOS/twitter_extractor_airflow/venv/lib/python3.8/site-packages/airflow/example_dags/example_branch_python_dop_operator_3.py
[2024-08-28 14:42:34,091] {logging_mixin.py:115} INFO - [2024-08-28 14:42:34,090] {dag.py:2379} INFO - Sync 1 DAGs
[2024-08-28 14:42:34,108] {logging_mixin.py:115} INFO - [2024-08-28 14:42:34,108] {dag.py:2927} INFO - Setting next_dagrun for example_branch_dop_operator_v3 to 2024-08-28T17:41:00+00:00, run_after=2024-08-28T17:42:00+00:00
[2024-08-28 14:42:34,121] {processor.py:161} INFO - Processing /home/kai/Documents/PROJETOS/twitter_extractor_airflow/venv/lib/python3.8/site-packages/airflow/example_dags/example_branch_python_dop_operator_3.py took 0.059 seconds
[2024-08-28 14:43:06,109] {processor.py:153} INFO - Started process (PID=49521) to work on /home/kai/Documents/PROJETOS/twitter_extractor_airflow/venv/lib/python3.8/site-packages/airflow/example_dags/example_branch_python_dop_operator_3.py
[2024-08-28 14:43:06,109] {processor.py:641} INFO - Processing file /home/kai/Documents/PROJETOS/twitter_extractor_airflow/venv/lib/python3.8/site-packages/airflow/example_dags/example_branch_python_dop_operator_3.py for tasks to queue
[2024-08-28 14:43:06,110] {logging_mixin.py:115} INFO - [2024-08-28 14:43:06,109] {dagbag.py:507} INFO - Filling up the DagBag from /home/kai/Documents/PROJETOS/twitter_extractor_airflow/venv/lib/python3.8/site-packages/airflow/example_dags/example_branch_python_dop_operator_3.py
[2024-08-28 14:43:06,117] {processor.py:651} INFO - DAG(s) dict_keys(['example_branch_dop_operator_v3']) retrieved from /home/kai/Documents/PROJETOS/twitter_extractor_airflow/venv/lib/python3.8/site-packages/airflow/example_dags/example_branch_python_dop_operator_3.py
[2024-08-28 14:43:06,129] {logging_mixin.py:115} INFO - [2024-08-28 14:43:06,129] {dag.py:2379} INFO - Sync 1 DAGs
[2024-08-28 14:43:06,145] {logging_mixin.py:115} INFO - [2024-08-28 14:43:06,145] {dag.py:2927} INFO - Setting next_dagrun for example_branch_dop_operator_v3 to 2024-08-28T17:42:00+00:00, run_after=2024-08-28T17:43:00+00:00
[2024-08-28 14:43:06,157] {processor.py:161} INFO - Processing /home/kai/Documents/PROJETOS/twitter_extractor_airflow/venv/lib/python3.8/site-packages/airflow/example_dags/example_branch_python_dop_operator_3.py took 0.051 seconds
[2024-08-28 14:43:40,462] {processor.py:153} INFO - Started process (PID=49724) to work on /home/kai/Documents/PROJETOS/twitter_extractor_airflow/venv/lib/python3.8/site-packages/airflow/example_dags/example_branch_python_dop_operator_3.py
[2024-08-28 14:43:40,463] {processor.py:641} INFO - Processing file /home/kai/Documents/PROJETOS/twitter_extractor_airflow/venv/lib/python3.8/site-packages/airflow/example_dags/example_branch_python_dop_operator_3.py for tasks to queue
[2024-08-28 14:43:40,463] {logging_mixin.py:115} INFO - [2024-08-28 14:43:40,463] {dagbag.py:507} INFO - Filling up the DagBag from /home/kai/Documents/PROJETOS/twitter_extractor_airflow/venv/lib/python3.8/site-packages/airflow/example_dags/example_branch_python_dop_operator_3.py
[2024-08-28 14:43:40,471] {processor.py:651} INFO - DAG(s) dict_keys(['example_branch_dop_operator_v3']) retrieved from /home/kai/Documents/PROJETOS/twitter_extractor_airflow/venv/lib/python3.8/site-packages/airflow/example_dags/example_branch_python_dop_operator_3.py
[2024-08-28 14:43:40,484] {logging_mixin.py:115} INFO - [2024-08-28 14:43:40,484] {dag.py:2379} INFO - Sync 1 DAGs
[2024-08-28 14:43:40,502] {logging_mixin.py:115} INFO - [2024-08-28 14:43:40,502] {dag.py:2927} INFO - Setting next_dagrun for example_branch_dop_operator_v3 to 2024-08-28T17:42:00+00:00, run_after=2024-08-28T17:43:00+00:00
[2024-08-28 14:43:40,514] {processor.py:161} INFO - Processing /home/kai/Documents/PROJETOS/twitter_extractor_airflow/venv/lib/python3.8/site-packages/airflow/example_dags/example_branch_python_dop_operator_3.py took 0.055 seconds
