[2024-08-28 13:42:47,578] {processor.py:153} INFO - Started process (PID=27489) to work on /home/kai/Documents/PROJETOS/twitter_extractor_airflow/venv/lib/python3.8/site-packages/airflow/example_dags/example_xcomargs.py
[2024-08-28 13:42:47,579] {processor.py:641} INFO - Processing file /home/kai/Documents/PROJETOS/twitter_extractor_airflow/venv/lib/python3.8/site-packages/airflow/example_dags/example_xcomargs.py for tasks to queue
[2024-08-28 13:42:47,579] {logging_mixin.py:115} INFO - [2024-08-28 13:42:47,579] {dagbag.py:507} INFO - Filling up the DagBag from /home/kai/Documents/PROJETOS/twitter_extractor_airflow/venv/lib/python3.8/site-packages/airflow/example_dags/example_xcomargs.py
[2024-08-28 13:42:47,594] {processor.py:651} INFO - DAG(s) dict_keys(['example_xcom_args', 'example_xcom_args_with_operators']) retrieved from /home/kai/Documents/PROJETOS/twitter_extractor_airflow/venv/lib/python3.8/site-packages/airflow/example_dags/example_xcomargs.py
[2024-08-28 13:42:47,630] {logging_mixin.py:115} INFO - [2024-08-28 13:42:47,630] {dag.py:2379} INFO - Sync 2 DAGs
[2024-08-28 13:42:47,643] {logging_mixin.py:115} INFO - [2024-08-28 13:42:47,643] {dag.py:2927} INFO - Setting next_dagrun for example_xcom_args to None, run_after=None
[2024-08-28 13:42:47,643] {logging_mixin.py:115} INFO - [2024-08-28 13:42:47,643] {dag.py:2927} INFO - Setting next_dagrun for example_xcom_args_with_operators to None, run_after=None
[2024-08-28 13:42:47,655] {processor.py:161} INFO - Processing /home/kai/Documents/PROJETOS/twitter_extractor_airflow/venv/lib/python3.8/site-packages/airflow/example_dags/example_xcomargs.py took 0.082 seconds
[2024-08-28 13:43:21,769] {processor.py:153} INFO - Started process (PID=27686) to work on /home/kai/Documents/PROJETOS/twitter_extractor_airflow/venv/lib/python3.8/site-packages/airflow/example_dags/example_xcomargs.py
[2024-08-28 13:43:21,770] {processor.py:641} INFO - Processing file /home/kai/Documents/PROJETOS/twitter_extractor_airflow/venv/lib/python3.8/site-packages/airflow/example_dags/example_xcomargs.py for tasks to queue
[2024-08-28 13:43:21,771] {logging_mixin.py:115} INFO - [2024-08-28 13:43:21,771] {dagbag.py:507} INFO - Filling up the DagBag from /home/kai/Documents/PROJETOS/twitter_extractor_airflow/venv/lib/python3.8/site-packages/airflow/example_dags/example_xcomargs.py
[2024-08-28 13:43:21,797] {processor.py:651} INFO - DAG(s) dict_keys(['example_xcom_args', 'example_xcom_args_with_operators']) retrieved from /home/kai/Documents/PROJETOS/twitter_extractor_airflow/venv/lib/python3.8/site-packages/airflow/example_dags/example_xcomargs.py
[2024-08-28 13:43:21,842] {logging_mixin.py:115} INFO - [2024-08-28 13:43:21,842] {dag.py:2379} INFO - Sync 2 DAGs
[2024-08-28 13:43:21,855] {logging_mixin.py:115} INFO - [2024-08-28 13:43:21,855] {dag.py:2927} INFO - Setting next_dagrun for example_xcom_args to None, run_after=None
[2024-08-28 13:43:21,855] {logging_mixin.py:115} INFO - [2024-08-28 13:43:21,855] {dag.py:2927} INFO - Setting next_dagrun for example_xcom_args_with_operators to None, run_after=None
[2024-08-28 13:43:21,864] {processor.py:161} INFO - Processing /home/kai/Documents/PROJETOS/twitter_extractor_airflow/venv/lib/python3.8/site-packages/airflow/example_dags/example_xcomargs.py took 0.099 seconds
[2024-08-28 13:43:56,756] {processor.py:153} INFO - Started process (PID=27886) to work on /home/kai/Documents/PROJETOS/twitter_extractor_airflow/venv/lib/python3.8/site-packages/airflow/example_dags/example_xcomargs.py
[2024-08-28 13:43:56,757] {processor.py:641} INFO - Processing file /home/kai/Documents/PROJETOS/twitter_extractor_airflow/venv/lib/python3.8/site-packages/airflow/example_dags/example_xcomargs.py for tasks to queue
[2024-08-28 13:43:56,757] {logging_mixin.py:115} INFO - [2024-08-28 13:43:56,757] {dagbag.py:507} INFO - Filling up the DagBag from /home/kai/Documents/PROJETOS/twitter_extractor_airflow/venv/lib/python3.8/site-packages/airflow/example_dags/example_xcomargs.py
[2024-08-28 13:43:56,772] {processor.py:651} INFO - DAG(s) dict_keys(['example_xcom_args', 'example_xcom_args_with_operators']) retrieved from /home/kai/Documents/PROJETOS/twitter_extractor_airflow/venv/lib/python3.8/site-packages/airflow/example_dags/example_xcomargs.py
[2024-08-28 13:43:56,809] {logging_mixin.py:115} INFO - [2024-08-28 13:43:56,809] {dag.py:2379} INFO - Sync 2 DAGs
[2024-08-28 13:43:56,832] {logging_mixin.py:115} INFO - [2024-08-28 13:43:56,832] {dag.py:2927} INFO - Setting next_dagrun for example_xcom_args to None, run_after=None
[2024-08-28 13:43:56,832] {logging_mixin.py:115} INFO - [2024-08-28 13:43:56,832] {dag.py:2927} INFO - Setting next_dagrun for example_xcom_args_with_operators to None, run_after=None
[2024-08-28 13:43:56,844] {processor.py:161} INFO - Processing /home/kai/Documents/PROJETOS/twitter_extractor_airflow/venv/lib/python3.8/site-packages/airflow/example_dags/example_xcomargs.py took 0.091 seconds
[2024-08-28 13:44:28,955] {processor.py:153} INFO - Started process (PID=28076) to work on /home/kai/Documents/PROJETOS/twitter_extractor_airflow/venv/lib/python3.8/site-packages/airflow/example_dags/example_xcomargs.py
[2024-08-28 13:44:28,956] {processor.py:641} INFO - Processing file /home/kai/Documents/PROJETOS/twitter_extractor_airflow/venv/lib/python3.8/site-packages/airflow/example_dags/example_xcomargs.py for tasks to queue
[2024-08-28 13:44:28,956] {logging_mixin.py:115} INFO - [2024-08-28 13:44:28,956] {dagbag.py:507} INFO - Filling up the DagBag from /home/kai/Documents/PROJETOS/twitter_extractor_airflow/venv/lib/python3.8/site-packages/airflow/example_dags/example_xcomargs.py
[2024-08-28 13:44:28,970] {processor.py:651} INFO - DAG(s) dict_keys(['example_xcom_args', 'example_xcom_args_with_operators']) retrieved from /home/kai/Documents/PROJETOS/twitter_extractor_airflow/venv/lib/python3.8/site-packages/airflow/example_dags/example_xcomargs.py
[2024-08-28 13:44:29,006] {logging_mixin.py:115} INFO - [2024-08-28 13:44:29,005] {dag.py:2379} INFO - Sync 2 DAGs
[2024-08-28 13:44:29,016] {logging_mixin.py:115} INFO - [2024-08-28 13:44:29,016] {dag.py:2927} INFO - Setting next_dagrun for example_xcom_args to None, run_after=None
[2024-08-28 13:44:29,016] {logging_mixin.py:115} INFO - [2024-08-28 13:44:29,016] {dag.py:2927} INFO - Setting next_dagrun for example_xcom_args_with_operators to None, run_after=None
[2024-08-28 13:44:29,025] {processor.py:161} INFO - Processing /home/kai/Documents/PROJETOS/twitter_extractor_airflow/venv/lib/python3.8/site-packages/airflow/example_dags/example_xcomargs.py took 0.073 seconds
[2024-08-28 13:45:02,450] {processor.py:153} INFO - Started process (PID=28277) to work on /home/kai/Documents/PROJETOS/twitter_extractor_airflow/venv/lib/python3.8/site-packages/airflow/example_dags/example_xcomargs.py
[2024-08-28 13:45:02,451] {processor.py:641} INFO - Processing file /home/kai/Documents/PROJETOS/twitter_extractor_airflow/venv/lib/python3.8/site-packages/airflow/example_dags/example_xcomargs.py for tasks to queue
[2024-08-28 13:45:02,451] {logging_mixin.py:115} INFO - [2024-08-28 13:45:02,451] {dagbag.py:507} INFO - Filling up the DagBag from /home/kai/Documents/PROJETOS/twitter_extractor_airflow/venv/lib/python3.8/site-packages/airflow/example_dags/example_xcomargs.py
[2024-08-28 13:45:02,469] {processor.py:651} INFO - DAG(s) dict_keys(['example_xcom_args', 'example_xcom_args_with_operators']) retrieved from /home/kai/Documents/PROJETOS/twitter_extractor_airflow/venv/lib/python3.8/site-packages/airflow/example_dags/example_xcomargs.py
[2024-08-28 13:45:02,509] {logging_mixin.py:115} INFO - [2024-08-28 13:45:02,509] {dag.py:2379} INFO - Sync 2 DAGs
[2024-08-28 13:45:02,520] {logging_mixin.py:115} INFO - [2024-08-28 13:45:02,520] {dag.py:2927} INFO - Setting next_dagrun for example_xcom_args to None, run_after=None
[2024-08-28 13:45:02,521] {logging_mixin.py:115} INFO - [2024-08-28 13:45:02,520] {dag.py:2927} INFO - Setting next_dagrun for example_xcom_args_with_operators to None, run_after=None
[2024-08-28 13:45:02,530] {processor.py:161} INFO - Processing /home/kai/Documents/PROJETOS/twitter_extractor_airflow/venv/lib/python3.8/site-packages/airflow/example_dags/example_xcomargs.py took 0.083 seconds
[2024-08-28 13:45:38,337] {processor.py:153} INFO - Started process (PID=28487) to work on /home/kai/Documents/PROJETOS/twitter_extractor_airflow/venv/lib/python3.8/site-packages/airflow/example_dags/example_xcomargs.py
[2024-08-28 13:45:38,338] {processor.py:641} INFO - Processing file /home/kai/Documents/PROJETOS/twitter_extractor_airflow/venv/lib/python3.8/site-packages/airflow/example_dags/example_xcomargs.py for tasks to queue
[2024-08-28 13:45:38,338] {logging_mixin.py:115} INFO - [2024-08-28 13:45:38,338] {dagbag.py:507} INFO - Filling up the DagBag from /home/kai/Documents/PROJETOS/twitter_extractor_airflow/venv/lib/python3.8/site-packages/airflow/example_dags/example_xcomargs.py
[2024-08-28 13:45:38,354] {processor.py:651} INFO - DAG(s) dict_keys(['example_xcom_args', 'example_xcom_args_with_operators']) retrieved from /home/kai/Documents/PROJETOS/twitter_extractor_airflow/venv/lib/python3.8/site-packages/airflow/example_dags/example_xcomargs.py
[2024-08-28 13:45:38,393] {logging_mixin.py:115} INFO - [2024-08-28 13:45:38,393] {dag.py:2379} INFO - Sync 2 DAGs
[2024-08-28 13:45:38,405] {logging_mixin.py:115} INFO - [2024-08-28 13:45:38,405] {dag.py:2927} INFO - Setting next_dagrun for example_xcom_args to None, run_after=None
[2024-08-28 13:45:38,406] {logging_mixin.py:115} INFO - [2024-08-28 13:45:38,406] {dag.py:2927} INFO - Setting next_dagrun for example_xcom_args_with_operators to None, run_after=None
[2024-08-28 13:45:38,416] {processor.py:161} INFO - Processing /home/kai/Documents/PROJETOS/twitter_extractor_airflow/venv/lib/python3.8/site-packages/airflow/example_dags/example_xcomargs.py took 0.081 seconds
[2024-08-28 13:46:12,511] {processor.py:153} INFO - Started process (PID=28683) to work on /home/kai/Documents/PROJETOS/twitter_extractor_airflow/venv/lib/python3.8/site-packages/airflow/example_dags/example_xcomargs.py
[2024-08-28 13:46:12,512] {processor.py:641} INFO - Processing file /home/kai/Documents/PROJETOS/twitter_extractor_airflow/venv/lib/python3.8/site-packages/airflow/example_dags/example_xcomargs.py for tasks to queue
[2024-08-28 13:46:12,512] {logging_mixin.py:115} INFO - [2024-08-28 13:46:12,512] {dagbag.py:507} INFO - Filling up the DagBag from /home/kai/Documents/PROJETOS/twitter_extractor_airflow/venv/lib/python3.8/site-packages/airflow/example_dags/example_xcomargs.py
[2024-08-28 13:46:12,528] {processor.py:651} INFO - DAG(s) dict_keys(['example_xcom_args', 'example_xcom_args_with_operators']) retrieved from /home/kai/Documents/PROJETOS/twitter_extractor_airflow/venv/lib/python3.8/site-packages/airflow/example_dags/example_xcomargs.py
[2024-08-28 13:46:12,564] {logging_mixin.py:115} INFO - [2024-08-28 13:46:12,564] {dag.py:2379} INFO - Sync 2 DAGs
[2024-08-28 13:46:12,576] {logging_mixin.py:115} INFO - [2024-08-28 13:46:12,576] {dag.py:2927} INFO - Setting next_dagrun for example_xcom_args to None, run_after=None
[2024-08-28 13:46:12,576] {logging_mixin.py:115} INFO - [2024-08-28 13:46:12,576] {dag.py:2927} INFO - Setting next_dagrun for example_xcom_args_with_operators to None, run_after=None
[2024-08-28 13:46:12,585] {processor.py:161} INFO - Processing /home/kai/Documents/PROJETOS/twitter_extractor_airflow/venv/lib/python3.8/site-packages/airflow/example_dags/example_xcomargs.py took 0.076 seconds
[2024-08-28 13:46:50,194] {processor.py:153} INFO - Started process (PID=29413) to work on /home/kai/Documents/PROJETOS/twitter_extractor_airflow/venv/lib/python3.8/site-packages/airflow/example_dags/example_xcomargs.py
[2024-08-28 13:46:50,195] {processor.py:641} INFO - Processing file /home/kai/Documents/PROJETOS/twitter_extractor_airflow/venv/lib/python3.8/site-packages/airflow/example_dags/example_xcomargs.py for tasks to queue
[2024-08-28 13:46:50,195] {logging_mixin.py:115} INFO - [2024-08-28 13:46:50,195] {dagbag.py:507} INFO - Filling up the DagBag from /home/kai/Documents/PROJETOS/twitter_extractor_airflow/venv/lib/python3.8/site-packages/airflow/example_dags/example_xcomargs.py
[2024-08-28 13:46:50,211] {processor.py:651} INFO - DAG(s) dict_keys(['example_xcom_args', 'example_xcom_args_with_operators']) retrieved from /home/kai/Documents/PROJETOS/twitter_extractor_airflow/venv/lib/python3.8/site-packages/airflow/example_dags/example_xcomargs.py
[2024-08-28 13:46:50,249] {logging_mixin.py:115} INFO - [2024-08-28 13:46:50,249] {dag.py:2379} INFO - Sync 2 DAGs
[2024-08-28 13:46:50,260] {logging_mixin.py:115} INFO - [2024-08-28 13:46:50,260] {dag.py:2927} INFO - Setting next_dagrun for example_xcom_args to None, run_after=None
[2024-08-28 13:46:50,260] {logging_mixin.py:115} INFO - [2024-08-28 13:46:50,260] {dag.py:2927} INFO - Setting next_dagrun for example_xcom_args_with_operators to None, run_after=None
[2024-08-28 13:46:50,270] {processor.py:161} INFO - Processing /home/kai/Documents/PROJETOS/twitter_extractor_airflow/venv/lib/python3.8/site-packages/airflow/example_dags/example_xcomargs.py took 0.079 seconds
[2024-08-28 13:47:22,272] {processor.py:153} INFO - Started process (PID=29854) to work on /home/kai/Documents/PROJETOS/twitter_extractor_airflow/venv/lib/python3.8/site-packages/airflow/example_dags/example_xcomargs.py
[2024-08-28 13:47:22,273] {processor.py:641} INFO - Processing file /home/kai/Documents/PROJETOS/twitter_extractor_airflow/venv/lib/python3.8/site-packages/airflow/example_dags/example_xcomargs.py for tasks to queue
[2024-08-28 13:47:22,273] {logging_mixin.py:115} INFO - [2024-08-28 13:47:22,273] {dagbag.py:507} INFO - Filling up the DagBag from /home/kai/Documents/PROJETOS/twitter_extractor_airflow/venv/lib/python3.8/site-packages/airflow/example_dags/example_xcomargs.py
[2024-08-28 13:47:22,291] {processor.py:651} INFO - DAG(s) dict_keys(['example_xcom_args', 'example_xcom_args_with_operators']) retrieved from /home/kai/Documents/PROJETOS/twitter_extractor_airflow/venv/lib/python3.8/site-packages/airflow/example_dags/example_xcomargs.py
[2024-08-28 13:47:22,338] {logging_mixin.py:115} INFO - [2024-08-28 13:47:22,338] {dag.py:2379} INFO - Sync 2 DAGs
[2024-08-28 13:47:22,352] {logging_mixin.py:115} INFO - [2024-08-28 13:47:22,352] {dag.py:2927} INFO - Setting next_dagrun for example_xcom_args to None, run_after=None
[2024-08-28 13:47:22,352] {logging_mixin.py:115} INFO - [2024-08-28 13:47:22,352] {dag.py:2927} INFO - Setting next_dagrun for example_xcom_args_with_operators to None, run_after=None
[2024-08-28 13:47:22,367] {processor.py:161} INFO - Processing /home/kai/Documents/PROJETOS/twitter_extractor_airflow/venv/lib/python3.8/site-packages/airflow/example_dags/example_xcomargs.py took 0.098 seconds
[2024-08-28 13:47:58,333] {processor.py:153} INFO - Started process (PID=30081) to work on /home/kai/Documents/PROJETOS/twitter_extractor_airflow/venv/lib/python3.8/site-packages/airflow/example_dags/example_xcomargs.py
[2024-08-28 13:47:58,334] {processor.py:641} INFO - Processing file /home/kai/Documents/PROJETOS/twitter_extractor_airflow/venv/lib/python3.8/site-packages/airflow/example_dags/example_xcomargs.py for tasks to queue
[2024-08-28 13:47:58,334] {logging_mixin.py:115} INFO - [2024-08-28 13:47:58,334] {dagbag.py:507} INFO - Filling up the DagBag from /home/kai/Documents/PROJETOS/twitter_extractor_airflow/venv/lib/python3.8/site-packages/airflow/example_dags/example_xcomargs.py
[2024-08-28 13:47:58,348] {processor.py:651} INFO - DAG(s) dict_keys(['example_xcom_args', 'example_xcom_args_with_operators']) retrieved from /home/kai/Documents/PROJETOS/twitter_extractor_airflow/venv/lib/python3.8/site-packages/airflow/example_dags/example_xcomargs.py
[2024-08-28 13:47:58,362] {logging_mixin.py:115} INFO - [2024-08-28 13:47:58,361] {dag.py:2379} INFO - Sync 2 DAGs
[2024-08-28 13:47:58,376] {logging_mixin.py:115} INFO - [2024-08-28 13:47:58,376] {dag.py:2927} INFO - Setting next_dagrun for example_xcom_args to None, run_after=None
[2024-08-28 13:47:58,376] {logging_mixin.py:115} INFO - [2024-08-28 13:47:58,376] {dag.py:2927} INFO - Setting next_dagrun for example_xcom_args_with_operators to None, run_after=None
[2024-08-28 13:47:58,384] {processor.py:161} INFO - Processing /home/kai/Documents/PROJETOS/twitter_extractor_airflow/venv/lib/python3.8/site-packages/airflow/example_dags/example_xcomargs.py took 0.053 seconds
[2024-08-28 13:48:33,135] {processor.py:153} INFO - Started process (PID=30327) to work on /home/kai/Documents/PROJETOS/twitter_extractor_airflow/venv/lib/python3.8/site-packages/airflow/example_dags/example_xcomargs.py
[2024-08-28 13:48:33,136] {processor.py:641} INFO - Processing file /home/kai/Documents/PROJETOS/twitter_extractor_airflow/venv/lib/python3.8/site-packages/airflow/example_dags/example_xcomargs.py for tasks to queue
[2024-08-28 13:48:33,136] {logging_mixin.py:115} INFO - [2024-08-28 13:48:33,136] {dagbag.py:507} INFO - Filling up the DagBag from /home/kai/Documents/PROJETOS/twitter_extractor_airflow/venv/lib/python3.8/site-packages/airflow/example_dags/example_xcomargs.py
[2024-08-28 13:48:33,151] {processor.py:651} INFO - DAG(s) dict_keys(['example_xcom_args', 'example_xcom_args_with_operators']) retrieved from /home/kai/Documents/PROJETOS/twitter_extractor_airflow/venv/lib/python3.8/site-packages/airflow/example_dags/example_xcomargs.py
[2024-08-28 13:48:33,165] {logging_mixin.py:115} INFO - [2024-08-28 13:48:33,165] {dag.py:2379} INFO - Sync 2 DAGs
[2024-08-28 13:48:33,179] {logging_mixin.py:115} INFO - [2024-08-28 13:48:33,179] {dag.py:2927} INFO - Setting next_dagrun for example_xcom_args to None, run_after=None
[2024-08-28 13:48:33,179] {logging_mixin.py:115} INFO - [2024-08-28 13:48:33,179] {dag.py:2927} INFO - Setting next_dagrun for example_xcom_args_with_operators to None, run_after=None
[2024-08-28 13:48:33,189] {processor.py:161} INFO - Processing /home/kai/Documents/PROJETOS/twitter_extractor_airflow/venv/lib/python3.8/site-packages/airflow/example_dags/example_xcomargs.py took 0.056 seconds
[2024-08-28 13:49:07,989] {processor.py:153} INFO - Started process (PID=30547) to work on /home/kai/Documents/PROJETOS/twitter_extractor_airflow/venv/lib/python3.8/site-packages/airflow/example_dags/example_xcomargs.py
[2024-08-28 13:49:07,990] {processor.py:641} INFO - Processing file /home/kai/Documents/PROJETOS/twitter_extractor_airflow/venv/lib/python3.8/site-packages/airflow/example_dags/example_xcomargs.py for tasks to queue
[2024-08-28 13:49:07,990] {logging_mixin.py:115} INFO - [2024-08-28 13:49:07,990] {dagbag.py:507} INFO - Filling up the DagBag from /home/kai/Documents/PROJETOS/twitter_extractor_airflow/venv/lib/python3.8/site-packages/airflow/example_dags/example_xcomargs.py
[2024-08-28 13:49:08,006] {processor.py:651} INFO - DAG(s) dict_keys(['example_xcom_args', 'example_xcom_args_with_operators']) retrieved from /home/kai/Documents/PROJETOS/twitter_extractor_airflow/venv/lib/python3.8/site-packages/airflow/example_dags/example_xcomargs.py
[2024-08-28 13:49:08,021] {logging_mixin.py:115} INFO - [2024-08-28 13:49:08,020] {dag.py:2379} INFO - Sync 2 DAGs
[2024-08-28 13:49:08,035] {logging_mixin.py:115} INFO - [2024-08-28 13:49:08,035] {dag.py:2927} INFO - Setting next_dagrun for example_xcom_args to None, run_after=None
[2024-08-28 13:49:08,035] {logging_mixin.py:115} INFO - [2024-08-28 13:49:08,035] {dag.py:2927} INFO - Setting next_dagrun for example_xcom_args_with_operators to None, run_after=None
[2024-08-28 13:49:08,044] {processor.py:161} INFO - Processing /home/kai/Documents/PROJETOS/twitter_extractor_airflow/venv/lib/python3.8/site-packages/airflow/example_dags/example_xcomargs.py took 0.063 seconds
[2024-08-28 13:49:41,083] {processor.py:153} INFO - Started process (PID=30747) to work on /home/kai/Documents/PROJETOS/twitter_extractor_airflow/venv/lib/python3.8/site-packages/airflow/example_dags/example_xcomargs.py
[2024-08-28 13:49:41,085] {processor.py:641} INFO - Processing file /home/kai/Documents/PROJETOS/twitter_extractor_airflow/venv/lib/python3.8/site-packages/airflow/example_dags/example_xcomargs.py for tasks to queue
[2024-08-28 13:49:41,086] {logging_mixin.py:115} INFO - [2024-08-28 13:49:41,086] {dagbag.py:507} INFO - Filling up the DagBag from /home/kai/Documents/PROJETOS/twitter_extractor_airflow/venv/lib/python3.8/site-packages/airflow/example_dags/example_xcomargs.py
[2024-08-28 13:49:41,108] {processor.py:651} INFO - DAG(s) dict_keys(['example_xcom_args', 'example_xcom_args_with_operators']) retrieved from /home/kai/Documents/PROJETOS/twitter_extractor_airflow/venv/lib/python3.8/site-packages/airflow/example_dags/example_xcomargs.py
[2024-08-28 13:49:41,124] {logging_mixin.py:115} INFO - [2024-08-28 13:49:41,124] {dag.py:2379} INFO - Sync 2 DAGs
[2024-08-28 13:49:41,139] {logging_mixin.py:115} INFO - [2024-08-28 13:49:41,139] {dag.py:2927} INFO - Setting next_dagrun for example_xcom_args to None, run_after=None
[2024-08-28 13:49:41,139] {logging_mixin.py:115} INFO - [2024-08-28 13:49:41,139] {dag.py:2927} INFO - Setting next_dagrun for example_xcom_args_with_operators to None, run_after=None
[2024-08-28 13:49:41,147] {processor.py:161} INFO - Processing /home/kai/Documents/PROJETOS/twitter_extractor_airflow/venv/lib/python3.8/site-packages/airflow/example_dags/example_xcomargs.py took 0.072 seconds
[2024-08-28 13:50:14,040] {processor.py:153} INFO - Started process (PID=30990) to work on /home/kai/Documents/PROJETOS/twitter_extractor_airflow/venv/lib/python3.8/site-packages/airflow/example_dags/example_xcomargs.py
[2024-08-28 13:50:14,041] {processor.py:641} INFO - Processing file /home/kai/Documents/PROJETOS/twitter_extractor_airflow/venv/lib/python3.8/site-packages/airflow/example_dags/example_xcomargs.py for tasks to queue
[2024-08-28 13:50:14,041] {logging_mixin.py:115} INFO - [2024-08-28 13:50:14,041] {dagbag.py:507} INFO - Filling up the DagBag from /home/kai/Documents/PROJETOS/twitter_extractor_airflow/venv/lib/python3.8/site-packages/airflow/example_dags/example_xcomargs.py
[2024-08-28 13:50:14,056] {processor.py:651} INFO - DAG(s) dict_keys(['example_xcom_args', 'example_xcom_args_with_operators']) retrieved from /home/kai/Documents/PROJETOS/twitter_extractor_airflow/venv/lib/python3.8/site-packages/airflow/example_dags/example_xcomargs.py
[2024-08-28 13:50:14,093] {logging_mixin.py:115} INFO - [2024-08-28 13:50:14,093] {dag.py:2379} INFO - Sync 2 DAGs
[2024-08-28 13:50:14,104] {logging_mixin.py:115} INFO - [2024-08-28 13:50:14,104] {dag.py:2927} INFO - Setting next_dagrun for example_xcom_args to None, run_after=None
[2024-08-28 13:50:14,105] {logging_mixin.py:115} INFO - [2024-08-28 13:50:14,105] {dag.py:2927} INFO - Setting next_dagrun for example_xcom_args_with_operators to None, run_after=None
[2024-08-28 13:50:14,115] {processor.py:161} INFO - Processing /home/kai/Documents/PROJETOS/twitter_extractor_airflow/venv/lib/python3.8/site-packages/airflow/example_dags/example_xcomargs.py took 0.077 seconds
[2024-08-28 13:50:49,078] {processor.py:153} INFO - Started process (PID=31215) to work on /home/kai/Documents/PROJETOS/twitter_extractor_airflow/venv/lib/python3.8/site-packages/airflow/example_dags/example_xcomargs.py
[2024-08-28 13:50:49,079] {processor.py:641} INFO - Processing file /home/kai/Documents/PROJETOS/twitter_extractor_airflow/venv/lib/python3.8/site-packages/airflow/example_dags/example_xcomargs.py for tasks to queue
[2024-08-28 13:50:49,079] {logging_mixin.py:115} INFO - [2024-08-28 13:50:49,079] {dagbag.py:507} INFO - Filling up the DagBag from /home/kai/Documents/PROJETOS/twitter_extractor_airflow/venv/lib/python3.8/site-packages/airflow/example_dags/example_xcomargs.py
[2024-08-28 13:50:49,094] {processor.py:651} INFO - DAG(s) dict_keys(['example_xcom_args', 'example_xcom_args_with_operators']) retrieved from /home/kai/Documents/PROJETOS/twitter_extractor_airflow/venv/lib/python3.8/site-packages/airflow/example_dags/example_xcomargs.py
[2024-08-28 13:50:49,136] {logging_mixin.py:115} INFO - [2024-08-28 13:50:49,136] {dag.py:2379} INFO - Sync 2 DAGs
[2024-08-28 13:50:49,147] {logging_mixin.py:115} INFO - [2024-08-28 13:50:49,147] {dag.py:2927} INFO - Setting next_dagrun for example_xcom_args to None, run_after=None
[2024-08-28 13:50:49,147] {logging_mixin.py:115} INFO - [2024-08-28 13:50:49,147] {dag.py:2927} INFO - Setting next_dagrun for example_xcom_args_with_operators to None, run_after=None
[2024-08-28 13:50:49,156] {processor.py:161} INFO - Processing /home/kai/Documents/PROJETOS/twitter_extractor_airflow/venv/lib/python3.8/site-packages/airflow/example_dags/example_xcomargs.py took 0.080 seconds
[2024-08-28 13:51:22,916] {processor.py:153} INFO - Started process (PID=31415) to work on /home/kai/Documents/PROJETOS/twitter_extractor_airflow/venv/lib/python3.8/site-packages/airflow/example_dags/example_xcomargs.py
[2024-08-28 13:51:22,917] {processor.py:641} INFO - Processing file /home/kai/Documents/PROJETOS/twitter_extractor_airflow/venv/lib/python3.8/site-packages/airflow/example_dags/example_xcomargs.py for tasks to queue
[2024-08-28 13:51:22,917] {logging_mixin.py:115} INFO - [2024-08-28 13:51:22,917] {dagbag.py:507} INFO - Filling up the DagBag from /home/kai/Documents/PROJETOS/twitter_extractor_airflow/venv/lib/python3.8/site-packages/airflow/example_dags/example_xcomargs.py
[2024-08-28 13:51:22,932] {processor.py:651} INFO - DAG(s) dict_keys(['example_xcom_args', 'example_xcom_args_with_operators']) retrieved from /home/kai/Documents/PROJETOS/twitter_extractor_airflow/venv/lib/python3.8/site-packages/airflow/example_dags/example_xcomargs.py
[2024-08-28 13:51:22,945] {logging_mixin.py:115} INFO - [2024-08-28 13:51:22,945] {dag.py:2379} INFO - Sync 2 DAGs
[2024-08-28 13:51:22,960] {logging_mixin.py:115} INFO - [2024-08-28 13:51:22,960] {dag.py:2927} INFO - Setting next_dagrun for example_xcom_args to None, run_after=None
[2024-08-28 13:51:22,960] {logging_mixin.py:115} INFO - [2024-08-28 13:51:22,960] {dag.py:2927} INFO - Setting next_dagrun for example_xcom_args_with_operators to None, run_after=None
[2024-08-28 13:51:22,968] {processor.py:161} INFO - Processing /home/kai/Documents/PROJETOS/twitter_extractor_airflow/venv/lib/python3.8/site-packages/airflow/example_dags/example_xcomargs.py took 0.054 seconds
[2024-08-28 13:51:59,010] {processor.py:153} INFO - Started process (PID=31795) to work on /home/kai/Documents/PROJETOS/twitter_extractor_airflow/venv/lib/python3.8/site-packages/airflow/example_dags/example_xcomargs.py
[2024-08-28 13:51:59,010] {processor.py:641} INFO - Processing file /home/kai/Documents/PROJETOS/twitter_extractor_airflow/venv/lib/python3.8/site-packages/airflow/example_dags/example_xcomargs.py for tasks to queue
[2024-08-28 13:51:59,011] {logging_mixin.py:115} INFO - [2024-08-28 13:51:59,011] {dagbag.py:507} INFO - Filling up the DagBag from /home/kai/Documents/PROJETOS/twitter_extractor_airflow/venv/lib/python3.8/site-packages/airflow/example_dags/example_xcomargs.py
[2024-08-28 13:51:59,025] {processor.py:651} INFO - DAG(s) dict_keys(['example_xcom_args', 'example_xcom_args_with_operators']) retrieved from /home/kai/Documents/PROJETOS/twitter_extractor_airflow/venv/lib/python3.8/site-packages/airflow/example_dags/example_xcomargs.py
[2024-08-28 13:51:59,070] {logging_mixin.py:115} INFO - [2024-08-28 13:51:59,070] {dag.py:2379} INFO - Sync 2 DAGs
[2024-08-28 13:51:59,088] {logging_mixin.py:115} INFO - [2024-08-28 13:51:59,088] {dag.py:2927} INFO - Setting next_dagrun for example_xcom_args to None, run_after=None
[2024-08-28 13:51:59,088] {logging_mixin.py:115} INFO - [2024-08-28 13:51:59,088] {dag.py:2927} INFO - Setting next_dagrun for example_xcom_args_with_operators to None, run_after=None
[2024-08-28 13:51:59,103] {processor.py:161} INFO - Processing /home/kai/Documents/PROJETOS/twitter_extractor_airflow/venv/lib/python3.8/site-packages/airflow/example_dags/example_xcomargs.py took 0.096 seconds
[2024-08-28 13:52:33,413] {processor.py:153} INFO - Started process (PID=32315) to work on /home/kai/Documents/PROJETOS/twitter_extractor_airflow/venv/lib/python3.8/site-packages/airflow/example_dags/example_xcomargs.py
[2024-08-28 13:52:33,414] {processor.py:641} INFO - Processing file /home/kai/Documents/PROJETOS/twitter_extractor_airflow/venv/lib/python3.8/site-packages/airflow/example_dags/example_xcomargs.py for tasks to queue
[2024-08-28 13:52:33,414] {logging_mixin.py:115} INFO - [2024-08-28 13:52:33,414] {dagbag.py:507} INFO - Filling up the DagBag from /home/kai/Documents/PROJETOS/twitter_extractor_airflow/venv/lib/python3.8/site-packages/airflow/example_dags/example_xcomargs.py
[2024-08-28 13:52:33,434] {processor.py:651} INFO - DAG(s) dict_keys(['example_xcom_args', 'example_xcom_args_with_operators']) retrieved from /home/kai/Documents/PROJETOS/twitter_extractor_airflow/venv/lib/python3.8/site-packages/airflow/example_dags/example_xcomargs.py
[2024-08-28 13:52:33,489] {logging_mixin.py:115} INFO - [2024-08-28 13:52:33,488] {dag.py:2379} INFO - Sync 2 DAGs
[2024-08-28 13:52:33,507] {logging_mixin.py:115} INFO - [2024-08-28 13:52:33,507] {dag.py:2927} INFO - Setting next_dagrun for example_xcom_args to None, run_after=None
[2024-08-28 13:52:33,507] {logging_mixin.py:115} INFO - [2024-08-28 13:52:33,507] {dag.py:2927} INFO - Setting next_dagrun for example_xcom_args_with_operators to None, run_after=None
[2024-08-28 13:52:33,524] {processor.py:161} INFO - Processing /home/kai/Documents/PROJETOS/twitter_extractor_airflow/venv/lib/python3.8/site-packages/airflow/example_dags/example_xcomargs.py took 0.114 seconds
[2024-08-28 13:53:10,187] {processor.py:153} INFO - Started process (PID=32837) to work on /home/kai/Documents/PROJETOS/twitter_extractor_airflow/venv/lib/python3.8/site-packages/airflow/example_dags/example_xcomargs.py
[2024-08-28 13:53:10,188] {processor.py:641} INFO - Processing file /home/kai/Documents/PROJETOS/twitter_extractor_airflow/venv/lib/python3.8/site-packages/airflow/example_dags/example_xcomargs.py for tasks to queue
[2024-08-28 13:53:10,189] {logging_mixin.py:115} INFO - [2024-08-28 13:53:10,189] {dagbag.py:507} INFO - Filling up the DagBag from /home/kai/Documents/PROJETOS/twitter_extractor_airflow/venv/lib/python3.8/site-packages/airflow/example_dags/example_xcomargs.py
[2024-08-28 13:53:10,208] {processor.py:651} INFO - DAG(s) dict_keys(['example_xcom_args', 'example_xcom_args_with_operators']) retrieved from /home/kai/Documents/PROJETOS/twitter_extractor_airflow/venv/lib/python3.8/site-packages/airflow/example_dags/example_xcomargs.py
[2024-08-28 13:53:10,226] {logging_mixin.py:115} INFO - [2024-08-28 13:53:10,226] {dag.py:2379} INFO - Sync 2 DAGs
[2024-08-28 13:53:10,245] {logging_mixin.py:115} INFO - [2024-08-28 13:53:10,245] {dag.py:2927} INFO - Setting next_dagrun for example_xcom_args to None, run_after=None
[2024-08-28 13:53:10,245] {logging_mixin.py:115} INFO - [2024-08-28 13:53:10,245] {dag.py:2927} INFO - Setting next_dagrun for example_xcom_args_with_operators to None, run_after=None
[2024-08-28 13:53:10,254] {processor.py:161} INFO - Processing /home/kai/Documents/PROJETOS/twitter_extractor_airflow/venv/lib/python3.8/site-packages/airflow/example_dags/example_xcomargs.py took 0.069 seconds
[2024-08-28 13:53:45,698] {processor.py:153} INFO - Started process (PID=33047) to work on /home/kai/Documents/PROJETOS/twitter_extractor_airflow/venv/lib/python3.8/site-packages/airflow/example_dags/example_xcomargs.py
[2024-08-28 13:53:45,699] {processor.py:641} INFO - Processing file /home/kai/Documents/PROJETOS/twitter_extractor_airflow/venv/lib/python3.8/site-packages/airflow/example_dags/example_xcomargs.py for tasks to queue
[2024-08-28 13:53:45,700] {logging_mixin.py:115} INFO - [2024-08-28 13:53:45,699] {dagbag.py:507} INFO - Filling up the DagBag from /home/kai/Documents/PROJETOS/twitter_extractor_airflow/venv/lib/python3.8/site-packages/airflow/example_dags/example_xcomargs.py
[2024-08-28 13:53:45,720] {processor.py:651} INFO - DAG(s) dict_keys(['example_xcom_args', 'example_xcom_args_with_operators']) retrieved from /home/kai/Documents/PROJETOS/twitter_extractor_airflow/venv/lib/python3.8/site-packages/airflow/example_dags/example_xcomargs.py
[2024-08-28 13:53:45,737] {logging_mixin.py:115} INFO - [2024-08-28 13:53:45,737] {dag.py:2379} INFO - Sync 2 DAGs
[2024-08-28 13:53:45,753] {logging_mixin.py:115} INFO - [2024-08-28 13:53:45,753] {dag.py:2927} INFO - Setting next_dagrun for example_xcom_args to None, run_after=None
[2024-08-28 13:53:45,754] {logging_mixin.py:115} INFO - [2024-08-28 13:53:45,753] {dag.py:2927} INFO - Setting next_dagrun for example_xcom_args_with_operators to None, run_after=None
[2024-08-28 13:53:45,764] {processor.py:161} INFO - Processing /home/kai/Documents/PROJETOS/twitter_extractor_airflow/venv/lib/python3.8/site-packages/airflow/example_dags/example_xcomargs.py took 0.068 seconds
[2024-08-28 13:54:22,887] {processor.py:153} INFO - Started process (PID=33249) to work on /home/kai/Documents/PROJETOS/twitter_extractor_airflow/venv/lib/python3.8/site-packages/airflow/example_dags/example_xcomargs.py
[2024-08-28 13:54:22,890] {processor.py:641} INFO - Processing file /home/kai/Documents/PROJETOS/twitter_extractor_airflow/venv/lib/python3.8/site-packages/airflow/example_dags/example_xcomargs.py for tasks to queue
[2024-08-28 13:54:22,891] {logging_mixin.py:115} INFO - [2024-08-28 13:54:22,891] {dagbag.py:507} INFO - Filling up the DagBag from /home/kai/Documents/PROJETOS/twitter_extractor_airflow/venv/lib/python3.8/site-packages/airflow/example_dags/example_xcomargs.py
[2024-08-28 13:54:22,926] {processor.py:651} INFO - DAG(s) dict_keys(['example_xcom_args', 'example_xcom_args_with_operators']) retrieved from /home/kai/Documents/PROJETOS/twitter_extractor_airflow/venv/lib/python3.8/site-packages/airflow/example_dags/example_xcomargs.py
[2024-08-28 13:54:22,948] {logging_mixin.py:115} INFO - [2024-08-28 13:54:22,948] {dag.py:2379} INFO - Sync 2 DAGs
[2024-08-28 13:54:22,967] {logging_mixin.py:115} INFO - [2024-08-28 13:54:22,967] {dag.py:2927} INFO - Setting next_dagrun for example_xcom_args to None, run_after=None
[2024-08-28 13:54:22,967] {logging_mixin.py:115} INFO - [2024-08-28 13:54:22,967] {dag.py:2927} INFO - Setting next_dagrun for example_xcom_args_with_operators to None, run_after=None
[2024-08-28 13:54:22,975] {processor.py:161} INFO - Processing /home/kai/Documents/PROJETOS/twitter_extractor_airflow/venv/lib/python3.8/site-packages/airflow/example_dags/example_xcomargs.py took 0.090 seconds
[2024-08-28 13:54:58,626] {processor.py:153} INFO - Started process (PID=33689) to work on /home/kai/Documents/PROJETOS/twitter_extractor_airflow/venv/lib/python3.8/site-packages/airflow/example_dags/example_xcomargs.py
[2024-08-28 13:54:58,626] {processor.py:641} INFO - Processing file /home/kai/Documents/PROJETOS/twitter_extractor_airflow/venv/lib/python3.8/site-packages/airflow/example_dags/example_xcomargs.py for tasks to queue
[2024-08-28 13:54:58,627] {logging_mixin.py:115} INFO - [2024-08-28 13:54:58,627] {dagbag.py:507} INFO - Filling up the DagBag from /home/kai/Documents/PROJETOS/twitter_extractor_airflow/venv/lib/python3.8/site-packages/airflow/example_dags/example_xcomargs.py
[2024-08-28 13:54:58,648] {processor.py:651} INFO - DAG(s) dict_keys(['example_xcom_args', 'example_xcom_args_with_operators']) retrieved from /home/kai/Documents/PROJETOS/twitter_extractor_airflow/venv/lib/python3.8/site-packages/airflow/example_dags/example_xcomargs.py
[2024-08-28 13:54:58,667] {logging_mixin.py:115} INFO - [2024-08-28 13:54:58,667] {dag.py:2379} INFO - Sync 2 DAGs
[2024-08-28 13:54:58,694] {logging_mixin.py:115} INFO - [2024-08-28 13:54:58,694] {dag.py:2927} INFO - Setting next_dagrun for example_xcom_args to None, run_after=None
[2024-08-28 13:54:58,694] {logging_mixin.py:115} INFO - [2024-08-28 13:54:58,694] {dag.py:2927} INFO - Setting next_dagrun for example_xcom_args_with_operators to None, run_after=None
[2024-08-28 13:54:58,705] {processor.py:161} INFO - Processing /home/kai/Documents/PROJETOS/twitter_extractor_airflow/venv/lib/python3.8/site-packages/airflow/example_dags/example_xcomargs.py took 0.083 seconds
[2024-08-28 13:55:34,821] {processor.py:153} INFO - Started process (PID=33956) to work on /home/kai/Documents/PROJETOS/twitter_extractor_airflow/venv/lib/python3.8/site-packages/airflow/example_dags/example_xcomargs.py
[2024-08-28 13:55:34,822] {processor.py:641} INFO - Processing file /home/kai/Documents/PROJETOS/twitter_extractor_airflow/venv/lib/python3.8/site-packages/airflow/example_dags/example_xcomargs.py for tasks to queue
[2024-08-28 13:55:34,823] {logging_mixin.py:115} INFO - [2024-08-28 13:55:34,823] {dagbag.py:507} INFO - Filling up the DagBag from /home/kai/Documents/PROJETOS/twitter_extractor_airflow/venv/lib/python3.8/site-packages/airflow/example_dags/example_xcomargs.py
[2024-08-28 13:55:34,840] {processor.py:651} INFO - DAG(s) dict_keys(['example_xcom_args', 'example_xcom_args_with_operators']) retrieved from /home/kai/Documents/PROJETOS/twitter_extractor_airflow/venv/lib/python3.8/site-packages/airflow/example_dags/example_xcomargs.py
[2024-08-28 13:55:34,857] {logging_mixin.py:115} INFO - [2024-08-28 13:55:34,857] {dag.py:2379} INFO - Sync 2 DAGs
[2024-08-28 13:55:34,875] {logging_mixin.py:115} INFO - [2024-08-28 13:55:34,875] {dag.py:2927} INFO - Setting next_dagrun for example_xcom_args to None, run_after=None
[2024-08-28 13:55:34,875] {logging_mixin.py:115} INFO - [2024-08-28 13:55:34,875] {dag.py:2927} INFO - Setting next_dagrun for example_xcom_args_with_operators to None, run_after=None
[2024-08-28 13:55:34,901] {processor.py:161} INFO - Processing /home/kai/Documents/PROJETOS/twitter_extractor_airflow/venv/lib/python3.8/site-packages/airflow/example_dags/example_xcomargs.py took 0.083 seconds
[2024-08-28 13:56:06,294] {processor.py:153} INFO - Started process (PID=34149) to work on /home/kai/Documents/PROJETOS/twitter_extractor_airflow/venv/lib/python3.8/site-packages/airflow/example_dags/example_xcomargs.py
[2024-08-28 13:56:06,295] {processor.py:641} INFO - Processing file /home/kai/Documents/PROJETOS/twitter_extractor_airflow/venv/lib/python3.8/site-packages/airflow/example_dags/example_xcomargs.py for tasks to queue
[2024-08-28 13:56:06,295] {logging_mixin.py:115} INFO - [2024-08-28 13:56:06,295] {dagbag.py:507} INFO - Filling up the DagBag from /home/kai/Documents/PROJETOS/twitter_extractor_airflow/venv/lib/python3.8/site-packages/airflow/example_dags/example_xcomargs.py
[2024-08-28 13:56:06,316] {processor.py:651} INFO - DAG(s) dict_keys(['example_xcom_args', 'example_xcom_args_with_operators']) retrieved from /home/kai/Documents/PROJETOS/twitter_extractor_airflow/venv/lib/python3.8/site-packages/airflow/example_dags/example_xcomargs.py
[2024-08-28 13:56:06,337] {logging_mixin.py:115} INFO - [2024-08-28 13:56:06,337] {dag.py:2379} INFO - Sync 2 DAGs
[2024-08-28 13:56:06,355] {logging_mixin.py:115} INFO - [2024-08-28 13:56:06,355] {dag.py:2927} INFO - Setting next_dagrun for example_xcom_args to None, run_after=None
[2024-08-28 13:56:06,355] {logging_mixin.py:115} INFO - [2024-08-28 13:56:06,355] {dag.py:2927} INFO - Setting next_dagrun for example_xcom_args_with_operators to None, run_after=None
[2024-08-28 13:56:06,366] {processor.py:161} INFO - Processing /home/kai/Documents/PROJETOS/twitter_extractor_airflow/venv/lib/python3.8/site-packages/airflow/example_dags/example_xcomargs.py took 0.075 seconds
[2024-08-28 13:56:39,994] {processor.py:153} INFO - Started process (PID=34463) to work on /home/kai/Documents/PROJETOS/twitter_extractor_airflow/venv/lib/python3.8/site-packages/airflow/example_dags/example_xcomargs.py
[2024-08-28 13:56:39,996] {processor.py:641} INFO - Processing file /home/kai/Documents/PROJETOS/twitter_extractor_airflow/venv/lib/python3.8/site-packages/airflow/example_dags/example_xcomargs.py for tasks to queue
[2024-08-28 13:56:39,996] {logging_mixin.py:115} INFO - [2024-08-28 13:56:39,996] {dagbag.py:507} INFO - Filling up the DagBag from /home/kai/Documents/PROJETOS/twitter_extractor_airflow/venv/lib/python3.8/site-packages/airflow/example_dags/example_xcomargs.py
[2024-08-28 13:56:40,012] {processor.py:651} INFO - DAG(s) dict_keys(['example_xcom_args', 'example_xcom_args_with_operators']) retrieved from /home/kai/Documents/PROJETOS/twitter_extractor_airflow/venv/lib/python3.8/site-packages/airflow/example_dags/example_xcomargs.py
[2024-08-28 13:56:40,027] {logging_mixin.py:115} INFO - [2024-08-28 13:56:40,027] {dag.py:2379} INFO - Sync 2 DAGs
[2024-08-28 13:56:40,044] {logging_mixin.py:115} INFO - [2024-08-28 13:56:40,044] {dag.py:2927} INFO - Setting next_dagrun for example_xcom_args to None, run_after=None
[2024-08-28 13:56:40,044] {logging_mixin.py:115} INFO - [2024-08-28 13:56:40,044] {dag.py:2927} INFO - Setting next_dagrun for example_xcom_args_with_operators to None, run_after=None
[2024-08-28 13:56:40,053] {processor.py:161} INFO - Processing /home/kai/Documents/PROJETOS/twitter_extractor_airflow/venv/lib/python3.8/site-packages/airflow/example_dags/example_xcomargs.py took 0.061 seconds
[2024-08-28 13:57:13,231] {processor.py:153} INFO - Started process (PID=34823) to work on /home/kai/Documents/PROJETOS/twitter_extractor_airflow/venv/lib/python3.8/site-packages/airflow/example_dags/example_xcomargs.py
[2024-08-28 13:57:13,232] {processor.py:641} INFO - Processing file /home/kai/Documents/PROJETOS/twitter_extractor_airflow/venv/lib/python3.8/site-packages/airflow/example_dags/example_xcomargs.py for tasks to queue
[2024-08-28 13:57:13,232] {logging_mixin.py:115} INFO - [2024-08-28 13:57:13,232] {dagbag.py:507} INFO - Filling up the DagBag from /home/kai/Documents/PROJETOS/twitter_extractor_airflow/venv/lib/python3.8/site-packages/airflow/example_dags/example_xcomargs.py
[2024-08-28 13:57:13,247] {processor.py:651} INFO - DAG(s) dict_keys(['example_xcom_args', 'example_xcom_args_with_operators']) retrieved from /home/kai/Documents/PROJETOS/twitter_extractor_airflow/venv/lib/python3.8/site-packages/airflow/example_dags/example_xcomargs.py
[2024-08-28 13:57:13,261] {logging_mixin.py:115} INFO - [2024-08-28 13:57:13,261] {dag.py:2379} INFO - Sync 2 DAGs
[2024-08-28 13:57:13,275] {logging_mixin.py:115} INFO - [2024-08-28 13:57:13,275] {dag.py:2927} INFO - Setting next_dagrun for example_xcom_args to None, run_after=None
[2024-08-28 13:57:13,275] {logging_mixin.py:115} INFO - [2024-08-28 13:57:13,275] {dag.py:2927} INFO - Setting next_dagrun for example_xcom_args_with_operators to None, run_after=None
[2024-08-28 13:57:13,283] {processor.py:161} INFO - Processing /home/kai/Documents/PROJETOS/twitter_extractor_airflow/venv/lib/python3.8/site-packages/airflow/example_dags/example_xcomargs.py took 0.055 seconds
[2024-08-28 13:57:46,381] {processor.py:153} INFO - Started process (PID=35149) to work on /home/kai/Documents/PROJETOS/twitter_extractor_airflow/venv/lib/python3.8/site-packages/airflow/example_dags/example_xcomargs.py
[2024-08-28 13:57:46,382] {processor.py:641} INFO - Processing file /home/kai/Documents/PROJETOS/twitter_extractor_airflow/venv/lib/python3.8/site-packages/airflow/example_dags/example_xcomargs.py for tasks to queue
[2024-08-28 13:57:46,382] {logging_mixin.py:115} INFO - [2024-08-28 13:57:46,382] {dagbag.py:507} INFO - Filling up the DagBag from /home/kai/Documents/PROJETOS/twitter_extractor_airflow/venv/lib/python3.8/site-packages/airflow/example_dags/example_xcomargs.py
[2024-08-28 13:57:46,396] {processor.py:651} INFO - DAG(s) dict_keys(['example_xcom_args', 'example_xcom_args_with_operators']) retrieved from /home/kai/Documents/PROJETOS/twitter_extractor_airflow/venv/lib/python3.8/site-packages/airflow/example_dags/example_xcomargs.py
[2024-08-28 13:57:46,430] {logging_mixin.py:115} INFO - [2024-08-28 13:57:46,430] {dag.py:2379} INFO - Sync 2 DAGs
[2024-08-28 13:57:46,441] {logging_mixin.py:115} INFO - [2024-08-28 13:57:46,441] {dag.py:2927} INFO - Setting next_dagrun for example_xcom_args to None, run_after=None
[2024-08-28 13:57:46,441] {logging_mixin.py:115} INFO - [2024-08-28 13:57:46,441] {dag.py:2927} INFO - Setting next_dagrun for example_xcom_args_with_operators to None, run_after=None
[2024-08-28 13:57:46,450] {processor.py:161} INFO - Processing /home/kai/Documents/PROJETOS/twitter_extractor_airflow/venv/lib/python3.8/site-packages/airflow/example_dags/example_xcomargs.py took 0.072 seconds
[2024-08-28 13:58:22,467] {processor.py:153} INFO - Started process (PID=35407) to work on /home/kai/Documents/PROJETOS/twitter_extractor_airflow/venv/lib/python3.8/site-packages/airflow/example_dags/example_xcomargs.py
[2024-08-28 13:58:22,468] {processor.py:641} INFO - Processing file /home/kai/Documents/PROJETOS/twitter_extractor_airflow/venv/lib/python3.8/site-packages/airflow/example_dags/example_xcomargs.py for tasks to queue
[2024-08-28 13:58:22,469] {logging_mixin.py:115} INFO - [2024-08-28 13:58:22,469] {dagbag.py:507} INFO - Filling up the DagBag from /home/kai/Documents/PROJETOS/twitter_extractor_airflow/venv/lib/python3.8/site-packages/airflow/example_dags/example_xcomargs.py
[2024-08-28 13:58:22,499] {processor.py:651} INFO - DAG(s) dict_keys(['example_xcom_args', 'example_xcom_args_with_operators']) retrieved from /home/kai/Documents/PROJETOS/twitter_extractor_airflow/venv/lib/python3.8/site-packages/airflow/example_dags/example_xcomargs.py
[2024-08-28 13:58:22,516] {logging_mixin.py:115} INFO - [2024-08-28 13:58:22,516] {dag.py:2379} INFO - Sync 2 DAGs
[2024-08-28 13:58:22,533] {logging_mixin.py:115} INFO - [2024-08-28 13:58:22,533] {dag.py:2927} INFO - Setting next_dagrun for example_xcom_args to None, run_after=None
[2024-08-28 13:58:22,533] {logging_mixin.py:115} INFO - [2024-08-28 13:58:22,533] {dag.py:2927} INFO - Setting next_dagrun for example_xcom_args_with_operators to None, run_after=None
[2024-08-28 13:58:22,544] {processor.py:161} INFO - Processing /home/kai/Documents/PROJETOS/twitter_extractor_airflow/venv/lib/python3.8/site-packages/airflow/example_dags/example_xcomargs.py took 0.087 seconds
[2024-08-28 13:58:55,753] {processor.py:153} INFO - Started process (PID=35708) to work on /home/kai/Documents/PROJETOS/twitter_extractor_airflow/venv/lib/python3.8/site-packages/airflow/example_dags/example_xcomargs.py
[2024-08-28 13:58:55,754] {processor.py:641} INFO - Processing file /home/kai/Documents/PROJETOS/twitter_extractor_airflow/venv/lib/python3.8/site-packages/airflow/example_dags/example_xcomargs.py for tasks to queue
[2024-08-28 13:58:55,755] {logging_mixin.py:115} INFO - [2024-08-28 13:58:55,754] {dagbag.py:507} INFO - Filling up the DagBag from /home/kai/Documents/PROJETOS/twitter_extractor_airflow/venv/lib/python3.8/site-packages/airflow/example_dags/example_xcomargs.py
[2024-08-28 13:58:55,775] {processor.py:651} INFO - DAG(s) dict_keys(['example_xcom_args', 'example_xcom_args_with_operators']) retrieved from /home/kai/Documents/PROJETOS/twitter_extractor_airflow/venv/lib/python3.8/site-packages/airflow/example_dags/example_xcomargs.py
[2024-08-28 13:58:55,835] {logging_mixin.py:115} INFO - [2024-08-28 13:58:55,835] {dag.py:2379} INFO - Sync 2 DAGs
[2024-08-28 13:58:55,851] {logging_mixin.py:115} INFO - [2024-08-28 13:58:55,850] {dag.py:2927} INFO - Setting next_dagrun for example_xcom_args to None, run_after=None
[2024-08-28 13:58:55,851] {logging_mixin.py:115} INFO - [2024-08-28 13:58:55,851] {dag.py:2927} INFO - Setting next_dagrun for example_xcom_args_with_operators to None, run_after=None
[2024-08-28 13:58:55,863] {processor.py:161} INFO - Processing /home/kai/Documents/PROJETOS/twitter_extractor_airflow/venv/lib/python3.8/site-packages/airflow/example_dags/example_xcomargs.py took 0.113 seconds
[2024-08-28 13:59:30,180] {processor.py:153} INFO - Started process (PID=36067) to work on /home/kai/Documents/PROJETOS/twitter_extractor_airflow/venv/lib/python3.8/site-packages/airflow/example_dags/example_xcomargs.py
[2024-08-28 13:59:30,181] {processor.py:641} INFO - Processing file /home/kai/Documents/PROJETOS/twitter_extractor_airflow/venv/lib/python3.8/site-packages/airflow/example_dags/example_xcomargs.py for tasks to queue
[2024-08-28 13:59:30,182] {logging_mixin.py:115} INFO - [2024-08-28 13:59:30,181] {dagbag.py:507} INFO - Filling up the DagBag from /home/kai/Documents/PROJETOS/twitter_extractor_airflow/venv/lib/python3.8/site-packages/airflow/example_dags/example_xcomargs.py
[2024-08-28 13:59:30,197] {processor.py:651} INFO - DAG(s) dict_keys(['example_xcom_args', 'example_xcom_args_with_operators']) retrieved from /home/kai/Documents/PROJETOS/twitter_extractor_airflow/venv/lib/python3.8/site-packages/airflow/example_dags/example_xcomargs.py
[2024-08-28 13:59:30,231] {logging_mixin.py:115} INFO - [2024-08-28 13:59:30,231] {dag.py:2379} INFO - Sync 2 DAGs
[2024-08-28 13:59:30,241] {logging_mixin.py:115} INFO - [2024-08-28 13:59:30,241] {dag.py:2927} INFO - Setting next_dagrun for example_xcom_args to None, run_after=None
[2024-08-28 13:59:30,241] {logging_mixin.py:115} INFO - [2024-08-28 13:59:30,241] {dag.py:2927} INFO - Setting next_dagrun for example_xcom_args_with_operators to None, run_after=None
[2024-08-28 13:59:30,251] {processor.py:161} INFO - Processing /home/kai/Documents/PROJETOS/twitter_extractor_airflow/venv/lib/python3.8/site-packages/airflow/example_dags/example_xcomargs.py took 0.074 seconds
[2024-08-28 14:00:02,798] {processor.py:153} INFO - Started process (PID=36417) to work on /home/kai/Documents/PROJETOS/twitter_extractor_airflow/venv/lib/python3.8/site-packages/airflow/example_dags/example_xcomargs.py
[2024-08-28 14:00:02,798] {processor.py:641} INFO - Processing file /home/kai/Documents/PROJETOS/twitter_extractor_airflow/venv/lib/python3.8/site-packages/airflow/example_dags/example_xcomargs.py for tasks to queue
[2024-08-28 14:00:02,799] {logging_mixin.py:115} INFO - [2024-08-28 14:00:02,798] {dagbag.py:507} INFO - Filling up the DagBag from /home/kai/Documents/PROJETOS/twitter_extractor_airflow/venv/lib/python3.8/site-packages/airflow/example_dags/example_xcomargs.py
[2024-08-28 14:00:02,814] {processor.py:651} INFO - DAG(s) dict_keys(['example_xcom_args', 'example_xcom_args_with_operators']) retrieved from /home/kai/Documents/PROJETOS/twitter_extractor_airflow/venv/lib/python3.8/site-packages/airflow/example_dags/example_xcomargs.py
[2024-08-28 14:00:02,829] {logging_mixin.py:115} INFO - [2024-08-28 14:00:02,829] {dag.py:2379} INFO - Sync 2 DAGs
[2024-08-28 14:00:02,843] {logging_mixin.py:115} INFO - [2024-08-28 14:00:02,843] {dag.py:2927} INFO - Setting next_dagrun for example_xcom_args to None, run_after=None
[2024-08-28 14:00:02,844] {logging_mixin.py:115} INFO - [2024-08-28 14:00:02,844] {dag.py:2927} INFO - Setting next_dagrun for example_xcom_args_with_operators to None, run_after=None
[2024-08-28 14:00:02,853] {processor.py:161} INFO - Processing /home/kai/Documents/PROJETOS/twitter_extractor_airflow/venv/lib/python3.8/site-packages/airflow/example_dags/example_xcomargs.py took 0.057 seconds
[2024-08-28 14:00:38,848] {processor.py:153} INFO - Started process (PID=36679) to work on /home/kai/Documents/PROJETOS/twitter_extractor_airflow/venv/lib/python3.8/site-packages/airflow/example_dags/example_xcomargs.py
[2024-08-28 14:00:38,849] {processor.py:641} INFO - Processing file /home/kai/Documents/PROJETOS/twitter_extractor_airflow/venv/lib/python3.8/site-packages/airflow/example_dags/example_xcomargs.py for tasks to queue
[2024-08-28 14:00:38,850] {logging_mixin.py:115} INFO - [2024-08-28 14:00:38,850] {dagbag.py:507} INFO - Filling up the DagBag from /home/kai/Documents/PROJETOS/twitter_extractor_airflow/venv/lib/python3.8/site-packages/airflow/example_dags/example_xcomargs.py
[2024-08-28 14:00:38,869] {processor.py:651} INFO - DAG(s) dict_keys(['example_xcom_args', 'example_xcom_args_with_operators']) retrieved from /home/kai/Documents/PROJETOS/twitter_extractor_airflow/venv/lib/python3.8/site-packages/airflow/example_dags/example_xcomargs.py
[2024-08-28 14:00:38,883] {logging_mixin.py:115} INFO - [2024-08-28 14:00:38,883] {dag.py:2379} INFO - Sync 2 DAGs
[2024-08-28 14:00:38,902] {logging_mixin.py:115} INFO - [2024-08-28 14:00:38,902] {dag.py:2927} INFO - Setting next_dagrun for example_xcom_args to None, run_after=None
[2024-08-28 14:00:38,902] {logging_mixin.py:115} INFO - [2024-08-28 14:00:38,902] {dag.py:2927} INFO - Setting next_dagrun for example_xcom_args_with_operators to None, run_after=None
[2024-08-28 14:00:38,916] {processor.py:161} INFO - Processing /home/kai/Documents/PROJETOS/twitter_extractor_airflow/venv/lib/python3.8/site-packages/airflow/example_dags/example_xcomargs.py took 0.072 seconds
[2024-08-28 14:01:11,383] {processor.py:153} INFO - Started process (PID=37000) to work on /home/kai/Documents/PROJETOS/twitter_extractor_airflow/venv/lib/python3.8/site-packages/airflow/example_dags/example_xcomargs.py
[2024-08-28 14:01:11,384] {processor.py:641} INFO - Processing file /home/kai/Documents/PROJETOS/twitter_extractor_airflow/venv/lib/python3.8/site-packages/airflow/example_dags/example_xcomargs.py for tasks to queue
[2024-08-28 14:01:11,384] {logging_mixin.py:115} INFO - [2024-08-28 14:01:11,384] {dagbag.py:507} INFO - Filling up the DagBag from /home/kai/Documents/PROJETOS/twitter_extractor_airflow/venv/lib/python3.8/site-packages/airflow/example_dags/example_xcomargs.py
[2024-08-28 14:01:11,400] {processor.py:651} INFO - DAG(s) dict_keys(['example_xcom_args', 'example_xcom_args_with_operators']) retrieved from /home/kai/Documents/PROJETOS/twitter_extractor_airflow/venv/lib/python3.8/site-packages/airflow/example_dags/example_xcomargs.py
[2024-08-28 14:01:11,415] {logging_mixin.py:115} INFO - [2024-08-28 14:01:11,415] {dag.py:2379} INFO - Sync 2 DAGs
[2024-08-28 14:01:11,432] {logging_mixin.py:115} INFO - [2024-08-28 14:01:11,432] {dag.py:2927} INFO - Setting next_dagrun for example_xcom_args to None, run_after=None
[2024-08-28 14:01:11,432] {logging_mixin.py:115} INFO - [2024-08-28 14:01:11,432] {dag.py:2927} INFO - Setting next_dagrun for example_xcom_args_with_operators to None, run_after=None
[2024-08-28 14:01:11,442] {processor.py:161} INFO - Processing /home/kai/Documents/PROJETOS/twitter_extractor_airflow/venv/lib/python3.8/site-packages/airflow/example_dags/example_xcomargs.py took 0.061 seconds
[2024-08-28 14:01:46,381] {processor.py:153} INFO - Started process (PID=37465) to work on /home/kai/Documents/PROJETOS/twitter_extractor_airflow/venv/lib/python3.8/site-packages/airflow/example_dags/example_xcomargs.py
[2024-08-28 14:01:46,381] {processor.py:641} INFO - Processing file /home/kai/Documents/PROJETOS/twitter_extractor_airflow/venv/lib/python3.8/site-packages/airflow/example_dags/example_xcomargs.py for tasks to queue
[2024-08-28 14:01:46,382] {logging_mixin.py:115} INFO - [2024-08-28 14:01:46,382] {dagbag.py:507} INFO - Filling up the DagBag from /home/kai/Documents/PROJETOS/twitter_extractor_airflow/venv/lib/python3.8/site-packages/airflow/example_dags/example_xcomargs.py
[2024-08-28 14:01:46,409] {processor.py:651} INFO - DAG(s) dict_keys(['example_xcom_args', 'example_xcom_args_with_operators']) retrieved from /home/kai/Documents/PROJETOS/twitter_extractor_airflow/venv/lib/python3.8/site-packages/airflow/example_dags/example_xcomargs.py
[2024-08-28 14:01:46,438] {logging_mixin.py:115} INFO - [2024-08-28 14:01:46,437] {dag.py:2379} INFO - Sync 2 DAGs
[2024-08-28 14:01:46,459] {logging_mixin.py:115} INFO - [2024-08-28 14:01:46,459] {dag.py:2927} INFO - Setting next_dagrun for example_xcom_args to None, run_after=None
[2024-08-28 14:01:46,459] {logging_mixin.py:115} INFO - [2024-08-28 14:01:46,459] {dag.py:2927} INFO - Setting next_dagrun for example_xcom_args_with_operators to None, run_after=None
[2024-08-28 14:01:46,473] {processor.py:161} INFO - Processing /home/kai/Documents/PROJETOS/twitter_extractor_airflow/venv/lib/python3.8/site-packages/airflow/example_dags/example_xcomargs.py took 0.095 seconds
[2024-08-28 14:02:18,517] {processor.py:153} INFO - Started process (PID=37768) to work on /home/kai/Documents/PROJETOS/twitter_extractor_airflow/venv/lib/python3.8/site-packages/airflow/example_dags/example_xcomargs.py
[2024-08-28 14:02:18,517] {processor.py:641} INFO - Processing file /home/kai/Documents/PROJETOS/twitter_extractor_airflow/venv/lib/python3.8/site-packages/airflow/example_dags/example_xcomargs.py for tasks to queue
[2024-08-28 14:02:18,518] {logging_mixin.py:115} INFO - [2024-08-28 14:02:18,518] {dagbag.py:507} INFO - Filling up the DagBag from /home/kai/Documents/PROJETOS/twitter_extractor_airflow/venv/lib/python3.8/site-packages/airflow/example_dags/example_xcomargs.py
[2024-08-28 14:02:18,532] {processor.py:651} INFO - DAG(s) dict_keys(['example_xcom_args', 'example_xcom_args_with_operators']) retrieved from /home/kai/Documents/PROJETOS/twitter_extractor_airflow/venv/lib/python3.8/site-packages/airflow/example_dags/example_xcomargs.py
[2024-08-28 14:02:18,568] {logging_mixin.py:115} INFO - [2024-08-28 14:02:18,568] {dag.py:2379} INFO - Sync 2 DAGs
[2024-08-28 14:02:18,582] {logging_mixin.py:115} INFO - [2024-08-28 14:02:18,582] {dag.py:2927} INFO - Setting next_dagrun for example_xcom_args to None, run_after=None
[2024-08-28 14:02:18,583] {logging_mixin.py:115} INFO - [2024-08-28 14:02:18,583] {dag.py:2927} INFO - Setting next_dagrun for example_xcom_args_with_operators to None, run_after=None
[2024-08-28 14:02:18,592] {processor.py:161} INFO - Processing /home/kai/Documents/PROJETOS/twitter_extractor_airflow/venv/lib/python3.8/site-packages/airflow/example_dags/example_xcomargs.py took 0.078 seconds
[2024-08-28 14:02:52,951] {processor.py:153} INFO - Started process (PID=38005) to work on /home/kai/Documents/PROJETOS/twitter_extractor_airflow/venv/lib/python3.8/site-packages/airflow/example_dags/example_xcomargs.py
[2024-08-28 14:02:52,952] {processor.py:641} INFO - Processing file /home/kai/Documents/PROJETOS/twitter_extractor_airflow/venv/lib/python3.8/site-packages/airflow/example_dags/example_xcomargs.py for tasks to queue
[2024-08-28 14:02:52,953] {logging_mixin.py:115} INFO - [2024-08-28 14:02:52,953] {dagbag.py:507} INFO - Filling up the DagBag from /home/kai/Documents/PROJETOS/twitter_extractor_airflow/venv/lib/python3.8/site-packages/airflow/example_dags/example_xcomargs.py
[2024-08-28 14:02:52,980] {processor.py:651} INFO - DAG(s) dict_keys(['example_xcom_args', 'example_xcom_args_with_operators']) retrieved from /home/kai/Documents/PROJETOS/twitter_extractor_airflow/venv/lib/python3.8/site-packages/airflow/example_dags/example_xcomargs.py
[2024-08-28 14:02:52,997] {logging_mixin.py:115} INFO - [2024-08-28 14:02:52,997] {dag.py:2379} INFO - Sync 2 DAGs
[2024-08-28 14:02:53,011] {logging_mixin.py:115} INFO - [2024-08-28 14:02:53,011] {dag.py:2927} INFO - Setting next_dagrun for example_xcom_args to None, run_after=None
[2024-08-28 14:02:53,011] {logging_mixin.py:115} INFO - [2024-08-28 14:02:53,011] {dag.py:2927} INFO - Setting next_dagrun for example_xcom_args_with_operators to None, run_after=None
[2024-08-28 14:02:53,020] {processor.py:161} INFO - Processing /home/kai/Documents/PROJETOS/twitter_extractor_airflow/venv/lib/python3.8/site-packages/airflow/example_dags/example_xcomargs.py took 0.072 seconds
[2024-08-28 14:03:28,363] {processor.py:153} INFO - Started process (PID=38277) to work on /home/kai/Documents/PROJETOS/twitter_extractor_airflow/venv/lib/python3.8/site-packages/airflow/example_dags/example_xcomargs.py
[2024-08-28 14:03:28,364] {processor.py:641} INFO - Processing file /home/kai/Documents/PROJETOS/twitter_extractor_airflow/venv/lib/python3.8/site-packages/airflow/example_dags/example_xcomargs.py for tasks to queue
[2024-08-28 14:03:28,366] {logging_mixin.py:115} INFO - [2024-08-28 14:03:28,366] {dagbag.py:507} INFO - Filling up the DagBag from /home/kai/Documents/PROJETOS/twitter_extractor_airflow/venv/lib/python3.8/site-packages/airflow/example_dags/example_xcomargs.py
[2024-08-28 14:03:28,384] {processor.py:651} INFO - DAG(s) dict_keys(['example_xcom_args', 'example_xcom_args_with_operators']) retrieved from /home/kai/Documents/PROJETOS/twitter_extractor_airflow/venv/lib/python3.8/site-packages/airflow/example_dags/example_xcomargs.py
[2024-08-28 14:03:28,405] {logging_mixin.py:115} INFO - [2024-08-28 14:03:28,405] {dag.py:2379} INFO - Sync 2 DAGs
[2024-08-28 14:03:28,426] {logging_mixin.py:115} INFO - [2024-08-28 14:03:28,426] {dag.py:2927} INFO - Setting next_dagrun for example_xcom_args to None, run_after=None
[2024-08-28 14:03:28,427] {logging_mixin.py:115} INFO - [2024-08-28 14:03:28,426] {dag.py:2927} INFO - Setting next_dagrun for example_xcom_args_with_operators to None, run_after=None
[2024-08-28 14:03:28,437] {processor.py:161} INFO - Processing /home/kai/Documents/PROJETOS/twitter_extractor_airflow/venv/lib/python3.8/site-packages/airflow/example_dags/example_xcomargs.py took 0.077 seconds
[2024-08-28 14:04:03,280] {processor.py:153} INFO - Started process (PID=38497) to work on /home/kai/Documents/PROJETOS/twitter_extractor_airflow/venv/lib/python3.8/site-packages/airflow/example_dags/example_xcomargs.py
[2024-08-28 14:04:03,282] {processor.py:641} INFO - Processing file /home/kai/Documents/PROJETOS/twitter_extractor_airflow/venv/lib/python3.8/site-packages/airflow/example_dags/example_xcomargs.py for tasks to queue
[2024-08-28 14:04:03,282] {logging_mixin.py:115} INFO - [2024-08-28 14:04:03,282] {dagbag.py:507} INFO - Filling up the DagBag from /home/kai/Documents/PROJETOS/twitter_extractor_airflow/venv/lib/python3.8/site-packages/airflow/example_dags/example_xcomargs.py
[2024-08-28 14:04:03,300] {processor.py:651} INFO - DAG(s) dict_keys(['example_xcom_args', 'example_xcom_args_with_operators']) retrieved from /home/kai/Documents/PROJETOS/twitter_extractor_airflow/venv/lib/python3.8/site-packages/airflow/example_dags/example_xcomargs.py
[2024-08-28 14:04:03,320] {logging_mixin.py:115} INFO - [2024-08-28 14:04:03,320] {dag.py:2379} INFO - Sync 2 DAGs
[2024-08-28 14:04:03,332] {logging_mixin.py:115} INFO - [2024-08-28 14:04:03,332] {dag.py:2927} INFO - Setting next_dagrun for example_xcom_args to None, run_after=None
[2024-08-28 14:04:03,332] {logging_mixin.py:115} INFO - [2024-08-28 14:04:03,332] {dag.py:2927} INFO - Setting next_dagrun for example_xcom_args_with_operators to None, run_after=None
[2024-08-28 14:04:03,349] {processor.py:161} INFO - Processing /home/kai/Documents/PROJETOS/twitter_extractor_airflow/venv/lib/python3.8/site-packages/airflow/example_dags/example_xcomargs.py took 0.071 seconds
[2024-08-28 14:04:38,196] {processor.py:153} INFO - Started process (PID=38733) to work on /home/kai/Documents/PROJETOS/twitter_extractor_airflow/venv/lib/python3.8/site-packages/airflow/example_dags/example_xcomargs.py
[2024-08-28 14:04:38,197] {processor.py:641} INFO - Processing file /home/kai/Documents/PROJETOS/twitter_extractor_airflow/venv/lib/python3.8/site-packages/airflow/example_dags/example_xcomargs.py for tasks to queue
[2024-08-28 14:04:38,197] {logging_mixin.py:115} INFO - [2024-08-28 14:04:38,197] {dagbag.py:507} INFO - Filling up the DagBag from /home/kai/Documents/PROJETOS/twitter_extractor_airflow/venv/lib/python3.8/site-packages/airflow/example_dags/example_xcomargs.py
[2024-08-28 14:04:38,215] {processor.py:651} INFO - DAG(s) dict_keys(['example_xcom_args', 'example_xcom_args_with_operators']) retrieved from /home/kai/Documents/PROJETOS/twitter_extractor_airflow/venv/lib/python3.8/site-packages/airflow/example_dags/example_xcomargs.py
[2024-08-28 14:04:38,236] {logging_mixin.py:115} INFO - [2024-08-28 14:04:38,236] {dag.py:2379} INFO - Sync 2 DAGs
[2024-08-28 14:04:38,255] {logging_mixin.py:115} INFO - [2024-08-28 14:04:38,255] {dag.py:2927} INFO - Setting next_dagrun for example_xcom_args to None, run_after=None
[2024-08-28 14:04:38,256] {logging_mixin.py:115} INFO - [2024-08-28 14:04:38,256] {dag.py:2927} INFO - Setting next_dagrun for example_xcom_args_with_operators to None, run_after=None
[2024-08-28 14:04:38,267] {processor.py:161} INFO - Processing /home/kai/Documents/PROJETOS/twitter_extractor_airflow/venv/lib/python3.8/site-packages/airflow/example_dags/example_xcomargs.py took 0.074 seconds
[2024-08-28 14:05:11,908] {processor.py:153} INFO - Started process (PID=38931) to work on /home/kai/Documents/PROJETOS/twitter_extractor_airflow/venv/lib/python3.8/site-packages/airflow/example_dags/example_xcomargs.py
[2024-08-28 14:05:11,908] {processor.py:641} INFO - Processing file /home/kai/Documents/PROJETOS/twitter_extractor_airflow/venv/lib/python3.8/site-packages/airflow/example_dags/example_xcomargs.py for tasks to queue
[2024-08-28 14:05:11,909] {logging_mixin.py:115} INFO - [2024-08-28 14:05:11,909] {dagbag.py:507} INFO - Filling up the DagBag from /home/kai/Documents/PROJETOS/twitter_extractor_airflow/venv/lib/python3.8/site-packages/airflow/example_dags/example_xcomargs.py
[2024-08-28 14:05:11,926] {processor.py:651} INFO - DAG(s) dict_keys(['example_xcom_args', 'example_xcom_args_with_operators']) retrieved from /home/kai/Documents/PROJETOS/twitter_extractor_airflow/venv/lib/python3.8/site-packages/airflow/example_dags/example_xcomargs.py
[2024-08-28 14:05:11,944] {logging_mixin.py:115} INFO - [2024-08-28 14:05:11,944] {dag.py:2379} INFO - Sync 2 DAGs
[2024-08-28 14:05:11,963] {logging_mixin.py:115} INFO - [2024-08-28 14:05:11,963] {dag.py:2927} INFO - Setting next_dagrun for example_xcom_args to None, run_after=None
[2024-08-28 14:05:11,963] {logging_mixin.py:115} INFO - [2024-08-28 14:05:11,963] {dag.py:2927} INFO - Setting next_dagrun for example_xcom_args_with_operators to None, run_after=None
[2024-08-28 14:05:11,977] {processor.py:161} INFO - Processing /home/kai/Documents/PROJETOS/twitter_extractor_airflow/venv/lib/python3.8/site-packages/airflow/example_dags/example_xcomargs.py took 0.071 seconds
[2024-08-28 14:05:44,752] {processor.py:153} INFO - Started process (PID=39183) to work on /home/kai/Documents/PROJETOS/twitter_extractor_airflow/venv/lib/python3.8/site-packages/airflow/example_dags/example_xcomargs.py
[2024-08-28 14:05:44,753] {processor.py:641} INFO - Processing file /home/kai/Documents/PROJETOS/twitter_extractor_airflow/venv/lib/python3.8/site-packages/airflow/example_dags/example_xcomargs.py for tasks to queue
[2024-08-28 14:05:44,753] {logging_mixin.py:115} INFO - [2024-08-28 14:05:44,753] {dagbag.py:507} INFO - Filling up the DagBag from /home/kai/Documents/PROJETOS/twitter_extractor_airflow/venv/lib/python3.8/site-packages/airflow/example_dags/example_xcomargs.py
[2024-08-28 14:05:44,772] {processor.py:651} INFO - DAG(s) dict_keys(['example_xcom_args', 'example_xcom_args_with_operators']) retrieved from /home/kai/Documents/PROJETOS/twitter_extractor_airflow/venv/lib/python3.8/site-packages/airflow/example_dags/example_xcomargs.py
[2024-08-28 14:05:44,787] {logging_mixin.py:115} INFO - [2024-08-28 14:05:44,787] {dag.py:2379} INFO - Sync 2 DAGs
[2024-08-28 14:05:44,799] {logging_mixin.py:115} INFO - [2024-08-28 14:05:44,799] {dag.py:2927} INFO - Setting next_dagrun for example_xcom_args to None, run_after=None
[2024-08-28 14:05:44,800] {logging_mixin.py:115} INFO - [2024-08-28 14:05:44,800] {dag.py:2927} INFO - Setting next_dagrun for example_xcom_args_with_operators to None, run_after=None
[2024-08-28 14:05:44,809] {processor.py:161} INFO - Processing /home/kai/Documents/PROJETOS/twitter_extractor_airflow/venv/lib/python3.8/site-packages/airflow/example_dags/example_xcomargs.py took 0.059 seconds
[2024-08-28 14:33:56,171] {processor.py:153} INFO - Started process (PID=45464) to work on /home/kai/Documents/PROJETOS/twitter_extractor_airflow/venv/lib/python3.8/site-packages/airflow/example_dags/example_xcomargs.py
[2024-08-28 14:33:56,172] {processor.py:641} INFO - Processing file /home/kai/Documents/PROJETOS/twitter_extractor_airflow/venv/lib/python3.8/site-packages/airflow/example_dags/example_xcomargs.py for tasks to queue
[2024-08-28 14:33:56,173] {logging_mixin.py:115} INFO - [2024-08-28 14:33:56,172] {dagbag.py:507} INFO - Filling up the DagBag from /home/kai/Documents/PROJETOS/twitter_extractor_airflow/venv/lib/python3.8/site-packages/airflow/example_dags/example_xcomargs.py
[2024-08-28 14:33:56,187] {processor.py:651} INFO - DAG(s) dict_keys(['example_xcom_args', 'example_xcom_args_with_operators']) retrieved from /home/kai/Documents/PROJETOS/twitter_extractor_airflow/venv/lib/python3.8/site-packages/airflow/example_dags/example_xcomargs.py
[2024-08-28 14:33:56,221] {logging_mixin.py:115} INFO - [2024-08-28 14:33:56,221] {dag.py:2379} INFO - Sync 2 DAGs
[2024-08-28 14:33:56,235] {logging_mixin.py:115} INFO - [2024-08-28 14:33:56,234] {dag.py:2927} INFO - Setting next_dagrun for example_xcom_args to None, run_after=None
[2024-08-28 14:33:56,235] {logging_mixin.py:115} INFO - [2024-08-28 14:33:56,235] {dag.py:2927} INFO - Setting next_dagrun for example_xcom_args_with_operators to None, run_after=None
[2024-08-28 14:33:56,246] {processor.py:161} INFO - Processing /home/kai/Documents/PROJETOS/twitter_extractor_airflow/venv/lib/python3.8/site-packages/airflow/example_dags/example_xcomargs.py took 0.077 seconds
[2024-08-28 14:34:29,368] {processor.py:153} INFO - Started process (PID=45714) to work on /home/kai/Documents/PROJETOS/twitter_extractor_airflow/venv/lib/python3.8/site-packages/airflow/example_dags/example_xcomargs.py
[2024-08-28 14:34:29,374] {processor.py:641} INFO - Processing file /home/kai/Documents/PROJETOS/twitter_extractor_airflow/venv/lib/python3.8/site-packages/airflow/example_dags/example_xcomargs.py for tasks to queue
[2024-08-28 14:34:29,374] {logging_mixin.py:115} INFO - [2024-08-28 14:34:29,374] {dagbag.py:507} INFO - Filling up the DagBag from /home/kai/Documents/PROJETOS/twitter_extractor_airflow/venv/lib/python3.8/site-packages/airflow/example_dags/example_xcomargs.py
[2024-08-28 14:34:29,390] {processor.py:651} INFO - DAG(s) dict_keys(['example_xcom_args', 'example_xcom_args_with_operators']) retrieved from /home/kai/Documents/PROJETOS/twitter_extractor_airflow/venv/lib/python3.8/site-packages/airflow/example_dags/example_xcomargs.py
[2024-08-28 14:34:29,432] {logging_mixin.py:115} INFO - [2024-08-28 14:34:29,432] {dag.py:2379} INFO - Sync 2 DAGs
[2024-08-28 14:34:29,445] {logging_mixin.py:115} INFO - [2024-08-28 14:34:29,445] {dag.py:2927} INFO - Setting next_dagrun for example_xcom_args to None, run_after=None
[2024-08-28 14:34:29,446] {logging_mixin.py:115} INFO - [2024-08-28 14:34:29,445] {dag.py:2927} INFO - Setting next_dagrun for example_xcom_args_with_operators to None, run_after=None
[2024-08-28 14:34:29,458] {processor.py:161} INFO - Processing /home/kai/Documents/PROJETOS/twitter_extractor_airflow/venv/lib/python3.8/site-packages/airflow/example_dags/example_xcomargs.py took 0.092 seconds
[2024-08-28 14:35:02,889] {processor.py:153} INFO - Started process (PID=45910) to work on /home/kai/Documents/PROJETOS/twitter_extractor_airflow/venv/lib/python3.8/site-packages/airflow/example_dags/example_xcomargs.py
[2024-08-28 14:35:02,889] {processor.py:641} INFO - Processing file /home/kai/Documents/PROJETOS/twitter_extractor_airflow/venv/lib/python3.8/site-packages/airflow/example_dags/example_xcomargs.py for tasks to queue
[2024-08-28 14:35:02,890] {logging_mixin.py:115} INFO - [2024-08-28 14:35:02,890] {dagbag.py:507} INFO - Filling up the DagBag from /home/kai/Documents/PROJETOS/twitter_extractor_airflow/venv/lib/python3.8/site-packages/airflow/example_dags/example_xcomargs.py
[2024-08-28 14:35:02,907] {processor.py:651} INFO - DAG(s) dict_keys(['example_xcom_args', 'example_xcom_args_with_operators']) retrieved from /home/kai/Documents/PROJETOS/twitter_extractor_airflow/venv/lib/python3.8/site-packages/airflow/example_dags/example_xcomargs.py
[2024-08-28 14:35:02,924] {logging_mixin.py:115} INFO - [2024-08-28 14:35:02,924] {dag.py:2379} INFO - Sync 2 DAGs
[2024-08-28 14:35:02,946] {logging_mixin.py:115} INFO - [2024-08-28 14:35:02,946] {dag.py:2927} INFO - Setting next_dagrun for example_xcom_args to None, run_after=None
[2024-08-28 14:35:02,946] {logging_mixin.py:115} INFO - [2024-08-28 14:35:02,946] {dag.py:2927} INFO - Setting next_dagrun for example_xcom_args_with_operators to None, run_after=None
[2024-08-28 14:35:02,960] {processor.py:161} INFO - Processing /home/kai/Documents/PROJETOS/twitter_extractor_airflow/venv/lib/python3.8/site-packages/airflow/example_dags/example_xcomargs.py took 0.074 seconds
[2024-08-28 14:35:39,042] {processor.py:153} INFO - Started process (PID=46122) to work on /home/kai/Documents/PROJETOS/twitter_extractor_airflow/venv/lib/python3.8/site-packages/airflow/example_dags/example_xcomargs.py
[2024-08-28 14:35:39,044] {processor.py:641} INFO - Processing file /home/kai/Documents/PROJETOS/twitter_extractor_airflow/venv/lib/python3.8/site-packages/airflow/example_dags/example_xcomargs.py for tasks to queue
[2024-08-28 14:35:39,044] {logging_mixin.py:115} INFO - [2024-08-28 14:35:39,044] {dagbag.py:507} INFO - Filling up the DagBag from /home/kai/Documents/PROJETOS/twitter_extractor_airflow/venv/lib/python3.8/site-packages/airflow/example_dags/example_xcomargs.py
[2024-08-28 14:35:39,061] {processor.py:651} INFO - DAG(s) dict_keys(['example_xcom_args', 'example_xcom_args_with_operators']) retrieved from /home/kai/Documents/PROJETOS/twitter_extractor_airflow/venv/lib/python3.8/site-packages/airflow/example_dags/example_xcomargs.py
[2024-08-28 14:35:39,095] {logging_mixin.py:115} INFO - [2024-08-28 14:35:39,095] {dag.py:2379} INFO - Sync 2 DAGs
[2024-08-28 14:35:39,106] {logging_mixin.py:115} INFO - [2024-08-28 14:35:39,106] {dag.py:2927} INFO - Setting next_dagrun for example_xcom_args to None, run_after=None
[2024-08-28 14:35:39,106] {logging_mixin.py:115} INFO - [2024-08-28 14:35:39,106] {dag.py:2927} INFO - Setting next_dagrun for example_xcom_args_with_operators to None, run_after=None
[2024-08-28 14:35:39,115] {processor.py:161} INFO - Processing /home/kai/Documents/PROJETOS/twitter_extractor_airflow/venv/lib/python3.8/site-packages/airflow/example_dags/example_xcomargs.py took 0.076 seconds
[2024-08-28 14:36:11,932] {processor.py:153} INFO - Started process (PID=46319) to work on /home/kai/Documents/PROJETOS/twitter_extractor_airflow/venv/lib/python3.8/site-packages/airflow/example_dags/example_xcomargs.py
[2024-08-28 14:36:11,934] {processor.py:641} INFO - Processing file /home/kai/Documents/PROJETOS/twitter_extractor_airflow/venv/lib/python3.8/site-packages/airflow/example_dags/example_xcomargs.py for tasks to queue
[2024-08-28 14:36:11,935] {logging_mixin.py:115} INFO - [2024-08-28 14:36:11,934] {dagbag.py:507} INFO - Filling up the DagBag from /home/kai/Documents/PROJETOS/twitter_extractor_airflow/venv/lib/python3.8/site-packages/airflow/example_dags/example_xcomargs.py
[2024-08-28 14:36:11,958] {processor.py:651} INFO - DAG(s) dict_keys(['example_xcom_args', 'example_xcom_args_with_operators']) retrieved from /home/kai/Documents/PROJETOS/twitter_extractor_airflow/venv/lib/python3.8/site-packages/airflow/example_dags/example_xcomargs.py
[2024-08-28 14:36:12,019] {logging_mixin.py:115} INFO - [2024-08-28 14:36:12,019] {dag.py:2379} INFO - Sync 2 DAGs
[2024-08-28 14:36:12,052] {logging_mixin.py:115} INFO - [2024-08-28 14:36:12,052] {dag.py:2927} INFO - Setting next_dagrun for example_xcom_args to None, run_after=None
[2024-08-28 14:36:12,052] {logging_mixin.py:115} INFO - [2024-08-28 14:36:12,052] {dag.py:2927} INFO - Setting next_dagrun for example_xcom_args_with_operators to None, run_after=None
[2024-08-28 14:36:12,072] {processor.py:161} INFO - Processing /home/kai/Documents/PROJETOS/twitter_extractor_airflow/venv/lib/python3.8/site-packages/airflow/example_dags/example_xcomargs.py took 0.143 seconds
[2024-08-28 14:36:45,082] {processor.py:153} INFO - Started process (PID=46522) to work on /home/kai/Documents/PROJETOS/twitter_extractor_airflow/venv/lib/python3.8/site-packages/airflow/example_dags/example_xcomargs.py
[2024-08-28 14:36:45,082] {processor.py:641} INFO - Processing file /home/kai/Documents/PROJETOS/twitter_extractor_airflow/venv/lib/python3.8/site-packages/airflow/example_dags/example_xcomargs.py for tasks to queue
[2024-08-28 14:36:45,083] {logging_mixin.py:115} INFO - [2024-08-28 14:36:45,083] {dagbag.py:507} INFO - Filling up the DagBag from /home/kai/Documents/PROJETOS/twitter_extractor_airflow/venv/lib/python3.8/site-packages/airflow/example_dags/example_xcomargs.py
[2024-08-28 14:36:45,097] {processor.py:651} INFO - DAG(s) dict_keys(['example_xcom_args', 'example_xcom_args_with_operators']) retrieved from /home/kai/Documents/PROJETOS/twitter_extractor_airflow/venv/lib/python3.8/site-packages/airflow/example_dags/example_xcomargs.py
[2024-08-28 14:36:45,146] {logging_mixin.py:115} INFO - [2024-08-28 14:36:45,146] {dag.py:2379} INFO - Sync 2 DAGs
[2024-08-28 14:36:45,161] {logging_mixin.py:115} INFO - [2024-08-28 14:36:45,161] {dag.py:2927} INFO - Setting next_dagrun for example_xcom_args to None, run_after=None
[2024-08-28 14:36:45,161] {logging_mixin.py:115} INFO - [2024-08-28 14:36:45,161] {dag.py:2927} INFO - Setting next_dagrun for example_xcom_args_with_operators to None, run_after=None
[2024-08-28 14:36:45,192] {processor.py:161} INFO - Processing /home/kai/Documents/PROJETOS/twitter_extractor_airflow/venv/lib/python3.8/site-packages/airflow/example_dags/example_xcomargs.py took 0.113 seconds
[2024-08-28 14:37:18,863] {processor.py:153} INFO - Started process (PID=46735) to work on /home/kai/Documents/PROJETOS/twitter_extractor_airflow/venv/lib/python3.8/site-packages/airflow/example_dags/example_xcomargs.py
[2024-08-28 14:37:18,864] {processor.py:641} INFO - Processing file /home/kai/Documents/PROJETOS/twitter_extractor_airflow/venv/lib/python3.8/site-packages/airflow/example_dags/example_xcomargs.py for tasks to queue
[2024-08-28 14:37:18,864] {logging_mixin.py:115} INFO - [2024-08-28 14:37:18,864] {dagbag.py:507} INFO - Filling up the DagBag from /home/kai/Documents/PROJETOS/twitter_extractor_airflow/venv/lib/python3.8/site-packages/airflow/example_dags/example_xcomargs.py
[2024-08-28 14:37:18,879] {processor.py:651} INFO - DAG(s) dict_keys(['example_xcom_args', 'example_xcom_args_with_operators']) retrieved from /home/kai/Documents/PROJETOS/twitter_extractor_airflow/venv/lib/python3.8/site-packages/airflow/example_dags/example_xcomargs.py
[2024-08-28 14:37:18,916] {logging_mixin.py:115} INFO - [2024-08-28 14:37:18,916] {dag.py:2379} INFO - Sync 2 DAGs
[2024-08-28 14:37:18,929] {logging_mixin.py:115} INFO - [2024-08-28 14:37:18,929] {dag.py:2927} INFO - Setting next_dagrun for example_xcom_args to None, run_after=None
[2024-08-28 14:37:18,929] {logging_mixin.py:115} INFO - [2024-08-28 14:37:18,929] {dag.py:2927} INFO - Setting next_dagrun for example_xcom_args_with_operators to None, run_after=None
[2024-08-28 14:37:18,942] {processor.py:161} INFO - Processing /home/kai/Documents/PROJETOS/twitter_extractor_airflow/venv/lib/python3.8/site-packages/airflow/example_dags/example_xcomargs.py took 0.081 seconds
[2024-08-28 14:37:52,202] {processor.py:153} INFO - Started process (PID=47113) to work on /home/kai/Documents/PROJETOS/twitter_extractor_airflow/venv/lib/python3.8/site-packages/airflow/example_dags/example_xcomargs.py
[2024-08-28 14:37:52,202] {processor.py:641} INFO - Processing file /home/kai/Documents/PROJETOS/twitter_extractor_airflow/venv/lib/python3.8/site-packages/airflow/example_dags/example_xcomargs.py for tasks to queue
[2024-08-28 14:37:52,203] {logging_mixin.py:115} INFO - [2024-08-28 14:37:52,203] {dagbag.py:507} INFO - Filling up the DagBag from /home/kai/Documents/PROJETOS/twitter_extractor_airflow/venv/lib/python3.8/site-packages/airflow/example_dags/example_xcomargs.py
[2024-08-28 14:37:52,217] {processor.py:651} INFO - DAG(s) dict_keys(['example_xcom_args', 'example_xcom_args_with_operators']) retrieved from /home/kai/Documents/PROJETOS/twitter_extractor_airflow/venv/lib/python3.8/site-packages/airflow/example_dags/example_xcomargs.py
[2024-08-28 14:37:52,255] {logging_mixin.py:115} INFO - [2024-08-28 14:37:52,254] {dag.py:2379} INFO - Sync 2 DAGs
[2024-08-28 14:37:52,266] {logging_mixin.py:115} INFO - [2024-08-28 14:37:52,266] {dag.py:2927} INFO - Setting next_dagrun for example_xcom_args to None, run_after=None
[2024-08-28 14:37:52,266] {logging_mixin.py:115} INFO - [2024-08-28 14:37:52,266] {dag.py:2927} INFO - Setting next_dagrun for example_xcom_args_with_operators to None, run_after=None
[2024-08-28 14:37:52,280] {processor.py:161} INFO - Processing /home/kai/Documents/PROJETOS/twitter_extractor_airflow/venv/lib/python3.8/site-packages/airflow/example_dags/example_xcomargs.py took 0.080 seconds
[2024-08-28 14:38:28,070] {processor.py:153} INFO - Started process (PID=47368) to work on /home/kai/Documents/PROJETOS/twitter_extractor_airflow/venv/lib/python3.8/site-packages/airflow/example_dags/example_xcomargs.py
[2024-08-28 14:38:28,071] {processor.py:641} INFO - Processing file /home/kai/Documents/PROJETOS/twitter_extractor_airflow/venv/lib/python3.8/site-packages/airflow/example_dags/example_xcomargs.py for tasks to queue
[2024-08-28 14:38:28,071] {logging_mixin.py:115} INFO - [2024-08-28 14:38:28,071] {dagbag.py:507} INFO - Filling up the DagBag from /home/kai/Documents/PROJETOS/twitter_extractor_airflow/venv/lib/python3.8/site-packages/airflow/example_dags/example_xcomargs.py
[2024-08-28 14:38:28,086] {processor.py:651} INFO - DAG(s) dict_keys(['example_xcom_args', 'example_xcom_args_with_operators']) retrieved from /home/kai/Documents/PROJETOS/twitter_extractor_airflow/venv/lib/python3.8/site-packages/airflow/example_dags/example_xcomargs.py
[2024-08-28 14:38:28,099] {logging_mixin.py:115} INFO - [2024-08-28 14:38:28,099] {dag.py:2379} INFO - Sync 2 DAGs
[2024-08-28 14:38:28,114] {logging_mixin.py:115} INFO - [2024-08-28 14:38:28,113] {dag.py:2927} INFO - Setting next_dagrun for example_xcom_args to None, run_after=None
[2024-08-28 14:38:28,114] {logging_mixin.py:115} INFO - [2024-08-28 14:38:28,114] {dag.py:2927} INFO - Setting next_dagrun for example_xcom_args_with_operators to None, run_after=None
[2024-08-28 14:38:28,123] {processor.py:161} INFO - Processing /home/kai/Documents/PROJETOS/twitter_extractor_airflow/venv/lib/python3.8/site-packages/airflow/example_dags/example_xcomargs.py took 0.055 seconds
[2024-08-28 14:39:23,377] {processor.py:153} INFO - Started process (PID=48016) to work on /home/kai/Documents/PROJETOS/twitter_extractor_airflow/venv/lib/python3.8/site-packages/airflow/example_dags/example_xcomargs.py
[2024-08-28 14:39:23,378] {processor.py:641} INFO - Processing file /home/kai/Documents/PROJETOS/twitter_extractor_airflow/venv/lib/python3.8/site-packages/airflow/example_dags/example_xcomargs.py for tasks to queue
[2024-08-28 14:39:23,378] {logging_mixin.py:115} INFO - [2024-08-28 14:39:23,378] {dagbag.py:507} INFO - Filling up the DagBag from /home/kai/Documents/PROJETOS/twitter_extractor_airflow/venv/lib/python3.8/site-packages/airflow/example_dags/example_xcomargs.py
[2024-08-28 14:39:23,394] {processor.py:651} INFO - DAG(s) dict_keys(['example_xcom_args', 'example_xcom_args_with_operators']) retrieved from /home/kai/Documents/PROJETOS/twitter_extractor_airflow/venv/lib/python3.8/site-packages/airflow/example_dags/example_xcomargs.py
[2024-08-28 14:39:23,429] {logging_mixin.py:115} INFO - [2024-08-28 14:39:23,429] {dag.py:2379} INFO - Sync 2 DAGs
[2024-08-28 14:39:23,443] {logging_mixin.py:115} INFO - [2024-08-28 14:39:23,443] {dag.py:2927} INFO - Setting next_dagrun for example_xcom_args to None, run_after=None
[2024-08-28 14:39:23,443] {logging_mixin.py:115} INFO - [2024-08-28 14:39:23,443] {dag.py:2927} INFO - Setting next_dagrun for example_xcom_args_with_operators to None, run_after=None
[2024-08-28 14:39:23,454] {processor.py:161} INFO - Processing /home/kai/Documents/PROJETOS/twitter_extractor_airflow/venv/lib/python3.8/site-packages/airflow/example_dags/example_xcomargs.py took 0.079 seconds
[2024-08-28 14:39:57,760] {processor.py:153} INFO - Started process (PID=48257) to work on /home/kai/Documents/PROJETOS/twitter_extractor_airflow/venv/lib/python3.8/site-packages/airflow/example_dags/example_xcomargs.py
[2024-08-28 14:39:57,761] {processor.py:641} INFO - Processing file /home/kai/Documents/PROJETOS/twitter_extractor_airflow/venv/lib/python3.8/site-packages/airflow/example_dags/example_xcomargs.py for tasks to queue
[2024-08-28 14:39:57,761] {logging_mixin.py:115} INFO - [2024-08-28 14:39:57,761] {dagbag.py:507} INFO - Filling up the DagBag from /home/kai/Documents/PROJETOS/twitter_extractor_airflow/venv/lib/python3.8/site-packages/airflow/example_dags/example_xcomargs.py
[2024-08-28 14:39:57,775] {processor.py:651} INFO - DAG(s) dict_keys(['example_xcom_args', 'example_xcom_args_with_operators']) retrieved from /home/kai/Documents/PROJETOS/twitter_extractor_airflow/venv/lib/python3.8/site-packages/airflow/example_dags/example_xcomargs.py
[2024-08-28 14:39:57,815] {logging_mixin.py:115} INFO - [2024-08-28 14:39:57,815] {dag.py:2379} INFO - Sync 2 DAGs
[2024-08-28 14:39:57,826] {logging_mixin.py:115} INFO - [2024-08-28 14:39:57,826] {dag.py:2927} INFO - Setting next_dagrun for example_xcom_args to None, run_after=None
[2024-08-28 14:39:57,826] {logging_mixin.py:115} INFO - [2024-08-28 14:39:57,826] {dag.py:2927} INFO - Setting next_dagrun for example_xcom_args_with_operators to None, run_after=None
[2024-08-28 14:39:57,836] {processor.py:161} INFO - Processing /home/kai/Documents/PROJETOS/twitter_extractor_airflow/venv/lib/python3.8/site-packages/airflow/example_dags/example_xcomargs.py took 0.078 seconds
[2024-08-28 14:40:30,265] {processor.py:153} INFO - Started process (PID=48447) to work on /home/kai/Documents/PROJETOS/twitter_extractor_airflow/venv/lib/python3.8/site-packages/airflow/example_dags/example_xcomargs.py
[2024-08-28 14:40:30,266] {processor.py:641} INFO - Processing file /home/kai/Documents/PROJETOS/twitter_extractor_airflow/venv/lib/python3.8/site-packages/airflow/example_dags/example_xcomargs.py for tasks to queue
[2024-08-28 14:40:30,267] {logging_mixin.py:115} INFO - [2024-08-28 14:40:30,267] {dagbag.py:507} INFO - Filling up the DagBag from /home/kai/Documents/PROJETOS/twitter_extractor_airflow/venv/lib/python3.8/site-packages/airflow/example_dags/example_xcomargs.py
[2024-08-28 14:40:30,282] {processor.py:651} INFO - DAG(s) dict_keys(['example_xcom_args', 'example_xcom_args_with_operators']) retrieved from /home/kai/Documents/PROJETOS/twitter_extractor_airflow/venv/lib/python3.8/site-packages/airflow/example_dags/example_xcomargs.py
[2024-08-28 14:40:30,321] {logging_mixin.py:115} INFO - [2024-08-28 14:40:30,320] {dag.py:2379} INFO - Sync 2 DAGs
[2024-08-28 14:40:30,333] {logging_mixin.py:115} INFO - [2024-08-28 14:40:30,333] {dag.py:2927} INFO - Setting next_dagrun for example_xcom_args to None, run_after=None
[2024-08-28 14:40:30,333] {logging_mixin.py:115} INFO - [2024-08-28 14:40:30,333] {dag.py:2927} INFO - Setting next_dagrun for example_xcom_args_with_operators to None, run_after=None
[2024-08-28 14:40:30,346] {processor.py:161} INFO - Processing /home/kai/Documents/PROJETOS/twitter_extractor_airflow/venv/lib/python3.8/site-packages/airflow/example_dags/example_xcomargs.py took 0.083 seconds
[2024-08-28 14:41:04,829] {processor.py:153} INFO - Started process (PID=48660) to work on /home/kai/Documents/PROJETOS/twitter_extractor_airflow/venv/lib/python3.8/site-packages/airflow/example_dags/example_xcomargs.py
[2024-08-28 14:41:04,832] {processor.py:641} INFO - Processing file /home/kai/Documents/PROJETOS/twitter_extractor_airflow/venv/lib/python3.8/site-packages/airflow/example_dags/example_xcomargs.py for tasks to queue
[2024-08-28 14:41:04,834] {logging_mixin.py:115} INFO - [2024-08-28 14:41:04,834] {dagbag.py:507} INFO - Filling up the DagBag from /home/kai/Documents/PROJETOS/twitter_extractor_airflow/venv/lib/python3.8/site-packages/airflow/example_dags/example_xcomargs.py
[2024-08-28 14:41:04,872] {processor.py:651} INFO - DAG(s) dict_keys(['example_xcom_args', 'example_xcom_args_with_operators']) retrieved from /home/kai/Documents/PROJETOS/twitter_extractor_airflow/venv/lib/python3.8/site-packages/airflow/example_dags/example_xcomargs.py
[2024-08-28 14:41:04,930] {logging_mixin.py:115} INFO - [2024-08-28 14:41:04,930] {dag.py:2379} INFO - Sync 2 DAGs
[2024-08-28 14:41:04,946] {logging_mixin.py:115} INFO - [2024-08-28 14:41:04,946] {dag.py:2927} INFO - Setting next_dagrun for example_xcom_args to None, run_after=None
[2024-08-28 14:41:04,946] {logging_mixin.py:115} INFO - [2024-08-28 14:41:04,946] {dag.py:2927} INFO - Setting next_dagrun for example_xcom_args_with_operators to None, run_after=None
[2024-08-28 14:41:04,958] {processor.py:161} INFO - Processing /home/kai/Documents/PROJETOS/twitter_extractor_airflow/venv/lib/python3.8/site-packages/airflow/example_dags/example_xcomargs.py took 0.136 seconds
[2024-08-28 14:41:39,640] {processor.py:153} INFO - Started process (PID=48998) to work on /home/kai/Documents/PROJETOS/twitter_extractor_airflow/venv/lib/python3.8/site-packages/airflow/example_dags/example_xcomargs.py
[2024-08-28 14:41:39,641] {processor.py:641} INFO - Processing file /home/kai/Documents/PROJETOS/twitter_extractor_airflow/venv/lib/python3.8/site-packages/airflow/example_dags/example_xcomargs.py for tasks to queue
[2024-08-28 14:41:39,643] {logging_mixin.py:115} INFO - [2024-08-28 14:41:39,642] {dagbag.py:507} INFO - Filling up the DagBag from /home/kai/Documents/PROJETOS/twitter_extractor_airflow/venv/lib/python3.8/site-packages/airflow/example_dags/example_xcomargs.py
[2024-08-28 14:41:39,660] {processor.py:651} INFO - DAG(s) dict_keys(['example_xcom_args', 'example_xcom_args_with_operators']) retrieved from /home/kai/Documents/PROJETOS/twitter_extractor_airflow/venv/lib/python3.8/site-packages/airflow/example_dags/example_xcomargs.py
[2024-08-28 14:41:39,673] {logging_mixin.py:115} INFO - [2024-08-28 14:41:39,673] {dag.py:2379} INFO - Sync 2 DAGs
[2024-08-28 14:41:39,688] {logging_mixin.py:115} INFO - [2024-08-28 14:41:39,688] {dag.py:2927} INFO - Setting next_dagrun for example_xcom_args to None, run_after=None
[2024-08-28 14:41:39,688] {logging_mixin.py:115} INFO - [2024-08-28 14:41:39,688] {dag.py:2927} INFO - Setting next_dagrun for example_xcom_args_with_operators to None, run_after=None
[2024-08-28 14:41:39,697] {processor.py:161} INFO - Processing /home/kai/Documents/PROJETOS/twitter_extractor_airflow/venv/lib/python3.8/site-packages/airflow/example_dags/example_xcomargs.py took 0.065 seconds
[2024-08-28 14:42:12,598] {processor.py:153} INFO - Started process (PID=49197) to work on /home/kai/Documents/PROJETOS/twitter_extractor_airflow/venv/lib/python3.8/site-packages/airflow/example_dags/example_xcomargs.py
[2024-08-28 14:42:12,599] {processor.py:641} INFO - Processing file /home/kai/Documents/PROJETOS/twitter_extractor_airflow/venv/lib/python3.8/site-packages/airflow/example_dags/example_xcomargs.py for tasks to queue
[2024-08-28 14:42:12,599] {logging_mixin.py:115} INFO - [2024-08-28 14:42:12,599] {dagbag.py:507} INFO - Filling up the DagBag from /home/kai/Documents/PROJETOS/twitter_extractor_airflow/venv/lib/python3.8/site-packages/airflow/example_dags/example_xcomargs.py
[2024-08-28 14:42:12,614] {processor.py:651} INFO - DAG(s) dict_keys(['example_xcom_args', 'example_xcom_args_with_operators']) retrieved from /home/kai/Documents/PROJETOS/twitter_extractor_airflow/venv/lib/python3.8/site-packages/airflow/example_dags/example_xcomargs.py
[2024-08-28 14:42:12,651] {logging_mixin.py:115} INFO - [2024-08-28 14:42:12,651] {dag.py:2379} INFO - Sync 2 DAGs
[2024-08-28 14:42:12,662] {logging_mixin.py:115} INFO - [2024-08-28 14:42:12,662] {dag.py:2927} INFO - Setting next_dagrun for example_xcom_args to None, run_after=None
[2024-08-28 14:42:12,662] {logging_mixin.py:115} INFO - [2024-08-28 14:42:12,662] {dag.py:2927} INFO - Setting next_dagrun for example_xcom_args_with_operators to None, run_after=None
[2024-08-28 14:42:12,679] {processor.py:161} INFO - Processing /home/kai/Documents/PROJETOS/twitter_extractor_airflow/venv/lib/python3.8/site-packages/airflow/example_dags/example_xcomargs.py took 0.083 seconds
[2024-08-28 14:42:45,772] {processor.py:153} INFO - Started process (PID=49395) to work on /home/kai/Documents/PROJETOS/twitter_extractor_airflow/venv/lib/python3.8/site-packages/airflow/example_dags/example_xcomargs.py
[2024-08-28 14:42:45,772] {processor.py:641} INFO - Processing file /home/kai/Documents/PROJETOS/twitter_extractor_airflow/venv/lib/python3.8/site-packages/airflow/example_dags/example_xcomargs.py for tasks to queue
[2024-08-28 14:42:45,773] {logging_mixin.py:115} INFO - [2024-08-28 14:42:45,773] {dagbag.py:507} INFO - Filling up the DagBag from /home/kai/Documents/PROJETOS/twitter_extractor_airflow/venv/lib/python3.8/site-packages/airflow/example_dags/example_xcomargs.py
[2024-08-28 14:42:45,791] {processor.py:651} INFO - DAG(s) dict_keys(['example_xcom_args', 'example_xcom_args_with_operators']) retrieved from /home/kai/Documents/PROJETOS/twitter_extractor_airflow/venv/lib/python3.8/site-packages/airflow/example_dags/example_xcomargs.py
[2024-08-28 14:42:45,837] {logging_mixin.py:115} INFO - [2024-08-28 14:42:45,837] {dag.py:2379} INFO - Sync 2 DAGs
[2024-08-28 14:42:45,851] {logging_mixin.py:115} INFO - [2024-08-28 14:42:45,851] {dag.py:2927} INFO - Setting next_dagrun for example_xcom_args to None, run_after=None
[2024-08-28 14:42:45,852] {logging_mixin.py:115} INFO - [2024-08-28 14:42:45,852] {dag.py:2927} INFO - Setting next_dagrun for example_xcom_args_with_operators to None, run_after=None
[2024-08-28 14:42:45,868] {processor.py:161} INFO - Processing /home/kai/Documents/PROJETOS/twitter_extractor_airflow/venv/lib/python3.8/site-packages/airflow/example_dags/example_xcomargs.py took 0.098 seconds
[2024-08-28 14:43:18,710] {processor.py:153} INFO - Started process (PID=49593) to work on /home/kai/Documents/PROJETOS/twitter_extractor_airflow/venv/lib/python3.8/site-packages/airflow/example_dags/example_xcomargs.py
[2024-08-28 14:43:18,710] {processor.py:641} INFO - Processing file /home/kai/Documents/PROJETOS/twitter_extractor_airflow/venv/lib/python3.8/site-packages/airflow/example_dags/example_xcomargs.py for tasks to queue
[2024-08-28 14:43:18,711] {logging_mixin.py:115} INFO - [2024-08-28 14:43:18,711] {dagbag.py:507} INFO - Filling up the DagBag from /home/kai/Documents/PROJETOS/twitter_extractor_airflow/venv/lib/python3.8/site-packages/airflow/example_dags/example_xcomargs.py
[2024-08-28 14:43:18,726] {processor.py:651} INFO - DAG(s) dict_keys(['example_xcom_args', 'example_xcom_args_with_operators']) retrieved from /home/kai/Documents/PROJETOS/twitter_extractor_airflow/venv/lib/python3.8/site-packages/airflow/example_dags/example_xcomargs.py
[2024-08-28 14:43:18,762] {logging_mixin.py:115} INFO - [2024-08-28 14:43:18,762] {dag.py:2379} INFO - Sync 2 DAGs
[2024-08-28 14:43:18,773] {logging_mixin.py:115} INFO - [2024-08-28 14:43:18,773] {dag.py:2927} INFO - Setting next_dagrun for example_xcom_args to None, run_after=None
[2024-08-28 14:43:18,774] {logging_mixin.py:115} INFO - [2024-08-28 14:43:18,774] {dag.py:2927} INFO - Setting next_dagrun for example_xcom_args_with_operators to None, run_after=None
[2024-08-28 14:43:18,784] {processor.py:161} INFO - Processing /home/kai/Documents/PROJETOS/twitter_extractor_airflow/venv/lib/python3.8/site-packages/airflow/example_dags/example_xcomargs.py took 0.077 seconds
[2024-08-28 14:43:51,690] {processor.py:153} INFO - Started process (PID=49795) to work on /home/kai/Documents/PROJETOS/twitter_extractor_airflow/venv/lib/python3.8/site-packages/airflow/example_dags/example_xcomargs.py
[2024-08-28 14:43:51,691] {processor.py:641} INFO - Processing file /home/kai/Documents/PROJETOS/twitter_extractor_airflow/venv/lib/python3.8/site-packages/airflow/example_dags/example_xcomargs.py for tasks to queue
[2024-08-28 14:43:51,691] {logging_mixin.py:115} INFO - [2024-08-28 14:43:51,691] {dagbag.py:507} INFO - Filling up the DagBag from /home/kai/Documents/PROJETOS/twitter_extractor_airflow/venv/lib/python3.8/site-packages/airflow/example_dags/example_xcomargs.py
[2024-08-28 14:43:51,709] {processor.py:651} INFO - DAG(s) dict_keys(['example_xcom_args', 'example_xcom_args_with_operators']) retrieved from /home/kai/Documents/PROJETOS/twitter_extractor_airflow/venv/lib/python3.8/site-packages/airflow/example_dags/example_xcomargs.py
[2024-08-28 14:43:51,725] {logging_mixin.py:115} INFO - [2024-08-28 14:43:51,725] {dag.py:2379} INFO - Sync 2 DAGs
[2024-08-28 14:43:51,742] {logging_mixin.py:115} INFO - [2024-08-28 14:43:51,742] {dag.py:2927} INFO - Setting next_dagrun for example_xcom_args to None, run_after=None
[2024-08-28 14:43:51,743] {logging_mixin.py:115} INFO - [2024-08-28 14:43:51,743] {dag.py:2927} INFO - Setting next_dagrun for example_xcom_args_with_operators to None, run_after=None
[2024-08-28 14:43:51,756] {processor.py:161} INFO - Processing /home/kai/Documents/PROJETOS/twitter_extractor_airflow/venv/lib/python3.8/site-packages/airflow/example_dags/example_xcomargs.py took 0.068 seconds
