[2024-08-28 13:42:37,174] {processor.py:153} INFO - Started process (PID=27386) to work on /home/kai/Documents/PROJETOS/twitter_extractor_airflow/venv/lib/python3.8/site-packages/airflow/example_dags/tutorial_etl_dag.py
[2024-08-28 13:42:37,175] {processor.py:641} INFO - Processing file /home/kai/Documents/PROJETOS/twitter_extractor_airflow/venv/lib/python3.8/site-packages/airflow/example_dags/tutorial_etl_dag.py for tasks to queue
[2024-08-28 13:42:37,175] {logging_mixin.py:115} INFO - [2024-08-28 13:42:37,175] {dagbag.py:507} INFO - Filling up the DagBag from /home/kai/Documents/PROJETOS/twitter_extractor_airflow/venv/lib/python3.8/site-packages/airflow/example_dags/tutorial_etl_dag.py
[2024-08-28 13:42:37,182] {processor.py:651} INFO - DAG(s) dict_keys(['tutorial_etl_dag']) retrieved from /home/kai/Documents/PROJETOS/twitter_extractor_airflow/venv/lib/python3.8/site-packages/airflow/example_dags/tutorial_etl_dag.py
[2024-08-28 13:42:37,245] {logging_mixin.py:115} INFO - [2024-08-28 13:42:37,245] {dag.py:2379} INFO - Sync 1 DAGs
[2024-08-28 13:42:37,276] {logging_mixin.py:115} INFO - [2024-08-28 13:42:37,275] {dag.py:2927} INFO - Setting next_dagrun for tutorial_etl_dag to None, run_after=None
[2024-08-28 13:42:37,295] {processor.py:161} INFO - Processing /home/kai/Documents/PROJETOS/twitter_extractor_airflow/venv/lib/python3.8/site-packages/airflow/example_dags/tutorial_etl_dag.py took 0.124 seconds
[2024-08-28 13:43:12,619] {processor.py:153} INFO - Started process (PID=27634) to work on /home/kai/Documents/PROJETOS/twitter_extractor_airflow/venv/lib/python3.8/site-packages/airflow/example_dags/tutorial_etl_dag.py
[2024-08-28 13:43:12,622] {processor.py:641} INFO - Processing file /home/kai/Documents/PROJETOS/twitter_extractor_airflow/venv/lib/python3.8/site-packages/airflow/example_dags/tutorial_etl_dag.py for tasks to queue
[2024-08-28 13:43:12,623] {logging_mixin.py:115} INFO - [2024-08-28 13:43:12,623] {dagbag.py:507} INFO - Filling up the DagBag from /home/kai/Documents/PROJETOS/twitter_extractor_airflow/venv/lib/python3.8/site-packages/airflow/example_dags/tutorial_etl_dag.py
[2024-08-28 13:43:12,629] {processor.py:651} INFO - DAG(s) dict_keys(['tutorial_etl_dag']) retrieved from /home/kai/Documents/PROJETOS/twitter_extractor_airflow/venv/lib/python3.8/site-packages/airflow/example_dags/tutorial_etl_dag.py
[2024-08-28 13:43:12,646] {logging_mixin.py:115} INFO - [2024-08-28 13:43:12,646] {dag.py:2379} INFO - Sync 1 DAGs
[2024-08-28 13:43:12,659] {logging_mixin.py:115} INFO - [2024-08-28 13:43:12,659] {dag.py:2927} INFO - Setting next_dagrun for tutorial_etl_dag to None, run_after=None
[2024-08-28 13:43:12,681] {processor.py:161} INFO - Processing /home/kai/Documents/PROJETOS/twitter_extractor_airflow/venv/lib/python3.8/site-packages/airflow/example_dags/tutorial_etl_dag.py took 0.064 seconds
[2024-08-28 13:43:46,446] {processor.py:153} INFO - Started process (PID=27828) to work on /home/kai/Documents/PROJETOS/twitter_extractor_airflow/venv/lib/python3.8/site-packages/airflow/example_dags/tutorial_etl_dag.py
[2024-08-28 13:43:46,447] {processor.py:641} INFO - Processing file /home/kai/Documents/PROJETOS/twitter_extractor_airflow/venv/lib/python3.8/site-packages/airflow/example_dags/tutorial_etl_dag.py for tasks to queue
[2024-08-28 13:43:46,447] {logging_mixin.py:115} INFO - [2024-08-28 13:43:46,447] {dagbag.py:507} INFO - Filling up the DagBag from /home/kai/Documents/PROJETOS/twitter_extractor_airflow/venv/lib/python3.8/site-packages/airflow/example_dags/tutorial_etl_dag.py
[2024-08-28 13:43:46,453] {processor.py:651} INFO - DAG(s) dict_keys(['tutorial_etl_dag']) retrieved from /home/kai/Documents/PROJETOS/twitter_extractor_airflow/venv/lib/python3.8/site-packages/airflow/example_dags/tutorial_etl_dag.py
[2024-08-28 13:43:46,464] {logging_mixin.py:115} INFO - [2024-08-28 13:43:46,464] {dag.py:2379} INFO - Sync 1 DAGs
[2024-08-28 13:43:46,478] {logging_mixin.py:115} INFO - [2024-08-28 13:43:46,478] {dag.py:2927} INFO - Setting next_dagrun for tutorial_etl_dag to None, run_after=None
[2024-08-28 13:43:46,488] {processor.py:161} INFO - Processing /home/kai/Documents/PROJETOS/twitter_extractor_airflow/venv/lib/python3.8/site-packages/airflow/example_dags/tutorial_etl_dag.py took 0.045 seconds
[2024-08-28 13:44:19,961] {processor.py:153} INFO - Started process (PID=28019) to work on /home/kai/Documents/PROJETOS/twitter_extractor_airflow/venv/lib/python3.8/site-packages/airflow/example_dags/tutorial_etl_dag.py
[2024-08-28 13:44:19,962] {processor.py:641} INFO - Processing file /home/kai/Documents/PROJETOS/twitter_extractor_airflow/venv/lib/python3.8/site-packages/airflow/example_dags/tutorial_etl_dag.py for tasks to queue
[2024-08-28 13:44:19,962] {logging_mixin.py:115} INFO - [2024-08-28 13:44:19,962] {dagbag.py:507} INFO - Filling up the DagBag from /home/kai/Documents/PROJETOS/twitter_extractor_airflow/venv/lib/python3.8/site-packages/airflow/example_dags/tutorial_etl_dag.py
[2024-08-28 13:44:19,969] {processor.py:651} INFO - DAG(s) dict_keys(['tutorial_etl_dag']) retrieved from /home/kai/Documents/PROJETOS/twitter_extractor_airflow/venv/lib/python3.8/site-packages/airflow/example_dags/tutorial_etl_dag.py
[2024-08-28 13:44:19,981] {logging_mixin.py:115} INFO - [2024-08-28 13:44:19,981] {dag.py:2379} INFO - Sync 1 DAGs
[2024-08-28 13:44:19,996] {logging_mixin.py:115} INFO - [2024-08-28 13:44:19,996] {dag.py:2927} INFO - Setting next_dagrun for tutorial_etl_dag to None, run_after=None
[2024-08-28 13:44:20,026] {processor.py:161} INFO - Processing /home/kai/Documents/PROJETOS/twitter_extractor_airflow/venv/lib/python3.8/site-packages/airflow/example_dags/tutorial_etl_dag.py took 0.074 seconds
[2024-08-28 13:44:52,177] {processor.py:153} INFO - Started process (PID=28215) to work on /home/kai/Documents/PROJETOS/twitter_extractor_airflow/venv/lib/python3.8/site-packages/airflow/example_dags/tutorial_etl_dag.py
[2024-08-28 13:44:52,178] {processor.py:641} INFO - Processing file /home/kai/Documents/PROJETOS/twitter_extractor_airflow/venv/lib/python3.8/site-packages/airflow/example_dags/tutorial_etl_dag.py for tasks to queue
[2024-08-28 13:44:52,178] {logging_mixin.py:115} INFO - [2024-08-28 13:44:52,178] {dagbag.py:507} INFO - Filling up the DagBag from /home/kai/Documents/PROJETOS/twitter_extractor_airflow/venv/lib/python3.8/site-packages/airflow/example_dags/tutorial_etl_dag.py
[2024-08-28 13:44:52,184] {processor.py:651} INFO - DAG(s) dict_keys(['tutorial_etl_dag']) retrieved from /home/kai/Documents/PROJETOS/twitter_extractor_airflow/venv/lib/python3.8/site-packages/airflow/example_dags/tutorial_etl_dag.py
[2024-08-28 13:44:52,198] {logging_mixin.py:115} INFO - [2024-08-28 13:44:52,197] {dag.py:2379} INFO - Sync 1 DAGs
[2024-08-28 13:44:52,213] {logging_mixin.py:115} INFO - [2024-08-28 13:44:52,213] {dag.py:2927} INFO - Setting next_dagrun for tutorial_etl_dag to None, run_after=None
[2024-08-28 13:44:52,228] {processor.py:161} INFO - Processing /home/kai/Documents/PROJETOS/twitter_extractor_airflow/venv/lib/python3.8/site-packages/airflow/example_dags/tutorial_etl_dag.py took 0.054 seconds
[2024-08-28 13:45:26,403] {processor.py:153} INFO - Started process (PID=28414) to work on /home/kai/Documents/PROJETOS/twitter_extractor_airflow/venv/lib/python3.8/site-packages/airflow/example_dags/tutorial_etl_dag.py
[2024-08-28 13:45:26,404] {processor.py:641} INFO - Processing file /home/kai/Documents/PROJETOS/twitter_extractor_airflow/venv/lib/python3.8/site-packages/airflow/example_dags/tutorial_etl_dag.py for tasks to queue
[2024-08-28 13:45:26,405] {logging_mixin.py:115} INFO - [2024-08-28 13:45:26,405] {dagbag.py:507} INFO - Filling up the DagBag from /home/kai/Documents/PROJETOS/twitter_extractor_airflow/venv/lib/python3.8/site-packages/airflow/example_dags/tutorial_etl_dag.py
[2024-08-28 13:45:26,414] {processor.py:651} INFO - DAG(s) dict_keys(['tutorial_etl_dag']) retrieved from /home/kai/Documents/PROJETOS/twitter_extractor_airflow/venv/lib/python3.8/site-packages/airflow/example_dags/tutorial_etl_dag.py
[2024-08-28 13:45:26,429] {logging_mixin.py:115} INFO - [2024-08-28 13:45:26,429] {dag.py:2379} INFO - Sync 1 DAGs
[2024-08-28 13:45:26,442] {logging_mixin.py:115} INFO - [2024-08-28 13:45:26,442] {dag.py:2927} INFO - Setting next_dagrun for tutorial_etl_dag to None, run_after=None
[2024-08-28 13:45:26,453] {processor.py:161} INFO - Processing /home/kai/Documents/PROJETOS/twitter_extractor_airflow/venv/lib/python3.8/site-packages/airflow/example_dags/tutorial_etl_dag.py took 0.058 seconds
[2024-08-28 13:45:58,949] {processor.py:153} INFO - Started process (PID=28611) to work on /home/kai/Documents/PROJETOS/twitter_extractor_airflow/venv/lib/python3.8/site-packages/airflow/example_dags/tutorial_etl_dag.py
[2024-08-28 13:45:58,950] {processor.py:641} INFO - Processing file /home/kai/Documents/PROJETOS/twitter_extractor_airflow/venv/lib/python3.8/site-packages/airflow/example_dags/tutorial_etl_dag.py for tasks to queue
[2024-08-28 13:45:58,950] {logging_mixin.py:115} INFO - [2024-08-28 13:45:58,950] {dagbag.py:507} INFO - Filling up the DagBag from /home/kai/Documents/PROJETOS/twitter_extractor_airflow/venv/lib/python3.8/site-packages/airflow/example_dags/tutorial_etl_dag.py
[2024-08-28 13:45:58,956] {processor.py:651} INFO - DAG(s) dict_keys(['tutorial_etl_dag']) retrieved from /home/kai/Documents/PROJETOS/twitter_extractor_airflow/venv/lib/python3.8/site-packages/airflow/example_dags/tutorial_etl_dag.py
[2024-08-28 13:45:58,968] {logging_mixin.py:115} INFO - [2024-08-28 13:45:58,968] {dag.py:2379} INFO - Sync 1 DAGs
[2024-08-28 13:45:58,981] {logging_mixin.py:115} INFO - [2024-08-28 13:45:58,981] {dag.py:2927} INFO - Setting next_dagrun for tutorial_etl_dag to None, run_after=None
[2024-08-28 13:45:58,990] {processor.py:161} INFO - Processing /home/kai/Documents/PROJETOS/twitter_extractor_airflow/venv/lib/python3.8/site-packages/airflow/example_dags/tutorial_etl_dag.py took 0.043 seconds
[2024-08-28 13:46:32,796] {processor.py:153} INFO - Started process (PID=28864) to work on /home/kai/Documents/PROJETOS/twitter_extractor_airflow/venv/lib/python3.8/site-packages/airflow/example_dags/tutorial_etl_dag.py
[2024-08-28 13:46:32,796] {processor.py:641} INFO - Processing file /home/kai/Documents/PROJETOS/twitter_extractor_airflow/venv/lib/python3.8/site-packages/airflow/example_dags/tutorial_etl_dag.py for tasks to queue
[2024-08-28 13:46:32,797] {logging_mixin.py:115} INFO - [2024-08-28 13:46:32,797] {dagbag.py:507} INFO - Filling up the DagBag from /home/kai/Documents/PROJETOS/twitter_extractor_airflow/venv/lib/python3.8/site-packages/airflow/example_dags/tutorial_etl_dag.py
[2024-08-28 13:46:32,805] {processor.py:651} INFO - DAG(s) dict_keys(['tutorial_etl_dag']) retrieved from /home/kai/Documents/PROJETOS/twitter_extractor_airflow/venv/lib/python3.8/site-packages/airflow/example_dags/tutorial_etl_dag.py
[2024-08-28 13:46:32,859] {logging_mixin.py:115} INFO - [2024-08-28 13:46:32,859] {dag.py:2379} INFO - Sync 1 DAGs
[2024-08-28 13:46:32,929] {logging_mixin.py:115} INFO - [2024-08-28 13:46:32,928] {dag.py:2927} INFO - Setting next_dagrun for tutorial_etl_dag to None, run_after=None
[2024-08-28 13:46:33,001] {processor.py:161} INFO - Processing /home/kai/Documents/PROJETOS/twitter_extractor_airflow/venv/lib/python3.8/site-packages/airflow/example_dags/tutorial_etl_dag.py took 0.209 seconds
[2024-08-28 13:47:09,121] {processor.py:153} INFO - Started process (PID=29667) to work on /home/kai/Documents/PROJETOS/twitter_extractor_airflow/venv/lib/python3.8/site-packages/airflow/example_dags/tutorial_etl_dag.py
[2024-08-28 13:47:09,123] {processor.py:641} INFO - Processing file /home/kai/Documents/PROJETOS/twitter_extractor_airflow/venv/lib/python3.8/site-packages/airflow/example_dags/tutorial_etl_dag.py for tasks to queue
[2024-08-28 13:47:09,124] {logging_mixin.py:115} INFO - [2024-08-28 13:47:09,123] {dagbag.py:507} INFO - Filling up the DagBag from /home/kai/Documents/PROJETOS/twitter_extractor_airflow/venv/lib/python3.8/site-packages/airflow/example_dags/tutorial_etl_dag.py
[2024-08-28 13:47:09,130] {processor.py:651} INFO - DAG(s) dict_keys(['tutorial_etl_dag']) retrieved from /home/kai/Documents/PROJETOS/twitter_extractor_airflow/venv/lib/python3.8/site-packages/airflow/example_dags/tutorial_etl_dag.py
[2024-08-28 13:47:09,143] {logging_mixin.py:115} INFO - [2024-08-28 13:47:09,143] {dag.py:2379} INFO - Sync 1 DAGs
[2024-08-28 13:47:09,156] {logging_mixin.py:115} INFO - [2024-08-28 13:47:09,156] {dag.py:2927} INFO - Setting next_dagrun for tutorial_etl_dag to None, run_after=None
[2024-08-28 13:47:09,167] {processor.py:161} INFO - Processing /home/kai/Documents/PROJETOS/twitter_extractor_airflow/venv/lib/python3.8/site-packages/airflow/example_dags/tutorial_etl_dag.py took 0.048 seconds
[2024-08-28 13:47:41,705] {processor.py:153} INFO - Started process (PID=29975) to work on /home/kai/Documents/PROJETOS/twitter_extractor_airflow/venv/lib/python3.8/site-packages/airflow/example_dags/tutorial_etl_dag.py
[2024-08-28 13:47:41,706] {processor.py:641} INFO - Processing file /home/kai/Documents/PROJETOS/twitter_extractor_airflow/venv/lib/python3.8/site-packages/airflow/example_dags/tutorial_etl_dag.py for tasks to queue
[2024-08-28 13:47:41,706] {logging_mixin.py:115} INFO - [2024-08-28 13:47:41,706] {dagbag.py:507} INFO - Filling up the DagBag from /home/kai/Documents/PROJETOS/twitter_extractor_airflow/venv/lib/python3.8/site-packages/airflow/example_dags/tutorial_etl_dag.py
[2024-08-28 13:47:41,712] {processor.py:651} INFO - DAG(s) dict_keys(['tutorial_etl_dag']) retrieved from /home/kai/Documents/PROJETOS/twitter_extractor_airflow/venv/lib/python3.8/site-packages/airflow/example_dags/tutorial_etl_dag.py
[2024-08-28 13:47:41,724] {logging_mixin.py:115} INFO - [2024-08-28 13:47:41,724] {dag.py:2379} INFO - Sync 1 DAGs
[2024-08-28 13:47:41,739] {logging_mixin.py:115} INFO - [2024-08-28 13:47:41,739] {dag.py:2927} INFO - Setting next_dagrun for tutorial_etl_dag to None, run_after=None
[2024-08-28 13:47:41,749] {processor.py:161} INFO - Processing /home/kai/Documents/PROJETOS/twitter_extractor_airflow/venv/lib/python3.8/site-packages/airflow/example_dags/tutorial_etl_dag.py took 0.046 seconds
[2024-08-28 13:48:17,109] {processor.py:153} INFO - Started process (PID=30229) to work on /home/kai/Documents/PROJETOS/twitter_extractor_airflow/venv/lib/python3.8/site-packages/airflow/example_dags/tutorial_etl_dag.py
[2024-08-28 13:48:17,109] {processor.py:641} INFO - Processing file /home/kai/Documents/PROJETOS/twitter_extractor_airflow/venv/lib/python3.8/site-packages/airflow/example_dags/tutorial_etl_dag.py for tasks to queue
[2024-08-28 13:48:17,110] {logging_mixin.py:115} INFO - [2024-08-28 13:48:17,110] {dagbag.py:507} INFO - Filling up the DagBag from /home/kai/Documents/PROJETOS/twitter_extractor_airflow/venv/lib/python3.8/site-packages/airflow/example_dags/tutorial_etl_dag.py
[2024-08-28 13:48:17,115] {processor.py:651} INFO - DAG(s) dict_keys(['tutorial_etl_dag']) retrieved from /home/kai/Documents/PROJETOS/twitter_extractor_airflow/venv/lib/python3.8/site-packages/airflow/example_dags/tutorial_etl_dag.py
[2024-08-28 13:48:17,128] {logging_mixin.py:115} INFO - [2024-08-28 13:48:17,128] {dag.py:2379} INFO - Sync 1 DAGs
[2024-08-28 13:48:17,143] {logging_mixin.py:115} INFO - [2024-08-28 13:48:17,143] {dag.py:2927} INFO - Setting next_dagrun for tutorial_etl_dag to None, run_after=None
[2024-08-28 13:48:17,151] {processor.py:161} INFO - Processing /home/kai/Documents/PROJETOS/twitter_extractor_airflow/venv/lib/python3.8/site-packages/airflow/example_dags/tutorial_etl_dag.py took 0.045 seconds
[2024-08-28 13:48:51,697] {processor.py:153} INFO - Started process (PID=30452) to work on /home/kai/Documents/PROJETOS/twitter_extractor_airflow/venv/lib/python3.8/site-packages/airflow/example_dags/tutorial_etl_dag.py
[2024-08-28 13:48:51,703] {processor.py:641} INFO - Processing file /home/kai/Documents/PROJETOS/twitter_extractor_airflow/venv/lib/python3.8/site-packages/airflow/example_dags/tutorial_etl_dag.py for tasks to queue
[2024-08-28 13:48:51,704] {logging_mixin.py:115} INFO - [2024-08-28 13:48:51,704] {dagbag.py:507} INFO - Filling up the DagBag from /home/kai/Documents/PROJETOS/twitter_extractor_airflow/venv/lib/python3.8/site-packages/airflow/example_dags/tutorial_etl_dag.py
[2024-08-28 13:48:51,712] {processor.py:651} INFO - DAG(s) dict_keys(['tutorial_etl_dag']) retrieved from /home/kai/Documents/PROJETOS/twitter_extractor_airflow/venv/lib/python3.8/site-packages/airflow/example_dags/tutorial_etl_dag.py
[2024-08-28 13:48:51,728] {logging_mixin.py:115} INFO - [2024-08-28 13:48:51,728] {dag.py:2379} INFO - Sync 1 DAGs
[2024-08-28 13:48:51,747] {logging_mixin.py:115} INFO - [2024-08-28 13:48:51,747] {dag.py:2927} INFO - Setting next_dagrun for tutorial_etl_dag to None, run_after=None
[2024-08-28 13:48:51,757] {processor.py:161} INFO - Processing /home/kai/Documents/PROJETOS/twitter_extractor_airflow/venv/lib/python3.8/site-packages/airflow/example_dags/tutorial_etl_dag.py took 0.064 seconds
[2024-08-28 13:49:26,751] {processor.py:153} INFO - Started process (PID=30653) to work on /home/kai/Documents/PROJETOS/twitter_extractor_airflow/venv/lib/python3.8/site-packages/airflow/example_dags/tutorial_etl_dag.py
[2024-08-28 13:49:26,751] {processor.py:641} INFO - Processing file /home/kai/Documents/PROJETOS/twitter_extractor_airflow/venv/lib/python3.8/site-packages/airflow/example_dags/tutorial_etl_dag.py for tasks to queue
[2024-08-28 13:49:26,752] {logging_mixin.py:115} INFO - [2024-08-28 13:49:26,752] {dagbag.py:507} INFO - Filling up the DagBag from /home/kai/Documents/PROJETOS/twitter_extractor_airflow/venv/lib/python3.8/site-packages/airflow/example_dags/tutorial_etl_dag.py
[2024-08-28 13:49:26,760] {processor.py:651} INFO - DAG(s) dict_keys(['tutorial_etl_dag']) retrieved from /home/kai/Documents/PROJETOS/twitter_extractor_airflow/venv/lib/python3.8/site-packages/airflow/example_dags/tutorial_etl_dag.py
[2024-08-28 13:49:26,778] {logging_mixin.py:115} INFO - [2024-08-28 13:49:26,778] {dag.py:2379} INFO - Sync 1 DAGs
[2024-08-28 13:49:26,802] {logging_mixin.py:115} INFO - [2024-08-28 13:49:26,802] {dag.py:2927} INFO - Setting next_dagrun for tutorial_etl_dag to None, run_after=None
[2024-08-28 13:49:26,823] {processor.py:161} INFO - Processing /home/kai/Documents/PROJETOS/twitter_extractor_airflow/venv/lib/python3.8/site-packages/airflow/example_dags/tutorial_etl_dag.py took 0.075 seconds
[2024-08-28 13:49:58,823] {processor.py:153} INFO - Started process (PID=30885) to work on /home/kai/Documents/PROJETOS/twitter_extractor_airflow/venv/lib/python3.8/site-packages/airflow/example_dags/tutorial_etl_dag.py
[2024-08-28 13:49:58,824] {processor.py:641} INFO - Processing file /home/kai/Documents/PROJETOS/twitter_extractor_airflow/venv/lib/python3.8/site-packages/airflow/example_dags/tutorial_etl_dag.py for tasks to queue
[2024-08-28 13:49:58,825] {logging_mixin.py:115} INFO - [2024-08-28 13:49:58,825] {dagbag.py:507} INFO - Filling up the DagBag from /home/kai/Documents/PROJETOS/twitter_extractor_airflow/venv/lib/python3.8/site-packages/airflow/example_dags/tutorial_etl_dag.py
[2024-08-28 13:49:58,830] {processor.py:651} INFO - DAG(s) dict_keys(['tutorial_etl_dag']) retrieved from /home/kai/Documents/PROJETOS/twitter_extractor_airflow/venv/lib/python3.8/site-packages/airflow/example_dags/tutorial_etl_dag.py
[2024-08-28 13:49:58,842] {logging_mixin.py:115} INFO - [2024-08-28 13:49:58,842] {dag.py:2379} INFO - Sync 1 DAGs
[2024-08-28 13:49:58,858] {logging_mixin.py:115} INFO - [2024-08-28 13:49:58,857] {dag.py:2927} INFO - Setting next_dagrun for tutorial_etl_dag to None, run_after=None
[2024-08-28 13:49:58,867] {processor.py:161} INFO - Processing /home/kai/Documents/PROJETOS/twitter_extractor_airflow/venv/lib/python3.8/site-packages/airflow/example_dags/tutorial_etl_dag.py took 0.046 seconds
[2024-08-28 13:50:33,178] {processor.py:153} INFO - Started process (PID=31113) to work on /home/kai/Documents/PROJETOS/twitter_extractor_airflow/venv/lib/python3.8/site-packages/airflow/example_dags/tutorial_etl_dag.py
[2024-08-28 13:50:33,179] {processor.py:641} INFO - Processing file /home/kai/Documents/PROJETOS/twitter_extractor_airflow/venv/lib/python3.8/site-packages/airflow/example_dags/tutorial_etl_dag.py for tasks to queue
[2024-08-28 13:50:33,179] {logging_mixin.py:115} INFO - [2024-08-28 13:50:33,179] {dagbag.py:507} INFO - Filling up the DagBag from /home/kai/Documents/PROJETOS/twitter_extractor_airflow/venv/lib/python3.8/site-packages/airflow/example_dags/tutorial_etl_dag.py
[2024-08-28 13:50:33,186] {processor.py:651} INFO - DAG(s) dict_keys(['tutorial_etl_dag']) retrieved from /home/kai/Documents/PROJETOS/twitter_extractor_airflow/venv/lib/python3.8/site-packages/airflow/example_dags/tutorial_etl_dag.py
[2024-08-28 13:50:33,200] {logging_mixin.py:115} INFO - [2024-08-28 13:50:33,200] {dag.py:2379} INFO - Sync 1 DAGs
[2024-08-28 13:50:33,219] {logging_mixin.py:115} INFO - [2024-08-28 13:50:33,218] {dag.py:2927} INFO - Setting next_dagrun for tutorial_etl_dag to None, run_after=None
[2024-08-28 13:50:33,229] {processor.py:161} INFO - Processing /home/kai/Documents/PROJETOS/twitter_extractor_airflow/venv/lib/python3.8/site-packages/airflow/example_dags/tutorial_etl_dag.py took 0.054 seconds
[2024-08-28 13:51:05,771] {processor.py:153} INFO - Started process (PID=31308) to work on /home/kai/Documents/PROJETOS/twitter_extractor_airflow/venv/lib/python3.8/site-packages/airflow/example_dags/tutorial_etl_dag.py
[2024-08-28 13:51:05,772] {processor.py:641} INFO - Processing file /home/kai/Documents/PROJETOS/twitter_extractor_airflow/venv/lib/python3.8/site-packages/airflow/example_dags/tutorial_etl_dag.py for tasks to queue
[2024-08-28 13:51:05,773] {logging_mixin.py:115} INFO - [2024-08-28 13:51:05,773] {dagbag.py:507} INFO - Filling up the DagBag from /home/kai/Documents/PROJETOS/twitter_extractor_airflow/venv/lib/python3.8/site-packages/airflow/example_dags/tutorial_etl_dag.py
[2024-08-28 13:51:05,779] {processor.py:651} INFO - DAG(s) dict_keys(['tutorial_etl_dag']) retrieved from /home/kai/Documents/PROJETOS/twitter_extractor_airflow/venv/lib/python3.8/site-packages/airflow/example_dags/tutorial_etl_dag.py
[2024-08-28 13:51:05,792] {logging_mixin.py:115} INFO - [2024-08-28 13:51:05,792] {dag.py:2379} INFO - Sync 1 DAGs
[2024-08-28 13:51:05,808] {logging_mixin.py:115} INFO - [2024-08-28 13:51:05,808] {dag.py:2927} INFO - Setting next_dagrun for tutorial_etl_dag to None, run_after=None
[2024-08-28 13:51:05,816] {processor.py:161} INFO - Processing /home/kai/Documents/PROJETOS/twitter_extractor_airflow/venv/lib/python3.8/site-packages/airflow/example_dags/tutorial_etl_dag.py took 0.047 seconds
[2024-08-28 13:51:40,680] {processor.py:153} INFO - Started process (PID=31525) to work on /home/kai/Documents/PROJETOS/twitter_extractor_airflow/venv/lib/python3.8/site-packages/airflow/example_dags/tutorial_etl_dag.py
[2024-08-28 13:51:40,681] {processor.py:641} INFO - Processing file /home/kai/Documents/PROJETOS/twitter_extractor_airflow/venv/lib/python3.8/site-packages/airflow/example_dags/tutorial_etl_dag.py for tasks to queue
[2024-08-28 13:51:40,681] {logging_mixin.py:115} INFO - [2024-08-28 13:51:40,681] {dagbag.py:507} INFO - Filling up the DagBag from /home/kai/Documents/PROJETOS/twitter_extractor_airflow/venv/lib/python3.8/site-packages/airflow/example_dags/tutorial_etl_dag.py
[2024-08-28 13:51:40,687] {processor.py:651} INFO - DAG(s) dict_keys(['tutorial_etl_dag']) retrieved from /home/kai/Documents/PROJETOS/twitter_extractor_airflow/venv/lib/python3.8/site-packages/airflow/example_dags/tutorial_etl_dag.py
[2024-08-28 13:51:40,700] {logging_mixin.py:115} INFO - [2024-08-28 13:51:40,700] {dag.py:2379} INFO - Sync 1 DAGs
[2024-08-28 13:51:40,715] {logging_mixin.py:115} INFO - [2024-08-28 13:51:40,715] {dag.py:2927} INFO - Setting next_dagrun for tutorial_etl_dag to None, run_after=None
[2024-08-28 13:51:40,723] {processor.py:161} INFO - Processing /home/kai/Documents/PROJETOS/twitter_extractor_airflow/venv/lib/python3.8/site-packages/airflow/example_dags/tutorial_etl_dag.py took 0.045 seconds
[2024-08-28 13:52:13,883] {processor.py:153} INFO - Started process (PID=32011) to work on /home/kai/Documents/PROJETOS/twitter_extractor_airflow/venv/lib/python3.8/site-packages/airflow/example_dags/tutorial_etl_dag.py
[2024-08-28 13:52:13,883] {processor.py:641} INFO - Processing file /home/kai/Documents/PROJETOS/twitter_extractor_airflow/venv/lib/python3.8/site-packages/airflow/example_dags/tutorial_etl_dag.py for tasks to queue
[2024-08-28 13:52:13,884] {logging_mixin.py:115} INFO - [2024-08-28 13:52:13,884] {dagbag.py:507} INFO - Filling up the DagBag from /home/kai/Documents/PROJETOS/twitter_extractor_airflow/venv/lib/python3.8/site-packages/airflow/example_dags/tutorial_etl_dag.py
[2024-08-28 13:52:13,890] {processor.py:651} INFO - DAG(s) dict_keys(['tutorial_etl_dag']) retrieved from /home/kai/Documents/PROJETOS/twitter_extractor_airflow/venv/lib/python3.8/site-packages/airflow/example_dags/tutorial_etl_dag.py
[2024-08-28 13:52:13,905] {logging_mixin.py:115} INFO - [2024-08-28 13:52:13,905] {dag.py:2379} INFO - Sync 1 DAGs
[2024-08-28 13:52:13,925] {logging_mixin.py:115} INFO - [2024-08-28 13:52:13,925] {dag.py:2927} INFO - Setting next_dagrun for tutorial_etl_dag to None, run_after=None
[2024-08-28 13:52:13,933] {processor.py:161} INFO - Processing /home/kai/Documents/PROJETOS/twitter_extractor_airflow/venv/lib/python3.8/site-packages/airflow/example_dags/tutorial_etl_dag.py took 0.053 seconds
[2024-08-28 13:52:46,664] {processor.py:153} INFO - Started process (PID=32462) to work on /home/kai/Documents/PROJETOS/twitter_extractor_airflow/venv/lib/python3.8/site-packages/airflow/example_dags/tutorial_etl_dag.py
[2024-08-28 13:52:46,665] {processor.py:641} INFO - Processing file /home/kai/Documents/PROJETOS/twitter_extractor_airflow/venv/lib/python3.8/site-packages/airflow/example_dags/tutorial_etl_dag.py for tasks to queue
[2024-08-28 13:52:46,666] {logging_mixin.py:115} INFO - [2024-08-28 13:52:46,666] {dagbag.py:507} INFO - Filling up the DagBag from /home/kai/Documents/PROJETOS/twitter_extractor_airflow/venv/lib/python3.8/site-packages/airflow/example_dags/tutorial_etl_dag.py
[2024-08-28 13:52:46,676] {processor.py:651} INFO - DAG(s) dict_keys(['tutorial_etl_dag']) retrieved from /home/kai/Documents/PROJETOS/twitter_extractor_airflow/venv/lib/python3.8/site-packages/airflow/example_dags/tutorial_etl_dag.py
[2024-08-28 13:52:46,696] {logging_mixin.py:115} INFO - [2024-08-28 13:52:46,696] {dag.py:2379} INFO - Sync 1 DAGs
[2024-08-28 13:52:46,720] {logging_mixin.py:115} INFO - [2024-08-28 13:52:46,720] {dag.py:2927} INFO - Setting next_dagrun for tutorial_etl_dag to None, run_after=None
[2024-08-28 13:52:46,733] {processor.py:161} INFO - Processing /home/kai/Documents/PROJETOS/twitter_extractor_airflow/venv/lib/python3.8/site-packages/airflow/example_dags/tutorial_etl_dag.py took 0.072 seconds
[2024-08-28 13:53:23,055] {processor.py:153} INFO - Started process (PID=32910) to work on /home/kai/Documents/PROJETOS/twitter_extractor_airflow/venv/lib/python3.8/site-packages/airflow/example_dags/tutorial_etl_dag.py
[2024-08-28 13:53:23,056] {processor.py:641} INFO - Processing file /home/kai/Documents/PROJETOS/twitter_extractor_airflow/venv/lib/python3.8/site-packages/airflow/example_dags/tutorial_etl_dag.py for tasks to queue
[2024-08-28 13:53:23,060] {logging_mixin.py:115} INFO - [2024-08-28 13:53:23,059] {dagbag.py:507} INFO - Filling up the DagBag from /home/kai/Documents/PROJETOS/twitter_extractor_airflow/venv/lib/python3.8/site-packages/airflow/example_dags/tutorial_etl_dag.py
[2024-08-28 13:53:23,070] {processor.py:651} INFO - DAG(s) dict_keys(['tutorial_etl_dag']) retrieved from /home/kai/Documents/PROJETOS/twitter_extractor_airflow/venv/lib/python3.8/site-packages/airflow/example_dags/tutorial_etl_dag.py
[2024-08-28 13:53:23,089] {logging_mixin.py:115} INFO - [2024-08-28 13:53:23,089] {dag.py:2379} INFO - Sync 1 DAGs
[2024-08-28 13:53:23,113] {logging_mixin.py:115} INFO - [2024-08-28 13:53:23,113] {dag.py:2927} INFO - Setting next_dagrun for tutorial_etl_dag to None, run_after=None
[2024-08-28 13:53:23,129] {processor.py:161} INFO - Processing /home/kai/Documents/PROJETOS/twitter_extractor_airflow/venv/lib/python3.8/site-packages/airflow/example_dags/tutorial_etl_dag.py took 0.080 seconds
[2024-08-28 13:53:59,135] {processor.py:153} INFO - Started process (PID=33120) to work on /home/kai/Documents/PROJETOS/twitter_extractor_airflow/venv/lib/python3.8/site-packages/airflow/example_dags/tutorial_etl_dag.py
[2024-08-28 13:53:59,136] {processor.py:641} INFO - Processing file /home/kai/Documents/PROJETOS/twitter_extractor_airflow/venv/lib/python3.8/site-packages/airflow/example_dags/tutorial_etl_dag.py for tasks to queue
[2024-08-28 13:53:59,136] {logging_mixin.py:115} INFO - [2024-08-28 13:53:59,136] {dagbag.py:507} INFO - Filling up the DagBag from /home/kai/Documents/PROJETOS/twitter_extractor_airflow/venv/lib/python3.8/site-packages/airflow/example_dags/tutorial_etl_dag.py
[2024-08-28 13:53:59,145] {processor.py:651} INFO - DAG(s) dict_keys(['tutorial_etl_dag']) retrieved from /home/kai/Documents/PROJETOS/twitter_extractor_airflow/venv/lib/python3.8/site-packages/airflow/example_dags/tutorial_etl_dag.py
[2024-08-28 13:53:59,159] {logging_mixin.py:115} INFO - [2024-08-28 13:53:59,159] {dag.py:2379} INFO - Sync 1 DAGs
[2024-08-28 13:53:59,177] {logging_mixin.py:115} INFO - [2024-08-28 13:53:59,177] {dag.py:2927} INFO - Setting next_dagrun for tutorial_etl_dag to None, run_after=None
[2024-08-28 13:53:59,200] {processor.py:161} INFO - Processing /home/kai/Documents/PROJETOS/twitter_extractor_airflow/venv/lib/python3.8/site-packages/airflow/example_dags/tutorial_etl_dag.py took 0.068 seconds
[2024-08-28 13:54:33,769] {processor.py:153} INFO - Started process (PID=33395) to work on /home/kai/Documents/PROJETOS/twitter_extractor_airflow/venv/lib/python3.8/site-packages/airflow/example_dags/tutorial_etl_dag.py
[2024-08-28 13:54:33,770] {processor.py:641} INFO - Processing file /home/kai/Documents/PROJETOS/twitter_extractor_airflow/venv/lib/python3.8/site-packages/airflow/example_dags/tutorial_etl_dag.py for tasks to queue
[2024-08-28 13:54:33,771] {logging_mixin.py:115} INFO - [2024-08-28 13:54:33,771] {dagbag.py:507} INFO - Filling up the DagBag from /home/kai/Documents/PROJETOS/twitter_extractor_airflow/venv/lib/python3.8/site-packages/airflow/example_dags/tutorial_etl_dag.py
[2024-08-28 13:54:33,781] {processor.py:651} INFO - DAG(s) dict_keys(['tutorial_etl_dag']) retrieved from /home/kai/Documents/PROJETOS/twitter_extractor_airflow/venv/lib/python3.8/site-packages/airflow/example_dags/tutorial_etl_dag.py
[2024-08-28 13:54:33,803] {logging_mixin.py:115} INFO - [2024-08-28 13:54:33,803] {dag.py:2379} INFO - Sync 1 DAGs
[2024-08-28 13:54:33,825] {logging_mixin.py:115} INFO - [2024-08-28 13:54:33,825] {dag.py:2927} INFO - Setting next_dagrun for tutorial_etl_dag to None, run_after=None
[2024-08-28 13:54:33,842] {processor.py:161} INFO - Processing /home/kai/Documents/PROJETOS/twitter_extractor_airflow/venv/lib/python3.8/site-packages/airflow/example_dags/tutorial_etl_dag.py took 0.076 seconds
[2024-08-28 13:55:06,488] {processor.py:153} INFO - Started process (PID=33741) to work on /home/kai/Documents/PROJETOS/twitter_extractor_airflow/venv/lib/python3.8/site-packages/airflow/example_dags/tutorial_etl_dag.py
[2024-08-28 13:55:06,490] {processor.py:641} INFO - Processing file /home/kai/Documents/PROJETOS/twitter_extractor_airflow/venv/lib/python3.8/site-packages/airflow/example_dags/tutorial_etl_dag.py for tasks to queue
[2024-08-28 13:55:06,491] {logging_mixin.py:115} INFO - [2024-08-28 13:55:06,491] {dagbag.py:507} INFO - Filling up the DagBag from /home/kai/Documents/PROJETOS/twitter_extractor_airflow/venv/lib/python3.8/site-packages/airflow/example_dags/tutorial_etl_dag.py
[2024-08-28 13:55:06,504] {processor.py:651} INFO - DAG(s) dict_keys(['tutorial_etl_dag']) retrieved from /home/kai/Documents/PROJETOS/twitter_extractor_airflow/venv/lib/python3.8/site-packages/airflow/example_dags/tutorial_etl_dag.py
[2024-08-28 13:55:06,520] {logging_mixin.py:115} INFO - [2024-08-28 13:55:06,520] {dag.py:2379} INFO - Sync 1 DAGs
[2024-08-28 13:55:06,542] {logging_mixin.py:115} INFO - [2024-08-28 13:55:06,542] {dag.py:2927} INFO - Setting next_dagrun for tutorial_etl_dag to None, run_after=None
[2024-08-28 13:55:06,556] {processor.py:161} INFO - Processing /home/kai/Documents/PROJETOS/twitter_extractor_airflow/venv/lib/python3.8/site-packages/airflow/example_dags/tutorial_etl_dag.py took 0.073 seconds
[2024-08-28 13:55:41,685] {processor.py:153} INFO - Started process (PID=34003) to work on /home/kai/Documents/PROJETOS/twitter_extractor_airflow/venv/lib/python3.8/site-packages/airflow/example_dags/tutorial_etl_dag.py
[2024-08-28 13:55:41,686] {processor.py:641} INFO - Processing file /home/kai/Documents/PROJETOS/twitter_extractor_airflow/venv/lib/python3.8/site-packages/airflow/example_dags/tutorial_etl_dag.py for tasks to queue
[2024-08-28 13:55:41,687] {logging_mixin.py:115} INFO - [2024-08-28 13:55:41,687] {dagbag.py:507} INFO - Filling up the DagBag from /home/kai/Documents/PROJETOS/twitter_extractor_airflow/venv/lib/python3.8/site-packages/airflow/example_dags/tutorial_etl_dag.py
[2024-08-28 13:55:41,698] {processor.py:651} INFO - DAG(s) dict_keys(['tutorial_etl_dag']) retrieved from /home/kai/Documents/PROJETOS/twitter_extractor_airflow/venv/lib/python3.8/site-packages/airflow/example_dags/tutorial_etl_dag.py
[2024-08-28 13:55:41,715] {logging_mixin.py:115} INFO - [2024-08-28 13:55:41,715] {dag.py:2379} INFO - Sync 1 DAGs
[2024-08-28 13:55:41,739] {logging_mixin.py:115} INFO - [2024-08-28 13:55:41,739] {dag.py:2927} INFO - Setting next_dagrun for tutorial_etl_dag to None, run_after=None
[2024-08-28 13:55:41,751] {processor.py:161} INFO - Processing /home/kai/Documents/PROJETOS/twitter_extractor_airflow/venv/lib/python3.8/site-packages/airflow/example_dags/tutorial_etl_dag.py took 0.070 seconds
[2024-08-28 13:56:13,724] {processor.py:153} INFO - Started process (PID=34197) to work on /home/kai/Documents/PROJETOS/twitter_extractor_airflow/venv/lib/python3.8/site-packages/airflow/example_dags/tutorial_etl_dag.py
[2024-08-28 13:56:13,725] {processor.py:641} INFO - Processing file /home/kai/Documents/PROJETOS/twitter_extractor_airflow/venv/lib/python3.8/site-packages/airflow/example_dags/tutorial_etl_dag.py for tasks to queue
[2024-08-28 13:56:13,725] {logging_mixin.py:115} INFO - [2024-08-28 13:56:13,725] {dagbag.py:507} INFO - Filling up the DagBag from /home/kai/Documents/PROJETOS/twitter_extractor_airflow/venv/lib/python3.8/site-packages/airflow/example_dags/tutorial_etl_dag.py
[2024-08-28 13:56:13,731] {processor.py:651} INFO - DAG(s) dict_keys(['tutorial_etl_dag']) retrieved from /home/kai/Documents/PROJETOS/twitter_extractor_airflow/venv/lib/python3.8/site-packages/airflow/example_dags/tutorial_etl_dag.py
[2024-08-28 13:56:13,749] {logging_mixin.py:115} INFO - [2024-08-28 13:56:13,749] {dag.py:2379} INFO - Sync 1 DAGs
[2024-08-28 13:56:13,781] {logging_mixin.py:115} INFO - [2024-08-28 13:56:13,781] {dag.py:2927} INFO - Setting next_dagrun for tutorial_etl_dag to None, run_after=None
[2024-08-28 13:56:13,798] {processor.py:161} INFO - Processing /home/kai/Documents/PROJETOS/twitter_extractor_airflow/venv/lib/python3.8/site-packages/airflow/example_dags/tutorial_etl_dag.py took 0.076 seconds
[2024-08-28 13:56:46,912] {processor.py:153} INFO - Started process (PID=34507) to work on /home/kai/Documents/PROJETOS/twitter_extractor_airflow/venv/lib/python3.8/site-packages/airflow/example_dags/tutorial_etl_dag.py
[2024-08-28 13:56:46,913] {processor.py:641} INFO - Processing file /home/kai/Documents/PROJETOS/twitter_extractor_airflow/venv/lib/python3.8/site-packages/airflow/example_dags/tutorial_etl_dag.py for tasks to queue
[2024-08-28 13:56:46,913] {logging_mixin.py:115} INFO - [2024-08-28 13:56:46,913] {dagbag.py:507} INFO - Filling up the DagBag from /home/kai/Documents/PROJETOS/twitter_extractor_airflow/venv/lib/python3.8/site-packages/airflow/example_dags/tutorial_etl_dag.py
[2024-08-28 13:56:46,920] {processor.py:651} INFO - DAG(s) dict_keys(['tutorial_etl_dag']) retrieved from /home/kai/Documents/PROJETOS/twitter_extractor_airflow/venv/lib/python3.8/site-packages/airflow/example_dags/tutorial_etl_dag.py
[2024-08-28 13:56:46,934] {logging_mixin.py:115} INFO - [2024-08-28 13:56:46,934] {dag.py:2379} INFO - Sync 1 DAGs
[2024-08-28 13:56:46,950] {logging_mixin.py:115} INFO - [2024-08-28 13:56:46,950] {dag.py:2927} INFO - Setting next_dagrun for tutorial_etl_dag to None, run_after=None
[2024-08-28 13:56:46,960] {processor.py:161} INFO - Processing /home/kai/Documents/PROJETOS/twitter_extractor_airflow/venv/lib/python3.8/site-packages/airflow/example_dags/tutorial_etl_dag.py took 0.051 seconds
[2024-08-28 13:57:18,236] {processor.py:153} INFO - Started process (PID=34905) to work on /home/kai/Documents/PROJETOS/twitter_extractor_airflow/venv/lib/python3.8/site-packages/airflow/example_dags/tutorial_etl_dag.py
[2024-08-28 13:57:18,237] {processor.py:641} INFO - Processing file /home/kai/Documents/PROJETOS/twitter_extractor_airflow/venv/lib/python3.8/site-packages/airflow/example_dags/tutorial_etl_dag.py for tasks to queue
[2024-08-28 13:57:18,237] {logging_mixin.py:115} INFO - [2024-08-28 13:57:18,237] {dagbag.py:507} INFO - Filling up the DagBag from /home/kai/Documents/PROJETOS/twitter_extractor_airflow/venv/lib/python3.8/site-packages/airflow/example_dags/tutorial_etl_dag.py
[2024-08-28 13:57:18,243] {processor.py:651} INFO - DAG(s) dict_keys(['tutorial_etl_dag']) retrieved from /home/kai/Documents/PROJETOS/twitter_extractor_airflow/venv/lib/python3.8/site-packages/airflow/example_dags/tutorial_etl_dag.py
[2024-08-28 13:57:18,255] {logging_mixin.py:115} INFO - [2024-08-28 13:57:18,255] {dag.py:2379} INFO - Sync 1 DAGs
[2024-08-28 13:57:18,269] {logging_mixin.py:115} INFO - [2024-08-28 13:57:18,269] {dag.py:2927} INFO - Setting next_dagrun for tutorial_etl_dag to None, run_after=None
[2024-08-28 13:57:18,277] {processor.py:161} INFO - Processing /home/kai/Documents/PROJETOS/twitter_extractor_airflow/venv/lib/python3.8/site-packages/airflow/example_dags/tutorial_etl_dag.py took 0.043 seconds
[2024-08-28 13:57:50,409] {processor.py:153} INFO - Started process (PID=35173) to work on /home/kai/Documents/PROJETOS/twitter_extractor_airflow/venv/lib/python3.8/site-packages/airflow/example_dags/tutorial_etl_dag.py
[2024-08-28 13:57:50,410] {processor.py:641} INFO - Processing file /home/kai/Documents/PROJETOS/twitter_extractor_airflow/venv/lib/python3.8/site-packages/airflow/example_dags/tutorial_etl_dag.py for tasks to queue
[2024-08-28 13:57:50,410] {logging_mixin.py:115} INFO - [2024-08-28 13:57:50,410] {dagbag.py:507} INFO - Filling up the DagBag from /home/kai/Documents/PROJETOS/twitter_extractor_airflow/venv/lib/python3.8/site-packages/airflow/example_dags/tutorial_etl_dag.py
[2024-08-28 13:57:50,417] {processor.py:651} INFO - DAG(s) dict_keys(['tutorial_etl_dag']) retrieved from /home/kai/Documents/PROJETOS/twitter_extractor_airflow/venv/lib/python3.8/site-packages/airflow/example_dags/tutorial_etl_dag.py
[2024-08-28 13:57:50,429] {logging_mixin.py:115} INFO - [2024-08-28 13:57:50,429] {dag.py:2379} INFO - Sync 1 DAGs
[2024-08-28 13:57:50,443] {logging_mixin.py:115} INFO - [2024-08-28 13:57:50,443] {dag.py:2927} INFO - Setting next_dagrun for tutorial_etl_dag to None, run_after=None
[2024-08-28 13:57:50,451] {processor.py:161} INFO - Processing /home/kai/Documents/PROJETOS/twitter_extractor_airflow/venv/lib/python3.8/site-packages/airflow/example_dags/tutorial_etl_dag.py took 0.046 seconds
[2024-08-28 13:58:24,837] {processor.py:153} INFO - Started process (PID=35418) to work on /home/kai/Documents/PROJETOS/twitter_extractor_airflow/venv/lib/python3.8/site-packages/airflow/example_dags/tutorial_etl_dag.py
[2024-08-28 13:58:24,838] {processor.py:641} INFO - Processing file /home/kai/Documents/PROJETOS/twitter_extractor_airflow/venv/lib/python3.8/site-packages/airflow/example_dags/tutorial_etl_dag.py for tasks to queue
[2024-08-28 13:58:24,838] {logging_mixin.py:115} INFO - [2024-08-28 13:58:24,838] {dagbag.py:507} INFO - Filling up the DagBag from /home/kai/Documents/PROJETOS/twitter_extractor_airflow/venv/lib/python3.8/site-packages/airflow/example_dags/tutorial_etl_dag.py
[2024-08-28 13:58:24,845] {processor.py:651} INFO - DAG(s) dict_keys(['tutorial_etl_dag']) retrieved from /home/kai/Documents/PROJETOS/twitter_extractor_airflow/venv/lib/python3.8/site-packages/airflow/example_dags/tutorial_etl_dag.py
[2024-08-28 13:58:24,857] {logging_mixin.py:115} INFO - [2024-08-28 13:58:24,857] {dag.py:2379} INFO - Sync 1 DAGs
[2024-08-28 13:58:24,872] {logging_mixin.py:115} INFO - [2024-08-28 13:58:24,872] {dag.py:2927} INFO - Setting next_dagrun for tutorial_etl_dag to None, run_after=None
[2024-08-28 13:58:24,881] {processor.py:161} INFO - Processing /home/kai/Documents/PROJETOS/twitter_extractor_airflow/venv/lib/python3.8/site-packages/airflow/example_dags/tutorial_etl_dag.py took 0.046 seconds
[2024-08-28 13:58:56,320] {processor.py:153} INFO - Started process (PID=35715) to work on /home/kai/Documents/PROJETOS/twitter_extractor_airflow/venv/lib/python3.8/site-packages/airflow/example_dags/tutorial_etl_dag.py
[2024-08-28 13:58:56,321] {processor.py:641} INFO - Processing file /home/kai/Documents/PROJETOS/twitter_extractor_airflow/venv/lib/python3.8/site-packages/airflow/example_dags/tutorial_etl_dag.py for tasks to queue
[2024-08-28 13:58:56,321] {logging_mixin.py:115} INFO - [2024-08-28 13:58:56,321] {dagbag.py:507} INFO - Filling up the DagBag from /home/kai/Documents/PROJETOS/twitter_extractor_airflow/venv/lib/python3.8/site-packages/airflow/example_dags/tutorial_etl_dag.py
[2024-08-28 13:58:56,332] {processor.py:651} INFO - DAG(s) dict_keys(['tutorial_etl_dag']) retrieved from /home/kai/Documents/PROJETOS/twitter_extractor_airflow/venv/lib/python3.8/site-packages/airflow/example_dags/tutorial_etl_dag.py
[2024-08-28 13:58:56,344] {logging_mixin.py:115} INFO - [2024-08-28 13:58:56,344] {dag.py:2379} INFO - Sync 1 DAGs
[2024-08-28 13:58:56,371] {logging_mixin.py:115} INFO - [2024-08-28 13:58:56,371] {dag.py:2927} INFO - Setting next_dagrun for tutorial_etl_dag to None, run_after=None
[2024-08-28 13:58:56,385] {processor.py:161} INFO - Processing /home/kai/Documents/PROJETOS/twitter_extractor_airflow/venv/lib/python3.8/site-packages/airflow/example_dags/tutorial_etl_dag.py took 0.068 seconds
[2024-08-28 13:59:28,372] {processor.py:153} INFO - Started process (PID=36056) to work on /home/kai/Documents/PROJETOS/twitter_extractor_airflow/venv/lib/python3.8/site-packages/airflow/example_dags/tutorial_etl_dag.py
[2024-08-28 13:59:28,373] {processor.py:641} INFO - Processing file /home/kai/Documents/PROJETOS/twitter_extractor_airflow/venv/lib/python3.8/site-packages/airflow/example_dags/tutorial_etl_dag.py for tasks to queue
[2024-08-28 13:59:28,374] {logging_mixin.py:115} INFO - [2024-08-28 13:59:28,374] {dagbag.py:507} INFO - Filling up the DagBag from /home/kai/Documents/PROJETOS/twitter_extractor_airflow/venv/lib/python3.8/site-packages/airflow/example_dags/tutorial_etl_dag.py
[2024-08-28 13:59:28,381] {processor.py:651} INFO - DAG(s) dict_keys(['tutorial_etl_dag']) retrieved from /home/kai/Documents/PROJETOS/twitter_extractor_airflow/venv/lib/python3.8/site-packages/airflow/example_dags/tutorial_etl_dag.py
[2024-08-28 13:59:28,398] {logging_mixin.py:115} INFO - [2024-08-28 13:59:28,398] {dag.py:2379} INFO - Sync 1 DAGs
[2024-08-28 13:59:28,414] {logging_mixin.py:115} INFO - [2024-08-28 13:59:28,414] {dag.py:2927} INFO - Setting next_dagrun for tutorial_etl_dag to None, run_after=None
[2024-08-28 13:59:28,425] {processor.py:161} INFO - Processing /home/kai/Documents/PROJETOS/twitter_extractor_airflow/venv/lib/python3.8/site-packages/airflow/example_dags/tutorial_etl_dag.py took 0.055 seconds
[2024-08-28 14:00:00,514] {processor.py:153} INFO - Started process (PID=36406) to work on /home/kai/Documents/PROJETOS/twitter_extractor_airflow/venv/lib/python3.8/site-packages/airflow/example_dags/tutorial_etl_dag.py
[2024-08-28 14:00:00,514] {processor.py:641} INFO - Processing file /home/kai/Documents/PROJETOS/twitter_extractor_airflow/venv/lib/python3.8/site-packages/airflow/example_dags/tutorial_etl_dag.py for tasks to queue
[2024-08-28 14:00:00,515] {logging_mixin.py:115} INFO - [2024-08-28 14:00:00,515] {dagbag.py:507} INFO - Filling up the DagBag from /home/kai/Documents/PROJETOS/twitter_extractor_airflow/venv/lib/python3.8/site-packages/airflow/example_dags/tutorial_etl_dag.py
[2024-08-28 14:00:00,522] {processor.py:651} INFO - DAG(s) dict_keys(['tutorial_etl_dag']) retrieved from /home/kai/Documents/PROJETOS/twitter_extractor_airflow/venv/lib/python3.8/site-packages/airflow/example_dags/tutorial_etl_dag.py
[2024-08-28 14:00:00,534] {logging_mixin.py:115} INFO - [2024-08-28 14:00:00,534] {dag.py:2379} INFO - Sync 1 DAGs
[2024-08-28 14:00:00,550] {logging_mixin.py:115} INFO - [2024-08-28 14:00:00,550] {dag.py:2927} INFO - Setting next_dagrun for tutorial_etl_dag to None, run_after=None
[2024-08-28 14:00:00,559] {processor.py:161} INFO - Processing /home/kai/Documents/PROJETOS/twitter_extractor_airflow/venv/lib/python3.8/site-packages/airflow/example_dags/tutorial_etl_dag.py took 0.049 seconds
[2024-08-28 14:00:34,300] {processor.py:153} INFO - Started process (PID=36656) to work on /home/kai/Documents/PROJETOS/twitter_extractor_airflow/venv/lib/python3.8/site-packages/airflow/example_dags/tutorial_etl_dag.py
[2024-08-28 14:00:34,301] {processor.py:641} INFO - Processing file /home/kai/Documents/PROJETOS/twitter_extractor_airflow/venv/lib/python3.8/site-packages/airflow/example_dags/tutorial_etl_dag.py for tasks to queue
[2024-08-28 14:00:34,301] {logging_mixin.py:115} INFO - [2024-08-28 14:00:34,301] {dagbag.py:507} INFO - Filling up the DagBag from /home/kai/Documents/PROJETOS/twitter_extractor_airflow/venv/lib/python3.8/site-packages/airflow/example_dags/tutorial_etl_dag.py
[2024-08-28 14:00:34,307] {processor.py:651} INFO - DAG(s) dict_keys(['tutorial_etl_dag']) retrieved from /home/kai/Documents/PROJETOS/twitter_extractor_airflow/venv/lib/python3.8/site-packages/airflow/example_dags/tutorial_etl_dag.py
[2024-08-28 14:00:34,320] {logging_mixin.py:115} INFO - [2024-08-28 14:00:34,320] {dag.py:2379} INFO - Sync 1 DAGs
[2024-08-28 14:00:34,334] {logging_mixin.py:115} INFO - [2024-08-28 14:00:34,334] {dag.py:2927} INFO - Setting next_dagrun for tutorial_etl_dag to None, run_after=None
[2024-08-28 14:00:34,343] {processor.py:161} INFO - Processing /home/kai/Documents/PROJETOS/twitter_extractor_airflow/venv/lib/python3.8/site-packages/airflow/example_dags/tutorial_etl_dag.py took 0.045 seconds
[2024-08-28 14:01:06,259] {processor.py:153} INFO - Started process (PID=36918) to work on /home/kai/Documents/PROJETOS/twitter_extractor_airflow/venv/lib/python3.8/site-packages/airflow/example_dags/tutorial_etl_dag.py
[2024-08-28 14:01:06,260] {processor.py:641} INFO - Processing file /home/kai/Documents/PROJETOS/twitter_extractor_airflow/venv/lib/python3.8/site-packages/airflow/example_dags/tutorial_etl_dag.py for tasks to queue
[2024-08-28 14:01:06,261] {logging_mixin.py:115} INFO - [2024-08-28 14:01:06,261] {dagbag.py:507} INFO - Filling up the DagBag from /home/kai/Documents/PROJETOS/twitter_extractor_airflow/venv/lib/python3.8/site-packages/airflow/example_dags/tutorial_etl_dag.py
[2024-08-28 14:01:06,272] {processor.py:651} INFO - DAG(s) dict_keys(['tutorial_etl_dag']) retrieved from /home/kai/Documents/PROJETOS/twitter_extractor_airflow/venv/lib/python3.8/site-packages/airflow/example_dags/tutorial_etl_dag.py
[2024-08-28 14:01:06,292] {logging_mixin.py:115} INFO - [2024-08-28 14:01:06,291] {dag.py:2379} INFO - Sync 1 DAGs
[2024-08-28 14:01:06,312] {logging_mixin.py:115} INFO - [2024-08-28 14:01:06,312] {dag.py:2927} INFO - Setting next_dagrun for tutorial_etl_dag to None, run_after=None
[2024-08-28 14:01:06,324] {processor.py:161} INFO - Processing /home/kai/Documents/PROJETOS/twitter_extractor_airflow/venv/lib/python3.8/site-packages/airflow/example_dags/tutorial_etl_dag.py took 0.070 seconds
[2024-08-28 14:01:41,240] {processor.py:153} INFO - Started process (PID=37426) to work on /home/kai/Documents/PROJETOS/twitter_extractor_airflow/venv/lib/python3.8/site-packages/airflow/example_dags/tutorial_etl_dag.py
[2024-08-28 14:01:41,241] {processor.py:641} INFO - Processing file /home/kai/Documents/PROJETOS/twitter_extractor_airflow/venv/lib/python3.8/site-packages/airflow/example_dags/tutorial_etl_dag.py for tasks to queue
[2024-08-28 14:01:41,241] {logging_mixin.py:115} INFO - [2024-08-28 14:01:41,241] {dagbag.py:507} INFO - Filling up the DagBag from /home/kai/Documents/PROJETOS/twitter_extractor_airflow/venv/lib/python3.8/site-packages/airflow/example_dags/tutorial_etl_dag.py
[2024-08-28 14:01:41,247] {processor.py:651} INFO - DAG(s) dict_keys(['tutorial_etl_dag']) retrieved from /home/kai/Documents/PROJETOS/twitter_extractor_airflow/venv/lib/python3.8/site-packages/airflow/example_dags/tutorial_etl_dag.py
[2024-08-28 14:01:41,264] {logging_mixin.py:115} INFO - [2024-08-28 14:01:41,264] {dag.py:2379} INFO - Sync 1 DAGs
[2024-08-28 14:01:41,281] {logging_mixin.py:115} INFO - [2024-08-28 14:01:41,281] {dag.py:2927} INFO - Setting next_dagrun for tutorial_etl_dag to None, run_after=None
[2024-08-28 14:01:41,292] {processor.py:161} INFO - Processing /home/kai/Documents/PROJETOS/twitter_extractor_airflow/venv/lib/python3.8/site-packages/airflow/example_dags/tutorial_etl_dag.py took 0.055 seconds
[2024-08-28 14:02:13,024] {processor.py:153} INFO - Started process (PID=37711) to work on /home/kai/Documents/PROJETOS/twitter_extractor_airflow/venv/lib/python3.8/site-packages/airflow/example_dags/tutorial_etl_dag.py
[2024-08-28 14:02:13,025] {processor.py:641} INFO - Processing file /home/kai/Documents/PROJETOS/twitter_extractor_airflow/venv/lib/python3.8/site-packages/airflow/example_dags/tutorial_etl_dag.py for tasks to queue
[2024-08-28 14:02:13,025] {logging_mixin.py:115} INFO - [2024-08-28 14:02:13,025] {dagbag.py:507} INFO - Filling up the DagBag from /home/kai/Documents/PROJETOS/twitter_extractor_airflow/venv/lib/python3.8/site-packages/airflow/example_dags/tutorial_etl_dag.py
[2024-08-28 14:02:13,032] {processor.py:651} INFO - DAG(s) dict_keys(['tutorial_etl_dag']) retrieved from /home/kai/Documents/PROJETOS/twitter_extractor_airflow/venv/lib/python3.8/site-packages/airflow/example_dags/tutorial_etl_dag.py
[2024-08-28 14:02:13,046] {logging_mixin.py:115} INFO - [2024-08-28 14:02:13,045] {dag.py:2379} INFO - Sync 1 DAGs
[2024-08-28 14:02:13,062] {logging_mixin.py:115} INFO - [2024-08-28 14:02:13,062] {dag.py:2927} INFO - Setting next_dagrun for tutorial_etl_dag to None, run_after=None
[2024-08-28 14:02:13,070] {processor.py:161} INFO - Processing /home/kai/Documents/PROJETOS/twitter_extractor_airflow/venv/lib/python3.8/site-packages/airflow/example_dags/tutorial_etl_dag.py took 0.048 seconds
[2024-08-28 14:02:47,814] {processor.py:153} INFO - Started process (PID=37974) to work on /home/kai/Documents/PROJETOS/twitter_extractor_airflow/venv/lib/python3.8/site-packages/airflow/example_dags/tutorial_etl_dag.py
[2024-08-28 14:02:47,814] {processor.py:641} INFO - Processing file /home/kai/Documents/PROJETOS/twitter_extractor_airflow/venv/lib/python3.8/site-packages/airflow/example_dags/tutorial_etl_dag.py for tasks to queue
[2024-08-28 14:02:47,815] {logging_mixin.py:115} INFO - [2024-08-28 14:02:47,815] {dagbag.py:507} INFO - Filling up the DagBag from /home/kai/Documents/PROJETOS/twitter_extractor_airflow/venv/lib/python3.8/site-packages/airflow/example_dags/tutorial_etl_dag.py
[2024-08-28 14:02:47,821] {processor.py:651} INFO - DAG(s) dict_keys(['tutorial_etl_dag']) retrieved from /home/kai/Documents/PROJETOS/twitter_extractor_airflow/venv/lib/python3.8/site-packages/airflow/example_dags/tutorial_etl_dag.py
[2024-08-28 14:02:47,834] {logging_mixin.py:115} INFO - [2024-08-28 14:02:47,834] {dag.py:2379} INFO - Sync 1 DAGs
[2024-08-28 14:02:47,851] {logging_mixin.py:115} INFO - [2024-08-28 14:02:47,851] {dag.py:2927} INFO - Setting next_dagrun for tutorial_etl_dag to None, run_after=None
[2024-08-28 14:02:47,860] {processor.py:161} INFO - Processing /home/kai/Documents/PROJETOS/twitter_extractor_airflow/venv/lib/python3.8/site-packages/airflow/example_dags/tutorial_etl_dag.py took 0.049 seconds
[2024-08-28 14:03:20,919] {processor.py:153} INFO - Started process (PID=38184) to work on /home/kai/Documents/PROJETOS/twitter_extractor_airflow/venv/lib/python3.8/site-packages/airflow/example_dags/tutorial_etl_dag.py
[2024-08-28 14:03:20,920] {processor.py:641} INFO - Processing file /home/kai/Documents/PROJETOS/twitter_extractor_airflow/venv/lib/python3.8/site-packages/airflow/example_dags/tutorial_etl_dag.py for tasks to queue
[2024-08-28 14:03:20,920] {logging_mixin.py:115} INFO - [2024-08-28 14:03:20,920] {dagbag.py:507} INFO - Filling up the DagBag from /home/kai/Documents/PROJETOS/twitter_extractor_airflow/venv/lib/python3.8/site-packages/airflow/example_dags/tutorial_etl_dag.py
[2024-08-28 14:03:20,927] {processor.py:651} INFO - DAG(s) dict_keys(['tutorial_etl_dag']) retrieved from /home/kai/Documents/PROJETOS/twitter_extractor_airflow/venv/lib/python3.8/site-packages/airflow/example_dags/tutorial_etl_dag.py
[2024-08-28 14:03:20,940] {logging_mixin.py:115} INFO - [2024-08-28 14:03:20,940] {dag.py:2379} INFO - Sync 1 DAGs
[2024-08-28 14:03:20,957] {logging_mixin.py:115} INFO - [2024-08-28 14:03:20,957] {dag.py:2927} INFO - Setting next_dagrun for tutorial_etl_dag to None, run_after=None
[2024-08-28 14:03:20,968] {processor.py:161} INFO - Processing /home/kai/Documents/PROJETOS/twitter_extractor_airflow/venv/lib/python3.8/site-packages/airflow/example_dags/tutorial_etl_dag.py took 0.052 seconds
[2024-08-28 14:03:55,823] {processor.py:153} INFO - Started process (PID=38452) to work on /home/kai/Documents/PROJETOS/twitter_extractor_airflow/venv/lib/python3.8/site-packages/airflow/example_dags/tutorial_etl_dag.py
[2024-08-28 14:03:55,823] {processor.py:641} INFO - Processing file /home/kai/Documents/PROJETOS/twitter_extractor_airflow/venv/lib/python3.8/site-packages/airflow/example_dags/tutorial_etl_dag.py for tasks to queue
[2024-08-28 14:03:55,824] {logging_mixin.py:115} INFO - [2024-08-28 14:03:55,824] {dagbag.py:507} INFO - Filling up the DagBag from /home/kai/Documents/PROJETOS/twitter_extractor_airflow/venv/lib/python3.8/site-packages/airflow/example_dags/tutorial_etl_dag.py
[2024-08-28 14:03:55,832] {processor.py:651} INFO - DAG(s) dict_keys(['tutorial_etl_dag']) retrieved from /home/kai/Documents/PROJETOS/twitter_extractor_airflow/venv/lib/python3.8/site-packages/airflow/example_dags/tutorial_etl_dag.py
[2024-08-28 14:03:55,844] {logging_mixin.py:115} INFO - [2024-08-28 14:03:55,844] {dag.py:2379} INFO - Sync 1 DAGs
[2024-08-28 14:03:55,859] {logging_mixin.py:115} INFO - [2024-08-28 14:03:55,859] {dag.py:2927} INFO - Setting next_dagrun for tutorial_etl_dag to None, run_after=None
[2024-08-28 14:03:55,866] {processor.py:161} INFO - Processing /home/kai/Documents/PROJETOS/twitter_extractor_airflow/venv/lib/python3.8/site-packages/airflow/example_dags/tutorial_etl_dag.py took 0.046 seconds
[2024-08-28 14:04:29,271] {processor.py:153} INFO - Started process (PID=38682) to work on /home/kai/Documents/PROJETOS/twitter_extractor_airflow/venv/lib/python3.8/site-packages/airflow/example_dags/tutorial_etl_dag.py
[2024-08-28 14:04:29,272] {processor.py:641} INFO - Processing file /home/kai/Documents/PROJETOS/twitter_extractor_airflow/venv/lib/python3.8/site-packages/airflow/example_dags/tutorial_etl_dag.py for tasks to queue
[2024-08-28 14:04:29,272] {logging_mixin.py:115} INFO - [2024-08-28 14:04:29,272] {dagbag.py:507} INFO - Filling up the DagBag from /home/kai/Documents/PROJETOS/twitter_extractor_airflow/venv/lib/python3.8/site-packages/airflow/example_dags/tutorial_etl_dag.py
[2024-08-28 14:04:29,279] {processor.py:651} INFO - DAG(s) dict_keys(['tutorial_etl_dag']) retrieved from /home/kai/Documents/PROJETOS/twitter_extractor_airflow/venv/lib/python3.8/site-packages/airflow/example_dags/tutorial_etl_dag.py
[2024-08-28 14:04:29,294] {logging_mixin.py:115} INFO - [2024-08-28 14:04:29,293] {dag.py:2379} INFO - Sync 1 DAGs
[2024-08-28 14:04:29,310] {logging_mixin.py:115} INFO - [2024-08-28 14:04:29,310] {dag.py:2927} INFO - Setting next_dagrun for tutorial_etl_dag to None, run_after=None
[2024-08-28 14:04:29,319] {processor.py:161} INFO - Processing /home/kai/Documents/PROJETOS/twitter_extractor_airflow/venv/lib/python3.8/site-packages/airflow/example_dags/tutorial_etl_dag.py took 0.051 seconds
[2024-08-28 14:05:03,981] {processor.py:153} INFO - Started process (PID=38885) to work on /home/kai/Documents/PROJETOS/twitter_extractor_airflow/venv/lib/python3.8/site-packages/airflow/example_dags/tutorial_etl_dag.py
[2024-08-28 14:05:03,982] {processor.py:641} INFO - Processing file /home/kai/Documents/PROJETOS/twitter_extractor_airflow/venv/lib/python3.8/site-packages/airflow/example_dags/tutorial_etl_dag.py for tasks to queue
[2024-08-28 14:05:03,982] {logging_mixin.py:115} INFO - [2024-08-28 14:05:03,982] {dagbag.py:507} INFO - Filling up the DagBag from /home/kai/Documents/PROJETOS/twitter_extractor_airflow/venv/lib/python3.8/site-packages/airflow/example_dags/tutorial_etl_dag.py
[2024-08-28 14:05:03,988] {processor.py:651} INFO - DAG(s) dict_keys(['tutorial_etl_dag']) retrieved from /home/kai/Documents/PROJETOS/twitter_extractor_airflow/venv/lib/python3.8/site-packages/airflow/example_dags/tutorial_etl_dag.py
[2024-08-28 14:05:04,000] {logging_mixin.py:115} INFO - [2024-08-28 14:05:04,000] {dag.py:2379} INFO - Sync 1 DAGs
[2024-08-28 14:05:04,014] {logging_mixin.py:115} INFO - [2024-08-28 14:05:04,014] {dag.py:2927} INFO - Setting next_dagrun for tutorial_etl_dag to None, run_after=None
[2024-08-28 14:05:04,023] {processor.py:161} INFO - Processing /home/kai/Documents/PROJETOS/twitter_extractor_airflow/venv/lib/python3.8/site-packages/airflow/example_dags/tutorial_etl_dag.py took 0.044 seconds
[2024-08-28 14:05:37,646] {processor.py:153} INFO - Started process (PID=39127) to work on /home/kai/Documents/PROJETOS/twitter_extractor_airflow/venv/lib/python3.8/site-packages/airflow/example_dags/tutorial_etl_dag.py
[2024-08-28 14:05:37,647] {processor.py:641} INFO - Processing file /home/kai/Documents/PROJETOS/twitter_extractor_airflow/venv/lib/python3.8/site-packages/airflow/example_dags/tutorial_etl_dag.py for tasks to queue
[2024-08-28 14:05:37,647] {logging_mixin.py:115} INFO - [2024-08-28 14:05:37,647] {dagbag.py:507} INFO - Filling up the DagBag from /home/kai/Documents/PROJETOS/twitter_extractor_airflow/venv/lib/python3.8/site-packages/airflow/example_dags/tutorial_etl_dag.py
[2024-08-28 14:05:37,654] {processor.py:651} INFO - DAG(s) dict_keys(['tutorial_etl_dag']) retrieved from /home/kai/Documents/PROJETOS/twitter_extractor_airflow/venv/lib/python3.8/site-packages/airflow/example_dags/tutorial_etl_dag.py
[2024-08-28 14:05:37,666] {logging_mixin.py:115} INFO - [2024-08-28 14:05:37,666] {dag.py:2379} INFO - Sync 1 DAGs
[2024-08-28 14:05:37,682] {logging_mixin.py:115} INFO - [2024-08-28 14:05:37,682] {dag.py:2927} INFO - Setting next_dagrun for tutorial_etl_dag to None, run_after=None
[2024-08-28 14:05:37,690] {processor.py:161} INFO - Processing /home/kai/Documents/PROJETOS/twitter_extractor_airflow/venv/lib/python3.8/site-packages/airflow/example_dags/tutorial_etl_dag.py took 0.047 seconds
[2024-08-28 14:33:45,942] {processor.py:153} INFO - Started process (PID=45303) to work on /home/kai/Documents/PROJETOS/twitter_extractor_airflow/venv/lib/python3.8/site-packages/airflow/example_dags/tutorial_etl_dag.py
[2024-08-28 14:33:45,946] {processor.py:641} INFO - Processing file /home/kai/Documents/PROJETOS/twitter_extractor_airflow/venv/lib/python3.8/site-packages/airflow/example_dags/tutorial_etl_dag.py for tasks to queue
[2024-08-28 14:33:45,947] {logging_mixin.py:115} INFO - [2024-08-28 14:33:45,947] {dagbag.py:507} INFO - Filling up the DagBag from /home/kai/Documents/PROJETOS/twitter_extractor_airflow/venv/lib/python3.8/site-packages/airflow/example_dags/tutorial_etl_dag.py
[2024-08-28 14:33:45,964] {processor.py:651} INFO - DAG(s) dict_keys(['tutorial_etl_dag']) retrieved from /home/kai/Documents/PROJETOS/twitter_extractor_airflow/venv/lib/python3.8/site-packages/airflow/example_dags/tutorial_etl_dag.py
[2024-08-28 14:33:45,993] {logging_mixin.py:115} INFO - [2024-08-28 14:33:45,993] {dag.py:2379} INFO - Sync 1 DAGs
[2024-08-28 14:33:46,016] {logging_mixin.py:115} INFO - [2024-08-28 14:33:46,016] {dag.py:2927} INFO - Setting next_dagrun for tutorial_etl_dag to None, run_after=None
[2024-08-28 14:33:46,030] {processor.py:161} INFO - Processing /home/kai/Documents/PROJETOS/twitter_extractor_airflow/venv/lib/python3.8/site-packages/airflow/example_dags/tutorial_etl_dag.py took 0.092 seconds
[2024-08-28 14:34:19,372] {processor.py:153} INFO - Started process (PID=45606) to work on /home/kai/Documents/PROJETOS/twitter_extractor_airflow/venv/lib/python3.8/site-packages/airflow/example_dags/tutorial_etl_dag.py
[2024-08-28 14:34:19,373] {processor.py:641} INFO - Processing file /home/kai/Documents/PROJETOS/twitter_extractor_airflow/venv/lib/python3.8/site-packages/airflow/example_dags/tutorial_etl_dag.py for tasks to queue
[2024-08-28 14:34:19,373] {logging_mixin.py:115} INFO - [2024-08-28 14:34:19,373] {dagbag.py:507} INFO - Filling up the DagBag from /home/kai/Documents/PROJETOS/twitter_extractor_airflow/venv/lib/python3.8/site-packages/airflow/example_dags/tutorial_etl_dag.py
[2024-08-28 14:34:19,379] {processor.py:651} INFO - DAG(s) dict_keys(['tutorial_etl_dag']) retrieved from /home/kai/Documents/PROJETOS/twitter_extractor_airflow/venv/lib/python3.8/site-packages/airflow/example_dags/tutorial_etl_dag.py
[2024-08-28 14:34:19,395] {logging_mixin.py:115} INFO - [2024-08-28 14:34:19,395] {dag.py:2379} INFO - Sync 1 DAGs
[2024-08-28 14:34:19,413] {logging_mixin.py:115} INFO - [2024-08-28 14:34:19,413] {dag.py:2927} INFO - Setting next_dagrun for tutorial_etl_dag to None, run_after=None
[2024-08-28 14:34:19,427] {processor.py:161} INFO - Processing /home/kai/Documents/PROJETOS/twitter_extractor_airflow/venv/lib/python3.8/site-packages/airflow/example_dags/tutorial_etl_dag.py took 0.057 seconds
[2024-08-28 14:34:53,715] {processor.py:153} INFO - Started process (PID=45856) to work on /home/kai/Documents/PROJETOS/twitter_extractor_airflow/venv/lib/python3.8/site-packages/airflow/example_dags/tutorial_etl_dag.py
[2024-08-28 14:34:53,716] {processor.py:641} INFO - Processing file /home/kai/Documents/PROJETOS/twitter_extractor_airflow/venv/lib/python3.8/site-packages/airflow/example_dags/tutorial_etl_dag.py for tasks to queue
[2024-08-28 14:34:53,716] {logging_mixin.py:115} INFO - [2024-08-28 14:34:53,716] {dagbag.py:507} INFO - Filling up the DagBag from /home/kai/Documents/PROJETOS/twitter_extractor_airflow/venv/lib/python3.8/site-packages/airflow/example_dags/tutorial_etl_dag.py
[2024-08-28 14:34:53,722] {processor.py:651} INFO - DAG(s) dict_keys(['tutorial_etl_dag']) retrieved from /home/kai/Documents/PROJETOS/twitter_extractor_airflow/venv/lib/python3.8/site-packages/airflow/example_dags/tutorial_etl_dag.py
[2024-08-28 14:34:53,736] {logging_mixin.py:115} INFO - [2024-08-28 14:34:53,735] {dag.py:2379} INFO - Sync 1 DAGs
[2024-08-28 14:34:53,748] {logging_mixin.py:115} INFO - [2024-08-28 14:34:53,748] {dag.py:2927} INFO - Setting next_dagrun for tutorial_etl_dag to None, run_after=None
[2024-08-28 14:34:53,759] {processor.py:161} INFO - Processing /home/kai/Documents/PROJETOS/twitter_extractor_airflow/venv/lib/python3.8/site-packages/airflow/example_dags/tutorial_etl_dag.py took 0.047 seconds
[2024-08-28 14:35:27,504] {processor.py:153} INFO - Started process (PID=46051) to work on /home/kai/Documents/PROJETOS/twitter_extractor_airflow/venv/lib/python3.8/site-packages/airflow/example_dags/tutorial_etl_dag.py
[2024-08-28 14:35:27,504] {processor.py:641} INFO - Processing file /home/kai/Documents/PROJETOS/twitter_extractor_airflow/venv/lib/python3.8/site-packages/airflow/example_dags/tutorial_etl_dag.py for tasks to queue
[2024-08-28 14:35:27,505] {logging_mixin.py:115} INFO - [2024-08-28 14:35:27,505] {dagbag.py:507} INFO - Filling up the DagBag from /home/kai/Documents/PROJETOS/twitter_extractor_airflow/venv/lib/python3.8/site-packages/airflow/example_dags/tutorial_etl_dag.py
[2024-08-28 14:35:27,511] {processor.py:651} INFO - DAG(s) dict_keys(['tutorial_etl_dag']) retrieved from /home/kai/Documents/PROJETOS/twitter_extractor_airflow/venv/lib/python3.8/site-packages/airflow/example_dags/tutorial_etl_dag.py
[2024-08-28 14:35:27,524] {logging_mixin.py:115} INFO - [2024-08-28 14:35:27,524] {dag.py:2379} INFO - Sync 1 DAGs
[2024-08-28 14:35:27,537] {logging_mixin.py:115} INFO - [2024-08-28 14:35:27,536] {dag.py:2927} INFO - Setting next_dagrun for tutorial_etl_dag to None, run_after=None
[2024-08-28 14:35:27,548] {processor.py:161} INFO - Processing /home/kai/Documents/PROJETOS/twitter_extractor_airflow/venv/lib/python3.8/site-packages/airflow/example_dags/tutorial_etl_dag.py took 0.047 seconds
[2024-08-28 14:36:00,626] {processor.py:153} INFO - Started process (PID=46248) to work on /home/kai/Documents/PROJETOS/twitter_extractor_airflow/venv/lib/python3.8/site-packages/airflow/example_dags/tutorial_etl_dag.py
[2024-08-28 14:36:00,626] {processor.py:641} INFO - Processing file /home/kai/Documents/PROJETOS/twitter_extractor_airflow/venv/lib/python3.8/site-packages/airflow/example_dags/tutorial_etl_dag.py for tasks to queue
[2024-08-28 14:36:00,627] {logging_mixin.py:115} INFO - [2024-08-28 14:36:00,627] {dagbag.py:507} INFO - Filling up the DagBag from /home/kai/Documents/PROJETOS/twitter_extractor_airflow/venv/lib/python3.8/site-packages/airflow/example_dags/tutorial_etl_dag.py
[2024-08-28 14:36:00,634] {processor.py:651} INFO - DAG(s) dict_keys(['tutorial_etl_dag']) retrieved from /home/kai/Documents/PROJETOS/twitter_extractor_airflow/venv/lib/python3.8/site-packages/airflow/example_dags/tutorial_etl_dag.py
[2024-08-28 14:36:00,649] {logging_mixin.py:115} INFO - [2024-08-28 14:36:00,649] {dag.py:2379} INFO - Sync 1 DAGs
[2024-08-28 14:36:00,667] {logging_mixin.py:115} INFO - [2024-08-28 14:36:00,666] {dag.py:2927} INFO - Setting next_dagrun for tutorial_etl_dag to None, run_after=None
[2024-08-28 14:36:00,682] {processor.py:161} INFO - Processing /home/kai/Documents/PROJETOS/twitter_extractor_airflow/venv/lib/python3.8/site-packages/airflow/example_dags/tutorial_etl_dag.py took 0.059 seconds
[2024-08-28 14:36:35,681] {processor.py:153} INFO - Started process (PID=46458) to work on /home/kai/Documents/PROJETOS/twitter_extractor_airflow/venv/lib/python3.8/site-packages/airflow/example_dags/tutorial_etl_dag.py
[2024-08-28 14:36:35,682] {processor.py:641} INFO - Processing file /home/kai/Documents/PROJETOS/twitter_extractor_airflow/venv/lib/python3.8/site-packages/airflow/example_dags/tutorial_etl_dag.py for tasks to queue
[2024-08-28 14:36:35,682] {logging_mixin.py:115} INFO - [2024-08-28 14:36:35,682] {dagbag.py:507} INFO - Filling up the DagBag from /home/kai/Documents/PROJETOS/twitter_extractor_airflow/venv/lib/python3.8/site-packages/airflow/example_dags/tutorial_etl_dag.py
[2024-08-28 14:36:35,687] {processor.py:651} INFO - DAG(s) dict_keys(['tutorial_etl_dag']) retrieved from /home/kai/Documents/PROJETOS/twitter_extractor_airflow/venv/lib/python3.8/site-packages/airflow/example_dags/tutorial_etl_dag.py
[2024-08-28 14:36:35,700] {logging_mixin.py:115} INFO - [2024-08-28 14:36:35,700] {dag.py:2379} INFO - Sync 1 DAGs
[2024-08-28 14:36:35,713] {logging_mixin.py:115} INFO - [2024-08-28 14:36:35,713] {dag.py:2927} INFO - Setting next_dagrun for tutorial_etl_dag to None, run_after=None
[2024-08-28 14:36:35,724] {processor.py:161} INFO - Processing /home/kai/Documents/PROJETOS/twitter_extractor_airflow/venv/lib/python3.8/site-packages/airflow/example_dags/tutorial_etl_dag.py took 0.046 seconds
[2024-08-28 14:37:07,746] {processor.py:153} INFO - Started process (PID=46668) to work on /home/kai/Documents/PROJETOS/twitter_extractor_airflow/venv/lib/python3.8/site-packages/airflow/example_dags/tutorial_etl_dag.py
[2024-08-28 14:37:07,746] {processor.py:641} INFO - Processing file /home/kai/Documents/PROJETOS/twitter_extractor_airflow/venv/lib/python3.8/site-packages/airflow/example_dags/tutorial_etl_dag.py for tasks to queue
[2024-08-28 14:37:07,747] {logging_mixin.py:115} INFO - [2024-08-28 14:37:07,747] {dagbag.py:507} INFO - Filling up the DagBag from /home/kai/Documents/PROJETOS/twitter_extractor_airflow/venv/lib/python3.8/site-packages/airflow/example_dags/tutorial_etl_dag.py
[2024-08-28 14:37:07,753] {processor.py:651} INFO - DAG(s) dict_keys(['tutorial_etl_dag']) retrieved from /home/kai/Documents/PROJETOS/twitter_extractor_airflow/venv/lib/python3.8/site-packages/airflow/example_dags/tutorial_etl_dag.py
[2024-08-28 14:37:07,767] {logging_mixin.py:115} INFO - [2024-08-28 14:37:07,767] {dag.py:2379} INFO - Sync 1 DAGs
[2024-08-28 14:37:07,781] {logging_mixin.py:115} INFO - [2024-08-28 14:37:07,781] {dag.py:2927} INFO - Setting next_dagrun for tutorial_etl_dag to None, run_after=None
[2024-08-28 14:37:07,792] {processor.py:161} INFO - Processing /home/kai/Documents/PROJETOS/twitter_extractor_airflow/venv/lib/python3.8/site-packages/airflow/example_dags/tutorial_etl_dag.py took 0.049 seconds
[2024-08-28 14:37:41,516] {processor.py:153} INFO - Started process (PID=46972) to work on /home/kai/Documents/PROJETOS/twitter_extractor_airflow/venv/lib/python3.8/site-packages/airflow/example_dags/tutorial_etl_dag.py
[2024-08-28 14:37:41,517] {processor.py:641} INFO - Processing file /home/kai/Documents/PROJETOS/twitter_extractor_airflow/venv/lib/python3.8/site-packages/airflow/example_dags/tutorial_etl_dag.py for tasks to queue
[2024-08-28 14:37:41,518] {logging_mixin.py:115} INFO - [2024-08-28 14:37:41,517] {dagbag.py:507} INFO - Filling up the DagBag from /home/kai/Documents/PROJETOS/twitter_extractor_airflow/venv/lib/python3.8/site-packages/airflow/example_dags/tutorial_etl_dag.py
[2024-08-28 14:37:41,524] {processor.py:651} INFO - DAG(s) dict_keys(['tutorial_etl_dag']) retrieved from /home/kai/Documents/PROJETOS/twitter_extractor_airflow/venv/lib/python3.8/site-packages/airflow/example_dags/tutorial_etl_dag.py
[2024-08-28 14:37:41,542] {logging_mixin.py:115} INFO - [2024-08-28 14:37:41,542] {dag.py:2379} INFO - Sync 1 DAGs
[2024-08-28 14:37:41,559] {logging_mixin.py:115} INFO - [2024-08-28 14:37:41,559] {dag.py:2927} INFO - Setting next_dagrun for tutorial_etl_dag to None, run_after=None
[2024-08-28 14:37:41,574] {processor.py:161} INFO - Processing /home/kai/Documents/PROJETOS/twitter_extractor_airflow/venv/lib/python3.8/site-packages/airflow/example_dags/tutorial_etl_dag.py took 0.062 seconds
[2024-08-28 14:38:15,830] {processor.py:153} INFO - Started process (PID=47264) to work on /home/kai/Documents/PROJETOS/twitter_extractor_airflow/venv/lib/python3.8/site-packages/airflow/example_dags/tutorial_etl_dag.py
[2024-08-28 14:38:15,831] {processor.py:641} INFO - Processing file /home/kai/Documents/PROJETOS/twitter_extractor_airflow/venv/lib/python3.8/site-packages/airflow/example_dags/tutorial_etl_dag.py for tasks to queue
[2024-08-28 14:38:15,832] {logging_mixin.py:115} INFO - [2024-08-28 14:38:15,832] {dagbag.py:507} INFO - Filling up the DagBag from /home/kai/Documents/PROJETOS/twitter_extractor_airflow/venv/lib/python3.8/site-packages/airflow/example_dags/tutorial_etl_dag.py
[2024-08-28 14:38:15,839] {processor.py:651} INFO - DAG(s) dict_keys(['tutorial_etl_dag']) retrieved from /home/kai/Documents/PROJETOS/twitter_extractor_airflow/venv/lib/python3.8/site-packages/airflow/example_dags/tutorial_etl_dag.py
[2024-08-28 14:38:15,855] {logging_mixin.py:115} INFO - [2024-08-28 14:38:15,855] {dag.py:2379} INFO - Sync 1 DAGs
[2024-08-28 14:38:15,879] {logging_mixin.py:115} INFO - [2024-08-28 14:38:15,879] {dag.py:2927} INFO - Setting next_dagrun for tutorial_etl_dag to None, run_after=None
[2024-08-28 14:38:15,894] {processor.py:161} INFO - Processing /home/kai/Documents/PROJETOS/twitter_extractor_airflow/venv/lib/python3.8/site-packages/airflow/example_dags/tutorial_etl_dag.py took 0.066 seconds
[2024-08-28 14:39:14,211] {processor.py:153} INFO - Started process (PID=47962) to work on /home/kai/Documents/PROJETOS/twitter_extractor_airflow/venv/lib/python3.8/site-packages/airflow/example_dags/tutorial_etl_dag.py
[2024-08-28 14:39:14,211] {processor.py:641} INFO - Processing file /home/kai/Documents/PROJETOS/twitter_extractor_airflow/venv/lib/python3.8/site-packages/airflow/example_dags/tutorial_etl_dag.py for tasks to queue
[2024-08-28 14:39:14,212] {logging_mixin.py:115} INFO - [2024-08-28 14:39:14,212] {dagbag.py:507} INFO - Filling up the DagBag from /home/kai/Documents/PROJETOS/twitter_extractor_airflow/venv/lib/python3.8/site-packages/airflow/example_dags/tutorial_etl_dag.py
[2024-08-28 14:39:14,218] {processor.py:651} INFO - DAG(s) dict_keys(['tutorial_etl_dag']) retrieved from /home/kai/Documents/PROJETOS/twitter_extractor_airflow/venv/lib/python3.8/site-packages/airflow/example_dags/tutorial_etl_dag.py
[2024-08-28 14:39:14,230] {logging_mixin.py:115} INFO - [2024-08-28 14:39:14,230] {dag.py:2379} INFO - Sync 1 DAGs
[2024-08-28 14:39:14,243] {logging_mixin.py:115} INFO - [2024-08-28 14:39:14,243] {dag.py:2927} INFO - Setting next_dagrun for tutorial_etl_dag to None, run_after=None
[2024-08-28 14:39:14,254] {processor.py:161} INFO - Processing /home/kai/Documents/PROJETOS/twitter_extractor_airflow/venv/lib/python3.8/site-packages/airflow/example_dags/tutorial_etl_dag.py took 0.046 seconds
[2024-08-28 14:39:47,428] {processor.py:153} INFO - Started process (PID=48183) to work on /home/kai/Documents/PROJETOS/twitter_extractor_airflow/venv/lib/python3.8/site-packages/airflow/example_dags/tutorial_etl_dag.py
[2024-08-28 14:39:47,428] {processor.py:641} INFO - Processing file /home/kai/Documents/PROJETOS/twitter_extractor_airflow/venv/lib/python3.8/site-packages/airflow/example_dags/tutorial_etl_dag.py for tasks to queue
[2024-08-28 14:39:47,429] {logging_mixin.py:115} INFO - [2024-08-28 14:39:47,429] {dagbag.py:507} INFO - Filling up the DagBag from /home/kai/Documents/PROJETOS/twitter_extractor_airflow/venv/lib/python3.8/site-packages/airflow/example_dags/tutorial_etl_dag.py
[2024-08-28 14:39:47,435] {processor.py:651} INFO - DAG(s) dict_keys(['tutorial_etl_dag']) retrieved from /home/kai/Documents/PROJETOS/twitter_extractor_airflow/venv/lib/python3.8/site-packages/airflow/example_dags/tutorial_etl_dag.py
[2024-08-28 14:39:47,448] {logging_mixin.py:115} INFO - [2024-08-28 14:39:47,447] {dag.py:2379} INFO - Sync 1 DAGs
[2024-08-28 14:39:47,461] {logging_mixin.py:115} INFO - [2024-08-28 14:39:47,461] {dag.py:2927} INFO - Setting next_dagrun for tutorial_etl_dag to None, run_after=None
[2024-08-28 14:39:47,473] {processor.py:161} INFO - Processing /home/kai/Documents/PROJETOS/twitter_extractor_airflow/venv/lib/python3.8/site-packages/airflow/example_dags/tutorial_etl_dag.py took 0.048 seconds
[2024-08-28 14:40:21,111] {processor.py:153} INFO - Started process (PID=48391) to work on /home/kai/Documents/PROJETOS/twitter_extractor_airflow/venv/lib/python3.8/site-packages/airflow/example_dags/tutorial_etl_dag.py
[2024-08-28 14:40:21,112] {processor.py:641} INFO - Processing file /home/kai/Documents/PROJETOS/twitter_extractor_airflow/venv/lib/python3.8/site-packages/airflow/example_dags/tutorial_etl_dag.py for tasks to queue
[2024-08-28 14:40:21,112] {logging_mixin.py:115} INFO - [2024-08-28 14:40:21,112] {dagbag.py:507} INFO - Filling up the DagBag from /home/kai/Documents/PROJETOS/twitter_extractor_airflow/venv/lib/python3.8/site-packages/airflow/example_dags/tutorial_etl_dag.py
[2024-08-28 14:40:21,118] {processor.py:651} INFO - DAG(s) dict_keys(['tutorial_etl_dag']) retrieved from /home/kai/Documents/PROJETOS/twitter_extractor_airflow/venv/lib/python3.8/site-packages/airflow/example_dags/tutorial_etl_dag.py
[2024-08-28 14:40:21,130] {logging_mixin.py:115} INFO - [2024-08-28 14:40:21,130] {dag.py:2379} INFO - Sync 1 DAGs
[2024-08-28 14:40:21,142] {logging_mixin.py:115} INFO - [2024-08-28 14:40:21,142] {dag.py:2927} INFO - Setting next_dagrun for tutorial_etl_dag to None, run_after=None
[2024-08-28 14:40:21,152] {processor.py:161} INFO - Processing /home/kai/Documents/PROJETOS/twitter_extractor_airflow/venv/lib/python3.8/site-packages/airflow/example_dags/tutorial_etl_dag.py took 0.043 seconds
[2024-08-28 14:40:54,406] {processor.py:153} INFO - Started process (PID=48592) to work on /home/kai/Documents/PROJETOS/twitter_extractor_airflow/venv/lib/python3.8/site-packages/airflow/example_dags/tutorial_etl_dag.py
[2024-08-28 14:40:54,406] {processor.py:641} INFO - Processing file /home/kai/Documents/PROJETOS/twitter_extractor_airflow/venv/lib/python3.8/site-packages/airflow/example_dags/tutorial_etl_dag.py for tasks to queue
[2024-08-28 14:40:54,407] {logging_mixin.py:115} INFO - [2024-08-28 14:40:54,407] {dagbag.py:507} INFO - Filling up the DagBag from /home/kai/Documents/PROJETOS/twitter_extractor_airflow/venv/lib/python3.8/site-packages/airflow/example_dags/tutorial_etl_dag.py
[2024-08-28 14:40:54,412] {processor.py:651} INFO - DAG(s) dict_keys(['tutorial_etl_dag']) retrieved from /home/kai/Documents/PROJETOS/twitter_extractor_airflow/venv/lib/python3.8/site-packages/airflow/example_dags/tutorial_etl_dag.py
[2024-08-28 14:40:54,424] {logging_mixin.py:115} INFO - [2024-08-28 14:40:54,424] {dag.py:2379} INFO - Sync 1 DAGs
[2024-08-28 14:40:54,437] {logging_mixin.py:115} INFO - [2024-08-28 14:40:54,437] {dag.py:2927} INFO - Setting next_dagrun for tutorial_etl_dag to None, run_after=None
[2024-08-28 14:40:54,448] {processor.py:161} INFO - Processing /home/kai/Documents/PROJETOS/twitter_extractor_airflow/venv/lib/python3.8/site-packages/airflow/example_dags/tutorial_etl_dag.py took 0.045 seconds
[2024-08-28 14:41:28,853] {processor.py:153} INFO - Started process (PID=48933) to work on /home/kai/Documents/PROJETOS/twitter_extractor_airflow/venv/lib/python3.8/site-packages/airflow/example_dags/tutorial_etl_dag.py
[2024-08-28 14:41:28,854] {processor.py:641} INFO - Processing file /home/kai/Documents/PROJETOS/twitter_extractor_airflow/venv/lib/python3.8/site-packages/airflow/example_dags/tutorial_etl_dag.py for tasks to queue
[2024-08-28 14:41:28,855] {logging_mixin.py:115} INFO - [2024-08-28 14:41:28,854] {dagbag.py:507} INFO - Filling up the DagBag from /home/kai/Documents/PROJETOS/twitter_extractor_airflow/venv/lib/python3.8/site-packages/airflow/example_dags/tutorial_etl_dag.py
[2024-08-28 14:41:28,861] {processor.py:651} INFO - DAG(s) dict_keys(['tutorial_etl_dag']) retrieved from /home/kai/Documents/PROJETOS/twitter_extractor_airflow/venv/lib/python3.8/site-packages/airflow/example_dags/tutorial_etl_dag.py
[2024-08-28 14:41:28,874] {logging_mixin.py:115} INFO - [2024-08-28 14:41:28,874] {dag.py:2379} INFO - Sync 1 DAGs
[2024-08-28 14:41:28,888] {logging_mixin.py:115} INFO - [2024-08-28 14:41:28,888] {dag.py:2927} INFO - Setting next_dagrun for tutorial_etl_dag to None, run_after=None
[2024-08-28 14:41:28,903] {processor.py:161} INFO - Processing /home/kai/Documents/PROJETOS/twitter_extractor_airflow/venv/lib/python3.8/site-packages/airflow/example_dags/tutorial_etl_dag.py took 0.053 seconds
[2024-08-28 14:42:02,453] {processor.py:153} INFO - Started process (PID=49137) to work on /home/kai/Documents/PROJETOS/twitter_extractor_airflow/venv/lib/python3.8/site-packages/airflow/example_dags/tutorial_etl_dag.py
[2024-08-28 14:42:02,454] {processor.py:641} INFO - Processing file /home/kai/Documents/PROJETOS/twitter_extractor_airflow/venv/lib/python3.8/site-packages/airflow/example_dags/tutorial_etl_dag.py for tasks to queue
[2024-08-28 14:42:02,454] {logging_mixin.py:115} INFO - [2024-08-28 14:42:02,454] {dagbag.py:507} INFO - Filling up the DagBag from /home/kai/Documents/PROJETOS/twitter_extractor_airflow/venv/lib/python3.8/site-packages/airflow/example_dags/tutorial_etl_dag.py
[2024-08-28 14:42:02,461] {processor.py:651} INFO - DAG(s) dict_keys(['tutorial_etl_dag']) retrieved from /home/kai/Documents/PROJETOS/twitter_extractor_airflow/venv/lib/python3.8/site-packages/airflow/example_dags/tutorial_etl_dag.py
[2024-08-28 14:42:02,473] {logging_mixin.py:115} INFO - [2024-08-28 14:42:02,473] {dag.py:2379} INFO - Sync 1 DAGs
[2024-08-28 14:42:02,488] {logging_mixin.py:115} INFO - [2024-08-28 14:42:02,488] {dag.py:2927} INFO - Setting next_dagrun for tutorial_etl_dag to None, run_after=None
[2024-08-28 14:42:02,500] {processor.py:161} INFO - Processing /home/kai/Documents/PROJETOS/twitter_extractor_airflow/venv/lib/python3.8/site-packages/airflow/example_dags/tutorial_etl_dag.py took 0.050 seconds
[2024-08-28 14:42:37,530] {processor.py:153} INFO - Started process (PID=49345) to work on /home/kai/Documents/PROJETOS/twitter_extractor_airflow/venv/lib/python3.8/site-packages/airflow/example_dags/tutorial_etl_dag.py
[2024-08-28 14:42:37,531] {processor.py:641} INFO - Processing file /home/kai/Documents/PROJETOS/twitter_extractor_airflow/venv/lib/python3.8/site-packages/airflow/example_dags/tutorial_etl_dag.py for tasks to queue
[2024-08-28 14:42:37,531] {logging_mixin.py:115} INFO - [2024-08-28 14:42:37,531] {dagbag.py:507} INFO - Filling up the DagBag from /home/kai/Documents/PROJETOS/twitter_extractor_airflow/venv/lib/python3.8/site-packages/airflow/example_dags/tutorial_etl_dag.py
[2024-08-28 14:42:37,537] {processor.py:651} INFO - DAG(s) dict_keys(['tutorial_etl_dag']) retrieved from /home/kai/Documents/PROJETOS/twitter_extractor_airflow/venv/lib/python3.8/site-packages/airflow/example_dags/tutorial_etl_dag.py
[2024-08-28 14:42:37,549] {logging_mixin.py:115} INFO - [2024-08-28 14:42:37,549] {dag.py:2379} INFO - Sync 1 DAGs
[2024-08-28 14:42:37,562] {logging_mixin.py:115} INFO - [2024-08-28 14:42:37,562] {dag.py:2927} INFO - Setting next_dagrun for tutorial_etl_dag to None, run_after=None
[2024-08-28 14:42:37,573] {processor.py:161} INFO - Processing /home/kai/Documents/PROJETOS/twitter_extractor_airflow/venv/lib/python3.8/site-packages/airflow/example_dags/tutorial_etl_dag.py took 0.045 seconds
[2024-08-28 14:43:09,552] {processor.py:153} INFO - Started process (PID=49539) to work on /home/kai/Documents/PROJETOS/twitter_extractor_airflow/venv/lib/python3.8/site-packages/airflow/example_dags/tutorial_etl_dag.py
[2024-08-28 14:43:09,553] {processor.py:641} INFO - Processing file /home/kai/Documents/PROJETOS/twitter_extractor_airflow/venv/lib/python3.8/site-packages/airflow/example_dags/tutorial_etl_dag.py for tasks to queue
[2024-08-28 14:43:09,553] {logging_mixin.py:115} INFO - [2024-08-28 14:43:09,553] {dagbag.py:507} INFO - Filling up the DagBag from /home/kai/Documents/PROJETOS/twitter_extractor_airflow/venv/lib/python3.8/site-packages/airflow/example_dags/tutorial_etl_dag.py
[2024-08-28 14:43:09,559] {processor.py:651} INFO - DAG(s) dict_keys(['tutorial_etl_dag']) retrieved from /home/kai/Documents/PROJETOS/twitter_extractor_airflow/venv/lib/python3.8/site-packages/airflow/example_dags/tutorial_etl_dag.py
[2024-08-28 14:43:09,572] {logging_mixin.py:115} INFO - [2024-08-28 14:43:09,572] {dag.py:2379} INFO - Sync 1 DAGs
[2024-08-28 14:43:09,585] {logging_mixin.py:115} INFO - [2024-08-28 14:43:09,585] {dag.py:2927} INFO - Setting next_dagrun for tutorial_etl_dag to None, run_after=None
[2024-08-28 14:43:09,597] {processor.py:161} INFO - Processing /home/kai/Documents/PROJETOS/twitter_extractor_airflow/venv/lib/python3.8/site-packages/airflow/example_dags/tutorial_etl_dag.py took 0.047 seconds
[2024-08-28 14:43:42,693] {processor.py:153} INFO - Started process (PID=49741) to work on /home/kai/Documents/PROJETOS/twitter_extractor_airflow/venv/lib/python3.8/site-packages/airflow/example_dags/tutorial_etl_dag.py
[2024-08-28 14:43:42,694] {processor.py:641} INFO - Processing file /home/kai/Documents/PROJETOS/twitter_extractor_airflow/venv/lib/python3.8/site-packages/airflow/example_dags/tutorial_etl_dag.py for tasks to queue
[2024-08-28 14:43:42,694] {logging_mixin.py:115} INFO - [2024-08-28 14:43:42,694] {dagbag.py:507} INFO - Filling up the DagBag from /home/kai/Documents/PROJETOS/twitter_extractor_airflow/venv/lib/python3.8/site-packages/airflow/example_dags/tutorial_etl_dag.py
[2024-08-28 14:43:42,700] {processor.py:651} INFO - DAG(s) dict_keys(['tutorial_etl_dag']) retrieved from /home/kai/Documents/PROJETOS/twitter_extractor_airflow/venv/lib/python3.8/site-packages/airflow/example_dags/tutorial_etl_dag.py
[2024-08-28 14:43:42,712] {logging_mixin.py:115} INFO - [2024-08-28 14:43:42,712] {dag.py:2379} INFO - Sync 1 DAGs
[2024-08-28 14:43:42,725] {logging_mixin.py:115} INFO - [2024-08-28 14:43:42,725] {dag.py:2927} INFO - Setting next_dagrun for tutorial_etl_dag to None, run_after=None
[2024-08-28 14:43:42,736] {processor.py:161} INFO - Processing /home/kai/Documents/PROJETOS/twitter_extractor_airflow/venv/lib/python3.8/site-packages/airflow/example_dags/tutorial_etl_dag.py took 0.045 seconds
